<timings>
  
  <!-- 754 tests have mean time under 0.1 second / 100 ms -->
  <test-result name="sample.grammar.09/g09r01" result="pass" n="3">
    <mean-parsetime>14.770000000000001</mean-parsetime>
    <min-parsetime>14.65</min-parsetime>
    <max-parsetime>14.89</max-parsetime>
    <range>0.2400000000000002</range>
    <times>14.89 14.77 14.65</times>
    <uri>/tests/results-wisp-A-2022-02-20T19:55:01.204/test-report.wisps-001-020-catalog.xml</uri>
  </test-result>
  <test-result name="sample.grammar.01/g01.r04" result="pass" n="4">
    <mean-parsetime>14.905000000000001</mean-parsetime>
    <min-parsetime>14.7</min-parsetime>
    <max-parsetime>15.12</max-parsetime>
    <range>0.41999999999999993</range>
    <times>15.09 14.71 15.12 14.70</times>
    <uri>/tests/results-wisp-A-2022-02-20T19:55:01.204/test-report.wisps-001-020-catalog.xml</uri>
  </test-result>
  <test-result name="sample.grammar.13/g13c01" result="pass" n="3">
    <mean-parsetime>15.166666666666666</mean-parsetime>
    <min-parsetime>14.66</min-parsetime>
    <max-parsetime>15.99</max-parsetime>
    <range>1.33</range>
    <times>14.85 14.66 15.99</times>
    <uri>/tests/results-wisp-A-2022-02-20T19:55:01.204/test-report.wisps-001-020-catalog.xml</uri>
  </test-result>
  <test-result name="sample.grammar.03/g03.r07" result="pass" n="2">
    <mean-parsetime>15.254999999999999</mean-parsetime>
    <min-parsetime>14.94</min-parsetime>
    <max-parsetime>15.57</max-parsetime>
    <range>0.6300000000000008</range>
    <times>14.94 15.57</times>
    <uri>/tests/results-wisp-A-2022-02-20T19:55:01.204/test-report.wisps-001-020-catalog.xml</uri>
  </test-result>
  <test-result name="sample.grammar.01/g01.r05" result="pass" n="4">
    <mean-parsetime>15.350000000000001</mean-parsetime>
    <min-parsetime>15.13</min-parsetime>
    <max-parsetime>15.67</max-parsetime>
    <range>0.5399999999999991</range>
    <times>15.36 15.13 15.67 15.24</times>
    <uri>/tests/results-wisp-A-2022-02-20T19:55:01.204/test-report.wisps-001-020-catalog.xml</uri>
  </test-result>
  <test-result name="sample.grammar.01/g01.r07" result="pass" n="4">
    <mean-parsetime>15.4375</mean-parsetime>
    <min-parsetime>14.94</min-parsetime>
    <max-parsetime>16.1</max-parsetime>
    <range>1.160000000000002</range>
    <times>14.94 16.10 15.31 15.40</times>
    <uri>/tests/results-wisp-A-2022-02-20T19:55:01.204/test-report.wisps-001-020-catalog.xml</uri>
  </test-result>
  <test-result name="sample.grammar.02/g02.r04" result="pass" n="4">
    <mean-parsetime>15.4575</mean-parsetime>
    <min-parsetime>15.34</min-parsetime>
    <max-parsetime>15.57</max-parsetime>
    <range>0.23000000000000043</range>
    <times>15.34 15.52 15.57 15.40</times>
    <uri>/tests/results-wisp-A-2022-02-20T19:55:01.204/test-report.wisps-001-020-catalog.xml</uri>
  </test-result>
  <test-result name="sample.grammar.08/g08c01" result="pass" n="3">
    <mean-parsetime>15.51</mean-parsetime>
    <min-parsetime>15.29</min-parsetime>
    <max-parsetime>15.84</max-parsetime>
    <range>0.5500000000000007</range>
    <times>15.84 15.29 15.40</times>
    <uri>/tests/results-wisp-A-2022-02-20T19:55:01.204/test-report.wisps-001-020-catalog.xml</uri>
  </test-result>
  <test-result name="sample.grammar.10/g10r02" result="pass" n="3">
    <mean-parsetime>15.540000000000001</mean-parsetime>
    <min-parsetime>14.99</min-parsetime>
    <max-parsetime>16</max-parsetime>
    <range>1.0099999999999998</range>
    <times>16.00 15.63 14.99</times>
    <uri>/tests/results-wisp-A-2022-02-20T19:55:01.204/test-report.wisps-001-020-catalog.xml</uri>
  </test-result>
  <test-result name="sample.grammar.01/g01.r06" result="pass" n="4">
    <mean-parsetime>15.58</mean-parsetime>
    <min-parsetime>14.76</min-parsetime>
    <max-parsetime>16.98</max-parsetime>
    <range>2.2200000000000006</range>
    <times>15.10 15.48 16.98 14.76</times>
    <uri>/tests/results-wisp-A-2022-02-20T19:55:01.204/test-report.wisps-001-020-catalog.xml</uri>
  </test-result>
  <test-result name="sample.grammar.10/g10c01" result="pass" n="3">
    <mean-parsetime>15.613333333333335</mean-parsetime>
    <min-parsetime>14.92</min-parsetime>
    <max-parsetime>16.26</max-parsetime>
    <range>1.3400000000000016</range>
    <times>15.66 16.26 14.92</times>
    <uri>/tests/results-wisp-A-2022-02-20T19:55:01.204/test-report.wisps-001-020-catalog.xml</uri>
  </test-result>
  <test-result name="sample.grammar.14/g14c01" result="pass" n="3">
    <mean-parsetime>15.62</mean-parsetime>
    <min-parsetime>15.22</min-parsetime>
    <max-parsetime>16.02</max-parsetime>
    <range>0.7999999999999989</range>
    <times>16.02 15.22 15.62</times>
    <uri>/tests/results-wisp-A-2022-02-20T19:55:01.204/test-report.wisps-001-020-catalog.xml</uri>
  </test-result>
  <test-result name="sample.grammar.12/g12.r01" result="pass" n="3">
    <mean-parsetime>15.659999999999998</mean-parsetime>
    <min-parsetime>14.96</min-parsetime>
    <max-parsetime>16.04</max-parsetime>
    <range>1.0799999999999983</range>
    <times>16.04 15.98 14.96</times>
    <uri>/tests/results-wisp-A-2022-02-20T19:55:01.204/test-report.wisps-001-020-catalog.xml</uri>
  </test-result>
  <test-result name="sample.grammar.03/g03.r05" result="pass" n="2">
    <mean-parsetime>15.684999999999999</mean-parsetime>
    <min-parsetime>15.62</min-parsetime>
    <max-parsetime>15.75</max-parsetime>
    <range>0.13000000000000078</range>
    <times>15.75 15.62</times>
    <uri>/tests/results-wisp-A-2022-02-20T19:55:01.204/test-report.wisps-001-020-catalog.xml</uri>
  </test-result>
  <test-result name="sample.grammar.04/g04.r11" result="pass" n="2">
    <mean-parsetime>15.690000000000001</mean-parsetime>
    <min-parsetime>15.13</min-parsetime>
    <max-parsetime>16.25</max-parsetime>
    <range>1.1199999999999992</range>
    <times>15.13 16.25</times>
    <uri>/tests/results-wisp-A-2022-02-20T19:55:01.204/test-report.wisps-001-020-catalog.xml</uri>
  </test-result>
  <test-result name="sample.grammar.07/g07r04" result="pass" n="4">
    <mean-parsetime>15.717500000000001</mean-parsetime>
    <min-parsetime>15</min-parsetime>
    <max-parsetime>17.28</max-parsetime>
    <range>2.280000000000001</range>
    <times>15.55 15.04 17.28 15.00</times>
    <uri>/tests/results-wisp-A-2022-02-20T19:55:01.204/test-report.wisps-001-020-catalog.xml</uri>
  </test-result>
  <test-result name="sample.grammar.03/g03.r06" result="pass" n="2">
    <mean-parsetime>15.719999999999999</mean-parsetime>
    <min-parsetime>15.57</min-parsetime>
    <max-parsetime>15.87</max-parsetime>
    <range>0.29999999999999893</range>
    <times>15.57 15.87</times>
    <uri>/tests/results-wisp-A-2022-02-20T19:55:01.204/test-report.wisps-001-020-catalog.xml</uri>
  </test-result>
  <test-result name="sample.grammar.07/g07c02" result="pass" n="4">
    <mean-parsetime>15.7225</mean-parsetime>
    <min-parsetime>15.58</min-parsetime>
    <max-parsetime>16.09</max-parsetime>
    <range>0.5099999999999998</range>
    <times>15.63 15.58 16.09 15.59</times>
    <uri>/tests/results-wisp-A-2022-02-20T19:55:01.204/test-report.wisps-001-020-catalog.xml</uri>
  </test-result>
  <test-result name="sample.grammar.16/g16c01" result="pass" n="3">
    <mean-parsetime>15.733333333333333</mean-parsetime>
    <min-parsetime>15.36</min-parsetime>
    <max-parsetime>16.06</max-parsetime>
    <range>0.6999999999999993</range>
    <times>16.06 15.78 15.36</times>
    <uri>/tests/results-wisp-A-2022-02-20T19:55:01.204/test-report.wisps-001-020-catalog.xml</uri>
  </test-result>
  <test-result name="sample.grammar.04/g04.r09" result="pass" n="2">
    <mean-parsetime>15.77</mean-parsetime>
    <min-parsetime>14.87</min-parsetime>
    <max-parsetime>16.67</max-parsetime>
    <range>1.8000000000000025</range>
    <times>16.67 14.87</times>
    <uri>/tests/results-wisp-A-2022-02-20T19:55:01.204/test-report.wisps-001-020-catalog.xml</uri>
  </test-result>
  <test-result name="sample.grammar.06/g06.r01" result="pass" n="3">
    <mean-parsetime>15.813333333333333</mean-parsetime>
    <min-parsetime>15.03</min-parsetime>
    <max-parsetime>17.05</max-parsetime>
    <range>2.0200000000000014</range>
    <times>15.03 15.36 17.05</times>
    <uri>/tests/results-wisp-A-2022-02-20T19:55:01.204/test-report.wisps-001-020-catalog.xml</uri>
  </test-result>
  <test-result name="sample.grammar.01/g01.c01" result="pass" n="4">
    <mean-parsetime>15.8275</mean-parsetime>
    <min-parsetime>15.53</min-parsetime>
    <max-parsetime>16.36</max-parsetime>
    <range>0.8300000000000001</range>
    <times>16.36 15.76 15.53 15.66</times>
    <uri>/tests/results-wisp-A-2022-02-20T19:55:01.204/test-report.wisps-001-020-catalog.xml</uri>
  </test-result>
  <test-result name="sample.grammar.07/g07c01" result="pass" n="4">
    <mean-parsetime>15.905000000000001</mean-parsetime>
    <min-parsetime>15.16</min-parsetime>
    <max-parsetime>17.94</max-parsetime>
    <range>2.780000000000001</range>
    <times>15.16 15.33 17.94 15.19</times>
    <uri>/tests/results-wisp-A-2022-02-20T19:55:01.204/test-report.wisps-001-020-catalog.xml</uri>
  </test-result>
  <test-result name="sample.grammar.09/g09c02" result="pass" n="3">
    <mean-parsetime>15.933333333333332</mean-parsetime>
    <min-parsetime>15.66</min-parsetime>
    <max-parsetime>16.25</max-parsetime>
    <range>0.5899999999999999</range>
    <times>15.66 16.25 15.89</times>
    <uri>/tests/results-wisp-A-2022-02-20T19:55:01.204/test-report.wisps-001-020-catalog.xml</uri>
  </test-result>
  <test-result name="sample.grammar.06/g06.r06" result="pass" n="3">
    <mean-parsetime>15.980000000000002</mean-parsetime>
    <min-parsetime>15.54</min-parsetime>
    <max-parsetime>16.76</max-parsetime>
    <range>1.2200000000000024</range>
    <times>15.64 16.76 15.54</times>
    <uri>/tests/results-wisp-A-2022-02-20T19:55:01.204/test-report.wisps-001-020-catalog.xml</uri>
  </test-result>
  <test-result name="sample.grammar.08/g08r04" result="pass" n="3">
    <mean-parsetime>15.983333333333334</mean-parsetime>
    <min-parsetime>14.82</min-parsetime>
    <max-parsetime>17.91</max-parsetime>
    <range>3.09</range>
    <times>14.82 15.22 17.91</times>
    <uri>/tests/results-wisp-A-2022-02-20T19:55:01.204/test-report.wisps-001-020-catalog.xml</uri>
  </test-result>
  <test-result name="sample.grammar.05/g05.r01" result="pass" n="2">
    <mean-parsetime>16.015</mean-parsetime>
    <min-parsetime>15.02</min-parsetime>
    <max-parsetime>17.01</max-parsetime>
    <range>1.990000000000002</range>
    <times>15.02 17.01</times>
    <uri>/tests/results-wisp-A-2022-02-20T19:55:01.204/test-report.wisps-001-020-catalog.xml</uri>
  </test-result>
  <test-result name="sample.grammar.02/g02.r05" result="pass" n="4">
    <mean-parsetime>16.0325</mean-parsetime>
    <min-parsetime>15.66</min-parsetime>
    <max-parsetime>16.22</max-parsetime>
    <range>0.5599999999999987</range>
    <times>16.12 16.22 15.66 16.13</times>
    <uri>/tests/results-wisp-A-2022-02-20T19:55:01.204/test-report.wisps-001-020-catalog.xml</uri>
  </test-result>
  <test-result name="sample.grammar.08/g08c02" result="pass" n="3">
    <mean-parsetime>16.11</mean-parsetime>
    <min-parsetime>15.43</min-parsetime>
    <max-parsetime>16.69</max-parsetime>
    <range>1.2600000000000016</range>
    <times>15.43 16.21 16.69</times>
    <uri>/tests/results-wisp-A-2022-02-20T19:55:01.204/test-report.wisps-001-020-catalog.xml</uri>
  </test-result>
  <test-result name="sample.grammar.18/g18c01" result="pass" n="3">
    <mean-parsetime>16.15</mean-parsetime>
    <min-parsetime>15.69</min-parsetime>
    <max-parsetime>16.4</max-parsetime>
    <range>0.7099999999999991</range>
    <times>16.36 16.40 15.69</times>
    <uri>/tests/results-wisp-A-2022-02-20T19:55:01.204/test-report.wisps-001-020-catalog.xml</uri>
  </test-result>
  <test-result name="sample.grammar.01/g01.r09" result="pass" n="4">
    <mean-parsetime>16.2625</mean-parsetime>
    <min-parsetime>15.35</min-parsetime>
    <max-parsetime>17.58</max-parsetime>
    <range>2.2299999999999986</range>
    <times>17.58 16.66 15.35 15.46</times>
    <uri>/tests/results-wisp-A-2022-02-20T19:55:01.204/test-report.wisps-001-020-catalog.xml</uri>
  </test-result>
  <test-result name="sample.grammar.01/g01.r08" result="pass" n="4">
    <mean-parsetime>16.2725</mean-parsetime>
    <min-parsetime>15.62</min-parsetime>
    <max-parsetime>17.34</max-parsetime>
    <range>1.7200000000000006</range>
    <times>17.34 15.81 16.32 15.62</times>
    <uri>/tests/results-wisp-A-2022-02-20T19:55:01.204/test-report.wisps-001-020-catalog.xml</uri>
  </test-result>
  <test-result name="sample.grammar.13/g13c02" result="pass" n="3">
    <mean-parsetime>16.303333333333335</mean-parsetime>
    <min-parsetime>15.88</min-parsetime>
    <max-parsetime>16.85</max-parsetime>
    <range>0.9700000000000006</range>
    <times>16.85 16.18 15.88</times>
    <uri>/tests/results-wisp-A-2022-02-20T19:55:01.204/test-report.wisps-001-020-catalog.xml</uri>
  </test-result>
  <test-result name="sample.grammar.01/g01.c02" result="pass" n="4">
    <mean-parsetime>16.325000000000003</mean-parsetime>
    <min-parsetime>16.01</min-parsetime>
    <max-parsetime>16.92</max-parsetime>
    <range>0.9100000000000001</range>
    <times>16.92 16.05 16.01 16.32</times>
    <uri>/tests/results-wisp-A-2022-02-20T19:55:01.204/test-report.wisps-001-020-catalog.xml</uri>
  </test-result>
  <test-result name="sample.grammar.06/g06.r04" result="pass" n="3">
    <mean-parsetime>16.343333333333334</mean-parsetime>
    <min-parsetime>15.6</min-parsetime>
    <max-parsetime>17.51</max-parsetime>
    <range>1.910000000000002</range>
    <times>15.60 15.92 17.51</times>
    <uri>/tests/results-wisp-A-2022-02-20T19:55:01.204/test-report.wisps-001-020-catalog.xml</uri>
  </test-result>
  <test-result name="sample.grammar.04/g04.r10" result="pass" n="2">
    <mean-parsetime>16.415</mean-parsetime>
    <min-parsetime>14.98</min-parsetime>
    <max-parsetime>17.85</max-parsetime>
    <range>2.870000000000001</range>
    <times>14.98 17.85</times>
    <uri>/tests/results-wisp-A-2022-02-20T19:55:01.204/test-report.wisps-001-020-catalog.xml</uri>
  </test-result>
  <test-result name="sample.grammar.02/g02.c03" result="pass" n="4">
    <mean-parsetime>16.439999999999998</mean-parsetime>
    <min-parsetime>16.2</min-parsetime>
    <max-parsetime>16.65</max-parsetime>
    <range>0.4499999999999993</range>
    <times>16.20 16.65 16.65 16.26</times>
    <uri>/tests/results-wisp-A-2022-02-20T19:55:01.204/test-report.wisps-001-020-catalog.xml</uri>
  </test-result>
  <test-result name="sample.grammar.15/g15c01" result="pass" n="3">
    <mean-parsetime>16.546666666666667</mean-parsetime>
    <min-parsetime>16</min-parsetime>
    <max-parsetime>17.25</max-parsetime>
    <range>1.25</range>
    <times>17.25 16.00 16.39</times>
    <uri>/tests/results-wisp-A-2022-02-20T19:55:01.204/test-report.wisps-001-020-catalog.xml</uri>
  </test-result>
  <test-result name="sample.grammar.03/g03.r08" result="pass" n="2">
    <mean-parsetime>16.725</mean-parsetime>
    <min-parsetime>16.6</min-parsetime>
    <max-parsetime>16.85</max-parsetime>
    <range>0.25</range>
    <times>16.60 16.85</times>
    <uri>/tests/results-wisp-A-2022-02-20T19:55:01.204/test-report.wisps-001-020-catalog.xml</uri>
  </test-result>
  <test-result name="sample.grammar.07/g07c03" result="pass" n="4">
    <mean-parsetime>16.8575</mean-parsetime>
    <min-parsetime>16.02</min-parsetime>
    <max-parsetime>18.36</max-parsetime>
    <range>2.34</range>
    <times>16.79 16.02 16.26 18.36</times>
    <uri>/tests/results-wisp-A-2022-02-20T19:55:01.204/test-report.wisps-001-020-catalog.xml</uri>
  </test-result>
  <test-result name="sample.grammar.02/g02.c01" result="pass" n="4">
    <mean-parsetime>16.9025</mean-parsetime>
    <min-parsetime>16.15</min-parsetime>
    <max-parsetime>17.36</max-parsetime>
    <range>1.2100000000000009</range>
    <times>17.36 17.00 16.15 17.10</times>
    <uri>/tests/results-wisp-A-2022-02-20T19:55:01.204/test-report.wisps-001-020-catalog.xml</uri>
  </test-result>
  <test-result name="sample.grammar.02/g02.c02" result="pass" n="4">
    <mean-parsetime>16.965</mean-parsetime>
    <min-parsetime>16.47</min-parsetime>
    <max-parsetime>17.59</max-parsetime>
    <range>1.120000000000001</range>
    <times>16.75 16.47 17.59 17.05</times>
    <uri>/tests/results-wisp-A-2022-02-20T19:55:01.204/test-report.wisps-001-020-catalog.xml</uri>
  </test-result>
  <test-result name="sample.grammar.17/g17c03" result="pass" n="3">
    <mean-parsetime>16.97666666666667</mean-parsetime>
    <min-parsetime>16.73</min-parsetime>
    <max-parsetime>17.27</max-parsetime>
    <range>0.5399999999999991</range>
    <times>17.27 16.93 16.73</times>
    <uri>/tests/results-wisp-A-2022-02-20T19:55:01.204/test-report.wisps-001-020-catalog.xml</uri>
  </test-result>
  <test-result name="sample.grammar.14/g14c05" result="pass" n="3">
    <mean-parsetime>17.069999999999997</mean-parsetime>
    <min-parsetime>16.65</min-parsetime>
    <max-parsetime>17.55</max-parsetime>
    <range>0.9000000000000021</range>
    <times>16.65 17.01 17.55</times>
    <uri>/tests/results-wisp-A-2022-02-20T19:55:01.204/test-report.wisps-001-020-catalog.xml</uri>
  </test-result>
  <test-result name="sample.grammar.14/g14c02" result="pass" n="3">
    <mean-parsetime>17.11</mean-parsetime>
    <min-parsetime>16.55</min-parsetime>
    <max-parsetime>18.14</max-parsetime>
    <range>1.5899999999999999</range>
    <times>18.14 16.55 16.64</times>
    <uri>/tests/results-wisp-A-2022-02-20T19:55:01.204/test-report.wisps-001-020-catalog.xml</uri>
  </test-result>
  <test-result name="sample.grammar.16/g16c03" result="pass" n="3">
    <mean-parsetime>17.12</mean-parsetime>
    <min-parsetime>16.64</min-parsetime>
    <max-parsetime>17.37</max-parsetime>
    <range>0.7300000000000004</range>
    <times>17.35 16.64 17.37</times>
    <uri>/tests/results-wisp-A-2022-02-20T19:55:01.204/test-report.wisps-001-020-catalog.xml</uri>
  </test-result>
  <test-result name="sample.grammar.04/g04.r12" result="pass" n="2">
    <mean-parsetime>17.25</mean-parsetime>
    <min-parsetime>17.21</min-parsetime>
    <max-parsetime>17.29</max-parsetime>
    <range>0.0799999999999983</range>
    <times>17.21 17.29</times>
    <uri>/tests/results-wisp-A-2022-02-20T19:55:01.204/test-report.wisps-001-020-catalog.xml</uri>
  </test-result>
  <test-result name="sample.grammar.13/g13c04" result="pass" n="3">
    <mean-parsetime>17.286666666666665</mean-parsetime>
    <min-parsetime>16.97</min-parsetime>
    <max-parsetime>17.73</max-parsetime>
    <range>0.7600000000000016</range>
    <times>16.97 17.16 17.73</times>
    <uri>/tests/results-wisp-A-2022-02-20T19:55:01.204/test-report.wisps-001-020-catalog.xml</uri>
  </test-result>
  <test-result name="sample.grammar.06/g06.c03" result="pass" n="3">
    <mean-parsetime>17.346666666666668</mean-parsetime>
    <min-parsetime>16.93</min-parsetime>
    <max-parsetime>17.85</max-parsetime>
    <range>0.9200000000000017</range>
    <times>17.85 17.26 16.93</times>
    <uri>/tests/results-wisp-A-2022-02-20T19:55:01.204/test-report.wisps-001-020-catalog.xml</uri>
  </test-result>
  <test-result name="sample.grammar.15/g15c03" result="pass" n="3">
    <mean-parsetime>17.349999999999998</mean-parsetime>
    <min-parsetime>17.14</min-parsetime>
    <max-parsetime>17.71</max-parsetime>
    <range>0.5700000000000003</range>
    <times>17.71 17.20 17.14</times>
    <uri>/tests/results-wisp-A-2022-02-20T19:55:01.204/test-report.wisps-001-020-catalog.xml</uri>
  </test-result>
  <test-result name="sample.grammar.15/g15c02" result="pass" n="3">
    <mean-parsetime>17.353333333333335</mean-parsetime>
    <min-parsetime>16.69</min-parsetime>
    <max-parsetime>18.41</max-parsetime>
    <range>1.7199999999999989</range>
    <times>16.69 18.41 16.96</times>
    <uri>/tests/results-wisp-A-2022-02-20T19:55:01.204/test-report.wisps-001-020-catalog.xml</uri>
  </test-result>
  <test-result name="sample.grammar.01/g01.c03" result="pass" n="4">
    <mean-parsetime>17.4225</mean-parsetime>
    <min-parsetime>17.09</min-parsetime>
    <max-parsetime>18.1</max-parsetime>
    <range>1.0100000000000016</range>
    <times>17.09 17.26 18.10 17.24</times>
    <uri>/tests/results-wisp-A-2022-02-20T19:55:01.204/test-report.wisps-001-020-catalog.xml</uri>
  </test-result>
  <test-result name="sample.grammar.19/g19c02" result="pass" n="3">
    <mean-parsetime>17.52</mean-parsetime>
    <min-parsetime>17.08</min-parsetime>
    <max-parsetime>18.33</max-parsetime>
    <range>1.25</range>
    <times>18.33 17.08 17.15</times>
    <uri>/tests/results-wisp-A-2022-02-20T19:55:01.204/test-report.wisps-001-020-catalog.xml</uri>
  </test-result>
  <test-result name="sample.grammar.16/g16c05" result="pass" n="3">
    <mean-parsetime>17.539999999999996</mean-parsetime>
    <min-parsetime>17.27</min-parsetime>
    <max-parsetime>17.72</max-parsetime>
    <range>0.4499999999999993</range>
    <times>17.27 17.72 17.63</times>
    <uri>/tests/results-wisp-A-2022-02-20T19:55:01.204/test-report.wisps-001-020-catalog.xml</uri>
  </test-result>
  <test-result name="sample.grammar.13/g13c03" result="pass" n="3">
    <mean-parsetime>17.543333333333333</mean-parsetime>
    <min-parsetime>17.01</min-parsetime>
    <max-parsetime>17.99</max-parsetime>
    <range>0.9799999999999969</range>
    <times>17.99 17.63 17.01</times>
    <uri>/tests/results-wisp-A-2022-02-20T19:55:01.204/test-report.wisps-001-020-catalog.xml</uri>
  </test-result>
  <test-result name="sample.grammar.14/g14c03" result="pass" n="3">
    <mean-parsetime>17.55666666666667</mean-parsetime>
    <min-parsetime>16.71</min-parsetime>
    <max-parsetime>19.11</max-parsetime>
    <range>2.3999999999999986</range>
    <times>16.71 16.85 19.11</times>
    <uri>/tests/results-wisp-A-2022-02-20T19:55:01.204/test-report.wisps-001-020-catalog.xml</uri>
  </test-result>
  <test-result name="sample.grammar.17/g17c01" result="pass" n="3">
    <mean-parsetime>17.69333333333333</mean-parsetime>
    <min-parsetime>15.76</min-parsetime>
    <max-parsetime>18.96</max-parsetime>
    <range>3.200000000000001</range>
    <times>18.36 18.96 15.76</times>
    <uri>/tests/results-wisp-A-2022-02-20T19:55:01.204/test-report.wisps-001-020-catalog.xml</uri>
  </test-result>
  <test-result name="sample.grammar.17/g17c02" result="pass" n="3">
    <mean-parsetime>17.703333333333333</mean-parsetime>
    <min-parsetime>17.68</min-parsetime>
    <max-parsetime>17.72</max-parsetime>
    <range>0.03999999999999915</range>
    <times>17.72 17.71 17.68</times>
    <uri>/tests/results-wisp-A-2022-02-20T19:55:01.204/test-report.wisps-001-020-catalog.xml</uri>
  </test-result>
  <test-result name="sample.grammar.14/g14c04" result="pass" n="3">
    <mean-parsetime>17.713333333333335</mean-parsetime>
    <min-parsetime>16.84</min-parsetime>
    <max-parsetime>18.48</max-parsetime>
    <range>1.6400000000000006</range>
    <times>18.48 16.84 17.82</times>
    <uri>/tests/results-wisp-A-2022-02-20T19:55:01.204/test-report.wisps-001-020-catalog.xml</uri>
  </test-result>
  <test-result name="sample.grammar.14/g14c08" result="pass" n="3">
    <mean-parsetime>17.73</mean-parsetime>
    <min-parsetime>16.85</min-parsetime>
    <max-parsetime>18.26</max-parsetime>
    <range>1.4100000000000001</range>
    <times>18.26 16.85 18.08</times>
    <uri>/tests/results-wisp-A-2022-02-20T19:55:01.204/test-report.wisps-001-020-catalog.xml</uri>
  </test-result>
  <test-result name="sample.grammar.19/g19c03" result="pass" n="3">
    <mean-parsetime>17.756666666666664</mean-parsetime>
    <min-parsetime>17.38</min-parsetime>
    <max-parsetime>18.2</max-parsetime>
    <range>0.8200000000000003</range>
    <times>17.69 17.38 18.20</times>
    <uri>/tests/results-wisp-A-2022-02-20T19:55:01.204/test-report.wisps-001-020-catalog.xml</uri>
  </test-result>
  <test-result name="sample.grammar.05/g05.c01" result="pass" n="2">
    <mean-parsetime>17.785</mean-parsetime>
    <min-parsetime>16.13</min-parsetime>
    <max-parsetime>19.44</max-parsetime>
    <range>3.3100000000000023</range>
    <times>16.13 19.44</times>
    <uri>/tests/results-wisp-A-2022-02-20T19:55:01.204/test-report.wisps-001-020-catalog.xml</uri>
  </test-result>
  <test-result name="sample.grammar.06/g06.c02" result="pass" n="3">
    <mean-parsetime>17.82</mean-parsetime>
    <min-parsetime>17.12</min-parsetime>
    <max-parsetime>18.57</max-parsetime>
    <range>1.4499999999999993</range>
    <times>17.77 17.12 18.57</times>
    <uri>/tests/results-wisp-A-2022-02-20T19:55:01.204/test-report.wisps-001-020-catalog.xml</uri>
  </test-result>
  <test-result name="sample.grammar.20/g20c02" result="pass" n="3">
    <mean-parsetime>17.956666666666667</mean-parsetime>
    <min-parsetime>17.32</min-parsetime>
    <max-parsetime>19.06</max-parsetime>
    <range>1.7399999999999984</range>
    <times>17.32 17.49 19.06</times>
    <uri>/tests/results-wisp-A-2022-02-20T19:55:01.204/test-report.wisps-001-020-catalog.xml</uri>
  </test-result>
  <test-result name="sample.grammar.19/g19c01" result="pass" n="3">
    <mean-parsetime>17.96666666666667</mean-parsetime>
    <min-parsetime>17.71</min-parsetime>
    <max-parsetime>18.3</max-parsetime>
    <range>0.5899999999999999</range>
    <times>17.71 18.30 17.89</times>
    <uri>/tests/results-wisp-A-2022-02-20T19:55:01.204/test-report.wisps-001-020-catalog.xml</uri>
  </test-result>
  <test-result name="sample.grammar.03/g03.r12" result="pass" n="2">
    <mean-parsetime>18.045</mean-parsetime>
    <min-parsetime>17.84</min-parsetime>
    <max-parsetime>18.25</max-parsetime>
    <range>0.41000000000000014</range>
    <times>18.25 17.84</times>
    <uri>/tests/results-wisp-A-2022-02-20T19:55:01.204/test-report.wisps-001-020-catalog.xml</uri>
  </test-result>
  <test-result name="sample.grammar.03/g03.r11" result="pass" n="2">
    <mean-parsetime>18.095</mean-parsetime>
    <min-parsetime>17.68</min-parsetime>
    <max-parsetime>18.51</max-parsetime>
    <range>0.8300000000000018</range>
    <times>17.68 18.51</times>
    <uri>/tests/results-wisp-A-2022-02-20T19:55:01.204/test-report.wisps-001-020-catalog.xml</uri>
  </test-result>
  <test-result name="sample.grammar.20/g20c03" result="pass" n="3">
    <mean-parsetime>18.163333333333334</mean-parsetime>
    <min-parsetime>17.75</min-parsetime>
    <max-parsetime>18.56</max-parsetime>
    <range>0.8099999999999987</range>
    <times>18.56 17.75 18.18</times>
    <uri>/tests/results-wisp-A-2022-02-20T19:55:01.204/test-report.wisps-001-020-catalog.xml</uri>
  </test-result>
  <test-result name="sample.grammar.04/g04.c01" result="pass fail" n="2">
    <mean-parsetime>18.200000000000003</mean-parsetime>
    <min-parsetime>16.55</min-parsetime>
    <max-parsetime>19.85</max-parsetime>
    <range>3.3000000000000007</range>
    <times>19.85 16.55</times>
    <uri>/tests/results-wisp-A-2022-02-20T19:55:01.204/test-report.wisps-001-020-catalog.xml</uri>
  </test-result>
  <test-result name="sample.grammar.17/g17c04" result="pass" n="3">
    <mean-parsetime>18.263333333333335</mean-parsetime>
    <min-parsetime>17.72</min-parsetime>
    <max-parsetime>18.59</max-parsetime>
    <range>0.870000000000001</range>
    <times>18.48 17.72 18.59</times>
    <uri>/tests/results-wisp-A-2022-02-20T19:55:01.204/test-report.wisps-001-020-catalog.xml</uri>
  </test-result>
  <test-result name="sample.grammar.18/g18c02" result="pass" n="3">
    <mean-parsetime>18.323333333333334</mean-parsetime>
    <min-parsetime>18.06</min-parsetime>
    <max-parsetime>18.48</max-parsetime>
    <range>0.4200000000000017</range>
    <times>18.48 18.06 18.43</times>
    <uri>/tests/results-wisp-A-2022-02-20T19:55:01.204/test-report.wisps-001-020-catalog.xml</uri>
  </test-result>
  <test-result name="sample.grammar.06/g06.r05" result="pass" n="3">
    <mean-parsetime>18.346666666666668</mean-parsetime>
    <min-parsetime>16.24</min-parsetime>
    <max-parsetime>21.1</max-parsetime>
    <range>4.860000000000003</range>
    <times>16.24 21.10 17.70</times>
    <uri>/tests/results-wisp-A-2022-02-20T19:55:01.204/test-report.wisps-001-020-catalog.xml</uri>
  </test-result>
  <test-result name="sample.grammar.20/g20c01" result="pass" n="3">
    <mean-parsetime>18.523333333333333</mean-parsetime>
    <min-parsetime>18.14</min-parsetime>
    <max-parsetime>19.13</max-parsetime>
    <range>0.9899999999999984</range>
    <times>19.13 18.30 18.14</times>
    <uri>/tests/results-wisp-A-2022-02-20T19:55:01.204/test-report.wisps-001-020-catalog.xml</uri>
  </test-result>
  <test-result name="sample.grammar.14/g14c09" result="pass" n="3">
    <mean-parsetime>18.533333333333335</mean-parsetime>
    <min-parsetime>17.88</min-parsetime>
    <max-parsetime>18.87</max-parsetime>
    <range>0.990000000000002</range>
    <times>18.87 17.88 18.85</times>
    <uri>/tests/results-wisp-A-2022-02-20T19:55:01.204/test-report.wisps-001-020-catalog.xml</uri>
  </test-result>
  <test-result name="sample.grammar.03/g03.r10" result="pass" n="2">
    <mean-parsetime>18.549999999999997</mean-parsetime>
    <min-parsetime>18.33</min-parsetime>
    <max-parsetime>18.77</max-parsetime>
    <range>0.4400000000000013</range>
    <times>18.77 18.33</times>
    <uri>/tests/results-wisp-A-2022-02-20T19:55:01.204/test-report.wisps-001-020-catalog.xml</uri>
  </test-result>
  <test-result name="sample.grammar.16/g16c09" result="pass" n="3">
    <mean-parsetime>18.643333333333334</mean-parsetime>
    <min-parsetime>17.76</min-parsetime>
    <max-parsetime>19.36</max-parsetime>
    <range>1.5999999999999979</range>
    <times>19.36 17.76 18.81</times>
    <uri>/tests/results-wisp-A-2022-02-20T19:55:01.204/test-report.wisps-001-020-catalog.xml</uri>
  </test-result>
  <test-result name="sample.grammar.03/g03.c01" result="pass fail" n="2">
    <mean-parsetime>18.65</mean-parsetime>
    <min-parsetime>18.46</min-parsetime>
    <max-parsetime>18.84</max-parsetime>
    <range>0.379999999999999</range>
    <times>18.46 18.84</times>
    <uri>/tests/results-wisp-A-2022-02-20T19:55:01.204/test-report.wisps-001-020-catalog.xml</uri>
  </test-result>
  <test-result name="sample.grammar.13/g13c05" result="pass" n="3">
    <mean-parsetime>18.669999999999998</mean-parsetime>
    <min-parsetime>18.11</min-parsetime>
    <max-parsetime>19.27</max-parsetime>
    <range>1.1600000000000001</range>
    <times>18.63 18.11 19.27</times>
    <uri>/tests/results-wisp-A-2022-02-20T19:55:01.204/test-report.wisps-001-020-catalog.xml</uri>
  </test-result>
  <test-result name="sample.grammar.16/g16c08" result="pass" n="3">
    <mean-parsetime>18.796666666666667</mean-parsetime>
    <min-parsetime>18.57</min-parsetime>
    <max-parsetime>19.11</max-parsetime>
    <range>0.5399999999999991</range>
    <times>18.57 18.71 19.11</times>
    <uri>/tests/results-wisp-A-2022-02-20T19:55:01.204/test-report.wisps-001-020-catalog.xml</uri>
  </test-result>
  <test-result name="sample.grammar.18/g18c08" result="pass" n="3">
    <mean-parsetime>18.816666666666666</mean-parsetime>
    <min-parsetime>18.34</min-parsetime>
    <max-parsetime>19.27</max-parsetime>
    <range>0.9299999999999997</range>
    <times>18.84 19.27 18.34</times>
    <uri>/tests/results-wisp-A-2022-02-20T19:55:01.204/test-report.wisps-001-020-catalog.xml</uri>
  </test-result>
  <test-result name="sample.grammar.16/g16c02" result="pass" n="3">
    <mean-parsetime>18.913333333333334</mean-parsetime>
    <min-parsetime>18.07</min-parsetime>
    <max-parsetime>19.8</max-parsetime>
    <range>1.7300000000000004</range>
    <times>19.80 18.87 18.07</times>
    <uri>/tests/results-wisp-A-2022-02-20T19:55:01.204/test-report.wisps-001-020-catalog.xml</uri>
  </test-result>
  <test-result name="sample.grammar.12/g12.c02" result="pass" n="3">
    <mean-parsetime>19.090000000000003</mean-parsetime>
    <min-parsetime>18.62</min-parsetime>
    <max-parsetime>19.42</max-parsetime>
    <range>0.8000000000000007</range>
    <times>19.42 18.62 19.23</times>
    <uri>/tests/results-wisp-A-2022-02-20T19:55:01.204/test-report.wisps-001-020-catalog.xml</uri>
  </test-result>
  <test-result name="sample.grammar.13/g13c07" result="pass" n="3">
    <mean-parsetime>19.16</mean-parsetime>
    <min-parsetime>17.81</min-parsetime>
    <max-parsetime>20.18</max-parsetime>
    <range>2.370000000000001</range>
    <times>19.49 20.18 17.81</times>
    <uri>/tests/results-wisp-A-2022-02-20T19:55:01.204/test-report.wisps-001-020-catalog.xml</uri>
  </test-result>
  <test-result name="sample.grammar.18/g18c09" result="pass" n="3">
    <mean-parsetime>19.363333333333333</mean-parsetime>
    <min-parsetime>18.94</min-parsetime>
    <max-parsetime>20.07</max-parsetime>
    <range>1.129999999999999</range>
    <times>20.07 19.08 18.94</times>
    <uri>/tests/results-wisp-A-2022-02-20T19:55:01.204/test-report.wisps-001-020-catalog.xml</uri>
  </test-result>
  <test-result name="sample.grammar.18/g18c05" result="pass" n="3">
    <mean-parsetime>19.423333333333332</mean-parsetime>
    <min-parsetime>18.38</min-parsetime>
    <max-parsetime>20.09</max-parsetime>
    <range>1.7100000000000009</range>
    <times>20.09 18.38 19.80</times>
    <uri>/tests/results-wisp-A-2022-02-20T19:55:01.204/test-report.wisps-001-020-catalog.xml</uri>
  </test-result>
  <test-result name="sample.grammar.18/g18c06" result="pass" n="3">
    <mean-parsetime>19.513333333333332</mean-parsetime>
    <min-parsetime>18.93</min-parsetime>
    <max-parsetime>20.09</max-parsetime>
    <range>1.1600000000000001</range>
    <times>20.09 18.93 19.52</times>
    <uri>/tests/results-wisp-A-2022-02-20T19:55:01.204/test-report.wisps-001-020-catalog.xml</uri>
  </test-result>
  <test-result name="sample.grammar.09/g09c03" result="pass" n="3">
    <mean-parsetime>19.566666666666666</mean-parsetime>
    <min-parsetime>17.92</min-parsetime>
    <max-parsetime>21.87</max-parsetime>
    <range>3.9499999999999993</range>
    <times>17.92 18.91 21.87</times>
    <uri>/tests/results-wisp-A-2022-02-20T19:55:01.204/test-report.wisps-001-020-catalog.xml</uri>
  </test-result>
  <test-result name="sample.grammar.18/g18c03" result="pass" n="3">
    <mean-parsetime>19.62</mean-parsetime>
    <min-parsetime>18.95</min-parsetime>
    <max-parsetime>20.16</max-parsetime>
    <range>1.2100000000000009</range>
    <times>20.16 18.95 19.75</times>
    <uri>/tests/results-wisp-A-2022-02-20T19:55:01.204/test-report.wisps-001-020-catalog.xml</uri>
  </test-result>
  <test-result name="sample.grammar.14/g14c06" result="pass" n="3">
    <mean-parsetime>19.66333333333333</mean-parsetime>
    <min-parsetime>18.84</min-parsetime>
    <max-parsetime>20.18</max-parsetime>
    <range>1.3399999999999999</range>
    <times>20.18 18.84 19.97</times>
    <uri>/tests/results-wisp-A-2022-02-20T19:55:01.204/test-report.wisps-001-020-catalog.xml</uri>
  </test-result>
  <test-result name="ambiguity-1/vowels-ok2" result="fail" n="4">
    <mean-parsetime>19.8125</mean-parsetime>
    <min-parsetime>15.41</min-parsetime>
    <max-parsetime>21.65</max-parsetime>
    <range>6.239999999999998</range>
    <times>21.61 21.65 15.41 20.58</times>
    <uri>/tests/results-test2-2022-03-08T20:33:29.266/test-report.test2.xml</uri>
  </test-result>
  <test-result name="sample.grammar.03/g03.r09" result="pass" n="2">
    <mean-parsetime>19.94</mean-parsetime>
    <min-parsetime>19.76</min-parsetime>
    <max-parsetime>20.12</max-parsetime>
    <range>0.35999999999999943</range>
    <times>19.76 20.12</times>
    <uri>/tests/results-wisp-A-2022-02-20T19:55:01.204/test-report.wisps-001-020-catalog.xml</uri>
  </test-result>
  <test-result name="sample.grammar.16/g16c04" result="pass" n="3">
    <mean-parsetime>19.94</mean-parsetime>
    <min-parsetime>18.94</min-parsetime>
    <max-parsetime>20.54</max-parsetime>
    <range>1.5999999999999979</range>
    <times>20.54 18.94 20.34</times>
    <uri>/tests/results-wisp-A-2022-02-20T19:55:01.204/test-report.wisps-001-020-catalog.xml</uri>
  </test-result>
  <test-result name="ambiguity-1/vowels-ok1" result="fail" n="4">
    <mean-parsetime>20.085</mean-parsetime>
    <min-parsetime>16.56</min-parsetime>
    <max-parsetime>21.73</max-parsetime>
    <range>5.170000000000002</range>
    <times>21.73 21.35 16.56 20.70</times>
    <uri>/tests/results-test2-2022-03-08T20:33:29.266/test-report.test2.xml</uri>
  </test-result>
  <test-result name="sample.grammar.04/g04.c03" result="pass fail" n="2">
    <mean-parsetime>20.225</mean-parsetime>
    <min-parsetime>20.22</min-parsetime>
    <max-parsetime>20.23</max-parsetime>
    <range>0.01000000000000156</range>
    <times>20.23 20.22</times>
    <uri>/tests/results-wisp-A-2022-02-20T19:55:01.204/test-report.wisps-001-020-catalog.xml</uri>
  </test-result>
  <test-result name="sample.grammar.09/g09c05" result="pass fail" n="3">
    <mean-parsetime>20.323333333333334</mean-parsetime>
    <min-parsetime>19.07</min-parsetime>
    <max-parsetime>21.3</max-parsetime>
    <range>2.2300000000000004</range>
    <times>21.30 20.60 19.07</times>
    <uri>/tests/results-wisp-A-2022-02-20T19:55:01.204/test-report.wisps-001-020-catalog.xml</uri>
  </test-result>
  <test-result name="ambiguity-1/vowels-ok3" result="fail" n="4">
    <mean-parsetime>20.5</mean-parsetime>
    <min-parsetime>16.03</min-parsetime>
    <max-parsetime>23</max-parsetime>
    <range>6.969999999999999</range>
    <times>23.00 20.08 16.03 22.89</times>
    <uri>/tests/results-test2-2022-03-08T20:33:29.266/test-report.test2.xml</uri>
  </test-result>
  <test-result name="sample.grammar.16/g16c06" result="pass" n="3">
    <mean-parsetime>20.680000000000003</mean-parsetime>
    <min-parsetime>19.64</min-parsetime>
    <max-parsetime>21.73</max-parsetime>
    <range>2.09</range>
    <times>20.67 21.73 19.64</times>
    <uri>/tests/results-wisp-A-2022-02-20T19:55:01.204/test-report.wisps-001-020-catalog.xml</uri>
  </test-result>
  <test-result name="sample.grammar.15/g15c04" result="pass" n="3">
    <mean-parsetime>20.76</mean-parsetime>
    <min-parsetime>18.57</min-parsetime>
    <max-parsetime>24.59</max-parsetime>
    <range>6.02</range>
    <times>19.12 18.57 24.59</times>
    <uri>/tests/results-wisp-A-2022-02-20T19:55:01.204/test-report.wisps-001-020-catalog.xml</uri>
  </test-result>
  <test-result name="sample.grammar.18/g18c07" result="pass" n="3">
    <mean-parsetime>20.773333333333333</mean-parsetime>
    <min-parsetime>19.99</min-parsetime>
    <max-parsetime>21.82</max-parsetime>
    <range>1.8300000000000018</range>
    <times>19.99 20.51 21.82</times>
    <uri>/tests/results-wisp-A-2022-02-20T19:55:01.204/test-report.wisps-001-020-catalog.xml</uri>
  </test-result>
  <test-result name="sample.grammar.04/g04.c05" result="pass fail" n="2">
    <mean-parsetime>20.825</mean-parsetime>
    <min-parsetime>20.75</min-parsetime>
    <max-parsetime>20.9</max-parsetime>
    <range>0.14999999999999858</range>
    <times>20.75 20.90</times>
    <uri>/tests/results-wisp-A-2022-02-20T19:55:01.204/test-report.wisps-001-020-catalog.xml</uri>
  </test-result>
  <test-result name="parse-error/parse-error" result="pass" n="3">
    <mean-parsetime>21.003333333333334</mean-parsetime>
    <min-parsetime>15.17</min-parsetime>
    <max-parsetime>25.13</max-parsetime>
    <range>9.959999999999999</range>
    <times>22.71 15.17 25.13</times>
    <uri>/tests/results-ixml-all-2022-03-09T06:12:44.309/test-report.test-catalog.xml</uri>
  </test-result>
  <test-result name="G011-O3-negative/test-27" result="pass" n="8">
    <mean-parsetime>21.252499999999998</mean-parsetime>
    <min-parsetime>15.69</min-parsetime>
    <max-parsetime>28.75</max-parsetime>
    <range>13.06</range>
    <times>21.25 28.75 21.89 22.66 20.67 15.69 21.79 17.32</times>
    <uri>/tests/results-gxxx-2022-03-10T11:32:00.384/test-report.gxxx-test-catalog.xml</uri>
  </test-result>
  <test-result name="G012-O3-negative/test-003" result="pass" n="8">
    <mean-parsetime>21.47</mean-parsetime>
    <min-parsetime>16.09</min-parsetime>
    <max-parsetime>29.56</max-parsetime>
    <range>13.469999999999999</range>
    <times>22.43 29.56 22.03 21.84 21.12 16.09 22.43 16.26</times>
    <uri>/tests/results-gxxx-2022-03-10T11:32:00.384/test-report.gxxx-test-catalog.xml</uri>
  </test-result>
  <test-result name="G011-O3-negative/test-28" result="pass" n="8">
    <mean-parsetime>21.4925</mean-parsetime>
    <min-parsetime>15.23</min-parsetime>
    <max-parsetime>30.32</max-parsetime>
    <range>15.09</range>
    <times>20.97 30.32 22.51 22.00 20.89 15.23 22.64 17.38</times>
    <uri>/tests/results-gxxx-2022-03-10T11:32:00.384/test-report.gxxx-test-catalog.xml</uri>
  </test-result>
  <test-result name="ambiguity-1/vowels-nok3" result="pass" n="4">
    <mean-parsetime>21.5175</mean-parsetime>
    <min-parsetime>15.43</min-parsetime>
    <max-parsetime>23.93</max-parsetime>
    <range>8.5</range>
    <times>23.93 23.72 15.43 22.99</times>
    <uri>/tests/results-test2-2022-03-08T20:33:29.266/test-report.test2.xml</uri>
  </test-result>
  <test-result name="sample.grammar.08/g08c03" result="pass" n="6">
    <mean-parsetime>21.523333333333337</mean-parsetime>
    <min-parsetime>15.99</min-parsetime>
    <max-parsetime>27.01</max-parsetime>
    <range>11.020000000000001</range>
    <times>15.99 24.74 19.53 23.36 18.51 27.01</times>
    <uri>/tests/results-wisp-A-2022-02-20T19:55:01.204/test-report.wisps-001-020-catalog.xml</uri>
  </test-result>
  <test-result name="sample.grammar.13/g13c06" result="pass" n="3">
    <mean-parsetime>21.569999999999997</mean-parsetime>
    <min-parsetime>20.47</min-parsetime>
    <max-parsetime>22.79</max-parsetime>
    <range>2.3200000000000003</range>
    <times>22.79 21.45 20.47</times>
    <uri>/tests/results-wisp-A-2022-02-20T19:55:01.204/test-report.wisps-001-020-catalog.xml</uri>
  </test-result>
  <test-result name="G012-O3-negative/test-011" result="pass" n="8">
    <mean-parsetime>21.57</mean-parsetime>
    <min-parsetime>16.75</min-parsetime>
    <max-parsetime>27.92</max-parsetime>
    <range>11.170000000000002</range>
    <times>21.50 27.92 21.76 21.69 21.93 17.84 23.17 16.75</times>
    <uri>/tests/results-gxxx-2022-03-10T11:32:00.384/test-report.gxxx-test-catalog.xml</uri>
  </test-result>
  <test-result name="ambiguity-1/vowels-nok6" result="pass" n="4">
    <mean-parsetime>21.6525</mean-parsetime>
    <min-parsetime>16</min-parsetime>
    <max-parsetime>23.75</max-parsetime>
    <range>7.75</range>
    <times>23.26 23.60 16.00 23.75</times>
    <uri>/tests/results-test2-2022-03-08T20:33:29.266/test-report.test2.xml</uri>
  </test-result>
  <test-result name="nested-comment/nested-comment" result="pass" n="3">
    <mean-parsetime>21.69333333333333</mean-parsetime>
    <min-parsetime>16.39</min-parsetime>
    <max-parsetime>25.62</max-parsetime>
    <range>9.23</range>
    <times>16.39 23.07 25.62</times>
    <uri>/tests/results-ixml-corr-2022-02-17T14:39:37.601/test-report.test-catalog.xml</uri>
  </test-result>
  <test-result name="G012-O3-negative/test-012" result="pass" n="8">
    <mean-parsetime>21.713749999999997</mean-parsetime>
    <min-parsetime>16.06</min-parsetime>
    <max-parsetime>29.77</max-parsetime>
    <range>13.71</range>
    <times>22.73 29.77 21.96 21.86 22.69 16.06 22.41 16.23</times>
    <uri>/tests/results-gxxx-2022-03-10T11:32:00.384/test-report.gxxx-test-catalog.xml</uri>
  </test-result>
  <test-result name="G011-O3-negative/test-33" result="pass" n="8">
    <mean-parsetime>21.79625</mean-parsetime>
    <min-parsetime>15.99</min-parsetime>
    <max-parsetime>28.93</max-parsetime>
    <range>12.94</range>
    <times>22.42 28.93 21.73 21.36 24.77 15.99 22.37 16.80</times>
    <uri>/tests/results-gxxx-2022-03-10T11:32:00.384/test-report.gxxx-test-catalog.xml</uri>
  </test-result>
  <test-result name="G012-O3-negative/test-009" result="pass" n="8">
    <mean-parsetime>21.80625</mean-parsetime>
    <min-parsetime>16.44</min-parsetime>
    <max-parsetime>29.83</max-parsetime>
    <range>13.389999999999997</range>
    <times>22.54 29.83 23.57 21.90 21.86 16.61 21.70 16.44</times>
    <uri>/tests/results-gxxx-2022-03-10T11:32:00.384/test-report.gxxx-test-catalog.xml</uri>
  </test-result>
  <test-result name="G012-O3-negative/test-010" result="pass" n="8">
    <mean-parsetime>21.813750000000002</mean-parsetime>
    <min-parsetime>16.56</min-parsetime>
    <max-parsetime>29.05</max-parsetime>
    <range>12.490000000000002</range>
    <times>21.57 29.05 21.87 22.20 21.89 16.72 24.65 16.56</times>
    <uri>/tests/results-gxxx-2022-03-10T11:32:00.384/test-report.gxxx-test-catalog.xml</uri>
  </test-result>
  <test-result name="hex1/hex1" result="pass" n="3">
    <mean-parsetime>21.853333333333335</mean-parsetime>
    <min-parsetime>15.81</min-parsetime>
    <max-parsetime>27.16</max-parsetime>
    <range>11.35</range>
    <times>15.81 22.59 27.16</times>
    <uri>/tests/results-ixml-corr-2022-02-17T14:39:37.601/test-report.test-catalog.xml</uri>
  </test-result>
  <test-result name="G011-O3-negative/test-34" result="pass" n="8">
    <mean-parsetime>21.9025</mean-parsetime>
    <min-parsetime>15.8</min-parsetime>
    <max-parsetime>31.13</max-parsetime>
    <range>15.329999999999998</range>
    <times>21.26 31.13 21.69 23.58 23.19 15.80 21.92 16.65</times>
    <uri>/tests/results-gxxx-2022-03-10T11:32:00.384/test-report.gxxx-test-catalog.xml</uri>
  </test-result>
  <test-result name="sample.grammar.04/g04.c04" result="pass fail" n="2">
    <mean-parsetime>21.97</mean-parsetime>
    <min-parsetime>21.17</min-parsetime>
    <max-parsetime>22.77</max-parsetime>
    <range>1.5999999999999979</range>
    <times>22.77 21.17</times>
    <uri>/tests/results-wisp-A-2022-02-20T19:55:01.204/test-report.wisps-001-020-catalog.xml</uri>
  </test-result>
  <test-result name="ambiguity-1/vowels-nok2" result="pass" n="4">
    <mean-parsetime>21.990000000000002</mean-parsetime>
    <min-parsetime>15.5</min-parsetime>
    <max-parsetime>26.96</max-parsetime>
    <range>11.46</range>
    <times>23.75 26.96 15.50 21.75</times>
    <uri>/tests/results-test2-2022-03-08T20:33:29.266/test-report.test2.xml</uri>
  </test-result>
  <test-result name="sample.grammar.14/g14c07" result="pass" n="3">
    <mean-parsetime>22.046666666666667</mean-parsetime>
    <min-parsetime>19.79</min-parsetime>
    <max-parsetime>24.64</max-parsetime>
    <range>4.850000000000001</range>
    <times>19.79 24.64 21.71</times>
    <uri>/tests/results-wisp-A-2022-02-20T19:55:01.204/test-report.wisps-001-020-catalog.xml</uri>
  </test-result>
  <test-result name="sample.grammar.16/g16c07" result="pass" n="3">
    <mean-parsetime>22.060000000000002</mean-parsetime>
    <min-parsetime>21.28</min-parsetime>
    <max-parsetime>23.4</max-parsetime>
    <range>2.1199999999999974</range>
    <times>21.50 23.40 21.28</times>
    <uri>/tests/results-wisp-A-2022-02-20T19:55:01.204/test-report.wisps-001-020-catalog.xml</uri>
  </test-result>
  <test-result name="ambiguity-1/vowels-nok5" result="pass" n="4">
    <mean-parsetime>22.0625</mean-parsetime>
    <min-parsetime>15.55</min-parsetime>
    <max-parsetime>28.68</max-parsetime>
    <range>13.129999999999999</range>
    <times>22.64 28.68 15.55 21.38</times>
    <uri>/tests/results-test2-2022-03-08T20:33:29.266/test-report.test2.xml</uri>
  </test-result>
  <test-result name="empty-group/empty-group" result="pass" n="3">
    <mean-parsetime>22.070000000000004</mean-parsetime>
    <min-parsetime>15.76</min-parsetime>
    <max-parsetime>26.03</max-parsetime>
    <range>10.270000000000001</range>
    <times>15.76 24.42 26.03</times>
    <uri>/tests/results-ixml-corr-2022-02-17T14:39:37.601/test-report.test-catalog.xml</uri>
  </test-result>
  <test-result name="sample.grammar.15/g15c05" result="pass" n="3">
    <mean-parsetime>22.08666666666667</mean-parsetime>
    <min-parsetime>21.67</min-parsetime>
    <max-parsetime>22.78</max-parsetime>
    <range>1.1099999999999994</range>
    <times>22.78 21.67 21.81</times>
    <uri>/tests/results-wisp-A-2022-02-20T19:55:01.204/test-report.wisps-001-020-catalog.xml</uri>
  </test-result>
  <test-result name="G012-positive/G012-pos-1" result="pass" n="8">
    <mean-parsetime>22.0925</mean-parsetime>
    <min-parsetime>15.8</min-parsetime>
    <max-parsetime>30.88</max-parsetime>
    <range>15.079999999999998</range>
    <times>24.18 30.88 23.35 23.25 21.54 15.91 21.83 15.80</times>
    <uri>/tests/results-gxxx-2022-03-10T11:32:00.384/test-report.gxxx-test-catalog.xml</uri>
  </test-result>
  <test-result name="G012-O3-negative/test-008" result="pass" n="8">
    <mean-parsetime>22.106250000000003</mean-parsetime>
    <min-parsetime>16.5</min-parsetime>
    <max-parsetime>28.48</max-parsetime>
    <range>11.98</range>
    <times>22.62 28.48 24.78 21.87 23.76 16.76 22.08 16.50</times>
    <uri>/tests/results-gxxx-2022-03-10T11:32:00.384/test-report.gxxx-test-catalog.xml</uri>
  </test-result>
  <test-result name="G012-O3-negative/test-118" result="pass" n="8">
    <mean-parsetime>22.152499999999996</mean-parsetime>
    <min-parsetime>16.27</min-parsetime>
    <max-parsetime>26.87</max-parsetime>
    <range>10.600000000000001</range>
    <times>21.83 26.87 21.99 23.41 24.33 16.27 25.23 17.29</times>
    <uri>/tests/results-gxxx-2022-03-10T11:32:00.384/test-report.gxxx-test-catalog.xml</uri>
  </test-result>
  <test-result name="G012-O3-negative/test-021" result="pass" n="8">
    <mean-parsetime>22.19375</mean-parsetime>
    <min-parsetime>16.73</min-parsetime>
    <max-parsetime>28.1</max-parsetime>
    <range>11.370000000000001</range>
    <times>22.07 28.10 22.83 22.23 24.34 16.73 22.39 18.86</times>
    <uri>/tests/results-gxxx-2022-03-10T11:32:00.384/test-report.gxxx-test-catalog.xml</uri>
  </test-result>
  <test-result name="G012-O3-negative/test-004" result="pass" n="8">
    <mean-parsetime>22.20875</mean-parsetime>
    <min-parsetime>15.62</min-parsetime>
    <max-parsetime>33.12</max-parsetime>
    <range>17.5</range>
    <times>25.94 33.12 21.90 21.04 21.30 15.62 22.75 16.00</times>
    <uri>/tests/results-gxxx-2022-03-10T11:32:00.384/test-report.gxxx-test-catalog.xml</uri>
  </test-result>
  <test-result name="G012-O3-negative/test-023" result="pass" n="8">
    <mean-parsetime>22.22625</mean-parsetime>
    <min-parsetime>16.6</min-parsetime>
    <max-parsetime>28.95</max-parsetime>
    <range>12.349999999999998</range>
    <times>22.38 28.95 22.29 22.86 24.40 16.60 22.68 17.65</times>
    <uri>/tests/results-gxxx-2022-03-10T11:32:00.384/test-report.gxxx-test-catalog.xml</uri>
  </test-result>
  <test-result name="G012-O3-negative/test-007" result="pass" n="8">
    <mean-parsetime>22.276249999999997</mean-parsetime>
    <min-parsetime>16.17</min-parsetime>
    <max-parsetime>29.18</max-parsetime>
    <range>13.009999999999998</range>
    <times>24.31 29.18 21.72 22.42 24.44 17.96 22.01 16.17</times>
    <uri>/tests/results-gxxx-2022-03-10T11:32:00.384/test-report.gxxx-test-catalog.xml</uri>
  </test-result>
  <test-result name="G011-O3-negative/test-25" result="pass" n="8">
    <mean-parsetime>22.28375</mean-parsetime>
    <min-parsetime>15.84</min-parsetime>
    <max-parsetime>33.03</max-parsetime>
    <range>17.19</range>
    <times>21.88 33.03 22.78 24.37 22.59 15.84 21.37 16.41</times>
    <uri>/tests/results-gxxx-2022-03-10T11:32:00.384/test-report.gxxx-test-catalog.xml</uri>
  </test-result>
  <test-result name="G012-O3-negative/test-094" result="pass" n="8">
    <mean-parsetime>22.291249999999998</mean-parsetime>
    <min-parsetime>18.16</min-parsetime>
    <max-parsetime>30.04</max-parsetime>
    <range>11.879999999999999</range>
    <times>21.58 30.04 21.58 22.70 22.25 18.16 23.04 18.98</times>
    <uri>/tests/results-gxxx-2022-03-10T11:32:00.384/test-report.gxxx-test-catalog.xml</uri>
  </test-result>
  <test-result name="G011-O3-negative/test-09" result="pass" n="8">
    <mean-parsetime>22.29125</mean-parsetime>
    <min-parsetime>16.02</min-parsetime>
    <max-parsetime>32.98</max-parsetime>
    <range>16.959999999999997</range>
    <times>22.61 32.98 23.67 21.76 21.96 16.02 22.67 16.66</times>
    <uri>/tests/results-gxxx-2022-03-10T11:32:00.384/test-report.gxxx-test-catalog.xml</uri>
  </test-result>
  <test-result name="G012-O3-negative/test-097" result="pass" n="8">
    <mean-parsetime>22.3</mean-parsetime>
    <min-parsetime>15.58</min-parsetime>
    <max-parsetime>27.86</max-parsetime>
    <range>12.28</range>
    <times>24.68 27.86 22.50 23.59 24.79 15.58 22.59 16.81</times>
    <uri>/tests/results-gxxx-2022-03-10T11:32:00.384/test-report.gxxx-test-catalog.xml</uri>
  </test-result>
  <test-result name="G011-O3-negative/test-26" result="pass" n="8">
    <mean-parsetime>22.345</mean-parsetime>
    <min-parsetime>15.35</min-parsetime>
    <max-parsetime>32.87</max-parsetime>
    <range>17.519999999999996</range>
    <times>21.56 32.87 23.81 26.70 20.74 15.35 21.87 15.86</times>
    <uri>/tests/results-gxxx-2022-03-10T11:32:00.384/test-report.gxxx-test-catalog.xml</uri>
  </test-result>
  <test-result name="sample.grammar.04/g04.c06" result="pass fail" n="2">
    <mean-parsetime>22.39</mean-parsetime>
    <min-parsetime>22.38</min-parsetime>
    <max-parsetime>22.4</max-parsetime>
    <range>0.01999999999999957</range>
    <times>22.38 22.40</times>
    <uri>/tests/results-wisp-A-2022-02-20T19:55:01.204/test-report.wisps-001-020-catalog.xml</uri>
  </test-result>
  <test-result name="G012-O3-negative/test-020" result="pass" n="8">
    <mean-parsetime>22.422499999999996</mean-parsetime>
    <min-parsetime>16.53</min-parsetime>
    <max-parsetime>28.53</max-parsetime>
    <range>12</range>
    <times>24.91 28.53 22.76 23.13 22.65 16.53 22.58 18.29</times>
    <uri>/tests/results-gxxx-2022-03-10T11:32:00.384/test-report.gxxx-test-catalog.xml</uri>
  </test-result>
  <test-result name="G012-O3-negative/test-087" result="pass" n="8">
    <mean-parsetime>22.481250000000003</mean-parsetime>
    <min-parsetime>16.77</min-parsetime>
    <max-parsetime>32.29</max-parsetime>
    <range>15.52</range>
    <times>22.15 32.29 21.40 22.65 23.72 16.77 22.21 18.66</times>
    <uri>/tests/results-gxxx-2022-03-10T11:32:00.384/test-report.gxxx-test-catalog.xml</uri>
  </test-result>
  <test-result name="G011-O3-negative/test-32" result="pass" n="8">
    <mean-parsetime>22.48875</mean-parsetime>
    <min-parsetime>17.35</min-parsetime>
    <max-parsetime>31.22</max-parsetime>
    <range>13.869999999999997</range>
    <times>20.99 31.22 22.82 21.27 21.07 18.86 26.33 17.35</times>
    <uri>/tests/results-gxxx-2022-03-10T11:32:00.384/test-report.gxxx-test-catalog.xml</uri>
  </test-result>
  <test-result name="zeroes-rrec/t-1x1" result="pass" n="8">
    <mean-parsetime>22.4925</mean-parsetime>
    <min-parsetime>20.34</min-parsetime>
    <max-parsetime>26.76</max-parsetime>
    <range>6.420000000000002</range>
    <times>24.74 26.76 21.86 21.71 20.34 21.02 22.33 21.18</times>
    <uri>/tests/results-zeroes-2022-04-10T21:56:13.413/test-report.zeroes-tests.xml</uri>
  </test-result>
  <test-result name="hex/hex" result="pass" n="3">
    <mean-parsetime>22.53</mean-parsetime>
    <min-parsetime>15.96</min-parsetime>
    <max-parsetime>26.49</max-parsetime>
    <range>10.529999999999998</range>
    <times>15.96 25.14 26.49</times>
    <uri>/tests/results-ixml-corr-2022-02-17T14:39:37.601/test-report.test-catalog.xml</uri>
  </test-result>
  <test-result name="G011-O3-negative/test-31" result="pass" n="8">
    <mean-parsetime>22.57</mean-parsetime>
    <min-parsetime>15.69</min-parsetime>
    <max-parsetime>31.49</max-parsetime>
    <range>15.799999999999999</range>
    <times>20.99 31.49 24.00 25.67 23.94 15.69 21.79 16.99</times>
    <uri>/tests/results-gxxx-2022-03-10T11:32:00.384/test-report.gxxx-test-catalog.xml</uri>
  </test-result>
  <test-result name="G011-O3-negative/test-37" result="pass" n="8">
    <mean-parsetime>22.5875</mean-parsetime>
    <min-parsetime>16.72</min-parsetime>
    <max-parsetime>33.82</max-parsetime>
    <range>17.1</range>
    <times>22.33 33.82 22.12 22.76 22.16 18.09 22.70 16.72</times>
    <uri>/tests/results-gxxx-2022-03-10T11:32:00.384/test-report.gxxx-test-catalog.xml</uri>
  </test-result>
  <test-result name="G012-O3-negative/test-006" result="pass" n="8">
    <mean-parsetime>22.595</mean-parsetime>
    <min-parsetime>16.48</min-parsetime>
    <max-parsetime>31.97</max-parsetime>
    <range>15.489999999999998</range>
    <times>21.42 31.97 22.38 24.50 22.17 16.48 24.35 17.49</times>
    <uri>/tests/results-gxxx-2022-03-10T11:32:00.384/test-report.gxxx-test-catalog.xml</uri>
  </test-result>
  <test-result name="G012-O3-negative/test-113" result="pass" n="8">
    <mean-parsetime>22.595000000000002</mean-parsetime>
    <min-parsetime>16.97</min-parsetime>
    <max-parsetime>28.2</max-parsetime>
    <range>11.23</range>
    <times>21.78 28.20 22.10 24.51 24.03 16.97 23.19 19.98</times>
    <uri>/tests/results-gxxx-2022-03-10T11:32:00.384/test-report.gxxx-test-catalog.xml</uri>
  </test-result>
  <test-result name="G012-O3-negative/test-083" result="pass" n="8">
    <mean-parsetime>22.598750000000003</mean-parsetime>
    <min-parsetime>19.86</min-parsetime>
    <max-parsetime>26.88</max-parsetime>
    <range>7.02</range>
    <times>23.76 26.88 22.13 21.92 21.12 19.86 24.68 20.44</times>
    <uri>/tests/results-gxxx-2022-03-10T11:32:00.384/test-report.gxxx-test-catalog.xml</uri>
  </test-result>
  <test-result name="G012-O3-negative/test-101" result="pass" n="8">
    <mean-parsetime>22.603749999999998</mean-parsetime>
    <min-parsetime>15.85</min-parsetime>
    <max-parsetime>26.92</max-parsetime>
    <range>11.070000000000002</range>
    <times>22.73 26.61 26.92 25.83 22.50 15.85 22.75 17.64</times>
    <uri>/tests/results-gxxx-2022-03-10T11:32:00.384/test-report.gxxx-test-catalog.xml</uri>
  </test-result>
  <test-result name="G012-O3-negative/test-026" result="pass" n="8">
    <mean-parsetime>22.60875</mean-parsetime>
    <min-parsetime>17.57</min-parsetime>
    <max-parsetime>32.36</max-parsetime>
    <range>14.79</range>
    <times>23.08 32.36 23.80 22.01 21.54 17.57 22.52 17.99</times>
    <uri>/tests/results-gxxx-2022-03-10T11:32:00.384/test-report.gxxx-test-catalog.xml</uri>
  </test-result>
  <test-result name="G012-O3-negative/test-001" result="pass" n="8">
    <mean-parsetime>22.616249999999997</mean-parsetime>
    <min-parsetime>15.73</min-parsetime>
    <max-parsetime>35.63</max-parsetime>
    <range>19.900000000000002</range>
    <times>25.31 35.63 21.89 21.25 23.08 15.85 22.19 15.73</times>
    <uri>/tests/results-gxxx-2022-03-10T11:32:00.384/test-report.gxxx-test-catalog.xml</uri>
  </test-result>
  <test-result name="G011-O3-negative/test-36" result="pass" n="8">
    <mean-parsetime>22.618750000000002</mean-parsetime>
    <min-parsetime>16.59</min-parsetime>
    <max-parsetime>34.44</max-parsetime>
    <range>17.849999999999998</range>
    <times>22.13 34.44 22.74 21.94 22.08 18.11 22.92 16.59</times>
    <uri>/tests/results-gxxx-2022-03-10T11:32:00.384/test-report.gxxx-test-catalog.xml</uri>
  </test-result>
  <test-result name="ambiguity-1/vowels-nok1" result="pass" n="4">
    <mean-parsetime>22.6225</mean-parsetime>
    <min-parsetime>15.8</min-parsetime>
    <max-parsetime>29.19</max-parsetime>
    <range>13.39</range>
    <times>29.19 24.31 15.80 21.19</times>
    <uri>/tests/results-test2-2022-03-08T20:33:29.266/test-report.test2.xml</uri>
  </test-result>
  <test-result name="G012-O3-negative/test-095" result="pass" n="8">
    <mean-parsetime>22.63375</mean-parsetime>
    <min-parsetime>17.63</min-parsetime>
    <max-parsetime>29.62</max-parsetime>
    <range>11.990000000000002</range>
    <times>23.07 29.62 23.08 21.91 22.48 17.63 24.57 18.71</times>
    <uri>/tests/results-gxxx-2022-03-10T11:32:00.384/test-report.gxxx-test-catalog.xml</uri>
  </test-result>
  <test-result name="G011-O3-negative/test-20" result="pass" n="8">
    <mean-parsetime>22.63875</mean-parsetime>
    <min-parsetime>16.42</min-parsetime>
    <max-parsetime>32.51</max-parsetime>
    <range>16.089999999999996</range>
    <times>22.46 32.51 23.22 22.91 23.23 16.42 22.99 17.37</times>
    <uri>/tests/results-gxxx-2022-03-10T11:32:00.384/test-report.gxxx-test-catalog.xml</uri>
  </test-result>
  <test-result name="zeroes-lrec-hidden/t-1x1" result="pass" n="8">
    <mean-parsetime>22.65</mean-parsetime>
    <min-parsetime>19.55</min-parsetime>
    <max-parsetime>29.04</max-parsetime>
    <range>9.489999999999998</range>
    <times>24.63 29.04 22.71 21.06 19.55 22.04 21.07 21.10</times>
    <uri>/tests/results-zeroes-2022-04-10T21:56:13.413/test-report.zeroes-tests.xml</uri>
  </test-result>
  <test-result name="G011-O3-negative/test-35" result="pass" n="8">
    <mean-parsetime>22.6575</mean-parsetime>
    <min-parsetime>15.98</min-parsetime>
    <max-parsetime>34.81</max-parsetime>
    <range>18.830000000000002</range>
    <times>22.27 34.81 21.52 21.79 25.76 15.98 22.63 16.50</times>
    <uri>/tests/results-gxxx-2022-03-10T11:32:00.384/test-report.gxxx-test-catalog.xml</uri>
  </test-result>
  <test-result name="G012-O3-negative/test-005" result="pass" n="8">
    <mean-parsetime>22.695</mean-parsetime>
    <min-parsetime>16.22</min-parsetime>
    <max-parsetime>31.2</max-parsetime>
    <range>14.98</range>
    <times>22.54 31.20 22.41 24.04 25.61 17.58 21.96 16.22</times>
    <uri>/tests/results-gxxx-2022-03-10T11:32:00.384/test-report.gxxx-test-catalog.xml</uri>
  </test-result>
  <test-result name="G012-O3-negative/test-110" result="pass" n="8">
    <mean-parsetime>22.697499999999998</mean-parsetime>
    <min-parsetime>16.29</min-parsetime>
    <max-parsetime>26.53</max-parsetime>
    <range>10.240000000000002</range>
    <times>23.69 26.29 26.53 22.05 24.32 16.29 24.85 17.56</times>
    <uri>/tests/results-gxxx-2022-03-10T11:32:00.384/test-report.gxxx-test-catalog.xml</uri>
  </test-result>
  <test-result name="G012-O3-negative/test-100" result="pass" n="8">
    <mean-parsetime>22.727500000000003</mean-parsetime>
    <min-parsetime>16.35</min-parsetime>
    <max-parsetime>29.74</max-parsetime>
    <range>13.389999999999997</range>
    <times>22.79 29.74 22.17 22.24 24.17 16.35 25.81 18.55</times>
    <uri>/tests/results-gxxx-2022-03-10T11:32:00.384/test-report.gxxx-test-catalog.xml</uri>
  </test-result>
  <test-result name="empty-parens/empty-parens" result="pass" n="3">
    <mean-parsetime>22.746666666666666</mean-parsetime>
    <min-parsetime>15.26</min-parsetime>
    <max-parsetime>29.33</max-parsetime>
    <range>14.069999999999999</range>
    <times>23.65 15.26 29.33</times>
    <uri>/tests/results-ixml-all-2022-03-09T06:12:44.309/test-report.test-catalog.xml</uri>
  </test-result>
  <test-result name="G012-O3-negative/test-022" result="pass" n="8">
    <mean-parsetime>22.75</mean-parsetime>
    <min-parsetime>16.13</min-parsetime>
    <max-parsetime>29.62</max-parsetime>
    <range>13.490000000000002</range>
    <times>23.09 29.62 24.61 22.10 24.81 16.13 23.39 18.25</times>
    <uri>/tests/results-gxxx-2022-03-10T11:32:00.384/test-report.gxxx-test-catalog.xml</uri>
  </test-result>
  <test-result name="sample.grammar.04/g04.r14" result="pass" n="2">
    <mean-parsetime>22.755</mean-parsetime>
    <min-parsetime>20.52</min-parsetime>
    <max-parsetime>24.99</max-parsetime>
    <range>4.469999999999999</range>
    <times>20.52 24.99</times>
    <uri>/tests/results-wisp-A-2022-02-20T19:55:01.204/test-report.wisps-001-020-catalog.xml</uri>
  </test-result>
  <test-result name="G012-O3-negative/test-002" result="pass" n="8">
    <mean-parsetime>22.783749999999998</mean-parsetime>
    <min-parsetime>15.56</min-parsetime>
    <max-parsetime>34.61</max-parsetime>
    <range>19.049999999999997</range>
    <times>29.33 34.61 22.06 21.08 21.65 15.56 21.98 16.00</times>
    <uri>/tests/results-gxxx-2022-03-10T11:32:00.384/test-report.gxxx-test-catalog.xml</uri>
  </test-result>
  <test-result name="G012-O3-negative/test-013" result="pass" n="8">
    <mean-parsetime>22.807499999999997</mean-parsetime>
    <min-parsetime>16.75</min-parsetime>
    <max-parsetime>30.99</max-parsetime>
    <range>14.239999999999998</range>
    <times>25.11 30.99 22.19 24.55 23.38 16.75 22.57 16.92</times>
    <uri>/tests/results-gxxx-2022-03-10T11:32:00.384/test-report.gxxx-test-catalog.xml</uri>
  </test-result>
  <test-result name="G012-O3-negative/test-102" result="pass" n="8">
    <mean-parsetime>22.87125</mean-parsetime>
    <min-parsetime>17.79</min-parsetime>
    <max-parsetime>28.25</max-parsetime>
    <range>10.46</range>
    <times>22.12 28.25 22.33 23.22 22.75 17.79 25.82 20.69</times>
    <uri>/tests/results-gxxx-2022-03-10T11:32:00.384/test-report.gxxx-test-catalog.xml</uri>
  </test-result>
  <test-result name="G012-O3-negative/test-044" result="pass" n="8">
    <mean-parsetime>22.88625</mean-parsetime>
    <min-parsetime>17.06</min-parsetime>
    <max-parsetime>28.78</max-parsetime>
    <range>11.720000000000002</range>
    <times>24.16 28.78 23.32 23.95 23.79 17.06 23.69 18.34</times>
    <uri>/tests/results-gxxx-2022-03-10T11:32:00.384/test-report.gxxx-test-catalog.xml</uri>
  </test-result>
  <test-result name="G012-O3-negative/test-093" result="pass" n="8">
    <mean-parsetime>22.893749999999997</mean-parsetime>
    <min-parsetime>17.15</min-parsetime>
    <max-parsetime>30.57</max-parsetime>
    <range>13.420000000000002</range>
    <times>22.75 30.57 21.71 25.07 23.82 17.15 22.98 19.10</times>
    <uri>/tests/results-gxxx-2022-03-10T11:32:00.384/test-report.gxxx-test-catalog.xml</uri>
  </test-result>
  <test-result name="G012-O3-negative/test-126" result="pass" n="8">
    <mean-parsetime>22.897499999999997</mean-parsetime>
    <min-parsetime>17.16</min-parsetime>
    <max-parsetime>31.02</max-parsetime>
    <range>13.86</range>
    <times>24.61 31.02 23.72 22.72 22.41 17.16 23.70 17.84</times>
    <uri>/tests/results-gxxx-2022-03-10T11:32:00.384/test-report.gxxx-test-catalog.xml</uri>
  </test-result>
  <test-result name="G012-O3-negative/test-024" result="pass" n="8">
    <mean-parsetime>22.91375</mean-parsetime>
    <min-parsetime>16.83</min-parsetime>
    <max-parsetime>30.72</max-parsetime>
    <range>13.89</range>
    <times>22.12 30.72 23.26 22.81 23.37 21.67 22.53 16.83</times>
    <uri>/tests/results-gxxx-2022-03-10T11:32:00.384/test-report.gxxx-test-catalog.xml</uri>
  </test-result>
  <test-result name="G012-O3-negative/test-078" result="pass" n="8">
    <mean-parsetime>22.936249999999998</mean-parsetime>
    <min-parsetime>15.21</min-parsetime>
    <max-parsetime>32.99</max-parsetime>
    <range>17.78</range>
    <times>23.15 32.99 22.49 23.40 23.61 15.21 21.66 20.98</times>
    <uri>/tests/results-gxxx-2022-03-10T11:32:00.384/test-report.gxxx-test-catalog.xml</uri>
  </test-result>
  <test-result name="G011-O3-negative/test-01" result="pass" n="8">
    <mean-parsetime>22.9375</mean-parsetime>
    <min-parsetime>15.59</min-parsetime>
    <max-parsetime>44.59</max-parsetime>
    <range>29.000000000000004</range>
    <times>21.91 44.59 22.18 21.42 21.21 15.62 20.98 15.59</times>
    <uri>/tests/results-gxxx-2022-03-10T11:32:00.384/test-report.gxxx-test-catalog.xml</uri>
  </test-result>
  <test-result name="sample.grammar.13/g13c09" result="pass" n="3">
    <mean-parsetime>22.94666666666667</mean-parsetime>
    <min-parsetime>20.45</min-parsetime>
    <max-parsetime>26.46</max-parsetime>
    <range>6.010000000000002</range>
    <times>26.46 20.45 21.93</times>
    <uri>/tests/results-wisp-A-2022-02-20T19:55:01.204/test-report.wisps-001-020-catalog.xml</uri>
  </test-result>
  <test-result name="G012-O3-negative/test-042" result="pass" n="8">
    <mean-parsetime>22.955</mean-parsetime>
    <min-parsetime>17.43</min-parsetime>
    <max-parsetime>29.74</max-parsetime>
    <range>12.309999999999999</range>
    <times>26.83 29.74 23.14 23.51 22.48 17.43 23.04 17.47</times>
    <uri>/tests/results-gxxx-2022-03-10T11:32:00.384/test-report.gxxx-test-catalog.xml</uri>
  </test-result>
  <test-result name="G012-O3-negative/test-089" result="pass" n="8">
    <mean-parsetime>23.01625</mean-parsetime>
    <min-parsetime>16.69</min-parsetime>
    <max-parsetime>29.95</max-parsetime>
    <range>13.259999999999998</range>
    <times>25.27 29.95 22.24 23.09 23.02 16.69 23.87 20.00</times>
    <uri>/tests/results-gxxx-2022-03-10T11:32:00.384/test-report.gxxx-test-catalog.xml</uri>
  </test-result>
  <test-result name="unreachable-1/unr-1" result="pass" n="17">
    <mean-parsetime>23.022352941176475</mean-parsetime>
    <min-parsetime>21.05</min-parsetime>
    <max-parsetime>27.97</max-parsetime>
    <range>6.919999999999998</range>
    <times>22.09 21.05 25.40 22.79 21.96 23.18 21.72 22.78 22.78 27.97 23.04 22.60 21.37 24.91 23.06 21.74 22.94</times>
    <uri>/tests/results-hygiene-2022-03-12T19:29:18.086/test-report.hygiene-tests.xml</uri>
  </test-result>
  <test-result name="ambiguity-1/vowels-nok4" result="pass" n="4">
    <mean-parsetime>23.0925</mean-parsetime>
    <min-parsetime>16.55</min-parsetime>
    <max-parsetime>29.44</max-parsetime>
    <range>12.89</range>
    <times>22.59 29.44 16.55 23.79</times>
    <uri>/tests/results-test2-2022-03-08T20:33:29.266/test-report.test2.xml</uri>
  </test-result>
  <test-result name="G012-O3-negative/test-027" result="pass" n="8">
    <mean-parsetime>23.112499999999997</mean-parsetime>
    <min-parsetime>16.45</min-parsetime>
    <max-parsetime>32.06</max-parsetime>
    <range>15.610000000000003</range>
    <times>22.24 32.06 25.45 22.87 26.14 16.45 22.31 17.38</times>
    <uri>/tests/results-gxxx-2022-03-10T11:32:00.384/test-report.gxxx-test-catalog.xml</uri>
  </test-result>
  <test-result name="G012-O3-negative/test-017" result="pass" n="8">
    <mean-parsetime>23.11875</mean-parsetime>
    <min-parsetime>16.57</min-parsetime>
    <max-parsetime>33.47</max-parsetime>
    <range>16.9</range>
    <times>23.37 33.47 24.28 21.86 21.99 16.57 26.23 17.18</times>
    <uri>/tests/results-gxxx-2022-03-10T11:32:00.384/test-report.gxxx-test-catalog.xml</uri>
  </test-result>
  <test-result name="G011-O3-negative/test-29" result="pass" n="8">
    <mean-parsetime>23.124999999999996</mean-parsetime>
    <min-parsetime>15.63</min-parsetime>
    <max-parsetime>38.71</max-parsetime>
    <range>23.08</range>
    <times>21.04 38.71 21.11 28.64 21.83 15.63 21.73 16.31</times>
    <uri>/tests/results-gxxx-2022-03-10T11:32:00.384/test-report.gxxx-test-catalog.xml</uri>
  </test-result>
  <test-result name="G012-O3-negative/test-082" result="pass" n="8">
    <mean-parsetime>23.13</mean-parsetime>
    <min-parsetime>16.69</min-parsetime>
    <max-parsetime>30.55</max-parsetime>
    <range>13.86</range>
    <times>30.55 26.48 23.75 22.67 21.22 22.20 21.48 16.69</times>
    <uri>/tests/results-gxxx-2022-03-10T11:32:00.384/test-report.gxxx-test-catalog.xml</uri>
  </test-result>
  <test-result name="vowels/vowels-nok2" result="pass" n="11">
    <mean-parsetime>23.15727272727273</mean-parsetime>
    <min-parsetime>17.69</min-parsetime>
    <max-parsetime>27.04</max-parsetime>
    <range>9.349999999999998</range>
    <times>22.23 22.29 27.04 25.70 25.75 17.69 24.82 22.17 22.02 21.27 23.75</times>
    <uri>/tests/results-test1-2022-03-08T20:33:07.559/test-report.test1.xml</uri>
  </test-result>
  <test-result name="G011-O3-negative/test-44" result="pass" n="8">
    <mean-parsetime>23.1725</mean-parsetime>
    <min-parsetime>16.7</min-parsetime>
    <max-parsetime>35.21</max-parsetime>
    <range>18.51</range>
    <times>22.33 35.21 23.61 23.34 23.79 16.70 22.73 17.67</times>
    <uri>/tests/results-gxxx-2022-03-10T11:32:00.384/test-report.gxxx-test-catalog.xml</uri>
  </test-result>
  <test-result name="sample.grammar.13/g13c08" result="pass" n="3">
    <mean-parsetime>23.186666666666667</mean-parsetime>
    <min-parsetime>21.89</min-parsetime>
    <max-parsetime>24.32</max-parsetime>
    <range>2.4299999999999997</range>
    <times>24.32 21.89 23.35</times>
    <uri>/tests/results-wisp-A-2022-02-20T19:55:01.204/test-report.wisps-001-020-catalog.xml</uri>
  </test-result>
  <test-result name="non-productive-1/np-2" result="pass" n="17">
    <mean-parsetime>23.191176470588236</mean-parsetime>
    <min-parsetime>21.04</min-parsetime>
    <max-parsetime>26.01</max-parsetime>
    <range>4.970000000000002</range>
    <times>21.74 21.04 24.76 22.50 23.54 22.14 21.51 25.85 23.52 26.01 22.02 23.42 22.68 23.07 23.17 25.08 22.20</times>
    <uri>/tests/results-hygiene-2022-03-12T19:29:18.086/test-report.hygiene-tests.xml</uri>
  </test-result>
  <test-result name="non-productive-1/np-1" result="pass" n="17">
    <mean-parsetime>23.20941176470588</mean-parsetime>
    <min-parsetime>21.01</min-parsetime>
    <max-parsetime>26.24</max-parsetime>
    <range>5.229999999999997</range>
    <times>21.07 21.95 24.94 24.87 22.52 23.70 22.36 22.50 23.33 26.24 22.00 24.04 21.01 23.53 23.95 23.44 23.11</times>
    <uri>/tests/results-hygiene-2022-03-12T19:29:18.086/test-report.hygiene-tests.xml</uri>
  </test-result>
  <test-result name="G012-O3-negative/test-030" result="pass" n="8">
    <mean-parsetime>23.21625</mean-parsetime>
    <min-parsetime>17.13</min-parsetime>
    <max-parsetime>28.59</max-parsetime>
    <range>11.46</range>
    <times>23.24 28.59 27.20 24.94 23.00 17.13 23.70 17.93</times>
    <uri>/tests/results-gxxx-2022-03-10T11:32:00.384/test-report.gxxx-test-catalog.xml</uri>
  </test-result>
  <test-result name="G012-O3-negative/test-119" result="pass" n="8">
    <mean-parsetime>23.2275</mean-parsetime>
    <min-parsetime>16.89</min-parsetime>
    <max-parsetime>27.66</max-parsetime>
    <range>10.77</range>
    <times>25.12 27.66 21.98 24.11 24.68 16.89 24.71 20.67</times>
    <uri>/tests/results-gxxx-2022-03-10T11:32:00.384/test-report.gxxx-test-catalog.xml</uri>
  </test-result>
  <test-result name="G011-O3-negative/test-03" result="pass" n="8">
    <mean-parsetime>23.24</mean-parsetime>
    <min-parsetime>15.69</min-parsetime>
    <max-parsetime>42.05</max-parsetime>
    <range>26.36</range>
    <times>21.02 42.05 21.67 23.59 21.63 15.69 23.17 17.10</times>
    <uri>/tests/results-gxxx-2022-03-10T11:32:00.384/test-report.gxxx-test-catalog.xml</uri>
  </test-result>
  <test-result name="zeroes-lrec-hidden/t-1x0" result="pass" n="8">
    <mean-parsetime>23.24875</mean-parsetime>
    <min-parsetime>19.72</min-parsetime>
    <max-parsetime>27.1</max-parsetime>
    <range>7.380000000000003</range>
    <times>26.66 27.10 23.71 22.11 19.72 22.06 21.99 22.64</times>
    <uri>/tests/results-zeroes-2022-04-10T21:56:13.413/test-report.zeroes-tests.xml</uri>
  </test-result>
  <test-result name="G011-O3-negative/test-16" result="pass" n="8">
    <mean-parsetime>23.265</mean-parsetime>
    <min-parsetime>17.01</min-parsetime>
    <max-parsetime>38.41</max-parsetime>
    <range>21.399999999999995</range>
    <times>23.07 38.41 22.52 22.39 22.76 17.25 22.71 17.01</times>
    <uri>/tests/results-gxxx-2022-03-10T11:32:00.384/test-report.gxxx-test-catalog.xml</uri>
  </test-result>
  <test-result name="zeroes-ebnf/t-1x1" result="pass" n="8">
    <mean-parsetime>23.26625</mean-parsetime>
    <min-parsetime>19.12</min-parsetime>
    <max-parsetime>27.24</max-parsetime>
    <range>8.119999999999997</range>
    <times>24.74 27.24 26.85 21.28 19.12 21.17 21.01 24.72</times>
    <uri>/tests/results-zeroes-2022-04-10T21:56:13.413/test-report.zeroes-tests.xml</uri>
  </test-result>
  <test-result name="unreachable-1/unr-3" result="pass" n="17">
    <mean-parsetime>23.279411764705884</mean-parsetime>
    <min-parsetime>21.05</min-parsetime>
    <max-parsetime>28.22</max-parsetime>
    <range>7.169999999999998</range>
    <times>21.70 21.05 25.84 22.00 23.68 22.84 23.85 22.55 28.22 25.91 22.78 22.82 22.44 21.89 24.38 21.85 21.95</times>
    <uri>/tests/results-hygiene-2022-03-12T19:29:18.086/test-report.hygiene-tests.xml</uri>
  </test-result>
  <test-result name="G011-O3-negative/test-10" result="pass" n="8">
    <mean-parsetime>23.29125</mean-parsetime>
    <min-parsetime>15.94</min-parsetime>
    <max-parsetime>41.95</max-parsetime>
    <range>26.010000000000005</range>
    <times>21.98 41.95 23.36 22.13 22.20 15.94 22.40 16.37</times>
    <uri>/tests/results-gxxx-2022-03-10T11:32:00.384/test-report.gxxx-test-catalog.xml</uri>
  </test-result>
  <test-result name="G012-O3-negative/test-014" result="pass" n="8">
    <mean-parsetime>23.294999999999998</mean-parsetime>
    <min-parsetime>16.69</min-parsetime>
    <max-parsetime>30.21</max-parsetime>
    <range>13.52</range>
    <times>22.63 29.39 22.46 30.21 22.63 18.84 23.51 16.69</times>
    <uri>/tests/results-gxxx-2022-03-10T11:32:00.384/test-report.gxxx-test-catalog.xml</uri>
  </test-result>
  <test-result name="G012-O3-negative/test-122" result="pass" n="8">
    <mean-parsetime>23.301250000000003</mean-parsetime>
    <min-parsetime>16.93</min-parsetime>
    <max-parsetime>27.09</max-parsetime>
    <range>10.16</range>
    <times>22.06 27.09 25.47 26.16 25.00 16.93 26.53 17.17</times>
    <uri>/tests/results-gxxx-2022-03-10T11:32:00.384/test-report.gxxx-test-catalog.xml</uri>
  </test-result>
  <test-result name="non-productive-3/np-8" result="pass" n="15">
    <mean-parsetime>23.336000000000006</mean-parsetime>
    <min-parsetime>21.8</min-parsetime>
    <max-parsetime>27.53</max-parsetime>
    <range>5.73</range>
    <times>24.67 23.66 23.57 22.90 21.80 23.83 22.36 27.53 23.21 22.54 23.94 22.17 22.50 22.98 22.38</times>
    <uri>/tests/results-hygiene-2022-04-10T21:56:55.887/test-report.hygiene-tests.xml</uri>
  </test-result>
  <test-result name="G012-O3-negative/test-025" result="pass" n="8">
    <mean-parsetime>23.34375</mean-parsetime>
    <min-parsetime>16.27</min-parsetime>
    <max-parsetime>32.41</max-parsetime>
    <range>16.139999999999997</range>
    <times>23.51 32.41 22.15 22.96 25.99 16.27 22.65 20.81</times>
    <uri>/tests/results-gxxx-2022-03-10T11:32:00.384/test-report.gxxx-test-catalog.xml</uri>
  </test-result>
  <test-result name="G012-O3-negative/test-117" result="pass" n="8">
    <mean-parsetime>23.345</mean-parsetime>
    <min-parsetime>16.17</min-parsetime>
    <max-parsetime>27.8</max-parsetime>
    <range>11.629999999999999</range>
    <times>21.94 26.65 23.64 27.80 23.54 16.17 26.95 20.07</times>
    <uri>/tests/results-gxxx-2022-03-10T11:32:00.384/test-report.gxxx-test-catalog.xml</uri>
  </test-result>
  <test-result name="G012-O3-negative/test-036" result="pass" n="8">
    <mean-parsetime>23.38875</mean-parsetime>
    <min-parsetime>17.17</min-parsetime>
    <max-parsetime>29.22</max-parsetime>
    <range>12.049999999999997</range>
    <times>22.75 29.22 25.08 28.40 24.26 17.17 22.77 17.46</times>
    <uri>/tests/results-gxxx-2022-03-10T11:32:00.384/test-report.gxxx-test-catalog.xml</uri>
  </test-result>
  <test-result name="G012-O3-negative/test-092" result="pass" n="8">
    <mean-parsetime>23.39125</mean-parsetime>
    <min-parsetime>16.42</min-parsetime>
    <max-parsetime>30.61</max-parsetime>
    <range>14.189999999999998</range>
    <times>21.46 29.87 30.61 22.18 22.60 16.42 24.60 19.39</times>
    <uri>/tests/results-gxxx-2022-03-10T11:32:00.384/test-report.gxxx-test-catalog.xml</uri>
  </test-result>
  <test-result name="G012-O3-negative/test-031" result="pass" n="8">
    <mean-parsetime>23.403750000000002</mean-parsetime>
    <min-parsetime>17.52</min-parsetime>
    <max-parsetime>28.62</max-parsetime>
    <range>11.100000000000001</range>
    <times>22.81 28.49 23.09 22.82 24.07 17.52 28.62 19.81</times>
    <uri>/tests/results-gxxx-2022-03-10T11:32:00.384/test-report.gxxx-test-catalog.xml</uri>
  </test-result>
  <test-result name="G012-O3-negative/test-088" result="pass" n="8">
    <mean-parsetime>23.417500000000004</mean-parsetime>
    <min-parsetime>16.59</min-parsetime>
    <max-parsetime>28.9</max-parsetime>
    <range>12.309999999999999</range>
    <times>22.58 27.93 21.77 24.64 26.51 16.59 28.90 18.42</times>
    <uri>/tests/results-gxxx-2022-03-10T11:32:00.384/test-report.gxxx-test-catalog.xml</uri>
  </test-result>
  <test-result name="G012-O3-negative/test-098" result="pass" n="8">
    <mean-parsetime>23.44375</mean-parsetime>
    <min-parsetime>17.48</min-parsetime>
    <max-parsetime>26.13</max-parsetime>
    <range>8.649999999999999</range>
    <times>23.41 26.12 24.44 24.11 25.31 17.48 26.13 20.55</times>
    <uri>/tests/results-gxxx-2022-03-10T11:32:00.384/test-report.gxxx-test-catalog.xml</uri>
  </test-result>
  <test-result name="G011-O3-negative/test-04" result="pass" n="8">
    <mean-parsetime>23.445</mean-parsetime>
    <min-parsetime>16.09</min-parsetime>
    <max-parsetime>45.66</max-parsetime>
    <range>29.569999999999997</range>
    <times>20.80 45.66 20.93 22.60 21.50 16.71 23.27 16.09</times>
    <uri>/tests/results-gxxx-2022-03-10T11:32:00.384/test-report.gxxx-test-catalog.xml</uri>
  </test-result>
  <test-result name="G012-O3-negative/test-040" result="pass" n="8">
    <mean-parsetime>23.44625</mean-parsetime>
    <min-parsetime>17.1</min-parsetime>
    <max-parsetime>33.01</max-parsetime>
    <range>15.909999999999997</range>
    <times>23.50 33.01 23.08 22.56 26.32 17.10 23.37 18.63</times>
    <uri>/tests/results-gxxx-2022-03-10T11:32:00.384/test-report.gxxx-test-catalog.xml</uri>
  </test-result>
  <test-result name="G012-O3-negative/test-080" result="pass" n="8">
    <mean-parsetime>23.45125</mean-parsetime>
    <min-parsetime>18.83</min-parsetime>
    <max-parsetime>27.45</max-parsetime>
    <range>8.620000000000001</range>
    <times>21.14 26.61 21.72 27.45 24.95 25.38 21.53 18.83</times>
    <uri>/tests/results-gxxx-2022-03-10T11:32:00.384/test-report.gxxx-test-catalog.xml</uri>
  </test-result>
  <test-result name="G011-O3-negative/test-18" result="pass" n="8">
    <mean-parsetime>23.4575</mean-parsetime>
    <min-parsetime>16.46</min-parsetime>
    <max-parsetime>39.98</max-parsetime>
    <range>23.519999999999996</range>
    <times>22.38 39.98 23.32 22.63 22.76 16.46 22.61 17.52</times>
    <uri>/tests/results-gxxx-2022-03-10T11:32:00.384/test-report.gxxx-test-catalog.xml</uri>
  </test-result>
  <test-result name="G012-O3-negative/test-085" result="pass" n="8">
    <mean-parsetime>23.46</mean-parsetime>
    <min-parsetime>16.48</min-parsetime>
    <max-parsetime>29.88</max-parsetime>
    <range>13.399999999999999</range>
    <times>22.67 26.83 29.88 23.59 24.03 16.48 24.06 20.14</times>
    <uri>/tests/results-gxxx-2022-03-10T11:32:00.384/test-report.gxxx-test-catalog.xml</uri>
  </test-result>
  <test-result name="zeroes-gone-bad/t-1x1" result="pass" n="8">
    <mean-parsetime>23.47125</mean-parsetime>
    <min-parsetime>19.26</min-parsetime>
    <max-parsetime>30.51</max-parsetime>
    <range>11.25</range>
    <times>25.32 30.51 21.88 24.34 19.26 22.87 22.11 21.48</times>
    <uri>/tests/results-zeroes-2022-04-10T21:56:13.413/test-report.zeroes-tests.xml</uri>
  </test-result>
  <test-result name="G011-O3-negative/test-08" result="pass" n="8">
    <mean-parsetime>23.47875</mean-parsetime>
    <min-parsetime>15.55</min-parsetime>
    <max-parsetime>44.99</max-parsetime>
    <range>29.44</range>
    <times>22.04 44.99 21.82 21.50 21.43 15.55 23.90 16.60</times>
    <uri>/tests/results-gxxx-2022-03-10T11:32:00.384/test-report.gxxx-test-catalog.xml</uri>
  </test-result>
  <test-result name="G011-O3-negative/test-23" result="pass" n="8">
    <mean-parsetime>23.48</mean-parsetime>
    <min-parsetime>17.01</min-parsetime>
    <max-parsetime>33.99</max-parsetime>
    <range>16.98</range>
    <times>22.76 33.99 24.86 23.77 23.15 17.01 23.84 18.46</times>
    <uri>/tests/results-gxxx-2022-03-10T11:32:00.384/test-report.gxxx-test-catalog.xml</uri>
  </test-result>
  <test-result name="G012-O3-negative/test-034" result="pass" n="8">
    <mean-parsetime>23.4975</mean-parsetime>
    <min-parsetime>17.07</min-parsetime>
    <max-parsetime>29.24</max-parsetime>
    <range>12.169999999999998</range>
    <times>24.17 29.24 23.81 22.83 23.41 17.07 24.45 23.00</times>
    <uri>/tests/results-gxxx-2022-03-10T11:32:00.384/test-report.gxxx-test-catalog.xml</uri>
  </test-result>
  <test-result name="G012-O3-negative/test-079" result="pass" n="8">
    <mean-parsetime>23.4975</mean-parsetime>
    <min-parsetime>15.14</min-parsetime>
    <max-parsetime>33</max-parsetime>
    <range>17.86</range>
    <times>21.45 33.00 21.18 25.62 24.11 15.14 21.48 26.00</times>
    <uri>/tests/results-gxxx-2022-03-10T11:32:00.384/test-report.gxxx-test-catalog.xml</uri>
  </test-result>
  <test-result name="G012-O3-negative/test-037" result="pass" n="8">
    <mean-parsetime>23.497500000000002</mean-parsetime>
    <min-parsetime>16.71</min-parsetime>
    <max-parsetime>31.6</max-parsetime>
    <range>14.89</range>
    <times>24.11 31.60 22.68 25.01 23.80 16.71 24.55 19.52</times>
    <uri>/tests/results-gxxx-2022-03-10T11:32:00.384/test-report.gxxx-test-catalog.xml</uri>
  </test-result>
  <test-result name="vowels/vowels-ok2" result="pass" n="11">
    <mean-parsetime>23.50818181818182</mean-parsetime>
    <min-parsetime>16.8</min-parsetime>
    <max-parsetime>27.35</max-parsetime>
    <range>10.55</range>
    <times>22.99 22.95 25.64 26.74 25.94 16.80 27.35 22.03 21.25 22.05 24.85</times>
    <uri>/tests/results-test1-2022-03-08T20:33:07.559/test-report.test1.xml</uri>
  </test-result>
  <test-result name="G012-O3-negative/test-090" result="pass" n="8">
    <mean-parsetime>23.551249999999996</mean-parsetime>
    <min-parsetime>17.21</min-parsetime>
    <max-parsetime>29.31</max-parsetime>
    <range>12.099999999999998</range>
    <times>23.53 29.31 24.80 22.05 24.02 17.21 28.61 18.88</times>
    <uri>/tests/results-gxxx-2022-03-10T11:32:00.384/test-report.gxxx-test-catalog.xml</uri>
  </test-result>
  <test-result name="zeroes-rrec/t-1x0" result="pass" n="8">
    <mean-parsetime>23.56</mean-parsetime>
    <min-parsetime>18.19</min-parsetime>
    <max-parsetime>28.37</max-parsetime>
    <range>10.18</range>
    <times>25.88 28.37 23.05 25.78 18.19 23.63 22.11 21.47</times>
    <uri>/tests/results-zeroes-2022-04-10T21:56:13.413/test-report.zeroes-tests.xml</uri>
  </test-result>
  <test-result name="zeroes-lrec/t-1x1" result="pass" n="8">
    <mean-parsetime>23.565000000000005</mean-parsetime>
    <min-parsetime>20.36</min-parsetime>
    <max-parsetime>25.68</max-parsetime>
    <range>5.32</range>
    <times>25.22 25.68 24.16 21.61 24.56 24.16 22.77 20.36</times>
    <uri>/tests/results-zeroes-2022-04-10T21:56:13.413/test-report.zeroes-tests.xml</uri>
  </test-result>
  <test-result name="G012-O3-negative/test-123" result="pass" n="8">
    <mean-parsetime>23.57375</mean-parsetime>
    <min-parsetime>16.88</min-parsetime>
    <max-parsetime>31.46</max-parsetime>
    <range>14.580000000000002</range>
    <times>22.58 31.46 23.69 26.06 21.98 16.88 25.50 20.44</times>
    <uri>/tests/results-gxxx-2022-03-10T11:32:00.384/test-report.gxxx-test-catalog.xml</uri>
  </test-result>
  <test-result name="non-productive-3/np-7" result="pass" n="15">
    <mean-parsetime>23.602</mean-parsetime>
    <min-parsetime>21.37</min-parsetime>
    <max-parsetime>27.44</max-parsetime>
    <range>6.07</range>
    <times>26.14 25.48 22.47 22.47 21.37 22.56 22.23 27.44 23.89 25.17 21.74 25.27 22.30 23.26 22.24</times>
    <uri>/tests/results-hygiene-2022-04-10T21:56:55.887/test-report.hygiene-tests.xml</uri>
  </test-result>
  <test-result name="G012-O3-negative/test-048" result="pass" n="8">
    <mean-parsetime>23.61375</mean-parsetime>
    <min-parsetime>17.9</min-parsetime>
    <max-parsetime>29.11</max-parsetime>
    <range>11.21</range>
    <times>24.14 29.11 24.32 23.39 28.07 17.90 23.94 18.04</times>
    <uri>/tests/results-gxxx-2022-03-10T11:32:00.384/test-report.gxxx-test-catalog.xml</uri>
  </test-result>
  <test-result name="unreachable-2/unr-4" result="pass" n="16">
    <mean-parsetime>23.618125</mean-parsetime>
    <min-parsetime>21.01</min-parsetime>
    <max-parsetime>27.38</max-parsetime>
    <range>6.369999999999997</range>
    <times>21.26 24.47 22.35 25.36 23.02 21.01 25.46 25.29 27.38 21.99 24.28 21.75 23.84 24.75 22.58 23.10</times>
    <uri>/tests/results-hygiene-2022-03-12T19:38:28.439/test-report.hygiene-tests.xml</uri>
  </test-result>
  <test-result name="G011-O3-negative/test-11" result="pass" n="8">
    <mean-parsetime>23.626249999999995</mean-parsetime>
    <min-parsetime>16.07</min-parsetime>
    <max-parsetime>37.19</max-parsetime>
    <range>21.119999999999997</range>
    <times>30.02 37.19 21.74 21.77 21.62 18.22 22.38 16.07</times>
    <uri>/tests/results-gxxx-2022-03-10T11:32:00.384/test-report.gxxx-test-catalog.xml</uri>
  </test-result>
  <test-result name="G012-O3-negative/test-096" result="pass" n="8">
    <mean-parsetime>23.63625</mean-parsetime>
    <min-parsetime>15.71</min-parsetime>
    <max-parsetime>35.03</max-parsetime>
    <range>19.32</range>
    <times>22.73 35.03 22.02 28.54 22.65 15.71 22.23 20.18</times>
    <uri>/tests/results-gxxx-2022-03-10T11:32:00.384/test-report.gxxx-test-catalog.xml</uri>
  </test-result>
  <test-result name="G012-O3-negative/test-080b" result="pass" n="8">
    <mean-parsetime>23.645</mean-parsetime>
    <min-parsetime>15.63</min-parsetime>
    <max-parsetime>33.06</max-parsetime>
    <range>17.43</range>
    <times>21.94 27.45 26.78 23.15 22.85 15.63 33.06 18.30</times>
    <uri>/tests/results-gxxx-2022-03-10T11:32:00.384/test-report.gxxx-test-catalog.xml</uri>
  </test-result>
  <test-result name="G011-O3-negative/test-48" result="pass" n="8">
    <mean-parsetime>23.674999999999997</mean-parsetime>
    <min-parsetime>17.63</min-parsetime>
    <max-parsetime>30.32</max-parsetime>
    <range>12.690000000000001</range>
    <times>25.78 30.32 25.52 24.68 23.20 17.63 23.51 18.76</times>
    <uri>/tests/results-gxxx-2022-03-10T11:32:00.384/test-report.gxxx-test-catalog.xml</uri>
  </test-result>
  <test-result name="G012-O3-negative/test-109" result="pass" n="8">
    <mean-parsetime>23.6875</mean-parsetime>
    <min-parsetime>16.31</min-parsetime>
    <max-parsetime>31.07</max-parsetime>
    <range>14.760000000000002</range>
    <times>23.81 29.16 31.07 23.36 22.28 16.31 23.07 20.44</times>
    <uri>/tests/results-gxxx-2022-03-10T11:32:00.384/test-report.gxxx-test-catalog.xml</uri>
  </test-result>
  <test-result name="G012-O3-negative/test-041" result="pass" n="8">
    <mean-parsetime>23.69875</mean-parsetime>
    <min-parsetime>17.87</min-parsetime>
    <max-parsetime>33.76</max-parsetime>
    <range>15.889999999999997</range>
    <times>22.66 33.76 25.02 23.46 22.57 17.87 23.02 21.23</times>
    <uri>/tests/results-gxxx-2022-03-10T11:32:00.384/test-report.gxxx-test-catalog.xml</uri>
  </test-result>
  <test-result name="G012-O3-negative/test-106" result="pass" n="8">
    <mean-parsetime>23.707500000000003</mean-parsetime>
    <min-parsetime>16.35</min-parsetime>
    <max-parsetime>37.74</max-parsetime>
    <range>21.39</range>
    <times>22.79 37.74 23.87 23.21 22.11 16.35 22.76 20.83</times>
    <uri>/tests/results-gxxx-2022-03-10T11:32:00.384/test-report.gxxx-test-catalog.xml</uri>
  </test-result>
  <test-result name="sample.grammar.18/g18c04" result="pass" n="3">
    <mean-parsetime>23.723333333333333</mean-parsetime>
    <min-parsetime>19.86</min-parsetime>
    <max-parsetime>27.26</max-parsetime>
    <range>7.400000000000002</range>
    <times>27.26 19.86 24.05</times>
    <uri>/tests/results-wisp-A-2022-02-20T19:55:01.204/test-report.wisps-001-020-catalog.xml</uri>
  </test-result>
  <test-result name="vowels/vowels-ok1" result="pass" n="11">
    <mean-parsetime>23.728181818181817</mean-parsetime>
    <min-parsetime>16.66</min-parsetime>
    <max-parsetime>28.11</max-parsetime>
    <range>11.45</range>
    <times>23.51 25.12 22.82 26.87 28.11 16.66 27.43 21.92 21.67 21.57 25.33</times>
    <uri>/tests/results-test1-2022-03-08T20:33:07.559/test-report.test1.xml</uri>
  </test-result>
  <test-result name="a/a3" result="pass" n="27">
    <mean-parsetime>23.735555555555557</mean-parsetime>
    <min-parsetime>15.97</min-parsetime>
    <max-parsetime>37.96</max-parsetime>
    <range>21.990000000000002</range>
    <times>25.65 29.65 25.38 24.32 22.16 21.85 25.14 22.35 21.95 37.96 27.39 26.23 15.97 16.70 16.27 28.41 24.64 24.40 20.98 22.16 21.51 20.56 21.22 22.96 27.63 24.25 23.17</times>
    <uri>/tests/results-test1-2022-03-08T20:33:07.559/test-report.test1.xml</uri>
  </test-result>
  <test-result name="G012-O3-negative/test-039" result="pass" n="8">
    <mean-parsetime>23.740000000000002</mean-parsetime>
    <min-parsetime>16.51</min-parsetime>
    <max-parsetime>34.41</max-parsetime>
    <range>17.899999999999995</range>
    <times>28.66 34.41 22.67 23.05 22.77 16.51 24.43 17.42</times>
    <uri>/tests/results-gxxx-2022-03-10T11:32:00.384/test-report.gxxx-test-catalog.xml</uri>
  </test-result>
  <test-result name="G012-O3-negative/test-142" result="pass" n="8">
    <mean-parsetime>23.747500000000002</mean-parsetime>
    <min-parsetime>16.66</min-parsetime>
    <max-parsetime>31.44</max-parsetime>
    <range>14.780000000000001</range>
    <times>23.32 31.44 23.44 27.63 22.04 16.66 26.96 18.49</times>
    <uri>/tests/results-gxxx-2022-03-10T11:32:00.384/test-report.gxxx-test-catalog.xml</uri>
  </test-result>
  <test-result name="ambiguity-1/vowels-ok5" result="fail" n="4">
    <mean-parsetime>23.775</mean-parsetime>
    <min-parsetime>16.87</min-parsetime>
    <max-parsetime>27.51</max-parsetime>
    <range>10.64</range>
    <times>27.51 27.37 16.87 23.35</times>
    <uri>/tests/results-test2-2022-03-08T20:33:29.266/test-report.test2.xml</uri>
  </test-result>
  <test-result name="G012-O3-negative/test-028" result="pass" n="8">
    <mean-parsetime>23.82125</mean-parsetime>
    <min-parsetime>16.29</min-parsetime>
    <max-parsetime>34.2</max-parsetime>
    <range>17.910000000000004</range>
    <times>23.51 34.20 28.54 24.77 22.43 16.29 23.34 17.49</times>
    <uri>/tests/results-gxxx-2022-03-10T11:32:00.384/test-report.gxxx-test-catalog.xml</uri>
  </test-result>
  <test-result name="G012-O3-negative/test-112" result="pass" n="8">
    <mean-parsetime>23.828749999999996</mean-parsetime>
    <min-parsetime>17.35</min-parsetime>
    <max-parsetime>32.48</max-parsetime>
    <range>15.129999999999995</range>
    <times>23.30 27.20 23.99 32.48 23.45 17.35 22.26 20.60</times>
    <uri>/tests/results-gxxx-2022-03-10T11:32:00.384/test-report.gxxx-test-catalog.xml</uri>
  </test-result>
  <test-result name="G012-O3-negative/test-018" result="pass" n="8">
    <mean-parsetime>23.856249999999996</mean-parsetime>
    <min-parsetime>16.83</min-parsetime>
    <max-parsetime>36.72</max-parsetime>
    <range>19.89</range>
    <times>23.06 36.72 23.30 22.18 23.88 16.83 27.14 17.74</times>
    <uri>/tests/results-gxxx-2022-03-10T11:32:00.384/test-report.gxxx-test-catalog.xml</uri>
  </test-result>
  <test-result name="G011-O3-negative/test-06" result="pass" n="8">
    <mean-parsetime>23.880000000000003</mean-parsetime>
    <min-parsetime>15.59</min-parsetime>
    <max-parsetime>47.61</max-parsetime>
    <range>32.019999999999996</range>
    <times>23.82 47.61 21.40 21.92 21.21 15.59 22.71 16.78</times>
    <uri>/tests/results-gxxx-2022-03-10T11:32:00.384/test-report.gxxx-test-catalog.xml</uri>
  </test-result>
  <test-result name="G012-O3-negative/test-144" result="pass" n="8">
    <mean-parsetime>23.8975</mean-parsetime>
    <min-parsetime>16.84</min-parsetime>
    <max-parsetime>31.3</max-parsetime>
    <range>14.46</range>
    <times>23.10 31.30 24.71 25.88 24.44 16.84 24.62 20.29</times>
    <uri>/tests/results-gxxx-2022-03-10T11:32:00.384/test-report.gxxx-test-catalog.xml</uri>
  </test-result>
  <test-result name="G012-O3-negative/test-121" result="pass" n="8">
    <mean-parsetime>23.905</mean-parsetime>
    <min-parsetime>16.31</min-parsetime>
    <max-parsetime>29.49</max-parsetime>
    <range>13.18</range>
    <times>24.06 29.49 24.65 24.75 23.18 16.31 26.88 21.92</times>
    <uri>/tests/results-gxxx-2022-03-10T11:32:00.384/test-report.gxxx-test-catalog.xml</uri>
  </test-result>
  <test-result name="G012-O3-negative/test-129" result="pass" n="8">
    <mean-parsetime>23.906249999999996</mean-parsetime>
    <min-parsetime>16.62</min-parsetime>
    <max-parsetime>33.79</max-parsetime>
    <range>17.169999999999998</range>
    <times>22.10 33.79 28.46 22.11 26.25 16.62 22.35 19.57</times>
    <uri>/tests/results-gxxx-2022-03-10T11:32:00.384/test-report.gxxx-test-catalog.xml</uri>
  </test-result>
  <test-result name="unicode-range/unicode-range" result="pass" n="3">
    <mean-parsetime>23.906666666666666</mean-parsetime>
    <min-parsetime>17.95</min-parsetime>
    <max-parsetime>27.85</max-parsetime>
    <range>9.900000000000002</range>
    <times>17.95 25.92 27.85</times>
    <uri>/tests/results-ixml-corr-2022-02-17T14:39:37.601/test-report.test-catalog.xml</uri>
  </test-result>
  <test-result name="vowels/vowels-nok1" result="pass" n="11">
    <mean-parsetime>23.937272727272724</mean-parsetime>
    <min-parsetime>16.45</min-parsetime>
    <max-parsetime>26.9</max-parsetime>
    <range>10.45</range>
    <times>24.47 22.28 26.77 26.90 26.40 16.45 26.15 22.82 22.13 23.57 25.37</times>
    <uri>/tests/results-test1-2022-03-08T20:33:07.559/test-report.test1.xml</uri>
  </test-result>
  <test-result name="G011-O3-negative/test-15" result="pass" n="8">
    <mean-parsetime>23.951249999999998</mean-parsetime>
    <min-parsetime>17.15</min-parsetime>
    <max-parsetime>42.42</max-parsetime>
    <range>25.270000000000003</range>
    <times>22.62 42.42 22.64 22.91 22.95 17.15 22.14 18.78</times>
    <uri>/tests/results-gxxx-2022-03-10T11:32:00.384/test-report.gxxx-test-catalog.xml</uri>
  </test-result>
  <test-result name="G012-O3-negative/test-019" result="pass" n="8">
    <mean-parsetime>23.98875</mean-parsetime>
    <min-parsetime>16.8</min-parsetime>
    <max-parsetime>33.58</max-parsetime>
    <range>16.779999999999998</range>
    <times>21.97 33.58 22.66 23.67 28.29 16.80 22.29 22.65</times>
    <uri>/tests/results-gxxx-2022-03-10T11:32:00.384/test-report.gxxx-test-catalog.xml</uri>
  </test-result>
  <test-result name="G012-O3-negative/test-124" result="pass" n="8">
    <mean-parsetime>24.0225</mean-parsetime>
    <min-parsetime>20.43</min-parsetime>
    <max-parsetime>30.61</max-parsetime>
    <range>10.18</range>
    <times>25.42 30.61 24.41 23.70 23.32 20.69 23.60 20.43</times>
    <uri>/tests/results-gxxx-2022-03-10T11:32:00.384/test-report.gxxx-test-catalog.xml</uri>
  </test-result>
  <test-result name="G012-O3-negative/test-046" result="pass" n="8">
    <mean-parsetime>24.02625</mean-parsetime>
    <min-parsetime>18.54</min-parsetime>
    <max-parsetime>29.83</max-parsetime>
    <range>11.29</range>
    <times>23.23 29.83 24.90 28.28 23.93 18.54 24.70 18.80</times>
    <uri>/tests/results-gxxx-2022-03-10T11:32:00.384/test-report.gxxx-test-catalog.xml</uri>
  </test-result>
  <test-result name="G012-O3-negative/test-015" result="pass" n="8">
    <mean-parsetime>24.04</mean-parsetime>
    <min-parsetime>16.56</min-parsetime>
    <max-parsetime>28.85</max-parsetime>
    <range>12.290000000000003</range>
    <times>22.83 28.85 23.06 24.43 22.82 16.56 28.24 25.53</times>
    <uri>/tests/results-gxxx-2022-03-10T11:32:00.384/test-report.gxxx-test-catalog.xml</uri>
  </test-result>
  <test-result name="tab/tab" result="pass" n="3">
    <mean-parsetime>24.05</mean-parsetime>
    <min-parsetime>16.97</min-parsetime>
    <max-parsetime>27.93</max-parsetime>
    <range>10.96</range>
    <times>16.97 27.93 27.25</times>
    <uri>/tests/results-ixml-corr-2022-02-17T14:39:37.601/test-report.test-catalog.xml</uri>
  </test-result>
  <test-result name="G012-O3-negative/test-146" result="pass" n="8">
    <mean-parsetime>24.05125</mean-parsetime>
    <min-parsetime>17.17</min-parsetime>
    <max-parsetime>32.99</max-parsetime>
    <range>15.82</range>
    <times>23.46 32.99 27.06 23.40 25.85 17.17 24.82 17.66</times>
    <uri>/tests/results-gxxx-2022-03-10T11:32:00.384/test-report.gxxx-test-catalog.xml</uri>
  </test-result>
  <test-result name="G012-O3-negative/test-125" result="pass" n="8">
    <mean-parsetime>24.055</mean-parsetime>
    <min-parsetime>16.82</min-parsetime>
    <max-parsetime>31.28</max-parsetime>
    <range>14.46</range>
    <times>26.38 31.28 23.11 22.19 22.09 16.82 28.57 22.00</times>
    <uri>/tests/results-gxxx-2022-03-10T11:32:00.384/test-report.gxxx-test-catalog.xml</uri>
  </test-result>
  <test-result name="G012-O3-negative/test-047" result="pass" n="8">
    <mean-parsetime>24.0675</mean-parsetime>
    <min-parsetime>17.86</min-parsetime>
    <max-parsetime>29.27</max-parsetime>
    <range>11.41</range>
    <times>24.38 29.27 26.43 23.78 26.04 17.86 26.07 18.71</times>
    <uri>/tests/results-gxxx-2022-03-10T11:32:00.384/test-report.gxxx-test-catalog.xml</uri>
  </test-result>
  <test-result name="non-productive-3/np-9" result="pass" n="15">
    <mean-parsetime>24.070666666666668</mean-parsetime>
    <min-parsetime>21.57</min-parsetime>
    <max-parsetime>36.07</max-parsetime>
    <range>14.5</range>
    <times>24.68 23.67 23.14 22.66 21.70 22.65 23.40 36.07 23.35 24.16 21.57 23.71 22.66 22.31 25.33</times>
    <uri>/tests/results-hygiene-2022-04-10T21:56:55.887/test-report.hygiene-tests.xml</uri>
  </test-result>
  <test-result name="vowels/vowels-nok6" result="pass" n="11">
    <mean-parsetime>24.114545454545453</mean-parsetime>
    <min-parsetime>16.87</min-parsetime>
    <max-parsetime>33.39</max-parsetime>
    <range>16.52</range>
    <times>22.37 21.54 25.00 26.04 28.71 16.87 26.21 22.01 22.59 20.53 33.39</times>
    <uri>/tests/results-test1-2022-03-08T20:33:07.559/test-report.test1.xml</uri>
  </test-result>
  <test-result name="G012-O3-negative/test-077" result="pass" n="8">
    <mean-parsetime>24.117500000000003</mean-parsetime>
    <min-parsetime>15.34</min-parsetime>
    <max-parsetime>31.71</max-parsetime>
    <range>16.37</range>
    <times>21.21 30.61 21.55 22.96 21.92 15.34 27.64 31.71</times>
    <uri>/tests/results-gxxx-2022-03-10T11:32:00.384/test-report.gxxx-test-catalog.xml</uri>
  </test-result>
  <test-result name="sample.grammar.04/g04.c02" result="pass fail" n="2">
    <mean-parsetime>24.165</mean-parsetime>
    <min-parsetime>19.4</min-parsetime>
    <max-parsetime>28.93</max-parsetime>
    <range>9.530000000000001</range>
    <times>28.93 19.40</times>
    <uri>/tests/results-wisp-A-2022-02-20T19:55:01.204/test-report.wisps-001-020-catalog.xml</uri>
  </test-result>
  <test-result name="unreachable-1/unr-2" result="pass" n="17">
    <mean-parsetime>24.17058823529411</mean-parsetime>
    <min-parsetime>22.43</min-parsetime>
    <max-parsetime>29.23</max-parsetime>
    <range>6.800000000000001</range>
    <times>22.98 22.43 26.52 22.81 22.45 22.58 23.82 23.99 29.23 28.55 23.69 23.77 23.26 25.71 23.90 22.63 22.58</times>
    <uri>/tests/results-hygiene-2022-03-12T19:29:18.086/test-report.hygiene-tests.xml</uri>
  </test-result>
  <test-result name="G012-O3-negative/test-043" result="pass" n="8">
    <mean-parsetime>24.1725</mean-parsetime>
    <min-parsetime>17.23</min-parsetime>
    <max-parsetime>30.77</max-parsetime>
    <range>13.54</range>
    <times>30.77 30.76 23.19 24.64 22.85 17.23 25.19 18.75</times>
    <uri>/tests/results-gxxx-2022-03-10T11:32:00.384/test-report.gxxx-test-catalog.xml</uri>
  </test-result>
  <test-result name="sample.grammar.09/g09c04" result="pass fail" n="3">
    <mean-parsetime>24.183333333333334</mean-parsetime>
    <min-parsetime>21.81</min-parsetime>
    <max-parsetime>26.49</max-parsetime>
    <range>4.68</range>
    <times>26.49 21.81 24.25</times>
    <uri>/tests/results-wisp-A-2022-02-20T19:55:01.204/test-report.wisps-001-020-catalog.xml</uri>
  </test-result>
  <test-result name="G011-O3-negative/test-07" result="pass" n="8">
    <mean-parsetime>24.196250000000003</mean-parsetime>
    <min-parsetime>16.07</min-parsetime>
    <max-parsetime>51.46</max-parsetime>
    <range>35.39</range>
    <times>21.02 51.46 21.35 21.99 22.14 16.39 23.15 16.07</times>
    <uri>/tests/results-gxxx-2022-03-10T11:32:00.384/test-report.gxxx-test-catalog.xml</uri>
  </test-result>
  <test-result name="G011-O3-negative/test-43" result="pass" n="8">
    <mean-parsetime>24.196250000000003</mean-parsetime>
    <min-parsetime>17.46</min-parsetime>
    <max-parsetime>33.74</max-parsetime>
    <range>16.28</range>
    <times>22.42 33.74 23.54 31.53 22.45 19.17 23.26 17.46</times>
    <uri>/tests/results-gxxx-2022-03-10T11:32:00.384/test-report.gxxx-test-catalog.xml</uri>
  </test-result>
  <test-result name="G012-O3-negative/test-084" result="pass" n="8">
    <mean-parsetime>24.22625</mean-parsetime>
    <min-parsetime>16.26</min-parsetime>
    <max-parsetime>45.14</max-parsetime>
    <range>28.88</range>
    <times>21.90 45.14 21.94 21.78 22.61 16.26 25.15 19.03</times>
    <uri>/tests/results-gxxx-2022-03-10T11:32:00.384/test-report.gxxx-test-catalog.xml</uri>
  </test-result>
  <test-result name="G022-O3-negative/G022-neg-002" result="pass" n="8">
    <mean-parsetime>24.228750000000005</mean-parsetime>
    <min-parsetime>16.27</min-parsetime>
    <max-parsetime>29.94</max-parsetime>
    <range>13.670000000000002</range>
    <times>24.55 29.94 24.46 25.07 26.13 16.27 27.24 20.17</times>
    <uri>/tests/results-gxxx-2022-03-10T11:32:00.384/test-report.gxxx-test-catalog.xml</uri>
  </test-result>
  <test-result name="G012-O3-negative/test-127" result="pass" n="8">
    <mean-parsetime>24.25</mean-parsetime>
    <min-parsetime>16.43</min-parsetime>
    <max-parsetime>30.95</max-parsetime>
    <range>14.52</range>
    <times>23.96 30.95 25.03 22.35 26.69 16.43 27.20 21.39</times>
    <uri>/tests/results-gxxx-2022-03-10T11:32:00.384/test-report.gxxx-test-catalog.xml</uri>
  </test-result>
  <test-result name="G012-O3-negative/test-105" result="pass" n="8">
    <mean-parsetime>24.2575</mean-parsetime>
    <min-parsetime>15.93</min-parsetime>
    <max-parsetime>27.13</max-parsetime>
    <range>11.2</range>
    <times>26.72 26.95 27.13 26.46 24.64 15.93 23.87 22.36</times>
    <uri>/tests/results-gxxx-2022-03-10T11:32:00.384/test-report.gxxx-test-catalog.xml</uri>
  </test-result>
  <test-result name="G012-O3-negative/test-050" result="pass" n="8">
    <mean-parsetime>24.26875</mean-parsetime>
    <min-parsetime>17.62</min-parsetime>
    <max-parsetime>29.24</max-parsetime>
    <range>11.619999999999997</range>
    <times>24.60 29.24 26.87 23.64 27.30 17.62 24.13 20.75</times>
    <uri>/tests/results-gxxx-2022-03-10T11:32:00.384/test-report.gxxx-test-catalog.xml</uri>
  </test-result>
  <test-result name="z01/a" result="pass" n="8">
    <mean-parsetime>24.272499999999997</mean-parsetime>
    <min-parsetime>22.33</min-parsetime>
    <max-parsetime>26.86</max-parsetime>
    <range>4.530000000000001</range>
    <times>26.38 26.86 23.21 22.33 26.56 23.68 22.39 22.77</times>
    <uri>/tests/results-zeroes-2022-04-10T21:56:13.413/test-report.zeroes-tests.xml</uri>
  </test-result>
  <test-result name="zeroes-2021-09-14/t-1x1" result="pass" n="8">
    <mean-parsetime>24.287499999999998</mean-parsetime>
    <min-parsetime>17.97</min-parsetime>
    <max-parsetime>34.71</max-parsetime>
    <range>16.740000000000002</range>
    <times>24.66 34.71 24.82 21.78 17.97 21.33 23.22 25.81</times>
    <uri>/tests/results-zeroes-2022-04-10T21:56:13.413/test-report.zeroes-tests.xml</uri>
  </test-result>
  <test-result name="G011-O3-negative/test-40" result="pass" n="8">
    <mean-parsetime>24.301250000000003</mean-parsetime>
    <min-parsetime>16.37</min-parsetime>
    <max-parsetime>44.78</max-parsetime>
    <range>28.41</range>
    <times>23.72 44.78 24.04 22.08 22.50 16.37 22.75 18.17</times>
    <uri>/tests/results-gxxx-2022-03-10T11:32:00.384/test-report.gxxx-test-catalog.xml</uri>
  </test-result>
  <test-result name="G011-O3-negative/test-22" result="pass" n="8">
    <mean-parsetime>24.33</mean-parsetime>
    <min-parsetime>18.17</min-parsetime>
    <max-parsetime>35.52</max-parsetime>
    <range>17.35</range>
    <times>22.73 35.52 24.15 24.00 22.93 23.42 23.72 18.17</times>
    <uri>/tests/results-gxxx-2022-03-10T11:32:00.384/test-report.gxxx-test-catalog.xml</uri>
  </test-result>
  <test-result name="zeroes-rrec/t-2x0" result="pass" n="8">
    <mean-parsetime>24.33875</mean-parsetime>
    <min-parsetime>19.5</min-parsetime>
    <max-parsetime>29.78</max-parsetime>
    <range>10.280000000000001</range>
    <times>27.84 29.78 25.01 23.21 19.50 24.07 23.09 22.21</times>
    <uri>/tests/results-zeroes-2022-04-10T21:56:13.413/test-report.zeroes-tests.xml</uri>
  </test-result>
  <test-result name="G012-O3-negative/test-016" result="pass" n="8">
    <mean-parsetime>24.345000000000002</mean-parsetime>
    <min-parsetime>16.55</min-parsetime>
    <max-parsetime>34.09</max-parsetime>
    <range>17.540000000000003</range>
    <times>22.83 34.09 24.96 25.75 21.92 16.55 31.72 16.94</times>
    <uri>/tests/results-gxxx-2022-03-10T11:32:00.384/test-report.gxxx-test-catalog.xml</uri>
  </test-result>
  <test-result name="G011-O3-negative/test-47" result="pass" n="8">
    <mean-parsetime>24.348750000000003</mean-parsetime>
    <min-parsetime>19.31</min-parsetime>
    <max-parsetime>31.82</max-parsetime>
    <range>12.510000000000002</range>
    <times>24.97 31.82 24.11 25.89 24.36 21.12 23.21 19.31</times>
    <uri>/tests/results-gxxx-2022-03-10T11:32:00.384/test-report.gxxx-test-catalog.xml</uri>
  </test-result>
  <test-result name="G011-O3-negative/test-46" result="pass" n="8">
    <mean-parsetime>24.368750000000002</mean-parsetime>
    <min-parsetime>17.69</min-parsetime>
    <max-parsetime>38.22</max-parsetime>
    <range>20.529999999999998</range>
    <times>22.87 38.22 23.59 24.72 25.65 17.69 23.94 18.27</times>
    <uri>/tests/results-gxxx-2022-03-10T11:32:00.384/test-report.gxxx-test-catalog.xml</uri>
  </test-result>
  <test-result name="G012-positive/G012-pos-002" result="pass" n="8">
    <mean-parsetime>24.372500000000002</mean-parsetime>
    <min-parsetime>18.05</min-parsetime>
    <max-parsetime>42.36</max-parsetime>
    <range>24.31</range>
    <times>22.91 42.36 23.11 23.71 22.63 18.53 23.68 18.05</times>
    <uri>/tests/results-gxxx-2022-03-10T11:32:00.384/test-report.gxxx-test-catalog.xml</uri>
  </test-result>
  <test-result name="G011-O3-negative/test-42" result="pass" n="8">
    <mean-parsetime>24.39375</mean-parsetime>
    <min-parsetime>16.73</min-parsetime>
    <max-parsetime>31.2</max-parsetime>
    <range>14.469999999999999</range>
    <times>22.40 31.20 24.03 25.03 24.40 16.73 22.71 28.65</times>
    <uri>/tests/results-gxxx-2022-03-10T11:32:00.384/test-report.gxxx-test-catalog.xml</uri>
  </test-result>
  <test-result name="G012-O3-negative/test-086" result="pass" n="8">
    <mean-parsetime>24.39625</mean-parsetime>
    <min-parsetime>16.26</min-parsetime>
    <max-parsetime>43.18</max-parsetime>
    <range>26.919999999999998</range>
    <times>21.36 43.18 22.79 27.18 23.46 16.26 22.42 18.52</times>
    <uri>/tests/results-gxxx-2022-03-10T11:32:00.384/test-report.gxxx-test-catalog.xml</uri>
  </test-result>
  <test-result name="vowels/vowels-ok5" result="pass" n="11">
    <mean-parsetime>24.39727272727273</mean-parsetime>
    <min-parsetime>17.94</min-parsetime>
    <max-parsetime>30.27</max-parsetime>
    <range>12.329999999999998</range>
    <times>29.87 22.50 22.77 30.27 26.58 17.94 27.04 23.34 21.99 21.85 24.22</times>
    <uri>/tests/results-test1-2022-03-08T20:33:07.559/test-report.test1.xml</uri>
  </test-result>
  <test-result name="zeroes-rrec-hidden/t-1x0" result="pass" n="8">
    <mean-parsetime>24.431250000000002</mean-parsetime>
    <min-parsetime>18.77</min-parsetime>
    <max-parsetime>32.1</max-parsetime>
    <range>13.330000000000002</range>
    <times>26.55 32.10 27.23 24.22 18.77 22.65 21.91 22.02</times>
    <uri>/tests/results-zeroes-2022-04-10T21:56:13.413/test-report.zeroes-tests.xml</uri>
  </test-result>
  <test-result name="G012-O3-negative/test-054" result="pass" n="8">
    <mean-parsetime>24.445</mean-parsetime>
    <min-parsetime>17.93</min-parsetime>
    <max-parsetime>33.75</max-parsetime>
    <range>15.82</range>
    <times>23.92 33.75 23.35 24.07 26.09 17.93 24.62 21.83</times>
    <uri>/tests/results-gxxx-2022-03-10T11:32:00.384/test-report.gxxx-test-catalog.xml</uri>
  </test-result>
  <test-result name="G012-O3-negative/test-111" result="pass" n="8">
    <mean-parsetime>24.45375</mean-parsetime>
    <min-parsetime>16.48</min-parsetime>
    <max-parsetime>31.25</max-parsetime>
    <range>14.77</range>
    <times>24.99 29.70 24.67 31.25 23.17 16.48 24.49 20.88</times>
    <uri>/tests/results-gxxx-2022-03-10T11:32:00.384/test-report.gxxx-test-catalog.xml</uri>
  </test-result>
  <test-result name="G012-O3-negative/test-131" result="pass" n="8">
    <mean-parsetime>24.455</mean-parsetime>
    <min-parsetime>16.14</min-parsetime>
    <max-parsetime>32.6</max-parsetime>
    <range>16.46</range>
    <times>24.45 32.60 27.88 24.08 24.34 16.14 26.54 19.61</times>
    <uri>/tests/results-gxxx-2022-03-10T11:32:00.384/test-report.gxxx-test-catalog.xml</uri>
  </test-result>
  <test-result name="ambig7/ambig6" result="pass" n="3">
    <mean-parsetime>24.476666666666663</mean-parsetime>
    <min-parsetime>16.21</min-parsetime>
    <max-parsetime>31.74</max-parsetime>
    <range>15.529999999999998</range>
    <times>25.48 16.21 31.74</times>
    <uri>/tests/results-ixml-all-2022-03-09T06:12:44.309/test-report.test-catalog.xml</uri>
  </test-result>
  <test-result name="G012-O3-negative/test-141" result="pass" n="8">
    <mean-parsetime>24.477500000000006</mean-parsetime>
    <min-parsetime>17.67</min-parsetime>
    <max-parsetime>37.99</max-parsetime>
    <range>20.32</range>
    <times>23.47 37.99 24.80 23.98 22.36 17.67 24.59 20.96</times>
    <uri>/tests/results-gxxx-2022-03-10T11:32:00.384/test-report.gxxx-test-catalog.xml</uri>
  </test-result>
  <test-result name="sample.grammar.03/g03.c02" result="pass fail" n="2">
    <mean-parsetime>24.485</mean-parsetime>
    <min-parsetime>19.35</min-parsetime>
    <max-parsetime>29.62</max-parsetime>
    <range>10.27</range>
    <times>19.35 29.62</times>
    <uri>/tests/results-wisp-A-2022-02-20T19:55:01.204/test-report.wisps-001-020-catalog.xml</uri>
  </test-result>
  <test-result name="G010-O3-negative-internal/S0-bis" result="pass" n="8">
    <mean-parsetime>24.514999999999997</mean-parsetime>
    <min-parsetime>15.5</min-parsetime>
    <max-parsetime>45.58</max-parsetime>
    <range>30.08</range>
    <times>20.53 45.58 26.13 24.86 21.54 15.50 26.08 15.90</times>
    <uri>/tests/results-gxxx-2022-03-10T11:32:00.384/test-report.gxxx-test-catalog.xml</uri>
  </test-result>
  <test-result name="G011-O3-negative/test-02" result="pass" n="8">
    <mean-parsetime>24.52</mean-parsetime>
    <min-parsetime>16.72</min-parsetime>
    <max-parsetime>54.12</max-parsetime>
    <range>37.4</range>
    <times>20.70 54.12 21.78 21.17 21.96 16.72 22.59 17.12</times>
    <uri>/tests/results-gxxx-2022-03-10T11:32:00.384/test-report.gxxx-test-catalog.xml</uri>
  </test-result>
  <test-result name="zeroes-rrec-hidden/t-1x1" result="pass" n="8">
    <mean-parsetime>24.520000000000003</mean-parsetime>
    <min-parsetime>18.36</min-parsetime>
    <max-parsetime>38.48</max-parsetime>
    <range>20.119999999999997</range>
    <times>25.33 27.96 38.48 21.19 18.36 21.99 22.05 20.80</times>
    <uri>/tests/results-zeroes-2022-04-10T21:56:13.413/test-report.zeroes-tests.xml</uri>
  </test-result>
  <test-result name="vowels/vowels-nok3" result="pass" n="11">
    <mean-parsetime>24.521818181818183</mean-parsetime>
    <min-parsetime>16</min-parsetime>
    <max-parsetime>35.64</max-parsetime>
    <range>19.64</range>
    <times>22.67 21.48 27.18 28.92 24.99 16.00 26.19 21.25 23.54 21.88 35.64</times>
    <uri>/tests/results-test1-2022-03-08T20:33:07.559/test-report.test1.xml</uri>
  </test-result>
  <test-result name="G112-O3-negative/G112-O3-neg-003" result="pass" n="8">
    <mean-parsetime>24.527500000000003</mean-parsetime>
    <min-parsetime>18.83</min-parsetime>
    <max-parsetime>30.85</max-parsetime>
    <range>12.020000000000003</range>
    <times>25.94 30.85 23.85 25.53 25.78 18.83 26.57 18.87</times>
    <uri>/tests/results-gxxx-2022-03-10T11:32:00.384/test-report.gxxx-test-catalog.xml</uri>
  </test-result>
  <test-result name="G012-O3-negative/test-116" result="pass" n="8">
    <mean-parsetime>24.545</mean-parsetime>
    <min-parsetime>16.18</min-parsetime>
    <max-parsetime>34.12</max-parsetime>
    <range>17.939999999999998</range>
    <times>23.65 34.12 26.00 25.32 27.39 16.18 23.60 20.10</times>
    <uri>/tests/results-gxxx-2022-03-10T11:32:00.384/test-report.gxxx-test-catalog.xml</uri>
  </test-result>
  <test-result name="G011-O3-negative/test-24" result="pass" n="8">
    <mean-parsetime>24.561249999999998</mean-parsetime>
    <min-parsetime>17.26</min-parsetime>
    <max-parsetime>32.98</max-parsetime>
    <range>15.719999999999995</range>
    <times>31.63 32.98 24.91 23.98 23.39 17.26 24.00 18.34</times>
    <uri>/tests/results-gxxx-2022-03-10T11:32:00.384/test-report.gxxx-test-catalog.xml</uri>
  </test-result>
  <test-result name="G011-O3-negative/test-41" result="pass" n="8">
    <mean-parsetime>24.5625</mean-parsetime>
    <min-parsetime>16.7</min-parsetime>
    <max-parsetime>33.03</max-parsetime>
    <range>16.330000000000002</range>
    <times>23.32 33.03 25.11 22.89 23.77 16.70 22.71 28.97</times>
    <uri>/tests/results-gxxx-2022-03-10T11:32:00.384/test-report.gxxx-test-catalog.xml</uri>
  </test-result>
  <test-result name="G012-O3-negative/test-145" result="pass" n="8">
    <mean-parsetime>24.572499999999998</mean-parsetime>
    <min-parsetime>16.73</min-parsetime>
    <max-parsetime>31.71</max-parsetime>
    <range>14.98</range>
    <times>24.96 31.71 22.57 28.28 27.90 16.73 23.01 21.42</times>
    <uri>/tests/results-gxxx-2022-03-10T11:32:00.384/test-report.gxxx-test-catalog.xml</uri>
  </test-result>
  <test-result name="G022-O3-negative/G022-neg-011" result="pass" n="8">
    <mean-parsetime>24.60625</mean-parsetime>
    <min-parsetime>16.91</min-parsetime>
    <max-parsetime>31.61</max-parsetime>
    <range>14.7</range>
    <times>25.86 31.61 25.52 25.05 26.68 16.91 24.91 20.31</times>
    <uri>/tests/results-gxxx-2022-03-10T11:32:00.384/test-report.gxxx-test-catalog.xml</uri>
  </test-result>
  <test-result name="zeroes-ebnf/t-1x0" result="pass" n="8">
    <mean-parsetime>24.613750000000003</mean-parsetime>
    <min-parsetime>18.54</min-parsetime>
    <max-parsetime>30.54</max-parsetime>
    <range>12</range>
    <times>26.04 30.54 30.07 23.70 18.54 24.13 22.49 21.40</times>
    <uri>/tests/results-zeroes-2022-04-10T21:56:13.413/test-report.zeroes-tests.xml</uri>
  </test-result>
  <test-result name="G012-O3-negative/test-070" result="pass" n="8">
    <mean-parsetime>24.613750000000003</mean-parsetime>
    <min-parsetime>18.71</min-parsetime>
    <max-parsetime>31.09</max-parsetime>
    <range>12.379999999999999</range>
    <times>23.86 31.09 27.11 25.21 25.40 18.71 24.66 20.87</times>
    <uri>/tests/results-gxxx-2022-03-10T11:32:00.384/test-report.gxxx-test-catalog.xml</uri>
  </test-result>
  <test-result name="G022-O3-negative/G022-neg-047" result="pass" n="8">
    <mean-parsetime>24.615000000000002</mean-parsetime>
    <min-parsetime>17.61</min-parsetime>
    <max-parsetime>32.29</max-parsetime>
    <range>14.68</range>
    <times>24.82 32.29 25.05 26.18 24.83 17.61 25.29 20.85</times>
    <uri>/tests/results-gxxx-2022-03-10T11:32:00.384/test-report.gxxx-test-catalog.xml</uri>
  </test-result>
  <test-result name="G012-O3-negative/test-055" result="pass" n="8">
    <mean-parsetime>24.6175</mean-parsetime>
    <min-parsetime>18.16</min-parsetime>
    <max-parsetime>34.62</max-parsetime>
    <range>16.459999999999997</range>
    <times>23.08 34.62 23.36 25.97 24.55 18.16 24.62 22.58</times>
    <uri>/tests/results-gxxx-2022-03-10T11:32:00.384/test-report.gxxx-test-catalog.xml</uri>
  </test-result>
  <test-result name="G101-negative/G101-O3-neg-009" result="pass" n="8">
    <mean-parsetime>24.6425</mean-parsetime>
    <min-parsetime>17.27</min-parsetime>
    <max-parsetime>31.22</max-parsetime>
    <range>13.95</range>
    <times>25.94 31.22 24.84 26.54 25.70 17.27 25.34 20.29</times>
    <uri>/tests/results-gxxx-2022-03-10T11:32:00.384/test-report.gxxx-test-catalog.xml</uri>
  </test-result>
  <test-result name="G012-O3-negative/test-038" result="pass" n="8">
    <mean-parsetime>24.672500000000003</mean-parsetime>
    <min-parsetime>16.9</min-parsetime>
    <max-parsetime>36.9</max-parsetime>
    <range>20</range>
    <times>23.63 36.90 22.96 25.08 23.16 16.90 27.24 21.51</times>
    <uri>/tests/results-gxxx-2022-03-10T11:32:00.384/test-report.gxxx-test-catalog.xml</uri>
  </test-result>
  <test-result name="zeroes-2020-10-22/t-1x1" result="pass" n="8">
    <mean-parsetime>24.677500000000002</mean-parsetime>
    <min-parsetime>17.83</min-parsetime>
    <max-parsetime>32.59</max-parsetime>
    <range>14.760000000000005</range>
    <times>29.44 27.89 23.80 32.59 17.83 21.41 21.04 23.42</times>
    <uri>/tests/results-zeroes-2022-04-10T21:56:13.413/test-report.zeroes-tests.xml</uri>
  </test-result>
  <test-result name="G012-O3-negative/test-053" result="pass" n="8">
    <mean-parsetime>24.677500000000002</mean-parsetime>
    <min-parsetime>19.65</min-parsetime>
    <max-parsetime>30.4</max-parsetime>
    <range>10.75</range>
    <times>25.46 30.40 24.25 25.70 25.04 19.65 24.71 22.21</times>
    <uri>/tests/results-gxxx-2022-03-10T11:32:00.384/test-report.gxxx-test-catalog.xml</uri>
  </test-result>
  <test-result name="G012-O3-negative/test-133" result="pass" n="8">
    <mean-parsetime>24.68</mean-parsetime>
    <min-parsetime>16.79</min-parsetime>
    <max-parsetime>34.36</max-parsetime>
    <range>17.57</range>
    <times>27.04 34.36 24.88 24.77 24.91 16.79 24.13 20.56</times>
    <uri>/tests/results-gxxx-2022-03-10T11:32:00.384/test-report.gxxx-test-catalog.xml</uri>
  </test-result>
  <test-result name="G012-O3-negative/test-035" result="pass" n="8">
    <mean-parsetime>24.70875</mean-parsetime>
    <min-parsetime>16.93</min-parsetime>
    <max-parsetime>33.64</max-parsetime>
    <range>16.71</range>
    <times>25.42 33.64 26.10 29.55 23.18 16.93 22.88 19.97</times>
    <uri>/tests/results-gxxx-2022-03-10T11:32:00.384/test-report.gxxx-test-catalog.xml</uri>
  </test-result>
  <test-result name="unreachable-2/unr-5" result="pass" n="16">
    <mean-parsetime>24.725625</mean-parsetime>
    <min-parsetime>21.94</min-parsetime>
    <max-parsetime>33.11</max-parsetime>
    <range>11.169999999999998</range>
    <times>21.94 24.88 33.11 25.45 24.16 22.42 24.02 22.96 26.47 22.78 23.06 22.18 23.84 23.02 22.79 32.53</times>
    <uri>/tests/results-hygiene-2022-03-12T19:38:28.439/test-report.hygiene-tests.xml</uri>
  </test-result>
  <test-result name="ambiguity-1/vowels-ok4" result="fail" n="4">
    <mean-parsetime>24.745</mean-parsetime>
    <min-parsetime>16.08</min-parsetime>
    <max-parsetime>31.58</max-parsetime>
    <range>15.5</range>
    <times>22.23 31.58 16.08 29.09</times>
    <uri>/tests/results-test2-2022-03-08T20:33:29.266/test-report.test2.xml</uri>
  </test-result>
  <test-result name="zeroes-2020-10-22/t-1x0" result="pass" n="8">
    <mean-parsetime>24.76125</mean-parsetime>
    <min-parsetime>18.33</min-parsetime>
    <max-parsetime>30.76</max-parsetime>
    <range>12.430000000000003</range>
    <times>28.97 30.76 23.80 25.10 18.33 23.07 24.94 23.12</times>
    <uri>/tests/results-zeroes-2022-04-10T21:56:13.413/test-report.zeroes-tests.xml</uri>
  </test-result>
  <test-result name="G011-O3-negative/test-05" result="pass" n="8">
    <mean-parsetime>24.775</mean-parsetime>
    <min-parsetime>16.07</min-parsetime>
    <max-parsetime>55.26</max-parsetime>
    <range>39.19</range>
    <times>21.94 55.26 21.22 22.06 21.23 16.44 23.98 16.07</times>
    <uri>/tests/results-gxxx-2022-03-10T11:32:00.384/test-report.gxxx-test-catalog.xml</uri>
  </test-result>
  <test-result name="G010-O3-negative-external/S0-x4" result="pass" n="8">
    <mean-parsetime>24.786250000000003</mean-parsetime>
    <min-parsetime>15.29</min-parsetime>
    <max-parsetime>56.85</max-parsetime>
    <range>41.56</range>
    <times>20.44 56.85 22.10 21.74 21.16 15.29 24.97 15.74</times>
    <uri>/tests/results-gxxx-2022-03-10T11:32:00.384/test-report.gxxx-test-catalog.xml</uri>
  </test-result>
  <test-result name="G012-O3-negative/test-159" result="pass" n="8">
    <mean-parsetime>24.802499999999995</mean-parsetime>
    <min-parsetime>17.03</min-parsetime>
    <max-parsetime>33.97</max-parsetime>
    <range>16.939999999999998</range>
    <times>26.36 33.97 28.20 24.27 26.37 17.03 22.83 19.39</times>
    <uri>/tests/results-gxxx-2022-03-10T11:32:00.384/test-report.gxxx-test-catalog.xml</uri>
  </test-result>
  <test-result name="G012-O3-negative/test-067" result="pass" n="8">
    <mean-parsetime>24.802500000000002</mean-parsetime>
    <min-parsetime>19.71</min-parsetime>
    <max-parsetime>30.1</max-parsetime>
    <range>10.39</range>
    <times>23.89 30.10 24.63 24.06 27.48 19.71 27.65 20.90</times>
    <uri>/tests/results-gxxx-2022-03-10T11:32:00.384/test-report.gxxx-test-catalog.xml</uri>
  </test-result>
  <test-result name="G012-O3-negative/test-104" result="pass" n="8">
    <mean-parsetime>24.802500000000002</mean-parsetime>
    <min-parsetime>21.17</min-parsetime>
    <max-parsetime>30.5</max-parsetime>
    <range>9.329999999999998</range>
    <times>23.79 30.50 25.15 24.37 24.14 26.60 22.70 21.17</times>
    <uri>/tests/results-gxxx-2022-03-10T11:32:00.384/test-report.gxxx-test-catalog.xml</uri>
  </test-result>
  <test-result name="G012-O3-negative/test-135" result="pass" n="8">
    <mean-parsetime>24.810000000000002</mean-parsetime>
    <min-parsetime>16.8</min-parsetime>
    <max-parsetime>33.84</max-parsetime>
    <range>17.040000000000003</range>
    <times>25.86 32.64 22.69 22.45 33.84 16.80 25.00 19.20</times>
    <uri>/tests/results-gxxx-2022-03-10T11:32:00.384/test-report.gxxx-test-catalog.xml</uri>
  </test-result>
  <test-result name="non-productive-1/np-3" result="pass" n="17">
    <mean-parsetime>24.822352941176465</mean-parsetime>
    <min-parsetime>21.97</min-parsetime>
    <max-parsetime>28.3</max-parsetime>
    <range>6.330000000000002</range>
    <times>23.67 23.23 28.30 24.10 22.88 26.04 21.97 27.39 26.01 27.26 27.32 24.34 22.59 23.19 24.76 25.85 23.08</times>
    <uri>/tests/results-hygiene-2022-03-12T19:29:18.086/test-report.hygiene-tests.xml</uri>
  </test-result>
  <test-result name="G012-O3-negative/test-075" result="pass" n="8">
    <mean-parsetime>24.832499999999996</mean-parsetime>
    <min-parsetime>18.14</min-parsetime>
    <max-parsetime>31.08</max-parsetime>
    <range>12.939999999999998</range>
    <times>24.22 31.08 25.93 25.14 24.28 18.14 25.65 24.22</times>
    <uri>/tests/results-gxxx-2022-03-10T11:32:00.384/test-report.gxxx-test-catalog.xml</uri>
  </test-result>
  <test-result name="G012-O3-negative/test-160" result="pass" n="8">
    <mean-parsetime>24.8325</mean-parsetime>
    <min-parsetime>16.73</min-parsetime>
    <max-parsetime>32.55</max-parsetime>
    <range>15.819999999999997</range>
    <times>26.30 32.46 23.56 23.50 32.55 16.73 24.06 19.50</times>
    <uri>/tests/results-gxxx-2022-03-10T11:32:00.384/test-report.gxxx-test-catalog.xml</uri>
  </test-result>
  <test-result name="G012-O3-negative/test-128" result="pass" n="8">
    <mean-parsetime>24.8725</mean-parsetime>
    <min-parsetime>16.11</min-parsetime>
    <max-parsetime>38.82</max-parsetime>
    <range>22.71</range>
    <times>24.10 38.82 25.76 22.66 22.05 16.11 23.57 25.91</times>
    <uri>/tests/results-gxxx-2022-03-10T11:32:00.384/test-report.gxxx-test-catalog.xml</uri>
  </test-result>
  <test-result name="G010-O3-negative-internal/S0" result="pass" n="8">
    <mean-parsetime>24.882499999999997</mean-parsetime>
    <min-parsetime>15.45</min-parsetime>
    <max-parsetime>54.16</max-parsetime>
    <range>38.709999999999994</range>
    <times>22.92 54.16 20.68 21.05 20.62 15.45 28.68 15.50</times>
    <uri>/tests/results-gxxx-2022-03-10T11:32:00.384/test-report.gxxx-test-catalog.xml</uri>
  </test-result>
  <test-result name="G101-negative/G101-O3-neg-008" result="pass" n="8">
    <mean-parsetime>24.882500000000004</mean-parsetime>
    <min-parsetime>17.99</min-parsetime>
    <max-parsetime>30.68</max-parsetime>
    <range>12.690000000000001</range>
    <times>25.98 30.68 24.68 26.24 26.41 17.99 26.09 20.99</times>
    <uri>/tests/results-gxxx-2022-03-10T11:32:00.384/test-report.gxxx-test-catalog.xml</uri>
  </test-result>
  <test-result name="G012-O3-negative/test-147" result="pass" n="8">
    <mean-parsetime>24.884999999999998</mean-parsetime>
    <min-parsetime>16.69</min-parsetime>
    <max-parsetime>34.47</max-parsetime>
    <range>17.779999999999998</range>
    <times>25.42 31.61 23.29 23.46 34.47 16.69 24.88 19.26</times>
    <uri>/tests/results-gxxx-2022-03-10T11:32:00.384/test-report.gxxx-test-catalog.xml</uri>
  </test-result>
  <test-result name="zeroes-2021-09-14/t-1x0" result="pass" n="8">
    <mean-parsetime>24.89375</mean-parsetime>
    <min-parsetime>17.88</min-parsetime>
    <max-parsetime>39.03</max-parsetime>
    <range>21.150000000000002</range>
    <times>26.43 39.03 24.20 22.74 17.88 22.63 23.65 22.59</times>
    <uri>/tests/results-zeroes-2022-04-10T21:56:13.413/test-report.zeroes-tests.xml</uri>
  </test-result>
  <test-result name="G011-O3-negative/test-30" result="pass" n="8">
    <mean-parsetime>24.911250000000003</mean-parsetime>
    <min-parsetime>15.65</min-parsetime>
    <max-parsetime>47.26</max-parsetime>
    <range>31.61</range>
    <times>20.97 33.22 21.24 47.26 21.93 15.65 22.80 16.22</times>
    <uri>/tests/results-gxxx-2022-03-10T11:32:00.384/test-report.gxxx-test-catalog.xml</uri>
  </test-result>
  <test-result name="G101-negative/G101-O3-neg-005" result="pass" n="8">
    <mean-parsetime>24.917500000000004</mean-parsetime>
    <min-parsetime>16.66</min-parsetime>
    <max-parsetime>30.99</max-parsetime>
    <range>14.329999999999998</range>
    <times>27.11 30.99 28.45 25.84 25.44 16.66 25.52 19.33</times>
    <uri>/tests/results-gxxx-2022-03-10T11:32:00.384/test-report.gxxx-test-catalog.xml</uri>
  </test-result>
  <test-result name="G011-O3-negative/test-19" result="pass" n="8">
    <mean-parsetime>24.9275</mean-parsetime>
    <min-parsetime>16.47</min-parsetime>
    <max-parsetime>46.14</max-parsetime>
    <range>29.67</range>
    <times>22.27 46.14 23.19 24.89 23.31 16.47 23.93 19.22</times>
    <uri>/tests/results-gxxx-2022-03-10T11:32:00.384/test-report.gxxx-test-catalog.xml</uri>
  </test-result>
  <test-result name="G012-O3-negative/test-140" result="pass" n="8">
    <mean-parsetime>24.936249999999998</mean-parsetime>
    <min-parsetime>16.64</min-parsetime>
    <max-parsetime>33.62</max-parsetime>
    <range>16.979999999999997</range>
    <times>27.67 33.62 25.96 24.35 25.89 16.64 24.32 21.04</times>
    <uri>/tests/results-gxxx-2022-03-10T11:32:00.384/test-report.gxxx-test-catalog.xml</uri>
  </test-result>
  <test-result name="G012-O3-negative/test-115" result="pass" n="8">
    <mean-parsetime>24.942500000000003</mean-parsetime>
    <min-parsetime>15.96</min-parsetime>
    <max-parsetime>31.16</max-parsetime>
    <range>15.2</range>
    <times>25.30 31.16 22.84 26.86 30.06 15.96 24.37 22.99</times>
    <uri>/tests/results-gxxx-2022-03-10T11:32:00.384/test-report.gxxx-test-catalog.xml</uri>
  </test-result>
  <test-result name="G012-O3-negative/test-134" result="pass" n="8">
    <mean-parsetime>24.95875</mean-parsetime>
    <min-parsetime>16.47</min-parsetime>
    <max-parsetime>38.81</max-parsetime>
    <range>22.340000000000003</range>
    <times>25.09 38.81 22.75 22.77 26.55 16.47 26.76 20.47</times>
    <uri>/tests/results-gxxx-2022-03-10T11:32:00.384/test-report.gxxx-test-catalog.xml</uri>
  </test-result>
  <test-result name="zeroes-gone-bad/t-1x0" result="pass" n="8">
    <mean-parsetime>24.971249999999998</mean-parsetime>
    <min-parsetime>20.84</min-parsetime>
    <max-parsetime>34.24</max-parsetime>
    <range>13.400000000000002</range>
    <times>28.47 34.24 24.21 23.00 20.84 22.64 22.73 23.64</times>
    <uri>/tests/results-zeroes-2022-04-10T21:56:13.413/test-report.zeroes-tests.xml</uri>
  </test-result>
  <test-result name="sample.grammar.12/g12.c03" result="pass" n="3">
    <mean-parsetime>24.993333333333336</mean-parsetime>
    <min-parsetime>19.7</min-parsetime>
    <max-parsetime>34.44</max-parsetime>
    <range>14.739999999999998</range>
    <times>34.44 20.84 19.70</times>
    <uri>/tests/results-wisp-A-2022-02-20T19:55:01.204/test-report.wisps-001-020-catalog.xml</uri>
  </test-result>
  <test-result name="G022-O3-negative/G022-neg-046" result="pass" n="8">
    <mean-parsetime>24.99375</mean-parsetime>
    <min-parsetime>17.25</min-parsetime>
    <max-parsetime>31.82</max-parsetime>
    <range>14.57</range>
    <times>25.87 31.82 25.24 25.29 27.47 17.25 26.73 20.28</times>
    <uri>/tests/results-gxxx-2022-03-10T11:32:00.384/test-report.gxxx-test-catalog.xml</uri>
  </test-result>
  <test-result name="ambig6/ambig6" result="pass" n="3">
    <mean-parsetime>25.006666666666664</mean-parsetime>
    <min-parsetime>16.47</min-parsetime>
    <max-parsetime>30.05</max-parsetime>
    <range>13.580000000000002</range>
    <times>28.50 16.47 30.05</times>
    <uri>/tests/results-ixml-all-2022-03-09T06:12:44.309/test-report.test-catalog.xml</uri>
  </test-result>
  <test-result name="G011-O3-negative/test-12" result="pass" n="8">
    <mean-parsetime>25.025000000000002</mean-parsetime>
    <min-parsetime>16.28</min-parsetime>
    <max-parsetime>41.95</max-parsetime>
    <range>25.67</range>
    <times>37.68 41.95 21.98 22.74 21.39 16.47 21.71 16.28</times>
    <uri>/tests/results-gxxx-2022-03-10T11:32:00.384/test-report.gxxx-test-catalog.xml</uri>
  </test-result>
  <test-result name="test/test" result="pass" n="3">
    <mean-parsetime>25.03333333333333</mean-parsetime>
    <min-parsetime>16.18</min-parsetime>
    <max-parsetime>31.87</max-parsetime>
    <range>15.690000000000001</range>
    <times>16.18 31.87 27.05</times>
    <uri>/tests/results-ixml-corr-2022-02-17T14:39:37.601/test-report.test-catalog.xml</uri>
  </test-result>
  <test-result name="G011-positive/test-01" result="pass" n="8">
    <mean-parsetime>25.04</mean-parsetime>
    <min-parsetime>15.89</min-parsetime>
    <max-parsetime>59.12</max-parsetime>
    <range>43.23</range>
    <times>22.16 59.12 21.69 21.63 21.36 15.91 22.56 15.89</times>
    <uri>/tests/results-gxxx-2022-03-10T11:32:00.384/test-report.gxxx-test-catalog.xml</uri>
  </test-result>
  <test-result name="G101-negative/G101-O3-neg-010" result="pass" n="8">
    <mean-parsetime>25.041249999999998</mean-parsetime>
    <min-parsetime>18.24</min-parsetime>
    <max-parsetime>31.08</max-parsetime>
    <range>12.84</range>
    <times>26.89 31.08 25.99 26.34 25.97 18.24 25.69 20.13</times>
    <uri>/tests/results-gxxx-2022-03-10T11:32:00.384/test-report.gxxx-test-catalog.xml</uri>
  </test-result>
  <test-result name="G101-negative/G101-O3-neg-004" result="pass" n="8">
    <mean-parsetime>25.044999999999998</mean-parsetime>
    <min-parsetime>16.53</min-parsetime>
    <max-parsetime>31.94</max-parsetime>
    <range>15.41</range>
    <times>25.78 31.94 28.56 25.28 26.48 16.53 26.34 19.45</times>
    <uri>/tests/results-gxxx-2022-03-10T11:32:00.384/test-report.gxxx-test-catalog.xml</uri>
  </test-result>
  <test-result name="G011-O3-negative/test-39" result="pass" n="8">
    <mean-parsetime>25.05375</mean-parsetime>
    <min-parsetime>16.53</min-parsetime>
    <max-parsetime>46.72</max-parsetime>
    <range>30.189999999999998</range>
    <times>22.03 46.72 29.51 22.41 22.11 17.96 23.16 16.53</times>
    <uri>/tests/results-gxxx-2022-03-10T11:32:00.384/test-report.gxxx-test-catalog.xml</uri>
  </test-result>
  <test-result name="G012-O3-negative/test-091" result="pass" n="8">
    <mean-parsetime>25.083750000000002</mean-parsetime>
    <min-parsetime>16.06</min-parsetime>
    <max-parsetime>40.33</max-parsetime>
    <range>24.27</range>
    <times>24.40 40.33 25.90 22.71 26.03 16.06 25.81 19.43</times>
    <uri>/tests/results-gxxx-2022-03-10T11:32:00.384/test-report.gxxx-test-catalog.xml</uri>
  </test-result>
  <test-result name="G012-O3-negative/test-130" result="pass" n="8">
    <mean-parsetime>25.103749999999998</mean-parsetime>
    <min-parsetime>16.11</min-parsetime>
    <max-parsetime>38.39</max-parsetime>
    <range>22.28</range>
    <times>25.74 38.39 24.62 25.37 24.85 16.11 26.19 19.56</times>
    <uri>/tests/results-gxxx-2022-03-10T11:32:00.384/test-report.gxxx-test-catalog.xml</uri>
  </test-result>
  <test-result name="G012-O3-negative/test-032" result="pass" n="8">
    <mean-parsetime>25.106250000000003</mean-parsetime>
    <min-parsetime>20.49</min-parsetime>
    <max-parsetime>31.58</max-parsetime>
    <range>11.09</range>
    <times>22.98 29.82 22.80 31.58 24.57 20.49 28.11 20.50</times>
    <uri>/tests/results-gxxx-2022-03-10T11:32:00.384/test-report.gxxx-test-catalog.xml</uri>
  </test-result>
  <test-result name="G012-O3-negative/test-066" result="pass" n="8">
    <mean-parsetime>25.110000000000003</mean-parsetime>
    <min-parsetime>18.64</min-parsetime>
    <max-parsetime>32.03</max-parsetime>
    <range>13.39</range>
    <times>24.06 32.03 24.53 24.32 30.96 18.64 24.43 21.91</times>
    <uri>/tests/results-gxxx-2022-03-10T11:32:00.384/test-report.gxxx-test-catalog.xml</uri>
  </test-result>
  <test-result name="G112-O3-negative/G112-O3-neg-025" result="pass" n="8">
    <mean-parsetime>25.116249999999997</mean-parsetime>
    <min-parsetime>18.64</min-parsetime>
    <max-parsetime>31.75</max-parsetime>
    <range>13.11</range>
    <times>25.53 31.75 25.82 25.88 27.65 18.64 25.00 20.66</times>
    <uri>/tests/results-gxxx-2022-03-10T11:32:00.384/test-report.gxxx-test-catalog.xml</uri>
  </test-result>
  <test-result name="attribute-value/attribute-value" result="pass" n="3">
    <mean-parsetime>25.136666666666667</mean-parsetime>
    <min-parsetime>18.5</min-parsetime>
    <max-parsetime>31.17</max-parsetime>
    <range>12.670000000000002</range>
    <times>18.50 25.74 31.17</times>
    <uri>/tests/results-ixml-corr-2022-02-17T14:39:37.601/test-report.test-catalog.xml</uri>
  </test-result>
  <test-result name="G102-O3-negative/G102-O3-neg-033" result="pass" n="8">
    <mean-parsetime>25.138749999999998</mean-parsetime>
    <min-parsetime>18.91</min-parsetime>
    <max-parsetime>34.36</max-parsetime>
    <range>15.45</range>
    <times>24.09 34.36 26.93 25.84 24.18 18.91 27.10 19.70</times>
    <uri>/tests/results-gxxx-2022-03-10T11:32:00.384/test-report.gxxx-test-catalog.xml</uri>
  </test-result>
  <test-result name="non-productive-2/np-4" result="pass" n="15">
    <mean-parsetime>25.14466666666666</mean-parsetime>
    <min-parsetime>21.69</min-parsetime>
    <max-parsetime>42.46</max-parsetime>
    <range>20.77</range>
    <times>25.53 22.75 25.24 23.51 21.69 25.21 22.21 27.70 23.28 22.32 24.71 23.46 24.08 23.02 42.46</times>
    <uri>/tests/results-hygiene-2022-04-10T21:56:55.887/test-report.hygiene-tests.xml</uri>
  </test-result>
  <test-result name="G012-O3-negative/test-139" result="pass" n="8">
    <mean-parsetime>25.155</mean-parsetime>
    <min-parsetime>16.86</min-parsetime>
    <max-parsetime>31.49</max-parsetime>
    <range>14.629999999999999</range>
    <times>25.56 31.38 31.49 27.78 25.35 16.86 22.94 19.88</times>
    <uri>/tests/results-gxxx-2022-03-10T11:32:00.384/test-report.gxxx-test-catalog.xml</uri>
  </test-result>
  <test-result name="G012-O3-negative/test-132" result="pass" n="8">
    <mean-parsetime>25.159999999999997</mean-parsetime>
    <min-parsetime>16.83</min-parsetime>
    <max-parsetime>32.11</max-parsetime>
    <range>15.280000000000001</range>
    <times>27.58 32.11 26.71 25.46 26.45 16.83 25.01 21.13</times>
    <uri>/tests/results-gxxx-2022-03-10T11:32:00.384/test-report.gxxx-test-catalog.xml</uri>
  </test-result>
  <test-result name="G022-O3-negative/G022-neg-052" result="pass" n="8">
    <mean-parsetime>25.1925</mean-parsetime>
    <min-parsetime>18.66</min-parsetime>
    <max-parsetime>30.81</max-parsetime>
    <range>12.149999999999999</range>
    <times>26.93 30.81 25.47 25.44 25.80 18.66 27.39 21.04</times>
    <uri>/tests/results-gxxx-2022-03-10T11:32:00.384/test-report.gxxx-test-catalog.xml</uri>
  </test-result>
  <test-result name="G012-O3-negative/test-056" result="pass" n="8">
    <mean-parsetime>25.2</mean-parsetime>
    <min-parsetime>18.2</min-parsetime>
    <max-parsetime>42.33</max-parsetime>
    <range>24.13</range>
    <times>23.67 42.33 23.33 23.94 23.23 18.20 25.66 21.24</times>
    <uri>/tests/results-gxxx-2022-03-10T11:32:00.384/test-report.gxxx-test-catalog.xml</uri>
  </test-result>
  <test-result name="G011-O3-negative/test-14" result="pass" n="8">
    <mean-parsetime>25.221249999999998</mean-parsetime>
    <min-parsetime>16.98</min-parsetime>
    <max-parsetime>49.99</max-parsetime>
    <range>33.010000000000005</range>
    <times>22.01 49.99 22.72 23.79 23.77 16.98 24.73 17.78</times>
    <uri>/tests/results-gxxx-2022-03-10T11:32:00.384/test-report.gxxx-test-catalog.xml</uri>
  </test-result>
  <test-result name="G022-O3-negative/G022-neg-005" result="pass" n="8">
    <mean-parsetime>25.240000000000002</mean-parsetime>
    <min-parsetime>18</min-parsetime>
    <max-parsetime>31.28</max-parsetime>
    <range>13.280000000000001</range>
    <times>26.47 31.28 25.13 25.59 25.79 18.00 27.92 21.74</times>
    <uri>/tests/results-gxxx-2022-03-10T11:32:00.384/test-report.gxxx-test-catalog.xml</uri>
  </test-result>
  <test-result name="G012-O3-negative/test-161" result="pass" n="8">
    <mean-parsetime>25.2425</mean-parsetime>
    <min-parsetime>17.49</min-parsetime>
    <max-parsetime>31.77</max-parsetime>
    <range>14.280000000000001</range>
    <times>26.69 31.77 22.71 25.23 27.78 17.49 31.14 19.13</times>
    <uri>/tests/results-gxxx-2022-03-10T11:32:00.384/test-report.gxxx-test-catalog.xml</uri>
  </test-result>
  <test-result name="G012-O3-negative/test-099" result="pass" n="8">
    <mean-parsetime>25.24625</mean-parsetime>
    <min-parsetime>17.07</min-parsetime>
    <max-parsetime>37.57</max-parsetime>
    <range>20.5</range>
    <times>37.57 28.99 24.08 23.76 22.59 17.07 29.82 18.09</times>
    <uri>/tests/results-gxxx-2022-03-10T11:32:00.384/test-report.gxxx-test-catalog.xml</uri>
  </test-result>
  <test-result name="G012-O3-negative/test-103" result="pass" n="8">
    <mean-parsetime>25.267500000000002</mean-parsetime>
    <min-parsetime>17.42</min-parsetime>
    <max-parsetime>39.93</max-parsetime>
    <range>22.509999999999998</range>
    <times>23.33 27.95 22.20 26.35 39.93 17.42 24.09 20.87</times>
    <uri>/tests/results-gxxx-2022-03-10T11:32:00.384/test-report.gxxx-test-catalog.xml</uri>
  </test-result>
  <test-result name="G012-O3-negative/test-163" result="pass" n="8">
    <mean-parsetime>25.28125</mean-parsetime>
    <min-parsetime>16.52</min-parsetime>
    <max-parsetime>31.72</max-parsetime>
    <range>15.2</range>
    <times>27.40 31.72 25.31 26.38 26.89 16.52 26.60 21.43</times>
    <uri>/tests/results-gxxx-2022-03-10T11:32:00.384/test-report.gxxx-test-catalog.xml</uri>
  </test-result>
  <test-result name="G102-O3-negative/G102-O3-neg-019" result="pass" n="8">
    <mean-parsetime>25.306250000000002</mean-parsetime>
    <min-parsetime>20.53</min-parsetime>
    <max-parsetime>33.55</max-parsetime>
    <range>13.019999999999996</range>
    <times>25.70 33.55 26.21 26.46 22.03 20.53 25.93 22.04</times>
    <uri>/tests/results-gxxx-2022-03-10T11:32:00.384/test-report.gxxx-test-catalog.xml</uri>
  </test-result>
  <test-result name="unreachable-2/unr-6" result="pass" n="16">
    <mean-parsetime>25.313125</mean-parsetime>
    <min-parsetime>20.96</min-parsetime>
    <max-parsetime>38.5</max-parsetime>
    <range>17.54</range>
    <times>21.10 24.57 38.50 22.34 22.87 21.27 22.41 31.19 29.60 24.44 24.01 20.96 22.02 26.26 22.44 31.03</times>
    <uri>/tests/results-hygiene-2022-03-12T19:38:28.439/test-report.hygiene-tests.xml</uri>
  </test-result>
  <test-result name="hex-also-not-a-character/hex-also-not-a-character" result="pass" n="1">
    <mean-parsetime>25.33</mean-parsetime>
    <min-parsetime>25.33</min-parsetime>
    <max-parsetime>25.33</max-parsetime>
    <range>0</range>
    <times>25.33</times>
    <uri>/tests/results-ixml-all-2022-04-10T21:57:35.886/test-report.test-catalog.xml</uri>
  </test-result>
  <test-result name="G022-O3-negative/G022-neg-003" result="pass" n="8">
    <mean-parsetime>25.335</mean-parsetime>
    <min-parsetime>19.8</min-parsetime>
    <max-parsetime>30.67</max-parsetime>
    <range>10.870000000000001</range>
    <times>27.92 30.67 25.68 24.77 25.90 19.80 27.24 20.70</times>
    <uri>/tests/results-gxxx-2022-03-10T11:32:00.384/test-report.gxxx-test-catalog.xml</uri>
  </test-result>
  <test-result name="G012-O3-negative/test-143" result="pass" n="8">
    <mean-parsetime>25.3425</mean-parsetime>
    <min-parsetime>17.23</min-parsetime>
    <max-parsetime>30.72</max-parsetime>
    <range>13.489999999999998</range>
    <times>23.71 30.72 27.57 22.70 27.58 17.23 27.81 25.42</times>
    <uri>/tests/results-gxxx-2022-03-10T11:32:00.384/test-report.gxxx-test-catalog.xml</uri>
  </test-result>
  <test-result name="G012-O3-negative/test-107" result="pass" n="8">
    <mean-parsetime>25.355</mean-parsetime>
    <min-parsetime>16.07</min-parsetime>
    <max-parsetime>40.15</max-parsetime>
    <range>24.08</range>
    <times>25.44 40.15 24.39 24.29 25.62 16.07 25.23 21.65</times>
    <uri>/tests/results-gxxx-2022-03-10T11:32:00.384/test-report.gxxx-test-catalog.xml</uri>
  </test-result>
  <test-result name="G022-O3-negative/G022-neg-051" result="pass" n="8">
    <mean-parsetime>25.35625</mean-parsetime>
    <min-parsetime>16.67</min-parsetime>
    <max-parsetime>29.59</max-parsetime>
    <range>12.919999999999998</range>
    <times>29.47 29.59 24.72 25.21 28.34 16.67 27.64 21.21</times>
    <uri>/tests/results-gxxx-2022-03-10T11:32:00.384/test-report.gxxx-test-catalog.xml</uri>
  </test-result>
  <test-result name="G012-O3-negative/test-081" result="pass" n="8">
    <mean-parsetime>25.35875</mean-parsetime>
    <min-parsetime>15.79</min-parsetime>
    <max-parsetime>44.82</max-parsetime>
    <range>29.03</range>
    <times>44.82 26.00 24.23 27.29 22.22 15.79 21.66 20.86</times>
    <uri>/tests/results-gxxx-2022-03-10T11:32:00.384/test-report.gxxx-test-catalog.xml</uri>
  </test-result>
  <test-result name="G012-O3-negative/test-058" result="pass" n="8">
    <mean-parsetime>25.373750000000005</mean-parsetime>
    <min-parsetime>17.61</min-parsetime>
    <max-parsetime>32.29</max-parsetime>
    <range>14.68</range>
    <times>23.20 29.35 32.29 27.51 23.88 17.61 28.22 20.93</times>
    <uri>/tests/results-gxxx-2022-03-10T11:32:00.384/test-report.gxxx-test-catalog.xml</uri>
  </test-result>
  <test-result name="G012-O3-negative/test-137" result="pass" n="8">
    <mean-parsetime>25.379999999999995</mean-parsetime>
    <min-parsetime>16.67</min-parsetime>
    <max-parsetime>31.65</max-parsetime>
    <range>14.979999999999997</range>
    <times>24.37 31.35 27.17 31.65 28.49 16.67 23.20 20.14</times>
    <uri>/tests/results-gxxx-2022-03-10T11:32:00.384/test-report.gxxx-test-catalog.xml</uri>
  </test-result>
  <test-result name="G112-O3-negative/G112-O3-neg-001" result="pass" n="8">
    <mean-parsetime>25.384999999999998</mean-parsetime>
    <min-parsetime>18.77</min-parsetime>
    <max-parsetime>34.83</max-parsetime>
    <range>16.06</range>
    <times>25.89 34.83 26.60 25.66 25.60 18.77 25.17 20.56</times>
    <uri>/tests/results-gxxx-2022-03-10T11:32:00.384/test-report.gxxx-test-catalog.xml</uri>
  </test-result>
  <test-result name="zeroes-lrec/t-1x0" result="pass" n="8">
    <mean-parsetime>25.408749999999998</mean-parsetime>
    <min-parsetime>18.65</min-parsetime>
    <max-parsetime>30.62</max-parsetime>
    <range>11.970000000000002</range>
    <times>30.62 28.07 29.93 23.75 18.65 26.32 22.32 23.61</times>
    <uri>/tests/results-zeroes-2022-04-10T21:56:13.413/test-report.zeroes-tests.xml</uri>
  </test-result>
  <test-result name="G101-negative/G101-O3-neg-006" result="pass" n="8">
    <mean-parsetime>25.41125</mean-parsetime>
    <min-parsetime>16.96</min-parsetime>
    <max-parsetime>30.66</max-parsetime>
    <range>13.7</range>
    <times>27.73 30.44 24.80 30.66 27.20 16.96 26.20 19.30</times>
    <uri>/tests/results-gxxx-2022-03-10T11:32:00.384/test-report.gxxx-test-catalog.xml</uri>
  </test-result>
  <test-result name="G022-O3-negative/G022-neg-054" result="pass" n="8">
    <mean-parsetime>25.433750000000003</mean-parsetime>
    <min-parsetime>18.83</min-parsetime>
    <max-parsetime>31.11</max-parsetime>
    <range>12.280000000000001</range>
    <times>26.28 31.11 25.11 27.43 26.16 18.83 28.24 20.31</times>
    <uri>/tests/results-gxxx-2022-03-10T11:32:00.384/test-report.gxxx-test-catalog.xml</uri>
  </test-result>
  <test-result name="G012-O3-negative/test-108" result="pass" n="8">
    <mean-parsetime>25.436250000000005</mean-parsetime>
    <min-parsetime>15.89</min-parsetime>
    <max-parsetime>36.03</max-parsetime>
    <range>20.14</range>
    <times>26.17 36.03 30.12 24.53 23.62 15.89 24.42 22.71</times>
    <uri>/tests/results-gxxx-2022-03-10T11:32:00.384/test-report.gxxx-test-catalog.xml</uri>
  </test-result>
  <test-result name="vowels/vowels-ok4" result="pass" n="11">
    <mean-parsetime>25.44363636363636</mean-parsetime>
    <min-parsetime>18.96</min-parsetime>
    <max-parsetime>35.56</max-parsetime>
    <range>16.6</range>
    <times>35.56 25.88 25.47 30.52 25.86 18.96 26.95 23.04 21.80 21.68 24.16</times>
    <uri>/tests/results-test1-2022-03-08T20:33:07.559/test-report.test1.xml</uri>
  </test-result>
  <test-result name="G022-O3-negative/G022-neg-015" result="pass" n="8">
    <mean-parsetime>25.44875</mean-parsetime>
    <min-parsetime>18.06</min-parsetime>
    <max-parsetime>32.61</max-parsetime>
    <range>14.55</range>
    <times>26.48 32.61 26.66 25.81 26.75 18.06 26.75 20.47</times>
    <uri>/tests/results-gxxx-2022-03-10T11:32:00.384/test-report.gxxx-test-catalog.xml</uri>
  </test-result>
  <test-result name="G012-O3-negative/test-045" result="pass" n="8">
    <mean-parsetime>25.46375</mean-parsetime>
    <min-parsetime>18.44</min-parsetime>
    <max-parsetime>35.56</max-parsetime>
    <range>17.12</range>
    <times>23.16 29.12 35.56 24.54 25.11 18.44 26.55 21.23</times>
    <uri>/tests/results-gxxx-2022-03-10T11:32:00.384/test-report.gxxx-test-catalog.xml</uri>
  </test-result>
  <test-result name="G101-negative/G101-O3-neg-002" result="pass" n="8">
    <mean-parsetime>25.468749999999996</mean-parsetime>
    <min-parsetime>17.97</min-parsetime>
    <max-parsetime>31.18</max-parsetime>
    <range>13.21</range>
    <times>24.40 31.18 25.43 29.88 28.38 17.97 25.78 20.73</times>
    <uri>/tests/results-gxxx-2022-03-10T11:32:00.384/test-report.gxxx-test-catalog.xml</uri>
  </test-result>
  <test-result name="G102-O3-negative/G102-O3-neg-007" result="pass" n="8">
    <mean-parsetime>25.492499999999996</mean-parsetime>
    <min-parsetime>19.5</min-parsetime>
    <max-parsetime>32.51</max-parsetime>
    <range>13.009999999999998</range>
    <times>26.12 32.51 27.23 26.44 25.47 19.50 26.23 20.44</times>
    <uri>/tests/results-gxxx-2022-03-10T11:32:00.384/test-report.gxxx-test-catalog.xml</uri>
  </test-result>
  <test-result name="G012-O3-negative/test-157" result="pass" n="8">
    <mean-parsetime>25.49625</mean-parsetime>
    <min-parsetime>17.18</min-parsetime>
    <max-parsetime>38.04</max-parsetime>
    <range>20.86</range>
    <times>27.81 38.04 24.52 23.15 26.43 17.18 27.85 18.99</times>
    <uri>/tests/results-gxxx-2022-03-10T11:32:00.384/test-report.gxxx-test-catalog.xml</uri>
  </test-result>
  <test-result name="G012-O3-negative/test-154" result="pass" n="8">
    <mean-parsetime>25.515</mean-parsetime>
    <min-parsetime>18.5</min-parsetime>
    <max-parsetime>32.7</max-parsetime>
    <range>14.200000000000003</range>
    <times>26.27 32.70 27.08 26.84 27.41 18.50 25.54 19.78</times>
    <uri>/tests/results-gxxx-2022-03-10T11:32:00.384/test-report.gxxx-test-catalog.xml</uri>
  </test-result>
  <test-result name="non-productive-2/np-6" result="pass" n="15">
    <mean-parsetime>25.526666666666667</mean-parsetime>
    <min-parsetime>23.06</min-parsetime>
    <max-parsetime>30.92</max-parsetime>
    <range>7.860000000000003</range>
    <times>30.41 24.85 30.92 24.28 23.12 24.48 25.98 28.34 24.46 24.36 24.66 26.92 23.41 23.06 23.65</times>
    <uri>/tests/results-hygiene-2022-04-10T21:56:55.887/test-report.hygiene-tests.xml</uri>
  </test-result>
  <test-result name="G101-negative/G101-O3-neg-007" result="pass" n="8">
    <mean-parsetime>25.52875</mean-parsetime>
    <min-parsetime>17.38</min-parsetime>
    <max-parsetime>30.65</max-parsetime>
    <range>13.27</range>
    <times>29.33 30.65 27.58 25.83 26.35 17.38 26.54 20.57</times>
    <uri>/tests/results-gxxx-2022-03-10T11:32:00.384/test-report.gxxx-test-catalog.xml</uri>
  </test-result>
  <test-result name="string/string" result="pass" n="3">
    <mean-parsetime>25.55333333333333</mean-parsetime>
    <min-parsetime>18.45</min-parsetime>
    <max-parsetime>29.29</max-parsetime>
    <range>10.84</range>
    <times>18.45 28.92 29.29</times>
    <uri>/tests/results-ixml-corr-2022-02-17T14:39:37.601/test-report.test-catalog.xml</uri>
  </test-result>
  <test-result name="a/a2" result="pass" n="9">
    <mean-parsetime>25.555555555555557</mean-parsetime>
    <min-parsetime>15.83</min-parsetime>
    <max-parsetime>39.64</max-parsetime>
    <range>23.810000000000002</range>
    <times>29.13 21.25 22.52 31.24 15.83 39.64 21.48 20.61 28.30</times>
    <uri>/tests/results-test1-2022-03-08T20:33:07.559/test-report.test1.xml</uri>
  </test-result>
  <test-result name="G012-O3-negative/test-049" result="pass" n="8">
    <mean-parsetime>25.558749999999996</mean-parsetime>
    <min-parsetime>17.57</min-parsetime>
    <max-parsetime>34.37</max-parsetime>
    <range>16.799999999999997</range>
    <times>24.42 34.11 34.37 23.49 28.05 17.57 24.38 18.08</times>
    <uri>/tests/results-gxxx-2022-03-10T11:32:00.384/test-report.gxxx-test-catalog.xml</uri>
  </test-result>
  <test-result name="G012-O3-negative/test-062" result="pass" n="8">
    <mean-parsetime>25.58</mean-parsetime>
    <min-parsetime>18.43</min-parsetime>
    <max-parsetime>34.7</max-parsetime>
    <range>16.270000000000003</range>
    <times>24.41 30.74 24.08 24.26 34.70 18.43 24.38 23.64</times>
    <uri>/tests/results-gxxx-2022-03-10T11:32:00.384/test-report.gxxx-test-catalog.xml</uri>
  </test-result>
  <test-result name="G101-negative/G101-O3-neg-003" result="pass" n="8">
    <mean-parsetime>25.581250000000004</mean-parsetime>
    <min-parsetime>19.17</min-parsetime>
    <max-parsetime>32.31</max-parsetime>
    <range>13.14</range>
    <times>25.78 32.31 25.48 27.22 28.00 20.51 26.18 19.17</times>
    <uri>/tests/results-gxxx-2022-03-10T11:32:00.384/test-report.gxxx-test-catalog.xml</uri>
  </test-result>
  <test-result name="G012-O3-negative/test-029" result="pass" n="8">
    <mean-parsetime>25.604999999999997</mean-parsetime>
    <min-parsetime>17.07</min-parsetime>
    <max-parsetime>36.55</max-parsetime>
    <range>19.479999999999997</range>
    <times>24.56 35.33 36.55 23.43 24.76 17.07 23.04 20.10</times>
    <uri>/tests/results-gxxx-2022-03-10T11:32:00.384/test-report.gxxx-test-catalog.xml</uri>
  </test-result>
  <test-result name="G012-O3-negative/test-152" result="pass" n="8">
    <mean-parsetime>25.61375</mean-parsetime>
    <min-parsetime>18.57</min-parsetime>
    <max-parsetime>32.23</max-parsetime>
    <range>13.659999999999997</range>
    <times>28.23 32.23 24.80 26.69 28.44 18.57 22.99 22.96</times>
    <uri>/tests/results-gxxx-2022-03-10T11:32:00.384/test-report.gxxx-test-catalog.xml</uri>
  </test-result>
  <test-result name="marked/marked" result="pass" n="3">
    <mean-parsetime>25.623333333333335</mean-parsetime>
    <min-parsetime>16.18</min-parsetime>
    <max-parsetime>34.67</max-parsetime>
    <range>18.490000000000002</range>
    <times>16.18 34.67 26.02</times>
    <uri>/tests/results-ixml-corr-2022-02-17T14:39:37.601/test-report.test-catalog.xml</uri>
  </test-result>
  <test-result name="G102-O3-negative/G102-O3-neg-025" result="pass" n="8">
    <mean-parsetime>25.62875</mean-parsetime>
    <min-parsetime>19.41</min-parsetime>
    <max-parsetime>31.71</max-parsetime>
    <range>12.3</range>
    <times>27.67 31.71 26.76 25.19 27.38 19.41 27.16 19.75</times>
    <uri>/tests/results-gxxx-2022-03-10T11:32:00.384/test-report.gxxx-test-catalog.xml</uri>
  </test-result>
  <test-result name="G012-O3-negative/test-155" result="pass" n="8">
    <mean-parsetime>25.63125</mean-parsetime>
    <min-parsetime>17</min-parsetime>
    <max-parsetime>32.55</max-parsetime>
    <range>15.549999999999997</range>
    <times>28.57 32.55 26.51 26.17 30.16 17.00 24.75 19.34</times>
    <uri>/tests/results-gxxx-2022-03-10T11:32:00.384/test-report.gxxx-test-catalog.xml</uri>
  </test-result>
  <test-result name="zeroes-rrec-hidden/t-2x0" result="pass" n="8">
    <mean-parsetime>25.63375</mean-parsetime>
    <min-parsetime>22.32</min-parsetime>
    <max-parsetime>30.29</max-parsetime>
    <range>7.969999999999999</range>
    <times>26.94 30.29 28.13 26.46 22.32 23.07 24.34 23.52</times>
    <uri>/tests/results-zeroes-2022-04-10T21:56:13.413/test-report.zeroes-tests.xml</uri>
  </test-result>
  <test-result name="G022-O3-negative/G022-neg-010" result="pass" n="8">
    <mean-parsetime>25.675</mean-parsetime>
    <min-parsetime>18.13</min-parsetime>
    <max-parsetime>31.69</max-parsetime>
    <range>13.560000000000002</range>
    <times>26.49 31.69 25.20 28.41 25.06 18.13 27.62 22.80</times>
    <uri>/tests/results-gxxx-2022-03-10T11:32:00.384/test-report.gxxx-test-catalog.xml</uri>
  </test-result>
  <test-result name="vowels/vowels-nok4" result="pass" n="11">
    <mean-parsetime>25.681818181818183</mean-parsetime>
    <min-parsetime>16.44</min-parsetime>
    <max-parsetime>33.4</max-parsetime>
    <range>16.959999999999997</range>
    <times>24.63 26.18 30.76 26.78 25.31 16.44 26.58 22.13 28.79 21.50 33.40</times>
    <uri>/tests/results-test1-2022-03-08T20:33:07.559/test-report.test1.xml</uri>
  </test-result>
  <test-result name="arith/arith" result="pass" n="3">
    <mean-parsetime>25.706666666666667</mean-parsetime>
    <min-parsetime>17.68</min-parsetime>
    <max-parsetime>31.8</max-parsetime>
    <range>14.120000000000001</range>
    <times>17.68 31.80 27.64</times>
    <uri>/tests/results-ixml-corr-2022-02-17T14:39:37.601/test-report.test-catalog.xml</uri>
  </test-result>
  <test-result name="z01/ab" result="pass" n="8">
    <mean-parsetime>25.7125</mean-parsetime>
    <min-parsetime>22.79</min-parsetime>
    <max-parsetime>29.79</max-parsetime>
    <range>7</range>
    <times>29.22 29.10 23.09 24.57 29.79 22.79 23.09 24.05</times>
    <uri>/tests/results-zeroes-2022-04-10T21:56:13.413/test-report.zeroes-tests.xml</uri>
  </test-result>
  <test-result name="G102-O3-negative/G102-O3-neg-027" result="pass" n="8">
    <mean-parsetime>25.712500000000002</mean-parsetime>
    <min-parsetime>19</min-parsetime>
    <max-parsetime>30.55</max-parsetime>
    <range>11.55</range>
    <times>27.33 30.55 28.86 26.07 26.17 19.00 26.93 20.79</times>
    <uri>/tests/results-gxxx-2022-03-10T11:32:00.384/test-report.gxxx-test-catalog.xml</uri>
  </test-result>
  <test-result name="ambig5/ambig5" result="pass" n="3">
    <mean-parsetime>25.74</mean-parsetime>
    <min-parsetime>17.71</min-parsetime>
    <max-parsetime>31.93</max-parsetime>
    <range>14.219999999999999</range>
    <times>27.58 17.71 31.93</times>
    <uri>/tests/results-ixml-all-2022-03-09T06:12:44.309/test-report.test-catalog.xml</uri>
  </test-result>
  <test-result name="G102-O3-negative/G102-O3-neg-009" result="pass" n="8">
    <mean-parsetime>25.74125</mean-parsetime>
    <min-parsetime>19.76</min-parsetime>
    <max-parsetime>31.25</max-parsetime>
    <range>11.489999999999998</range>
    <times>26.08 31.25 27.54 27.16 26.40 19.76 26.75 20.99</times>
    <uri>/tests/results-gxxx-2022-03-10T11:32:00.384/test-report.gxxx-test-catalog.xml</uri>
  </test-result>
  <test-result name="G102-O3-negative/G102-O3-neg-005" result="pass" n="8">
    <mean-parsetime>25.777499999999996</mean-parsetime>
    <min-parsetime>20.43</min-parsetime>
    <max-parsetime>32.07</max-parsetime>
    <range>11.64</range>
    <times>25.17 32.07 25.89 27.49 26.78 21.47 26.92 20.43</times>
    <uri>/tests/results-gxxx-2022-03-10T11:32:00.384/test-report.gxxx-test-catalog.xml</uri>
  </test-result>
  <test-result name="G022-O3-negative/G022-neg-053" result="pass" n="8">
    <mean-parsetime>25.79625</mean-parsetime>
    <min-parsetime>17.67</min-parsetime>
    <max-parsetime>33.62</max-parsetime>
    <range>15.949999999999996</range>
    <times>26.05 33.62 25.74 30.69 25.52 17.67 25.85 21.23</times>
    <uri>/tests/results-gxxx-2022-03-10T11:32:00.384/test-report.gxxx-test-catalog.xml</uri>
  </test-result>
  <test-result name="G011-O3-negative/test-13" result="pass" n="8">
    <mean-parsetime>25.80125</mean-parsetime>
    <min-parsetime>16.47</min-parsetime>
    <max-parsetime>51.34</max-parsetime>
    <range>34.870000000000005</range>
    <times>26.53 51.34 21.87 23.22 22.13 16.47 22.45 22.40</times>
    <uri>/tests/results-gxxx-2022-03-10T11:32:00.384/test-report.gxxx-test-catalog.xml</uri>
  </test-result>
  <test-result name="zeroes-ebnf/t-2x0" result="pass" n="8">
    <mean-parsetime>25.81375</mean-parsetime>
    <min-parsetime>20.82</min-parsetime>
    <max-parsetime>33</max-parsetime>
    <range>12.18</range>
    <times>26.67 27.86 28.36 25.22 20.82 22.50 22.08 33.00</times>
    <uri>/tests/results-zeroes-2022-04-10T21:56:13.413/test-report.zeroes-tests.xml</uri>
  </test-result>
  <test-result name="G112-O3-negative/G112-O3-neg-029" result="pass" n="8">
    <mean-parsetime>25.835</mean-parsetime>
    <min-parsetime>18.6</min-parsetime>
    <max-parsetime>32.54</max-parsetime>
    <range>13.939999999999998</range>
    <times>26.05 32.54 26.48 27.54 26.03 18.60 28.82 20.62</times>
    <uri>/tests/results-gxxx-2022-03-10T11:32:00.384/test-report.gxxx-test-catalog.xml</uri>
  </test-result>
  <test-result name="G010-O3-negative-external/S0-ter" result="pass" n="8">
    <mean-parsetime>25.845</mean-parsetime>
    <min-parsetime>15.76</min-parsetime>
    <max-parsetime>53.07</max-parsetime>
    <range>37.31</range>
    <times>20.73 53.07 20.85 22.26 27.08 16.65 30.36 15.76</times>
    <uri>/tests/results-gxxx-2022-03-10T11:32:00.384/test-report.gxxx-test-catalog.xml</uri>
  </test-result>
  <test-result name="unicode-range2/unicode-range1" result="pass" n="3">
    <mean-parsetime>25.853333333333335</mean-parsetime>
    <min-parsetime>16.27</min-parsetime>
    <max-parsetime>32.12</max-parsetime>
    <range>15.849999999999998</range>
    <times>16.27 29.17 32.12</times>
    <uri>/tests/results-ixml-corr-2022-02-17T14:39:37.601/test-report.test-catalog.xml</uri>
  </test-result>
  <test-result name="G012-O3-negative/test-033" result="pass" n="8">
    <mean-parsetime>25.8725</mean-parsetime>
    <min-parsetime>18.08</min-parsetime>
    <max-parsetime>37.62</max-parsetime>
    <range>19.54</range>
    <times>22.78 29.04 24.34 26.30 25.41 18.08 23.41 37.62</times>
    <uri>/tests/results-gxxx-2022-03-10T11:32:00.384/test-report.gxxx-test-catalog.xml</uri>
  </test-result>
  <test-result name="G012-O3-negative/test-052" result="pass" n="8">
    <mean-parsetime>25.88375</mean-parsetime>
    <min-parsetime>18.44</min-parsetime>
    <max-parsetime>37</max-parsetime>
    <range>18.56</range>
    <times>26.08 37.00 24.51 24.20 27.39 18.44 29.58 19.87</times>
    <uri>/tests/results-gxxx-2022-03-10T11:32:00.384/test-report.gxxx-test-catalog.xml</uri>
  </test-result>
  <test-result name="G011-O3-negative/test-17" result="pass" n="8">
    <mean-parsetime>25.8875</mean-parsetime>
    <min-parsetime>16.7</min-parsetime>
    <max-parsetime>55.26</max-parsetime>
    <range>38.56</range>
    <times>22.28 55.26 23.39 23.91 23.19 16.70 23.19 19.18</times>
    <uri>/tests/results-gxxx-2022-03-10T11:32:00.384/test-report.gxxx-test-catalog.xml</uri>
  </test-result>
  <test-result name="G022-O3-negative/G022-neg-012" result="pass" n="8">
    <mean-parsetime>25.89625</mean-parsetime>
    <min-parsetime>16.91</min-parsetime>
    <max-parsetime>36.89</max-parsetime>
    <range>19.98</range>
    <times>25.19 36.89 25.47 25.59 31.07 16.91 26.23 19.82</times>
    <uri>/tests/results-gxxx-2022-03-10T11:32:00.384/test-report.gxxx-test-catalog.xml</uri>
  </test-result>
  <test-result name="G112-O3-negative/G112-O3-neg-028" result="pass" n="8">
    <mean-parsetime>25.9</mean-parsetime>
    <min-parsetime>18.34</min-parsetime>
    <max-parsetime>33.99</max-parsetime>
    <range>15.650000000000002</range>
    <times>26.62 33.99 26.58 25.91 26.12 18.34 27.94 21.70</times>
    <uri>/tests/results-gxxx-2022-03-10T11:32:00.384/test-report.gxxx-test-catalog.xml</uri>
  </test-result>
  <test-result name="G102-O3-negative/G102-O3-neg-040" result="pass" n="8">
    <mean-parsetime>25.903749999999995</mean-parsetime>
    <min-parsetime>20.85</min-parsetime>
    <max-parsetime>30.92</max-parsetime>
    <range>10.07</range>
    <times>24.92 30.92 26.91 26.66 26.67 20.85 27.70 22.60</times>
    <uri>/tests/results-gxxx-2022-03-10T11:32:00.384/test-report.gxxx-test-catalog.xml</uri>
  </test-result>
  <test-result name="G022-O3-negative/G022-neg-049" result="fail pass" n="9">
    <mean-parsetime>25.90888888888889</mean-parsetime>
    <min-parsetime>19.43</min-parsetime>
    <max-parsetime>31.38</max-parsetime>
    <range>11.95</range>
    <times>27.26 31.38 30.73 27.63 26.13 19.43 22.30 27.91 20.41</times>
    <uri>/tests/results-gxxx-2022-03-10T11:32:00.384/test-report.gxxx-test-catalog.xml</uri>
  </test-result>
  <test-result name="G022-O3-negative/G022-neg-004" result="pass" n="8">
    <mean-parsetime>25.918750000000003</mean-parsetime>
    <min-parsetime>19.4</min-parsetime>
    <max-parsetime>30.86</max-parsetime>
    <range>11.46</range>
    <times>26.96 30.86 27.16 25.11 28.34 19.50 30.02 19.40</times>
    <uri>/tests/results-gxxx-2022-03-10T11:32:00.384/test-report.gxxx-test-catalog.xml</uri>
  </test-result>
  <test-result name="sample.grammar.04/g04.r13" result="pass" n="2">
    <mean-parsetime>25.925</mean-parsetime>
    <min-parsetime>18.97</min-parsetime>
    <max-parsetime>32.88</max-parsetime>
    <range>13.910000000000004</range>
    <times>18.97 32.88</times>
    <uri>/tests/results-wisp-A-2022-02-20T19:55:01.204/test-report.wisps-001-020-catalog.xml</uri>
  </test-result>
  <test-result name="G102-O3-negative/G102-O3-neg-022" result="pass" n="8">
    <mean-parsetime>25.928749999999997</mean-parsetime>
    <min-parsetime>18.81</min-parsetime>
    <max-parsetime>33.66</max-parsetime>
    <range>14.849999999999998</range>
    <times>25.72 33.66 28.05 27.00 26.84 18.81 25.72 21.63</times>
    <uri>/tests/results-gxxx-2022-03-10T11:32:00.384/test-report.gxxx-test-catalog.xml</uri>
  </test-result>
  <test-result name="vowels/vowels-nok5" result="pass" n="11">
    <mean-parsetime>25.938181818181818</mean-parsetime>
    <min-parsetime>16.34</min-parsetime>
    <max-parsetime>38.37</max-parsetime>
    <range>22.029999999999998</range>
    <times>23.36 21.47 38.37 26.24 26.12 16.34 26.00 21.24 29.24 23.70 33.24</times>
    <uri>/tests/results-test1-2022-03-08T20:33:07.559/test-report.test1.xml</uri>
  </test-result>
  <test-result name="G102-O3-negative/G102-O3-neg-035" result="pass" n="8">
    <mean-parsetime>25.939999999999998</mean-parsetime>
    <min-parsetime>19.38</min-parsetime>
    <max-parsetime>34.38</max-parsetime>
    <range>15.000000000000004</range>
    <times>27.24 34.38 26.07 26.45 26.13 19.38 27.23 20.64</times>
    <uri>/tests/results-gxxx-2022-03-10T11:32:00.384/test-report.gxxx-test-catalog.xml</uri>
  </test-result>
  <test-result name="G012-O3-negative/test-064" result="pass" n="8">
    <mean-parsetime>25.957500000000003</mean-parsetime>
    <min-parsetime>19.6</min-parsetime>
    <max-parsetime>33.14</max-parsetime>
    <range>13.54</range>
    <times>26.07 33.14 25.24 28.84 24.58 19.60 25.83 24.36</times>
    <uri>/tests/results-gxxx-2022-03-10T11:32:00.384/test-report.gxxx-test-catalog.xml</uri>
  </test-result>
  <test-result name="G012-O3-negative/test-167" result="pass" n="8">
    <mean-parsetime>25.968750000000004</mean-parsetime>
    <min-parsetime>17.07</min-parsetime>
    <max-parsetime>32.1</max-parsetime>
    <range>15.030000000000001</range>
    <times>28.52 32.10 25.71 28.11 32.09 17.07 26.25 17.90</times>
    <uri>/tests/results-gxxx-2022-03-10T11:32:00.384/test-report.gxxx-test-catalog.xml</uri>
  </test-result>
  <test-result name="G012-O3-negative/test-190" result="pass" n="8">
    <mean-parsetime>25.978749999999998</mean-parsetime>
    <min-parsetime>17.52</min-parsetime>
    <max-parsetime>34.75</max-parsetime>
    <range>17.23</range>
    <times>27.32 34.75 24.10 27.15 27.97 17.52 28.41 20.61</times>
    <uri>/tests/results-gxxx-2022-03-10T11:32:00.384/test-report.gxxx-test-catalog.xml</uri>
  </test-result>
  <test-result name="G022-O3-negative/G022-neg-055" result="pass" n="8">
    <mean-parsetime>26.008750000000003</mean-parsetime>
    <min-parsetime>18.96</min-parsetime>
    <max-parsetime>32.61</max-parsetime>
    <range>13.649999999999999</range>
    <times>28.88 32.61 25.34 24.86 28.75 18.96 27.58 21.09</times>
    <uri>/tests/results-gxxx-2022-03-10T11:32:00.384/test-report.gxxx-test-catalog.xml</uri>
  </test-result>
  <test-result name="G012-O3-negative/test-156" result="pass" n="8">
    <mean-parsetime>26.0225</mean-parsetime>
    <min-parsetime>17.08</min-parsetime>
    <max-parsetime>32.95</max-parsetime>
    <range>15.870000000000005</range>
    <times>28.17 32.95 27.95 25.73 28.17 17.08 26.54 21.59</times>
    <uri>/tests/results-gxxx-2022-03-10T11:32:00.384/test-report.gxxx-test-catalog.xml</uri>
  </test-result>
  <test-result name="G102-O3-negative/G102-O3-neg-018" result="pass" n="8">
    <mean-parsetime>26.032500000000002</mean-parsetime>
    <min-parsetime>20.33</min-parsetime>
    <max-parsetime>32.17</max-parsetime>
    <range>11.840000000000003</range>
    <times>28.30 32.17 26.59 26.98 24.92 20.33 27.77 21.20</times>
    <uri>/tests/results-gxxx-2022-03-10T11:32:00.384/test-report.gxxx-test-catalog.xml</uri>
  </test-result>
  <test-result name="G012-O3-negative/test-120" result="pass" n="8">
    <mean-parsetime>26.048750000000005</mean-parsetime>
    <min-parsetime>16.18</min-parsetime>
    <max-parsetime>34.78</max-parsetime>
    <range>18.6</range>
    <times>34.02 34.78 25.86 24.98 26.05 16.18 23.09 23.43</times>
    <uri>/tests/results-gxxx-2022-03-10T11:32:00.384/test-report.gxxx-test-catalog.xml</uri>
  </test-result>
  <test-result name="G022-O3-negative/G022-neg-048" result="pass" n="8">
    <mean-parsetime>26.0575</mean-parsetime>
    <min-parsetime>17.52</min-parsetime>
    <max-parsetime>37.77</max-parsetime>
    <range>20.250000000000004</range>
    <times>29.06 37.77 24.87 26.63 25.86 17.52 25.26 21.49</times>
    <uri>/tests/results-gxxx-2022-03-10T11:32:00.384/test-report.gxxx-test-catalog.xml</uri>
  </test-result>
  <test-result name="G012-O3-negative/test-153" result="pass" n="8">
    <mean-parsetime>26.058750000000003</mean-parsetime>
    <min-parsetime>16.55</min-parsetime>
    <max-parsetime>32.88</max-parsetime>
    <range>16.330000000000002</range>
    <times>26.48 32.56 23.17 24.82 29.30 16.55 32.88 22.71</times>
    <uri>/tests/results-gxxx-2022-03-10T11:32:00.384/test-report.gxxx-test-catalog.xml</uri>
  </test-result>
  <test-result name="G102-O3-negative/G102-O3-neg-008" result="pass" n="8">
    <mean-parsetime>26.081250000000004</mean-parsetime>
    <min-parsetime>19.69</min-parsetime>
    <max-parsetime>31.89</max-parsetime>
    <range>12.2</range>
    <times>26.81 31.89 26.82 29.83 25.39 19.69 27.11 21.11</times>
    <uri>/tests/results-gxxx-2022-03-10T11:32:00.384/test-report.gxxx-test-catalog.xml</uri>
  </test-result>
  <test-result name="G012-O3-negative/test-065" result="pass" n="8">
    <mean-parsetime>26.08875</mean-parsetime>
    <min-parsetime>18.74</min-parsetime>
    <max-parsetime>39.51</max-parsetime>
    <range>20.77</range>
    <times>26.55 39.51 25.65 24.18 26.54 18.74 24.48 23.06</times>
    <uri>/tests/results-gxxx-2022-03-10T11:32:00.384/test-report.gxxx-test-catalog.xml</uri>
  </test-result>
  <test-result name="non-productive-2/np-5" result="pass" n="15">
    <mean-parsetime>26.124000000000006</mean-parsetime>
    <min-parsetime>22.38</min-parsetime>
    <max-parsetime>57.93</max-parsetime>
    <range>35.55</range>
    <times>25.72 22.42 24.11 25.02 24.58 22.90 23.09 57.93 25.26 23.69 23.35 22.55 23.70 22.38 25.16</times>
    <uri>/tests/results-hygiene-2022-04-10T21:56:55.887/test-report.hygiene-tests.xml</uri>
  </test-result>
  <test-result name="G102-O3-negative/G102-O3-neg-004" result="pass" n="8">
    <mean-parsetime>26.136250000000004</mean-parsetime>
    <min-parsetime>18.71</min-parsetime>
    <max-parsetime>35.51</max-parsetime>
    <range>16.799999999999997</range>
    <times>26.16 35.51 26.33 28.16 28.08 18.71 26.27 19.87</times>
    <uri>/tests/results-gxxx-2022-03-10T11:32:00.384/test-report.gxxx-test-catalog.xml</uri>
  </test-result>
  <test-result name="G012-O3-negative/test-059" result="pass" n="8">
    <mean-parsetime>26.141249999999996</mean-parsetime>
    <min-parsetime>17.6</min-parsetime>
    <max-parsetime>41.47</max-parsetime>
    <range>23.869999999999997</range>
    <times>23.39 29.52 41.47 23.91 24.47 17.60 28.17 20.60</times>
    <uri>/tests/results-gxxx-2022-03-10T11:32:00.384/test-report.gxxx-test-catalog.xml</uri>
  </test-result>
  <test-result name="G102-O3-negative/G102-O3-neg-006" result="pass" n="8">
    <mean-parsetime>26.164999999999996</mean-parsetime>
    <min-parsetime>18.92</min-parsetime>
    <max-parsetime>32.52</max-parsetime>
    <range>13.600000000000001</range>
    <times>29.78 32.52 26.39 26.37 26.97 18.92 28.08 20.29</times>
    <uri>/tests/results-gxxx-2022-03-10T11:32:00.384/test-report.gxxx-test-catalog.xml</uri>
  </test-result>
  <test-result name="G012-O3-negative/test-162" result="pass" n="8">
    <mean-parsetime>26.182499999999997</mean-parsetime>
    <min-parsetime>17.38</min-parsetime>
    <max-parsetime>35.34</max-parsetime>
    <range>17.960000000000004</range>
    <times>27.32 31.62 22.67 26.56 35.34 17.38 27.24 21.33</times>
    <uri>/tests/results-gxxx-2022-03-10T11:32:00.384/test-report.gxxx-test-catalog.xml</uri>
  </test-result>
  <test-result name="G012-O3-negative/test-114" result="pass" n="8">
    <mean-parsetime>26.183749999999996</mean-parsetime>
    <min-parsetime>19.16</min-parsetime>
    <max-parsetime>38.49</max-parsetime>
    <range>19.330000000000002</range>
    <times>22.01 38.49 26.60 24.37 27.82 19.16 23.60 27.42</times>
    <uri>/tests/results-gxxx-2022-03-10T11:32:00.384/test-report.gxxx-test-catalog.xml</uri>
  </test-result>
  <test-result name="G112-O3-negative/G112-O3-neg-027" result="pass" n="8">
    <mean-parsetime>26.191249999999997</mean-parsetime>
    <min-parsetime>20.06</min-parsetime>
    <max-parsetime>32.57</max-parsetime>
    <range>12.510000000000002</range>
    <times>27.14 32.57 28.12 25.63 27.36 20.06 25.98 22.67</times>
    <uri>/tests/results-gxxx-2022-03-10T11:32:00.384/test-report.gxxx-test-catalog.xml</uri>
  </test-result>
  <test-result name="G102-O3-negative/G102-O3-neg-003" result="pass" n="8">
    <mean-parsetime>26.191250000000004</mean-parsetime>
    <min-parsetime>20.05</min-parsetime>
    <max-parsetime>32.84</max-parsetime>
    <range>12.790000000000003</range>
    <times>26.04 32.84 26.07 26.26 27.21 20.05 28.09 22.97</times>
    <uri>/tests/results-gxxx-2022-03-10T11:32:00.384/test-report.gxxx-test-catalog.xml</uri>
  </test-result>
  <test-result name="zeroes-lrec/t-2x0" result="pass" n="8">
    <mean-parsetime>26.1925</mean-parsetime>
    <min-parsetime>19.56</min-parsetime>
    <max-parsetime>35.55</max-parsetime>
    <range>15.989999999999998</range>
    <times>29.55 29.88 35.55 23.39 19.56 22.97 24.24 24.40</times>
    <uri>/tests/results-zeroes-2022-04-10T21:56:13.413/test-report.zeroes-tests.xml</uri>
  </test-result>
  <test-result name="G012-O3-negative/test-148" result="pass" n="8">
    <mean-parsetime>26.2125</mean-parsetime>
    <min-parsetime>19.26</min-parsetime>
    <max-parsetime>34.71</max-parsetime>
    <range>15.45</range>
    <times>24.14 34.71 25.74 22.90 29.44 27.51 26.00 19.26</times>
    <uri>/tests/results-gxxx-2022-03-10T11:32:00.384/test-report.gxxx-test-catalog.xml</uri>
  </test-result>
  <test-result name="G102-O3-negative/G102-O3-neg-034" result="pass" n="8">
    <mean-parsetime>26.215</mean-parsetime>
    <min-parsetime>19.31</min-parsetime>
    <max-parsetime>34.21</max-parsetime>
    <range>14.900000000000002</range>
    <times>25.55 34.21 27.71 27.84 26.60 19.31 25.85 22.65</times>
    <uri>/tests/results-gxxx-2022-03-10T11:32:00.384/test-report.gxxx-test-catalog.xml</uri>
  </test-result>
  <test-result name="G011-O3-negative/test-45" result="pass" n="8">
    <mean-parsetime>26.2325</mean-parsetime>
    <min-parsetime>17.38</min-parsetime>
    <max-parsetime>46.55</max-parsetime>
    <range>29.169999999999998</range>
    <times>23.26 33.21 24.00 46.55 22.95 17.38 23.99 18.52</times>
    <uri>/tests/results-gxxx-2022-03-10T11:32:00.384/test-report.gxxx-test-catalog.xml</uri>
  </test-result>
  <test-result name="G012-O3-negative/test-074" result="pass" n="8">
    <mean-parsetime>26.23375</mean-parsetime>
    <min-parsetime>18.73</min-parsetime>
    <max-parsetime>40.59</max-parsetime>
    <range>21.860000000000003</range>
    <times>27.94 40.59 24.68 29.11 24.41 18.73 24.34 20.07</times>
    <uri>/tests/results-gxxx-2022-03-10T11:32:00.384/test-report.gxxx-test-catalog.xml</uri>
  </test-result>
  <test-result name="G112-O3-negative/G112-O3-neg-026" result="pass" n="8">
    <mean-parsetime>26.23375</mean-parsetime>
    <min-parsetime>18.31</min-parsetime>
    <max-parsetime>31.85</max-parsetime>
    <range>13.540000000000003</range>
    <times>26.98 31.85 30.55 26.02 27.89 18.31 27.90 20.37</times>
    <uri>/tests/results-gxxx-2022-03-10T11:32:00.384/test-report.gxxx-test-catalog.xml</uri>
  </test-result>
  <test-result name="G112-O3-negative/G112-O3-neg-006" result="pass" n="8">
    <mean-parsetime>26.23625</mean-parsetime>
    <min-parsetime>17.58</min-parsetime>
    <max-parsetime>31.6</max-parsetime>
    <range>14.020000000000003</range>
    <times>29.35 31.60 25.77 27.13 27.45 17.58 30.08 20.93</times>
    <uri>/tests/results-gxxx-2022-03-10T11:32:00.384/test-report.gxxx-test-catalog.xml</uri>
  </test-result>
  <test-result name="G102-O3-negative/G102-O3-neg-045" result="pass" n="8">
    <mean-parsetime>26.245</mean-parsetime>
    <min-parsetime>19.65</min-parsetime>
    <max-parsetime>32.27</max-parsetime>
    <range>12.620000000000005</range>
    <times>27.96 32.27 29.02 26.49 26.63 19.65 25.32 22.62</times>
    <uri>/tests/results-gxxx-2022-03-10T11:32:00.384/test-report.gxxx-test-catalog.xml</uri>
  </test-result>
  <test-result name="zeroes-lrec-hidden/t-2x0" result="pass" n="8">
    <mean-parsetime>26.2475</mean-parsetime>
    <min-parsetime>20.63</min-parsetime>
    <max-parsetime>42.12</max-parsetime>
    <range>21.49</range>
    <times>27.17 42.12 23.58 24.53 20.63 25.23 22.68 24.04</times>
    <uri>/tests/results-zeroes-2022-04-10T21:56:13.413/test-report.zeroes-tests.xml</uri>
  </test-result>
  <test-result name="G012-O3-negative/test-138" result="pass" n="8">
    <mean-parsetime>26.2725</mean-parsetime>
    <min-parsetime>16.58</min-parsetime>
    <max-parsetime>31.68</max-parsetime>
    <range>15.100000000000001</range>
    <times>26.34 31.68 31.62 30.02 29.65 16.58 25.37 18.92</times>
    <uri>/tests/results-gxxx-2022-03-10T11:32:00.384/test-report.gxxx-test-catalog.xml</uri>
  </test-result>
  <test-result name="G022-O3-negative/G022-neg-016" result="pass" n="8">
    <mean-parsetime>26.283749999999998</mean-parsetime>
    <min-parsetime>18.83</min-parsetime>
    <max-parsetime>31.16</max-parsetime>
    <range>12.330000000000002</range>
    <times>29.06 31.16 28.54 26.71 26.92 18.83 28.17 20.88</times>
    <uri>/tests/results-gxxx-2022-03-10T11:32:00.384/test-report.gxxx-test-catalog.xml</uri>
  </test-result>
  <test-result name="G011-O3-negative/test-38" result="pass" n="8">
    <mean-parsetime>26.298750000000002</mean-parsetime>
    <min-parsetime>16.62</min-parsetime>
    <max-parsetime>46.85</max-parsetime>
    <range>30.23</range>
    <times>22.61 46.85 37.92 22.40 23.26 16.80 23.93 16.62</times>
    <uri>/tests/results-gxxx-2022-03-10T11:32:00.384/test-report.gxxx-test-catalog.xml</uri>
  </test-result>
  <test-result name="G112-O3-negative/G112-O3-neg-009" result="pass" n="8">
    <mean-parsetime>26.30625</mean-parsetime>
    <min-parsetime>18.32</min-parsetime>
    <max-parsetime>34.61</max-parsetime>
    <range>16.29</range>
    <times>27.78 34.61 28.37 26.53 28.02 18.32 25.45 21.37</times>
    <uri>/tests/results-gxxx-2022-03-10T11:32:00.384/test-report.gxxx-test-catalog.xml</uri>
  </test-result>
  <test-result name="G022-O3-negative/G022-neg-060" result="pass" n="8">
    <mean-parsetime>26.311249999999998</mean-parsetime>
    <min-parsetime>19.31</min-parsetime>
    <max-parsetime>35.95</max-parsetime>
    <range>16.640000000000004</range>
    <times>26.89 35.95 26.27 25.99 26.91 19.31 28.98 20.19</times>
    <uri>/tests/results-gxxx-2022-03-10T11:32:00.384/test-report.gxxx-test-catalog.xml</uri>
  </test-result>
  <test-result name="G022-O3-negative/G022-neg-006" result="pass" n="8">
    <mean-parsetime>26.32</mean-parsetime>
    <min-parsetime>17.24</min-parsetime>
    <max-parsetime>34.04</max-parsetime>
    <range>16.8</range>
    <times>26.16 34.04 25.02 24.86 32.21 17.24 30.81 20.22</times>
    <uri>/tests/results-gxxx-2022-03-10T11:32:00.384/test-report.gxxx-test-catalog.xml</uri>
  </test-result>
  <test-result name="G102-O3-negative/G102-O3-neg-015" result="pass" n="8">
    <mean-parsetime>26.3425</mean-parsetime>
    <min-parsetime>18.96</min-parsetime>
    <max-parsetime>33.33</max-parsetime>
    <range>14.369999999999997</range>
    <times>25.20 33.33 26.03 27.05 30.73 18.96 26.41 23.03</times>
    <uri>/tests/results-gxxx-2022-03-10T11:32:00.384/test-report.gxxx-test-catalog.xml</uri>
  </test-result>
  <test-result name="G102-O3-negative/G102-O3-neg-024" result="pass" n="8">
    <mean-parsetime>26.42</mean-parsetime>
    <min-parsetime>19.49</min-parsetime>
    <max-parsetime>33.8</max-parsetime>
    <range>14.309999999999999</range>
    <times>28.03 33.80 27.53 28.88 26.73 19.59 27.31 19.49</times>
    <uri>/tests/results-gxxx-2022-03-10T11:32:00.384/test-report.gxxx-test-catalog.xml</uri>
  </test-result>
  <test-result name="G102-O3-negative/G102-O3-neg-028" result="pass" n="8">
    <mean-parsetime>26.4225</mean-parsetime>
    <min-parsetime>19.26</min-parsetime>
    <max-parsetime>32.78</max-parsetime>
    <range>13.52</range>
    <times>29.71 32.78 24.65 26.29 26.41 19.26 30.50 21.78</times>
    <uri>/tests/results-gxxx-2022-03-10T11:32:00.384/test-report.gxxx-test-catalog.xml</uri>
  </test-result>
  <test-result name="G011-positive/test-02" result="pass" n="8">
    <mean-parsetime>26.42625</mean-parsetime>
    <min-parsetime>16.42</min-parsetime>
    <max-parsetime>64.33</max-parsetime>
    <range>47.91</range>
    <times>22.57 64.33 22.56 22.11 21.58 16.42 23.06 18.78</times>
    <uri>/tests/results-gxxx-2022-03-10T11:32:00.384/test-report.gxxx-test-catalog.xml</uri>
  </test-result>
  <test-result name="G022-O3-negative/G022-neg-045" result="pass" n="8">
    <mean-parsetime>26.43125</mean-parsetime>
    <min-parsetime>17.48</min-parsetime>
    <max-parsetime>34.37</max-parsetime>
    <range>16.889999999999997</range>
    <times>26.97 33.27 34.37 25.88 26.60 17.48 25.89 20.99</times>
    <uri>/tests/results-gxxx-2022-03-10T11:32:00.384/test-report.gxxx-test-catalog.xml</uri>
  </test-result>
  <test-result name="G112-O3-negative/G112-O3-neg-008" result="pass" n="8">
    <mean-parsetime>26.45</mean-parsetime>
    <min-parsetime>18.48</min-parsetime>
    <max-parsetime>36.83</max-parsetime>
    <range>18.349999999999998</range>
    <times>28.21 36.83 26.45 26.25 24.94 18.48 28.56 21.88</times>
    <uri>/tests/results-gxxx-2022-03-10T11:32:00.384/test-report.gxxx-test-catalog.xml</uri>
  </test-result>
  <test-result name="G102-O3-negative/G102-O3-neg-023" result="pass" n="8">
    <mean-parsetime>26.4525</mean-parsetime>
    <min-parsetime>18.46</min-parsetime>
    <max-parsetime>35.48</max-parsetime>
    <range>17.019999999999996</range>
    <times>25.38 35.48 29.38 27.84 26.55 18.46 27.81 20.72</times>
    <uri>/tests/results-gxxx-2022-03-10T11:32:00.384/test-report.gxxx-test-catalog.xml</uri>
  </test-result>
  <test-result name="G012-O3-negative/test-071" result="pass" n="8">
    <mean-parsetime>26.4675</mean-parsetime>
    <min-parsetime>19.03</min-parsetime>
    <max-parsetime>41.79</max-parsetime>
    <range>22.759999999999998</range>
    <times>25.18 41.79 28.34 24.11 26.23 19.03 25.13 21.93</times>
    <uri>/tests/results-gxxx-2022-03-10T11:32:00.384/test-report.gxxx-test-catalog.xml</uri>
  </test-result>
  <test-result name="G012-O3-negative/test-182" result="pass" n="8">
    <mean-parsetime>26.4825</mean-parsetime>
    <min-parsetime>16.93</min-parsetime>
    <max-parsetime>33.27</max-parsetime>
    <range>16.340000000000003</range>
    <times>27.85 33.27 27.87 29.97 27.19 16.93 27.40 21.38</times>
    <uri>/tests/results-gxxx-2022-03-10T11:32:00.384/test-report.gxxx-test-catalog.xml</uri>
  </test-result>
  <test-result name="G102-O3-negative/G102-O3-neg-021" result="pass" n="8">
    <mean-parsetime>26.4875</mean-parsetime>
    <min-parsetime>18.65</min-parsetime>
    <max-parsetime>34.06</max-parsetime>
    <range>15.410000000000004</range>
    <times>29.26 34.06 27.24 29.24 26.32 18.65 26.34 20.79</times>
    <uri>/tests/results-gxxx-2022-03-10T11:32:00.384/test-report.gxxx-test-catalog.xml</uri>
  </test-result>
  <test-result name="G102-O3-negative/G102-O3-neg-026" result="pass" n="8">
    <mean-parsetime>26.537499999999998</mean-parsetime>
    <min-parsetime>18.71</min-parsetime>
    <max-parsetime>36.33</max-parsetime>
    <range>17.619999999999997</range>
    <times>25.70 36.33 28.04 25.63 26.58 18.71 29.08 22.23</times>
    <uri>/tests/results-gxxx-2022-03-10T11:32:00.384/test-report.gxxx-test-catalog.xml</uri>
  </test-result>
  <test-result name="G102-O3-negative/G102-O3-neg-011" result="pass" n="8">
    <mean-parsetime>26.54375</mean-parsetime>
    <min-parsetime>19.86</min-parsetime>
    <max-parsetime>34.25</max-parsetime>
    <range>14.39</range>
    <times>27.20 34.25 25.69 27.91 27.17 19.86 28.67 21.60</times>
    <uri>/tests/results-gxxx-2022-03-10T11:32:00.384/test-report.gxxx-test-catalog.xml</uri>
  </test-result>
  <test-result name="G022-O3-negative/G022-neg-059" result="pass" n="8">
    <mean-parsetime>26.551249999999996</mean-parsetime>
    <min-parsetime>18.48</min-parsetime>
    <max-parsetime>34.25</max-parsetime>
    <range>15.77</range>
    <times>28.15 34.25 25.77 26.24 29.98 18.48 28.96 20.58</times>
    <uri>/tests/results-gxxx-2022-03-10T11:32:00.384/test-report.gxxx-test-catalog.xml</uri>
  </test-result>
  <test-result name="G112-O3-negative/G112-O3-neg-005" result="pass" n="8">
    <mean-parsetime>26.551250000000003</mean-parsetime>
    <min-parsetime>19.3</min-parsetime>
    <max-parsetime>32.09</max-parsetime>
    <range>12.790000000000003</range>
    <times>30.51 32.09 27.05 25.97 26.97 19.30 28.34 22.18</times>
    <uri>/tests/results-gxxx-2022-03-10T11:32:00.384/test-report.gxxx-test-catalog.xml</uri>
  </test-result>
  <test-result name="G102-O3-negative/G102-O3-neg-014" result="pass" n="8">
    <mean-parsetime>26.554999999999996</mean-parsetime>
    <min-parsetime>18.67</min-parsetime>
    <max-parsetime>33.31</max-parsetime>
    <range>14.64</range>
    <times>27.94 33.31 27.44 26.32 30.41 18.67 27.57 20.78</times>
    <uri>/tests/results-gxxx-2022-03-10T11:32:00.384/test-report.gxxx-test-catalog.xml</uri>
  </test-result>
  <test-result name="G102-O3-negative/G102-O3-neg-036" result="pass" n="8">
    <mean-parsetime>26.567500000000003</mean-parsetime>
    <min-parsetime>20.22</min-parsetime>
    <max-parsetime>34.07</max-parsetime>
    <range>13.850000000000001</range>
    <times>28.83 34.07 26.53 27.06 25.88 20.22 29.65 20.30</times>
    <uri>/tests/results-gxxx-2022-03-10T11:32:00.384/test-report.gxxx-test-catalog.xml</uri>
  </test-result>
  <test-result name="G012-O3-negative/test-171" result="pass" n="8">
    <mean-parsetime>26.595</mean-parsetime>
    <min-parsetime>17.4</min-parsetime>
    <max-parsetime>32.73</max-parsetime>
    <range>15.329999999999998</range>
    <times>27.87 32.73 28.27 28.56 32.07 17.40 26.04 19.82</times>
    <uri>/tests/results-gxxx-2022-03-10T11:32:00.384/test-report.gxxx-test-catalog.xml</uri>
  </test-result>
  <test-result name="G022-O3-negative/G022-neg-018" result="pass" n="8">
    <mean-parsetime>26.617500000000003</mean-parsetime>
    <min-parsetime>21.49</min-parsetime>
    <max-parsetime>31.41</max-parsetime>
    <range>9.920000000000002</range>
    <times>26.97 31.41 27.16 27.46 28.43 21.49 27.93 22.09</times>
    <uri>/tests/results-gxxx-2022-03-10T11:32:00.384/test-report.gxxx-test-catalog.xml</uri>
  </test-result>
  <test-result name="G012-O3-negative/test-061" result="pass" n="8">
    <mean-parsetime>26.63125</mean-parsetime>
    <min-parsetime>18.38</min-parsetime>
    <max-parsetime>37.02</max-parsetime>
    <range>18.640000000000004</range>
    <times>24.57 37.02 24.18 26.86 32.58 18.38 29.74 19.72</times>
    <uri>/tests/results-gxxx-2022-03-10T11:32:00.384/test-report.gxxx-test-catalog.xml</uri>
  </test-result>
  <test-result name="G102-O3-negative/G102-O3-neg-039" result="pass" n="8">
    <mean-parsetime>26.634999999999998</mean-parsetime>
    <min-parsetime>19.1</min-parsetime>
    <max-parsetime>34.8</max-parsetime>
    <range>15.699999999999996</range>
    <times>27.72 34.80 28.93 25.84 27.80 19.10 27.45 21.44</times>
    <uri>/tests/results-gxxx-2022-03-10T11:32:00.384/test-report.gxxx-test-catalog.xml</uri>
  </test-result>
  <test-result name="G022-O3-negative/G022-neg-062" result="pass" n="8">
    <mean-parsetime>26.635</mean-parsetime>
    <min-parsetime>20.9</min-parsetime>
    <max-parsetime>32.46</max-parsetime>
    <range>11.560000000000002</range>
    <times>26.42 32.46 27.03 26.41 30.38 21.17 28.31 20.90</times>
    <uri>/tests/results-gxxx-2022-03-10T11:32:00.384/test-report.gxxx-test-catalog.xml</uri>
  </test-result>
  <test-result name="G102-O3-negative/G102-O3-neg-001" result="pass" n="8">
    <mean-parsetime>26.66</mean-parsetime>
    <min-parsetime>18.65</min-parsetime>
    <max-parsetime>35.95</max-parsetime>
    <range>17.300000000000004</range>
    <times>34.54 35.95 26.14 25.01 25.76 18.65 27.63 19.60</times>
    <uri>/tests/results-gxxx-2022-03-10T11:32:00.384/test-report.gxxx-test-catalog.xml</uri>
  </test-result>
  <test-result name="G022-O3-negative/G022-neg-014" result="pass" n="8">
    <mean-parsetime>26.666249999999998</mean-parsetime>
    <min-parsetime>17.68</min-parsetime>
    <max-parsetime>31.98</max-parsetime>
    <range>14.3</range>
    <times>27.46 30.43 26.23 27.50 29.82 17.68 31.98 22.23</times>
    <uri>/tests/results-gxxx-2022-03-10T11:32:00.384/test-report.gxxx-test-catalog.xml</uri>
  </test-result>
  <test-result name="G112-O3-negative/G112-O3-neg-030" result="pass" n="8">
    <mean-parsetime>26.67</mean-parsetime>
    <min-parsetime>21.75</min-parsetime>
    <max-parsetime>33.05</max-parsetime>
    <range>11.299999999999997</range>
    <times>28.43 33.05 27.00 27.02 26.88 21.75 27.46 21.77</times>
    <uri>/tests/results-gxxx-2022-03-10T11:32:00.384/test-report.gxxx-test-catalog.xml</uri>
  </test-result>
  <test-result name="vowels/vowels-ok3" result="pass" n="11">
    <mean-parsetime>26.675454545454546</mean-parsetime>
    <min-parsetime>17.28</min-parsetime>
    <max-parsetime>40.06</max-parsetime>
    <range>22.78</range>
    <times>36.13 22.19 25.93 40.06 28.29 17.28 27.26 23.33 22.80 23.17 26.99</times>
    <uri>/tests/results-test1-2022-03-08T20:33:07.559/test-report.test1.xml</uri>
  </test-result>
  <test-result name="G022-positive/G022-pos-001" result="pass" n="8">
    <mean-parsetime>26.678750000000004</mean-parsetime>
    <min-parsetime>20.65</min-parsetime>
    <max-parsetime>33.09</max-parsetime>
    <range>12.440000000000005</range>
    <times>31.71 33.09 24.06 25.71 28.69 22.25 27.27 20.65</times>
    <uri>/tests/results-gxxx-2022-03-10T11:32:00.384/test-report.gxxx-test-catalog.xml</uri>
  </test-result>
  <test-result name="G022-O3-negative/G022-neg-001" result="pass" n="8">
    <mean-parsetime>26.68875</mean-parsetime>
    <min-parsetime>15.93</min-parsetime>
    <max-parsetime>46.86</max-parsetime>
    <range>30.93</range>
    <times>27.14 46.86 24.50 25.47 25.88 15.93 26.97 20.76</times>
    <uri>/tests/results-gxxx-2022-03-10T11:32:00.384/test-report.gxxx-test-catalog.xml</uri>
  </test-result>
  <test-result name="G102-O3-negative/G102-O3-neg-020" result="pass" n="8">
    <mean-parsetime>26.713750000000005</mean-parsetime>
    <min-parsetime>18.02</min-parsetime>
    <max-parsetime>35.93</max-parsetime>
    <range>17.91</range>
    <times>26.35 32.73 26.02 28.15 35.93 18.02 26.46 20.05</times>
    <uri>/tests/results-gxxx-2022-03-10T11:32:00.384/test-report.gxxx-test-catalog.xml</uri>
  </test-result>
  <test-result name="G012-O3-negative/test-168" result="pass" n="8">
    <mean-parsetime>26.728750000000005</mean-parsetime>
    <min-parsetime>17.87</min-parsetime>
    <max-parsetime>39.25</max-parsetime>
    <range>21.38</range>
    <times>26.97 39.25 26.88 27.42 30.94 17.87 24.83 19.67</times>
    <uri>/tests/results-gxxx-2022-03-10T11:32:00.384/test-report.gxxx-test-catalog.xml</uri>
  </test-result>
  <test-result name="G102-O3-negative/G102-O3-neg-017" result="pass" n="8">
    <mean-parsetime>26.737499999999997</mean-parsetime>
    <min-parsetime>20.56</min-parsetime>
    <max-parsetime>33.87</max-parsetime>
    <range>13.309999999999999</range>
    <times>29.25 33.87 27.93 27.39 24.95 20.87 29.08 20.56</times>
    <uri>/tests/results-gxxx-2022-03-10T11:32:00.384/test-report.gxxx-test-catalog.xml</uri>
  </test-result>
  <test-result name="G102-O3-negative/G102-O3-neg-010" result="pass" n="8">
    <mean-parsetime>26.75625</mean-parsetime>
    <min-parsetime>21.79</min-parsetime>
    <max-parsetime>31.32</max-parsetime>
    <range>9.530000000000001</range>
    <times>26.85 31.32 29.06 27.23 26.24 22.32 29.24 21.79</times>
    <uri>/tests/results-gxxx-2022-03-10T11:32:00.384/test-report.gxxx-test-catalog.xml</uri>
  </test-result>
  <test-result name="G022-O3-negative/G022-neg-061" result="pass" n="8">
    <mean-parsetime>26.76875</mean-parsetime>
    <min-parsetime>20.5</min-parsetime>
    <max-parsetime>31.96</max-parsetime>
    <range>11.46</range>
    <times>26.31 31.96 31.84 27.92 25.84 20.50 28.31 21.47</times>
    <uri>/tests/results-gxxx-2022-03-10T11:32:00.384/test-report.gxxx-test-catalog.xml</uri>
  </test-result>
  <test-result name="G112-O3-negative/G112-O3-neg-007" result="pass" n="8">
    <mean-parsetime>26.78</mean-parsetime>
    <min-parsetime>20.81</min-parsetime>
    <max-parsetime>32.19</max-parsetime>
    <range>11.379999999999999</range>
    <times>28.21 32.19 28.91 26.47 27.05 20.81 29.52 21.08</times>
    <uri>/tests/results-gxxx-2022-03-10T11:32:00.384/test-report.gxxx-test-catalog.xml</uri>
  </test-result>
  <test-result name="G012-O3-negative/test-165" result="pass" n="8">
    <mean-parsetime>26.7975</mean-parsetime>
    <min-parsetime>17.86</min-parsetime>
    <max-parsetime>33.4</max-parsetime>
    <range>15.54</range>
    <times>30.63 33.40 24.80 29.91 28.23 17.86 26.49 23.06</times>
    <uri>/tests/results-gxxx-2022-03-10T11:32:00.384/test-report.gxxx-test-catalog.xml</uri>
  </test-result>
  <test-result name="G022-O3-negative/G022-neg-066" result="pass" n="8">
    <mean-parsetime>26.8275</mean-parsetime>
    <min-parsetime>20.68</min-parsetime>
    <max-parsetime>31.87</max-parsetime>
    <range>11.190000000000001</range>
    <times>29.70 31.87 28.50 27.94 26.88 20.68 27.52 21.53</times>
    <uri>/tests/results-gxxx-2022-03-10T11:32:00.384/test-report.gxxx-test-catalog.xml</uri>
  </test-result>
  <test-result name="G022-O3-negative/G022-neg-008" result="pass" n="8">
    <mean-parsetime>26.83</mean-parsetime>
    <min-parsetime>20.13</min-parsetime>
    <max-parsetime>33.21</max-parsetime>
    <range>13.080000000000002</range>
    <times>26.47 30.70 28.15 27.03 33.21 20.13 27.70 21.25</times>
    <uri>/tests/results-gxxx-2022-03-10T11:32:00.384/test-report.gxxx-test-catalog.xml</uri>
  </test-result>
  <test-result name="G102-O3-negative/G102-O3-neg-013" result="pass" n="8">
    <mean-parsetime>26.86</mean-parsetime>
    <min-parsetime>18.98</min-parsetime>
    <max-parsetime>39.53</max-parsetime>
    <range>20.55</range>
    <times>26.69 39.53 27.49 30.11 24.79 18.98 27.15 20.14</times>
    <uri>/tests/results-gxxx-2022-03-10T11:32:00.384/test-report.gxxx-test-catalog.xml</uri>
  </test-result>
  <test-result name="G102-O3-negative/G102-O3-neg-047" result="pass" n="8">
    <mean-parsetime>26.872500000000002</mean-parsetime>
    <min-parsetime>19.8</min-parsetime>
    <max-parsetime>33.78</max-parsetime>
    <range>13.98</range>
    <times>27.77 33.78 26.73 29.52 27.20 19.80 28.02 22.16</times>
    <uri>/tests/results-gxxx-2022-03-10T11:32:00.384/test-report.gxxx-test-catalog.xml</uri>
  </test-result>
  <test-result name="zeroes-lrec-hidden/t-5x0" result="pass" n="8">
    <mean-parsetime>26.88</mean-parsetime>
    <min-parsetime>23.04</min-parsetime>
    <max-parsetime>32.15</max-parsetime>
    <range>9.11</range>
    <times>30.22 32.15 28.42 25.66 23.04 25.23 25.86 24.46</times>
    <uri>/tests/results-zeroes-2022-04-10T21:56:13.413/test-report.zeroes-tests.xml</uri>
  </test-result>
  <test-result name="G102-O3-negative/G102-O3-neg-016" result="pass" n="8">
    <mean-parsetime>26.89</mean-parsetime>
    <min-parsetime>18.24</min-parsetime>
    <max-parsetime>41.32</max-parsetime>
    <range>23.080000000000002</range>
    <times>27.46 41.32 26.54 27.39 25.87 18.24 27.18 21.12</times>
    <uri>/tests/results-gxxx-2022-03-10T11:32:00.384/test-report.gxxx-test-catalog.xml</uri>
  </test-result>
  <test-result name="a/a1" result="pass" n="9">
    <mean-parsetime>26.91888888888889</mean-parsetime>
    <min-parsetime>16.46</min-parsetime>
    <max-parsetime>42.26</max-parsetime>
    <range>25.799999999999997</range>
    <times>30.84 21.81 23.37 34.85 16.46 42.26 22.33 21.29 29.06</times>
    <uri>/tests/results-test1-2022-03-08T20:33:07.559/test-report.test1.xml</uri>
  </test-result>
  <test-result name="G102-O3-negative/G102-O3-neg-029" result="pass" n="8">
    <mean-parsetime>26.933749999999996</mean-parsetime>
    <min-parsetime>18.69</min-parsetime>
    <max-parsetime>32.59</max-parsetime>
    <range>13.900000000000002</range>
    <times>29.20 32.59 25.62 26.39 27.08 18.69 25.58 30.32</times>
    <uri>/tests/results-gxxx-2022-03-10T11:32:00.384/test-report.gxxx-test-catalog.xml</uri>
  </test-result>
  <test-result name="G012-O3-negative/test-060" result="pass" n="8">
    <mean-parsetime>26.962500000000002</mean-parsetime>
    <min-parsetime>17.66</min-parsetime>
    <max-parsetime>42.63</max-parsetime>
    <range>24.970000000000002</range>
    <times>23.57 34.84 24.63 25.56 25.60 17.66 42.63 21.21</times>
    <uri>/tests/results-gxxx-2022-03-10T11:32:00.384/test-report.gxxx-test-catalog.xml</uri>
  </test-result>
  <test-result name="G012-O3-negative/test-181" result="pass" n="8">
    <mean-parsetime>26.967499999999998</mean-parsetime>
    <min-parsetime>17.32</min-parsetime>
    <max-parsetime>35.37</max-parsetime>
    <range>18.049999999999997</range>
    <times>29.26 35.37 28.65 27.96 27.56 17.32 28.33 21.29</times>
    <uri>/tests/results-gxxx-2022-03-10T11:32:00.384/test-report.gxxx-test-catalog.xml</uri>
  </test-result>
  <test-result name="G112-O3-negative/G112-O3-neg-035" result="pass" n="8">
    <mean-parsetime>27.005</mean-parsetime>
    <min-parsetime>19.68</min-parsetime>
    <max-parsetime>32.93</max-parsetime>
    <range>13.25</range>
    <times>28.34 32.93 29.08 28.80 28.11 19.68 28.81 20.29</times>
    <uri>/tests/results-gxxx-2022-03-10T11:32:00.384/test-report.gxxx-test-catalog.xml</uri>
  </test-result>
  <test-result name="sample.grammar.04/g04.c07" result="pass fail" n="2">
    <mean-parsetime>27.005000000000003</mean-parsetime>
    <min-parsetime>25.09</min-parsetime>
    <max-parsetime>28.92</max-parsetime>
    <range>3.830000000000002</range>
    <times>25.09 28.92</times>
    <uri>/tests/results-wisp-A-2022-02-20T19:55:01.204/test-report.wisps-001-020-catalog.xml</uri>
  </test-result>
  <test-result name="G102-O3-negative/G102-O3-neg-053" result="pass" n="8">
    <mean-parsetime>27.01</mean-parsetime>
    <min-parsetime>18.3</min-parsetime>
    <max-parsetime>31.71</max-parsetime>
    <range>13.41</range>
    <times>29.63 31.71 27.69 29.24 26.99 18.30 28.52 24.00</times>
    <uri>/tests/results-gxxx-2022-03-10T11:32:00.384/test-report.gxxx-test-catalog.xml</uri>
  </test-result>
  <test-result name="G012-O3-negative/test-072" result="pass" n="8">
    <mean-parsetime>27.011249999999997</mean-parsetime>
    <min-parsetime>18.62</min-parsetime>
    <max-parsetime>43.35</max-parsetime>
    <range>24.73</range>
    <times>24.94 30.59 43.35 25.07 24.06 18.62 24.33 25.13</times>
    <uri>/tests/results-gxxx-2022-03-10T11:32:00.384/test-report.gxxx-test-catalog.xml</uri>
  </test-result>
  <test-result name="G012-O3-negative/test-184" result="pass" n="8">
    <mean-parsetime>27.011249999999997</mean-parsetime>
    <min-parsetime>17.37</min-parsetime>
    <max-parsetime>33.38</max-parsetime>
    <range>16.01</range>
    <times>29.53 33.38 28.31 27.70 28.78 17.37 28.88 22.14</times>
    <uri>/tests/results-gxxx-2022-03-10T11:32:00.384/test-report.gxxx-test-catalog.xml</uri>
  </test-result>
  <test-result name="G102-O3-negative/G102-O3-neg-052" result="pass" n="8">
    <mean-parsetime>27.015</mean-parsetime>
    <min-parsetime>19.93</min-parsetime>
    <max-parsetime>32.52</max-parsetime>
    <range>12.590000000000003</range>
    <times>28.81 32.52 28.50 28.82 27.17 19.93 27.52 22.85</times>
    <uri>/tests/results-gxxx-2022-03-10T11:32:00.384/test-report.gxxx-test-catalog.xml</uri>
  </test-result>
  <test-result name="G102-O3-negative/G102-O3-neg-031" result="pass" n="8">
    <mean-parsetime>27.041249999999998</mean-parsetime>
    <min-parsetime>19.04</min-parsetime>
    <max-parsetime>34.61</max-parsetime>
    <range>15.57</range>
    <times>27.65 34.61 29.62 27.52 26.51 19.04 30.04 21.34</times>
    <uri>/tests/results-gxxx-2022-03-10T11:32:00.384/test-report.gxxx-test-catalog.xml</uri>
  </test-result>
  <test-result name="G012-O3-negative/test-185" result="pass" n="8">
    <mean-parsetime>27.076249999999998</mean-parsetime>
    <min-parsetime>17.21</min-parsetime>
    <max-parsetime>37.54</max-parsetime>
    <range>20.33</range>
    <times>28.04 37.54 28.63 27.84 27.31 17.21 28.01 22.03</times>
    <uri>/tests/results-gxxx-2022-03-10T11:32:00.384/test-report.gxxx-test-catalog.xml</uri>
  </test-result>
  <test-result name="G112-O3-negative/G112-O3-neg-036" result="pass" n="8">
    <mean-parsetime>27.0775</mean-parsetime>
    <min-parsetime>19.04</min-parsetime>
    <max-parsetime>33.53</max-parsetime>
    <range>14.490000000000002</range>
    <times>26.60 33.53 29.63 28.41 27.64 19.04 28.49 23.28</times>
    <uri>/tests/results-gxxx-2022-03-10T11:32:00.384/test-report.gxxx-test-catalog.xml</uri>
  </test-result>
  <test-result name="G102-O3-negative/G102-O3-neg-030" result="pass" n="8">
    <mean-parsetime>27.080000000000002</mean-parsetime>
    <min-parsetime>18.49</min-parsetime>
    <max-parsetime>34.13</max-parsetime>
    <range>15.640000000000004</range>
    <times>32.22 34.13 26.31 26.74 26.28 18.49 31.38 21.09</times>
    <uri>/tests/results-gxxx-2022-03-10T11:32:00.384/test-report.gxxx-test-catalog.xml</uri>
  </test-result>
  <test-result name="G102-O3-negative/G102-O3-neg-038" result="pass" n="8">
    <mean-parsetime>27.08125</mean-parsetime>
    <min-parsetime>20.55</min-parsetime>
    <max-parsetime>34.31</max-parsetime>
    <range>13.760000000000002</range>
    <times>30.52 34.31 27.71 26.50 26.61 20.55 26.21 24.24</times>
    <uri>/tests/results-gxxx-2022-03-10T11:32:00.384/test-report.gxxx-test-catalog.xml</uri>
  </test-result>
  <test-result name="G102-O3-negative/G102-O3-neg-048" result="pass" n="8">
    <mean-parsetime>27.0825</mean-parsetime>
    <min-parsetime>21.59</min-parsetime>
    <max-parsetime>34.17</max-parsetime>
    <range>12.580000000000002</range>
    <times>27.79 34.17 28.48 28.46 26.26 21.59 28.15 21.76</times>
    <uri>/tests/results-gxxx-2022-03-10T11:32:00.384/test-report.gxxx-test-catalog.xml</uri>
  </test-result>
  <test-result name="G102-O3-negative/G102-O3-neg-037" result="pass" n="8">
    <mean-parsetime>27.11625</mean-parsetime>
    <min-parsetime>18.99</min-parsetime>
    <max-parsetime>33.97</max-parsetime>
    <range>14.98</range>
    <times>28.28 33.97 31.82 26.43 26.90 18.99 26.93 23.61</times>
    <uri>/tests/results-gxxx-2022-03-10T11:32:00.384/test-report.gxxx-test-catalog.xml</uri>
  </test-result>
  <test-result name="G102-O3-negative/G102-O3-neg-054" result="pass" n="8">
    <mean-parsetime>27.12875</mean-parsetime>
    <min-parsetime>18.33</min-parsetime>
    <max-parsetime>37.58</max-parsetime>
    <range>19.25</range>
    <times>27.81 31.09 27.52 37.58 24.42 18.33 27.47 22.81</times>
    <uri>/tests/results-gxxx-2022-03-10T11:32:00.384/test-report.gxxx-test-catalog.xml</uri>
  </test-result>
  <test-result name="G112-O3-negative/G112-O3-neg-015" result="pass" n="8">
    <mean-parsetime>27.1375</mean-parsetime>
    <min-parsetime>20.18</min-parsetime>
    <max-parsetime>33.62</max-parsetime>
    <range>13.439999999999998</range>
    <times>30.69 33.62 26.17 29.24 27.17 20.18 28.54 21.49</times>
    <uri>/tests/results-gxxx-2022-03-10T11:32:00.384/test-report.gxxx-test-catalog.xml</uri>
  </test-result>
  <test-result name="G022-positive/G022-pos-002" result="pass" n="8">
    <mean-parsetime>27.146250000000002</mean-parsetime>
    <min-parsetime>17.65</min-parsetime>
    <max-parsetime>34.1</max-parsetime>
    <range>16.450000000000003</range>
    <times>28.75 34.10 26.81 30.00 28.15 17.65 27.63 24.08</times>
    <uri>/tests/results-gxxx-2022-03-10T11:32:00.384/test-report.gxxx-test-catalog.xml</uri>
  </test-result>
  <test-result name="zeroes-2020-10-22/t-2x0" result="pass" n="8">
    <mean-parsetime>27.15</mean-parsetime>
    <min-parsetime>19.51</min-parsetime>
    <max-parsetime>37.3</max-parsetime>
    <range>17.789999999999996</range>
    <times>30.80 31.28 37.30 24.00 19.51 26.73 23.64 23.94</times>
    <uri>/tests/results-zeroes-2022-04-10T21:56:13.413/test-report.zeroes-tests.xml</uri>
  </test-result>
  <test-result name="G102-O3-negative/G102-O3-neg-043" result="pass" n="8">
    <mean-parsetime>27.17</mean-parsetime>
    <min-parsetime>20.56</min-parsetime>
    <max-parsetime>32.82</max-parsetime>
    <range>12.260000000000002</range>
    <times>32.43 32.82 27.19 27.18 28.58 20.56 27.42 21.18</times>
    <uri>/tests/results-gxxx-2022-03-10T11:32:00.384/test-report.gxxx-test-catalog.xml</uri>
  </test-result>
  <test-result name="G102-O3-negative/G102-O3-neg-041" result="pass" n="8">
    <mean-parsetime>27.206249999999997</mean-parsetime>
    <min-parsetime>22.61</min-parsetime>
    <max-parsetime>32.24</max-parsetime>
    <range>9.630000000000003</range>
    <times>29.78 32.24 28.17 27.07 26.87 22.61 27.33 23.58</times>
    <uri>/tests/results-gxxx-2022-03-10T11:32:00.384/test-report.gxxx-test-catalog.xml</uri>
  </test-result>
  <test-result name="G012-O3-negative/test-073" result="pass" n="8">
    <mean-parsetime>27.24875</mean-parsetime>
    <min-parsetime>21.07</min-parsetime>
    <max-parsetime>33.2</max-parsetime>
    <range>12.130000000000003</range>
    <times>24.42 31.79 32.00 33.20 25.21 21.07 24.42 25.88</times>
    <uri>/tests/results-gxxx-2022-03-10T11:32:00.384/test-report.gxxx-test-catalog.xml</uri>
  </test-result>
  <test-result name="G102-O3-negative/G102-O3-neg-049" result="pass" n="8">
    <mean-parsetime>27.25125</mean-parsetime>
    <min-parsetime>20.58</min-parsetime>
    <max-parsetime>35.16</max-parsetime>
    <range>14.579999999999998</range>
    <times>27.03 35.16 27.30 27.47 29.61 20.58 29.12 21.74</times>
    <uri>/tests/results-gxxx-2022-03-10T11:32:00.384/test-report.gxxx-test-catalog.xml</uri>
  </test-result>
  <test-result name="G102-O3-negative/G102-O3-neg-051" result="pass" n="8">
    <mean-parsetime>27.255</mean-parsetime>
    <min-parsetime>19.94</min-parsetime>
    <max-parsetime>35.58</max-parsetime>
    <range>15.639999999999997</range>
    <times>28.29 35.58 28.65 27.29 27.04 19.94 29.27 21.98</times>
    <uri>/tests/results-gxxx-2022-03-10T11:32:00.384/test-report.gxxx-test-catalog.xml</uri>
  </test-result>
  <test-result name="G022-O3-negative/G022-neg-019" result="pass" n="8">
    <mean-parsetime>27.256249999999998</mean-parsetime>
    <min-parsetime>19.03</min-parsetime>
    <max-parsetime>33.69</max-parsetime>
    <range>14.659999999999997</range>
    <times>27.32 33.20 28.06 27.15 33.69 19.03 28.15 21.45</times>
    <uri>/tests/results-gxxx-2022-03-10T11:32:00.384/test-report.gxxx-test-catalog.xml</uri>
  </test-result>
  <test-result name="zeroes-ebnf/t-5x0" result="pass" n="8">
    <mean-parsetime>27.277499999999996</mean-parsetime>
    <min-parsetime>22.81</min-parsetime>
    <max-parsetime>34.83</max-parsetime>
    <range>12.02</range>
    <times>33.21 34.83 26.19 27.66 22.81 23.70 25.28 24.54</times>
    <uri>/tests/results-zeroes-2022-04-10T21:56:13.413/test-report.zeroes-tests.xml</uri>
  </test-result>
  <test-result name="zeroes-2021-09-14/t-2x0" result="pass" n="8">
    <mean-parsetime>27.295</mean-parsetime>
    <min-parsetime>19.84</min-parsetime>
    <max-parsetime>43.32</max-parsetime>
    <range>23.48</range>
    <times>27.82 43.32 26.23 23.67 19.84 26.48 25.39 25.61</times>
    <uri>/tests/results-zeroes-2022-04-10T21:56:13.413/test-report.zeroes-tests.xml</uri>
  </test-result>
  <test-result name="G012-O3-negative/test-195" result="pass" n="8">
    <mean-parsetime>27.295000000000005</mean-parsetime>
    <min-parsetime>19.75</min-parsetime>
    <max-parsetime>33.58</max-parsetime>
    <range>13.829999999999998</range>
    <times>27.56 32.56 27.46 27.37 33.58 19.75 28.81 21.27</times>
    <uri>/tests/results-gxxx-2022-03-10T11:32:00.384/test-report.gxxx-test-catalog.xml</uri>
  </test-result>
  <test-result name="G022-O3-negative/G022-neg-057" result="pass" n="8">
    <mean-parsetime>27.29875</mean-parsetime>
    <min-parsetime>19.7</min-parsetime>
    <max-parsetime>36.97</max-parsetime>
    <range>17.27</range>
    <times>27.36 36.97 26.80 28.68 28.54 19.70 27.00 23.34</times>
    <uri>/tests/results-gxxx-2022-03-10T11:32:00.384/test-report.gxxx-test-catalog.xml</uri>
  </test-result>
  <test-result name="G112-O3-negative/G112-O3-neg-020" result="pass" n="8">
    <mean-parsetime>27.3025</mean-parsetime>
    <min-parsetime>20.1</min-parsetime>
    <max-parsetime>34.22</max-parsetime>
    <range>14.119999999999997</range>
    <times>28.78 34.22 27.48 27.32 28.70 20.10 28.19 23.63</times>
    <uri>/tests/results-gxxx-2022-03-10T11:32:00.384/test-report.gxxx-test-catalog.xml</uri>
  </test-result>
  <test-result name="G012-O3-negative/test-170" result="pass" n="8">
    <mean-parsetime>27.32125</mean-parsetime>
    <min-parsetime>18.63</min-parsetime>
    <max-parsetime>34.15</max-parsetime>
    <range>15.52</range>
    <times>30.91 32.85 27.51 29.33 34.15 18.63 25.16 20.03</times>
    <uri>/tests/results-gxxx-2022-03-10T11:32:00.384/test-report.gxxx-test-catalog.xml</uri>
  </test-result>
  <test-result name="G012-O3-negative/test-189" result="pass" n="8">
    <mean-parsetime>27.325</mean-parsetime>
    <min-parsetime>17.46</min-parsetime>
    <max-parsetime>37.69</max-parsetime>
    <range>20.229999999999997</range>
    <times>27.41 37.69 25.10 26.66 33.65 17.46 29.35 21.28</times>
    <uri>/tests/results-gxxx-2022-03-10T11:32:00.384/test-report.gxxx-test-catalog.xml</uri>
  </test-result>
  <test-result name="G112-O3-negative/G112-O3-neg-044" result="pass" n="8">
    <mean-parsetime>27.333750000000002</mean-parsetime>
    <min-parsetime>19.44</min-parsetime>
    <max-parsetime>36.54</max-parsetime>
    <range>17.099999999999998</range>
    <times>28.41 36.54 27.65 28.05 27.66 19.44 28.87 22.05</times>
    <uri>/tests/results-gxxx-2022-03-10T11:32:00.384/test-report.gxxx-test-catalog.xml</uri>
  </test-result>
  <test-result name="G012-O3-negative/test-169" result="pass" n="8">
    <mean-parsetime>27.33625</mean-parsetime>
    <min-parsetime>17.18</min-parsetime>
    <max-parsetime>37.67</max-parsetime>
    <range>20.490000000000002</range>
    <times>28.17 37.67 27.27 29.56 31.90 17.18 26.79 20.15</times>
    <uri>/tests/results-gxxx-2022-03-10T11:32:00.384/test-report.gxxx-test-catalog.xml</uri>
  </test-result>
  <test-result name="G022-O3-negative/G022-neg-067" result="pass" n="8">
    <mean-parsetime>27.34125</mean-parsetime>
    <min-parsetime>20.7</min-parsetime>
    <max-parsetime>35.28</max-parsetime>
    <range>14.580000000000002</range>
    <times>29.96 35.28 26.94 27.20 28.90 20.70 28.34 21.41</times>
    <uri>/tests/results-gxxx-2022-03-10T11:32:00.384/test-report.gxxx-test-catalog.xml</uri>
  </test-result>
  <test-result name="G012-O3-negative/test-176" result="pass" n="8">
    <mean-parsetime>27.3575</mean-parsetime>
    <min-parsetime>17.43</min-parsetime>
    <max-parsetime>40.38</max-parsetime>
    <range>22.950000000000003</range>
    <times>27.43 40.38 27.48 28.13 29.83 17.43 26.78 21.40</times>
    <uri>/tests/results-gxxx-2022-03-10T11:32:00.384/test-report.gxxx-test-catalog.xml</uri>
  </test-result>
  <test-result name="G022-O3-negative/G022-neg-058" result="pass" n="8">
    <mean-parsetime>27.361250000000002</mean-parsetime>
    <min-parsetime>18.59</min-parsetime>
    <max-parsetime>33.44</max-parsetime>
    <range>14.849999999999998</range>
    <times>27.81 33.34 26.30 27.85 33.44 18.59 28.66 22.90</times>
    <uri>/tests/results-gxxx-2022-03-10T11:32:00.384/test-report.gxxx-test-catalog.xml</uri>
  </test-result>
  <test-result name="G112-O3-negative/G112-O3-neg-040" result="pass" n="8">
    <mean-parsetime>27.375</mean-parsetime>
    <min-parsetime>19.55</min-parsetime>
    <max-parsetime>39.1</max-parsetime>
    <range>19.55</range>
    <times>27.12 39.10 27.16 28.31 28.91 19.85 29.00 19.55</times>
    <uri>/tests/results-gxxx-2022-03-10T11:32:00.384/test-report.gxxx-test-catalog.xml</uri>
  </test-result>
  <test-result name="G012-O3-negative/test-166" result="pass" n="8">
    <mean-parsetime>27.377499999999998</mean-parsetime>
    <min-parsetime>18.11</min-parsetime>
    <max-parsetime>32.44</max-parsetime>
    <range>14.329999999999998</range>
    <times>27.78 32.44 25.34 27.87 30.79 18.11 32.43 24.26</times>
    <uri>/tests/results-gxxx-2022-03-10T11:32:00.384/test-report.gxxx-test-catalog.xml</uri>
  </test-result>
  <test-result name="G102-O3-negative/G102-O3-neg-044" result="pass" n="8">
    <mean-parsetime>27.391250000000003</mean-parsetime>
    <min-parsetime>20.27</min-parsetime>
    <max-parsetime>37.29</max-parsetime>
    <range>17.02</range>
    <times>26.86 37.29 27.74 27.77 27.53 20.27 29.74 21.93</times>
    <uri>/tests/results-gxxx-2022-03-10T11:32:00.384/test-report.gxxx-test-catalog.xml</uri>
  </test-result>
  <test-result name="G112-O3-negative/G112-O3-neg-012" result="pass" n="8">
    <mean-parsetime>27.405</mean-parsetime>
    <min-parsetime>20.83</min-parsetime>
    <max-parsetime>35</max-parsetime>
    <range>14.170000000000002</range>
    <times>31.28 35.00 27.43 26.97 28.10 21.77 27.86 20.83</times>
    <uri>/tests/results-gxxx-2022-03-10T11:32:00.384/test-report.gxxx-test-catalog.xml</uri>
  </test-result>
  <test-result name="G022-O3-negative/G022-neg-013" result="pass" n="8">
    <mean-parsetime>27.412499999999998</mean-parsetime>
    <min-parsetime>17.54</min-parsetime>
    <max-parsetime>36.57</max-parsetime>
    <range>19.03</range>
    <times>27.23 35.52 26.87 26.19 27.38 17.54 36.57 22.00</times>
    <uri>/tests/results-gxxx-2022-03-10T11:32:00.384/test-report.gxxx-test-catalog.xml</uri>
  </test-result>
  <test-result name="G012-O3-negative/test-164" result="pass" n="8">
    <mean-parsetime>27.415</mean-parsetime>
    <min-parsetime>19.21</min-parsetime>
    <max-parsetime>37.73</max-parsetime>
    <range>18.519999999999996</range>
    <times>28.13 37.73 25.24 29.97 28.63 19.21 28.46 21.95</times>
    <uri>/tests/results-gxxx-2022-03-10T11:32:00.384/test-report.gxxx-test-catalog.xml</uri>
  </test-result>
  <test-result name="G022-O3-negative/G022-neg-022" result="pass" n="8">
    <mean-parsetime>27.419999999999998</mean-parsetime>
    <min-parsetime>21.12</min-parsetime>
    <max-parsetime>33.58</max-parsetime>
    <range>12.459999999999997</range>
    <times>30.35 33.58 27.05 26.84 28.33 21.12 29.36 22.73</times>
    <uri>/tests/results-gxxx-2022-03-10T11:32:00.384/test-report.gxxx-test-catalog.xml</uri>
  </test-result>
  <test-result name="G022-positive/G022-pos-003" result="pass" n="8">
    <mean-parsetime>27.422500000000003</mean-parsetime>
    <min-parsetime>15.89</min-parsetime>
    <max-parsetime>36.22</max-parsetime>
    <range>20.33</range>
    <times>26.88 36.22 30.43 28.70 31.87 15.89 26.24 23.15</times>
    <uri>/tests/results-gxxx-2022-03-10T11:32:00.384/test-report.gxxx-test-catalog.xml</uri>
  </test-result>
  <test-result name="G102-O3-negative/G102-O3-neg-032" result="pass" n="8">
    <mean-parsetime>27.44625</mean-parsetime>
    <min-parsetime>19.85</min-parsetime>
    <max-parsetime>35.61</max-parsetime>
    <range>15.759999999999998</range>
    <times>24.54 35.61 26.81 29.21 30.93 19.85 30.63 21.99</times>
    <uri>/tests/results-gxxx-2022-03-10T11:32:00.384/test-report.gxxx-test-catalog.xml</uri>
  </test-result>
  <test-result name="invalid-range/invalid-range" result="fail" n="1">
    <mean-parsetime>27.47</mean-parsetime>
    <min-parsetime>27.47</min-parsetime>
    <max-parsetime>27.47</max-parsetime>
    <range>0</range>
    <times>27.47</times>
    <uri>/tests/results-ixml-all-2022-04-10T21:57:35.886/test-report.test-catalog.xml</uri>
  </test-result>
  <test-result name="G012-O3-negative/test-180" result="pass" n="8">
    <mean-parsetime>27.5</mean-parsetime>
    <min-parsetime>18.18</min-parsetime>
    <max-parsetime>37.31</max-parsetime>
    <range>19.130000000000003</range>
    <times>30.69 37.31 27.25 27.32 31.32 18.18 27.43 20.50</times>
    <uri>/tests/results-gxxx-2022-03-10T11:32:00.384/test-report.gxxx-test-catalog.xml</uri>
  </test-result>
  <test-result name="G112-O3-negative/G112-O3-neg-034" result="pass" n="8">
    <mean-parsetime>27.5225</mean-parsetime>
    <min-parsetime>19.96</min-parsetime>
    <max-parsetime>32.86</max-parsetime>
    <range>12.899999999999999</range>
    <times>26.08 32.86 29.59 30.32 29.65 19.96 30.43 21.29</times>
    <uri>/tests/results-gxxx-2022-03-10T11:32:00.384/test-report.gxxx-test-catalog.xml</uri>
  </test-result>
  <test-result name="G012-O3-negative/test-150" result="pass" n="8">
    <mean-parsetime>27.525</mean-parsetime>
    <min-parsetime>17.31</min-parsetime>
    <max-parsetime>39.31</max-parsetime>
    <range>22.000000000000004</range>
    <times>25.72 39.31 25.01 35.01 27.37 17.31 27.58 22.89</times>
    <uri>/tests/results-gxxx-2022-03-10T11:32:00.384/test-report.gxxx-test-catalog.xml</uri>
  </test-result>
  <test-result name="G112-O3-negative/G112-O3-neg-042" result="pass" n="8">
    <mean-parsetime>27.5325</mean-parsetime>
    <min-parsetime>19.2</min-parsetime>
    <max-parsetime>34.57</max-parsetime>
    <range>15.370000000000001</range>
    <times>27.65 34.57 27.82 28.61 30.95 19.20 29.52 21.94</times>
    <uri>/tests/results-gxxx-2022-03-10T11:32:00.384/test-report.gxxx-test-catalog.xml</uri>
  </test-result>
  <test-result name="G112-O3-negative/G112-O3-neg-016" result="pass" n="8">
    <mean-parsetime>27.547500000000003</mean-parsetime>
    <min-parsetime>20.27</min-parsetime>
    <max-parsetime>33.42</max-parsetime>
    <range>13.150000000000002</range>
    <times>30.41 33.42 27.29 26.53 30.63 20.27 27.49 24.34</times>
    <uri>/tests/results-gxxx-2022-03-10T11:32:00.384/test-report.gxxx-test-catalog.xml</uri>
  </test-result>
  <test-result name="G112-O3-negative/G112-O3-neg-037" result="pass" n="8">
    <mean-parsetime>27.556250000000006</mean-parsetime>
    <min-parsetime>19.67</min-parsetime>
    <max-parsetime>33.56</max-parsetime>
    <range>13.89</range>
    <times>30.20 33.56 28.49 32.92 27.38 19.67 26.55 21.68</times>
    <uri>/tests/results-gxxx-2022-03-10T11:32:00.384/test-report.gxxx-test-catalog.xml</uri>
  </test-result>
  <test-result name="G022-O3-negative/G022-neg-063" result="pass" n="8">
    <mean-parsetime>27.558750000000003</mean-parsetime>
    <min-parsetime>20.17</min-parsetime>
    <max-parsetime>32.37</max-parsetime>
    <range>12.199999999999996</range>
    <times>32.37 32.12 32.26 27.37 27.46 20.17 27.80 20.92</times>
    <uri>/tests/results-gxxx-2022-03-10T11:32:00.384/test-report.gxxx-test-catalog.xml</uri>
  </test-result>
  <test-result name="G102-O3-negative/G102-O3-neg-002" result="pass" n="8">
    <mean-parsetime>27.575</mean-parsetime>
    <min-parsetime>20.32</min-parsetime>
    <max-parsetime>39.18</max-parsetime>
    <range>18.86</range>
    <times>30.83 33.16 25.61 25.19 39.18 20.32 25.99 20.32</times>
    <uri>/tests/results-gxxx-2022-03-10T11:32:00.384/test-report.gxxx-test-catalog.xml</uri>
  </test-result>
  <test-result name="G102-O3-negative/G102-O3-neg-046" result="pass" n="8">
    <mean-parsetime>27.57875</mean-parsetime>
    <min-parsetime>19.54</min-parsetime>
    <max-parsetime>33.72</max-parsetime>
    <range>14.18</range>
    <times>32.62 33.72 27.15 28.91 27.25 19.54 28.20 23.24</times>
    <uri>/tests/results-gxxx-2022-03-10T11:32:00.384/test-report.gxxx-test-catalog.xml</uri>
  </test-result>
  <test-result name="G012-O3-negative/test-177" result="pass" n="8">
    <mean-parsetime>27.58375</mean-parsetime>
    <min-parsetime>19.77</min-parsetime>
    <max-parsetime>32.9</max-parsetime>
    <range>13.129999999999999</range>
    <times>29.38 32.90 30.19 29.87 27.36 19.77 29.60 21.60</times>
    <uri>/tests/results-gxxx-2022-03-10T11:32:00.384/test-report.gxxx-test-catalog.xml</uri>
  </test-result>
  <test-result name="G012-O3-negative/test-191" result="pass" n="8">
    <mean-parsetime>27.59875</mean-parsetime>
    <min-parsetime>18.37</min-parsetime>
    <max-parsetime>39.42</max-parsetime>
    <range>21.05</range>
    <times>27.33 39.42 23.94 30.02 28.02 18.37 29.62 24.07</times>
    <uri>/tests/results-gxxx-2022-03-10T11:32:00.384/test-report.gxxx-test-catalog.xml</uri>
  </test-result>
  <test-result name="G112-O3-negative/G112-O3-neg-018" result="pass" n="8">
    <mean-parsetime>27.67625</mean-parsetime>
    <min-parsetime>18.96</min-parsetime>
    <max-parsetime>32.57</max-parsetime>
    <range>13.61</range>
    <times>30.95 32.57 27.58 28.42 30.16 18.96 30.86 21.91</times>
    <uri>/tests/results-gxxx-2022-03-10T11:32:00.384/test-report.gxxx-test-catalog.xml</uri>
  </test-result>
  <test-result name="syntax-ixml/name-with-spaces" result="pass" n="4">
    <mean-parsetime>27.677500000000002</mean-parsetime>
    <min-parsetime>20.94</min-parsetime>
    <max-parsetime>35.93</max-parsetime>
    <range>14.989999999999998</range>
    <times>26.65 27.19 20.94 35.93</times>
    <uri>/tests/results-syntax-caii-2022-03-08T22:09:25.646/test-report.catalog-as-instance-tests-ixml.xml</uri>
  </test-result>
  <test-result name="G012-O3-negative/test-194" result="pass" n="8">
    <mean-parsetime>27.6825</mean-parsetime>
    <min-parsetime>19.99</min-parsetime>
    <max-parsetime>31.82</max-parsetime>
    <range>11.830000000000002</range>
    <times>31.71 31.82 27.57 29.23 30.77 19.99 28.74 21.63</times>
    <uri>/tests/results-gxxx-2022-03-10T11:32:00.384/test-report.gxxx-test-catalog.xml</uri>
  </test-result>
  <test-result name="G022-O3-negative/G022-neg-050" result="pass" n="8">
    <mean-parsetime>27.693749999999998</mean-parsetime>
    <min-parsetime>17.26</min-parsetime>
    <max-parsetime>33.76</max-parsetime>
    <range>16.499999999999996</range>
    <times>33.33 30.49 26.05 26.50 27.45 17.26 26.71 33.76</times>
    <uri>/tests/results-gxxx-2022-03-10T11:32:00.384/test-report.gxxx-test-catalog.xml</uri>
  </test-result>
  <test-result name="G011-O3-negative/test-21" result="pass" n="8">
    <mean-parsetime>27.698750000000004</mean-parsetime>
    <min-parsetime>18.12</min-parsetime>
    <max-parsetime>42.84</max-parsetime>
    <range>24.720000000000002</range>
    <times>25.12 42.84 34.23 26.96 22.88 28.14 23.30 18.12</times>
    <uri>/tests/results-gxxx-2022-03-10T11:32:00.384/test-report.gxxx-test-catalog.xml</uri>
  </test-result>
  <test-result name="G022-O3-negative/G022-neg-064" result="pass" n="8">
    <mean-parsetime>27.73375</mean-parsetime>
    <min-parsetime>19.66</min-parsetime>
    <max-parsetime>32.84</max-parsetime>
    <range>13.180000000000003</range>
    <times>32.77 32.84 28.34 30.68 29.36 19.66 27.39 20.83</times>
    <uri>/tests/results-gxxx-2022-03-10T11:32:00.384/test-report.gxxx-test-catalog.xml</uri>
  </test-result>
  <test-result name="G012-O3-negative/test-174" result="pass" n="8">
    <mean-parsetime>27.738750000000003</mean-parsetime>
    <min-parsetime>20.83</min-parsetime>
    <max-parsetime>39.63</max-parsetime>
    <range>18.800000000000004</range>
    <times>27.70 39.63 32.70 27.39 28.64 20.96 24.06 20.83</times>
    <uri>/tests/results-gxxx-2022-03-10T11:32:00.384/test-report.gxxx-test-catalog.xml</uri>
  </test-result>
  <test-result name="G012-O3-negative/test-226" result="pass" n="8">
    <mean-parsetime>27.768749999999997</mean-parsetime>
    <min-parsetime>21.39</min-parsetime>
    <max-parsetime>33.77</max-parsetime>
    <range>12.380000000000003</range>
    <times>28.34 33.77 28.45 28.54 29.60 21.39 28.54 23.52</times>
    <uri>/tests/results-gxxx-2022-03-10T11:32:00.384/test-report.gxxx-test-catalog.xml</uri>
  </test-result>
  <test-result name="G112-O3-negative/G112-O3-neg-002" result="pass" n="8">
    <mean-parsetime>27.77375</mean-parsetime>
    <min-parsetime>20.16</min-parsetime>
    <max-parsetime>39.34</max-parsetime>
    <range>19.180000000000003</range>
    <times>29.93 39.34 29.29 26.74 25.88 20.65 30.20 20.16</times>
    <uri>/tests/results-gxxx-2022-03-10T11:32:00.384/test-report.gxxx-test-catalog.xml</uri>
  </test-result>
  <test-result name="G012-O3-negative/test-193" result="pass" n="8">
    <mean-parsetime>27.776249999999997</mean-parsetime>
    <min-parsetime>21.99</min-parsetime>
    <max-parsetime>31.96</max-parsetime>
    <range>9.970000000000002</range>
    <times>31.74 31.96 27.50 28.06 29.50 21.99 29.29 22.17</times>
    <uri>/tests/results-gxxx-2022-03-10T11:32:00.384/test-report.gxxx-test-catalog.xml</uri>
  </test-result>
  <test-result name="G012-O3-negative/test-063" result="pass" n="8">
    <mean-parsetime>27.80375</mean-parsetime>
    <min-parsetime>18.15</min-parsetime>
    <max-parsetime>49.93</max-parsetime>
    <range>31.78</range>
    <times>24.08 49.93 24.54 26.01 29.18 18.15 26.21 24.33</times>
    <uri>/tests/results-gxxx-2022-03-10T11:32:00.384/test-report.gxxx-test-catalog.xml</uri>
  </test-result>
  <test-result name="G112-O3-negative/G112-O3-neg-004" result="pass" n="8">
    <mean-parsetime>27.8125</mean-parsetime>
    <min-parsetime>18.54</min-parsetime>
    <max-parsetime>44.04</max-parsetime>
    <range>25.5</range>
    <times>28.62 31.83 25.23 29.24 25.54 18.54 44.04 19.46</times>
    <uri>/tests/results-gxxx-2022-03-10T11:32:00.384/test-report.gxxx-test-catalog.xml</uri>
  </test-result>
  <test-result name="G022-O3-negative/G022-neg-007" result="pass" n="8">
    <mean-parsetime>27.841250000000002</mean-parsetime>
    <min-parsetime>17.46</min-parsetime>
    <max-parsetime>36.82</max-parsetime>
    <range>19.36</range>
    <times>28.38 36.82 33.59 25.40 30.02 17.46 29.67 21.39</times>
    <uri>/tests/results-gxxx-2022-03-10T11:32:00.384/test-report.gxxx-test-catalog.xml</uri>
  </test-result>
  <test-result name="G022-O3-negative/G022-neg-021" result="pass" n="8">
    <mean-parsetime>27.855</mean-parsetime>
    <min-parsetime>20.53</min-parsetime>
    <max-parsetime>33.27</max-parsetime>
    <range>12.740000000000002</range>
    <times>31.69 33.27 30.62 26.87 29.11 20.53 27.48 23.27</times>
    <uri>/tests/results-gxxx-2022-03-10T11:32:00.384/test-report.gxxx-test-catalog.xml</uri>
  </test-result>
  <test-result name="G112-O3-negative/G112-O3-neg-039" result="pass" n="8">
    <mean-parsetime>27.893749999999997</mean-parsetime>
    <min-parsetime>19.67</min-parsetime>
    <max-parsetime>36.79</max-parsetime>
    <range>17.119999999999997</range>
    <times>27.74 36.79 27.23 27.20 32.50 19.67 29.48 22.54</times>
    <uri>/tests/results-gxxx-2022-03-10T11:32:00.384/test-report.gxxx-test-catalog.xml</uri>
  </test-result>
  <test-result name="G102-O3-negative/G102-O3-neg-050" result="pass" n="8">
    <mean-parsetime>27.894999999999996</mean-parsetime>
    <min-parsetime>20.61</min-parsetime>
    <max-parsetime>38.91</max-parsetime>
    <range>18.299999999999997</range>
    <times>28.38 38.91 27.13 27.14 29.54 20.61 28.14 23.31</times>
    <uri>/tests/results-gxxx-2022-03-10T11:32:00.384/test-report.gxxx-test-catalog.xml</uri>
  </test-result>
  <test-result name="G022-O3-negative/G022-neg-072" result="pass" n="8">
    <mean-parsetime>27.89875</mean-parsetime>
    <min-parsetime>21.25</min-parsetime>
    <max-parsetime>34.62</max-parsetime>
    <range>13.369999999999997</range>
    <times>28.21 34.62 28.70 29.62 29.69 21.25 28.21 22.89</times>
    <uri>/tests/results-gxxx-2022-03-10T11:32:00.384/test-report.gxxx-test-catalog.xml</uri>
  </test-result>
  <test-result name="G112-O3-negative/G112-O3-neg-043" result="pass" n="8">
    <mean-parsetime>27.91125</mean-parsetime>
    <min-parsetime>19.04</min-parsetime>
    <max-parsetime>38.12</max-parsetime>
    <range>19.08</range>
    <times>28.85 38.12 27.99 29.82 27.84 19.04 29.66 21.97</times>
    <uri>/tests/results-gxxx-2022-03-10T11:32:00.384/test-report.gxxx-test-catalog.xml</uri>
  </test-result>
  <test-result name="G022-O3-negative/G022-neg-023" result="pass" n="8">
    <mean-parsetime>27.928749999999997</mean-parsetime>
    <min-parsetime>20.28</min-parsetime>
    <max-parsetime>32.49</max-parsetime>
    <range>12.21</range>
    <times>28.10 31.93 27.58 32.49 30.28 20.28 27.86 24.91</times>
    <uri>/tests/results-gxxx-2022-03-10T11:32:00.384/test-report.gxxx-test-catalog.xml</uri>
  </test-result>
  <test-result name="G112-O3-negative/G112-O3-neg-032" result="pass" n="8">
    <mean-parsetime>27.92875</mean-parsetime>
    <min-parsetime>18.81</min-parsetime>
    <max-parsetime>37.82</max-parsetime>
    <range>19.01</range>
    <times>30.48 37.82 28.47 26.79 29.35 18.81 31.09 20.62</times>
    <uri>/tests/results-gxxx-2022-03-10T11:32:00.384/test-report.gxxx-test-catalog.xml</uri>
  </test-result>
  <test-result name="G012-O3-negative/test-173" result="pass" n="8">
    <mean-parsetime>27.979999999999997</mean-parsetime>
    <min-parsetime>17.37</min-parsetime>
    <max-parsetime>39.1</max-parsetime>
    <range>21.73</range>
    <times>28.83 36.11 29.91 28.09 39.10 17.37 24.95 19.48</times>
    <uri>/tests/results-gxxx-2022-03-10T11:32:00.384/test-report.gxxx-test-catalog.xml</uri>
  </test-result>
  <test-result name="G112-O3-negative/G112-O3-neg-019" result="pass" n="8">
    <mean-parsetime>27.9875</mean-parsetime>
    <min-parsetime>19.75</min-parsetime>
    <max-parsetime>32.93</max-parsetime>
    <range>13.18</range>
    <times>26.76 32.60 29.24 32.93 31.44 19.75 28.09 23.09</times>
    <uri>/tests/results-gxxx-2022-03-10T11:32:00.384/test-report.gxxx-test-catalog.xml</uri>
  </test-result>
  <test-result name="G012-O3-negative/test-076" result="pass" n="8">
    <mean-parsetime>27.990000000000002</mean-parsetime>
    <min-parsetime>17.96</min-parsetime>
    <max-parsetime>44.34</max-parsetime>
    <range>26.380000000000003</range>
    <times>25.82 33.65 24.25 32.31 26.50 17.96 44.34 19.09</times>
    <uri>/tests/results-gxxx-2022-03-10T11:32:00.384/test-report.gxxx-test-catalog.xml</uri>
  </test-result>
  <test-result name="G102-O3-negative/G102-O3-neg-012" result="pass" n="8">
    <mean-parsetime>28.00125</mean-parsetime>
    <min-parsetime>21.83</min-parsetime>
    <max-parsetime>35.31</max-parsetime>
    <range>13.480000000000004</range>
    <times>27.37 34.89 26.44 35.31 26.80 21.83 28.27 23.10</times>
    <uri>/tests/results-gxxx-2022-03-10T11:32:00.384/test-report.gxxx-test-catalog.xml</uri>
  </test-result>
  <test-result name="G102-O3-negative/G102-O3-neg-042" result="pass" n="8">
    <mean-parsetime>28.005000000000003</mean-parsetime>
    <min-parsetime>19.72</min-parsetime>
    <max-parsetime>37.94</max-parsetime>
    <range>18.22</range>
    <times>37.94 32.03 28.21 27.48 27.73 19.72 26.49 24.44</times>
    <uri>/tests/results-gxxx-2022-03-10T11:32:00.384/test-report.gxxx-test-catalog.xml</uri>
  </test-result>
  <test-result name="G012-O3-negative/test-178" result="pass" n="8">
    <mean-parsetime>28.021250000000002</mean-parsetime>
    <min-parsetime>22.11</min-parsetime>
    <max-parsetime>35.29</max-parsetime>
    <range>13.18</range>
    <times>30.30 35.29 27.45 27.26 29.66 25.83 26.27 22.11</times>
    <uri>/tests/results-gxxx-2022-03-10T11:32:00.384/test-report.gxxx-test-catalog.xml</uri>
  </test-result>
  <test-result name="G012-O3-negative/test-183" result="pass" n="8">
    <mean-parsetime>28.026250000000005</mean-parsetime>
    <min-parsetime>17.5</min-parsetime>
    <max-parsetime>39.11</max-parsetime>
    <range>21.61</range>
    <times>30.32 39.11 28.18 27.26 30.08 17.50 27.99 23.77</times>
    <uri>/tests/results-gxxx-2022-03-10T11:32:00.384/test-report.gxxx-test-catalog.xml</uri>
  </test-result>
  <test-result name="G012-O3-negative/test-151" result="pass" n="8">
    <mean-parsetime>28.030000000000005</mean-parsetime>
    <min-parsetime>17.89</min-parsetime>
    <max-parsetime>42.95</max-parsetime>
    <range>25.060000000000002</range>
    <times>42.95 32.14 28.41 26.99 26.59 17.89 26.24 23.03</times>
    <uri>/tests/results-gxxx-2022-03-10T11:32:00.384/test-report.gxxx-test-catalog.xml</uri>
  </test-result>
  <test-result name="G112-O3-negative/G112-O3-neg-017" result="pass" n="8">
    <mean-parsetime>28.06125</mean-parsetime>
    <min-parsetime>21.18</min-parsetime>
    <max-parsetime>34.89</max-parsetime>
    <range>13.71</range>
    <times>31.16 34.89 27.64 27.72 28.55 21.18 29.81 23.54</times>
    <uri>/tests/results-gxxx-2022-03-10T11:32:00.384/test-report.gxxx-test-catalog.xml</uri>
  </test-result>
  <test-result name="G022-O3-negative/G022-neg-065" result="pass" n="8">
    <mean-parsetime>28.078750000000003</mean-parsetime>
    <min-parsetime>21.46</min-parsetime>
    <max-parsetime>40.78</max-parsetime>
    <range>19.32</range>
    <times>30.75 40.78 26.10 27.07 27.21 22.80 28.46 21.46</times>
    <uri>/tests/results-gxxx-2022-03-10T11:32:00.384/test-report.gxxx-test-catalog.xml</uri>
  </test-result>
  <test-result name="G022-O3-negative/G022-neg-069" result="pass" n="8">
    <mean-parsetime>28.12</mean-parsetime>
    <min-parsetime>22.93</min-parsetime>
    <max-parsetime>35.44</max-parsetime>
    <range>12.509999999999998</range>
    <times>30.76 35.44 28.83 27.79 27.78 22.93 28.37 23.06</times>
    <uri>/tests/results-gxxx-2022-03-10T11:32:00.384/test-report.gxxx-test-catalog.xml</uri>
  </test-result>
  <test-result name="G012-O3-negative/test-223" result="pass" n="8">
    <mean-parsetime>28.130000000000003</mean-parsetime>
    <min-parsetime>19.84</min-parsetime>
    <max-parsetime>34.04</max-parsetime>
    <range>14.2</range>
    <times>28.06 33.68 34.04 28.16 29.78 19.84 29.18 22.30</times>
    <uri>/tests/results-gxxx-2022-03-10T11:32:00.384/test-report.gxxx-test-catalog.xml</uri>
  </test-result>
  <test-result name="G012-O3-negative/test-069" result="pass" n="8">
    <mean-parsetime>28.133749999999996</mean-parsetime>
    <min-parsetime>18.14</min-parsetime>
    <max-parsetime>46.53</max-parsetime>
    <range>28.39</range>
    <times>24.14 46.53 33.15 26.54 25.22 18.14 26.39 24.96</times>
    <uri>/tests/results-gxxx-2022-03-10T11:32:00.384/test-report.gxxx-test-catalog.xml</uri>
  </test-result>
  <test-result name="G112-O3-negative/G112-O3-neg-010" result="pass" n="8">
    <mean-parsetime>28.133750000000003</mean-parsetime>
    <min-parsetime>20.42</min-parsetime>
    <max-parsetime>38.49</max-parsetime>
    <range>18.07</range>
    <times>28.55 38.49 26.77 27.40 31.60 20.42 31.12 20.72</times>
    <uri>/tests/results-gxxx-2022-03-10T11:32:00.384/test-report.gxxx-test-catalog.xml</uri>
  </test-result>
  <test-result name="G012-O3-negative/test-136" result="pass" n="8">
    <mean-parsetime>28.13625</mean-parsetime>
    <min-parsetime>16.64</min-parsetime>
    <max-parsetime>45.12</max-parsetime>
    <range>28.479999999999997</range>
    <times>25.31 33.37 23.89 45.12 32.46 16.64 25.07 23.23</times>
    <uri>/tests/results-gxxx-2022-03-10T11:32:00.384/test-report.gxxx-test-catalog.xml</uri>
  </test-result>
  <test-result name="syntax-xml/name-with-spaces" result="pass" n="3">
    <mean-parsetime>28.2</mean-parsetime>
    <min-parsetime>19.76</min-parsetime>
    <max-parsetime>34.48</max-parsetime>
    <range>14.719999999999995</range>
    <times>34.48 19.76 30.36</times>
    <uri>/tests/results-ixml-all-2022-03-09T06:12:44.309/test-report.test-catalog.xml</uri>
  </test-result>
  <test-result name="G112-O3-negative/G112-O3-neg-023" result="pass" n="8">
    <mean-parsetime>28.205000000000002</mean-parsetime>
    <min-parsetime>21.21</min-parsetime>
    <max-parsetime>34.64</max-parsetime>
    <range>13.43</range>
    <times>27.67 34.64 30.09 28.73 29.32 21.21 30.53 23.45</times>
    <uri>/tests/results-gxxx-2022-03-10T11:32:00.384/test-report.gxxx-test-catalog.xml</uri>
  </test-result>
  <test-result name="G012-O3-negative/test-175" result="pass" n="8">
    <mean-parsetime>28.285000000000004</mean-parsetime>
    <min-parsetime>18.62</min-parsetime>
    <max-parsetime>41.17</max-parsetime>
    <range>22.55</range>
    <times>29.47 41.17 28.54 28.80 30.38 18.62 27.49 21.81</times>
    <uri>/tests/results-gxxx-2022-03-10T11:32:00.384/test-report.gxxx-test-catalog.xml</uri>
  </test-result>
  <test-result name="G022-O3-negative/G022-neg-024" result="pass" n="8">
    <mean-parsetime>28.2925</mean-parsetime>
    <min-parsetime>19</min-parsetime>
    <max-parsetime>37.56</max-parsetime>
    <range>18.560000000000002</range>
    <times>28.54 37.56 27.18 29.33 32.02 19.00 29.75 22.96</times>
    <uri>/tests/results-gxxx-2022-03-10T11:32:00.384/test-report.gxxx-test-catalog.xml</uri>
  </test-result>
  <test-result name="G012-O3-negative/test-186" result="pass" n="8">
    <mean-parsetime>28.32375</mean-parsetime>
    <min-parsetime>17.48</min-parsetime>
    <max-parsetime>38.42</max-parsetime>
    <range>20.94</range>
    <times>27.29 37.83 38.42 28.00 28.63 17.48 27.59 21.35</times>
    <uri>/tests/results-gxxx-2022-03-10T11:32:00.384/test-report.gxxx-test-catalog.xml</uri>
  </test-result>
  <test-result name="G112-O3-negative/G112-O3-neg-033" result="pass" n="8">
    <mean-parsetime>28.341250000000002</mean-parsetime>
    <min-parsetime>19.25</min-parsetime>
    <max-parsetime>33.78</max-parsetime>
    <range>14.530000000000001</range>
    <times>29.68 32.70 29.52 32.17 28.33 19.25 33.78 21.30</times>
    <uri>/tests/results-gxxx-2022-03-10T11:32:00.384/test-report.gxxx-test-catalog.xml</uri>
  </test-result>
  <test-result name="G022-O3-negative/G022-neg-071" result="pass" n="8">
    <mean-parsetime>28.351249999999997</mean-parsetime>
    <min-parsetime>22.38</min-parsetime>
    <max-parsetime>34.61</max-parsetime>
    <range>12.23</range>
    <times>29.40 34.61 28.90 28.62 31.61 22.38 28.88 22.41</times>
    <uri>/tests/results-gxxx-2022-03-10T11:32:00.384/test-report.gxxx-test-catalog.xml</uri>
  </test-result>
  <test-result name="range-comments/range-comments" result="fail pass" n="9">
    <mean-parsetime>28.403333333333332</mean-parsetime>
    <min-parsetime>16.24</min-parsetime>
    <max-parsetime>59.59</max-parsetime>
    <range>43.35000000000001</range>
    <times>16.24 59.59 22.69 34.52 22.06 24.98 24.80 22.49 28.26</times>
    <uri>/tests/results-ixml-corr-2022-02-17T14:39:37.601/test-report.test-catalog.xml</uri>
  </test-result>
  <test-result name="G022-O3-negative/G022-neg-020" result="pass" n="8">
    <mean-parsetime>28.409999999999997</mean-parsetime>
    <min-parsetime>18.95</min-parsetime>
    <max-parsetime>39.22</max-parsetime>
    <range>20.27</range>
    <times>28.41 33.25 26.31 26.14 33.67 18.95 39.22 21.33</times>
    <uri>/tests/results-gxxx-2022-03-10T11:32:00.384/test-report.gxxx-test-catalog.xml</uri>
  </test-result>
  <test-result name="G012-O3-negative/test-208" result="pass" n="8">
    <mean-parsetime>28.417499999999997</mean-parsetime>
    <min-parsetime>20.1</min-parsetime>
    <max-parsetime>35.98</max-parsetime>
    <range>15.879999999999995</range>
    <times>29.97 35.98 29.17 29.09 32.48 20.10 28.95 21.60</times>
    <uri>/tests/results-gxxx-2022-03-10T11:32:00.384/test-report.gxxx-test-catalog.xml</uri>
  </test-result>
  <test-result name="G012-O3-negative/test-158" result="pass" n="8">
    <mean-parsetime>28.436249999999998</mean-parsetime>
    <min-parsetime>17.15</min-parsetime>
    <max-parsetime>45.83</max-parsetime>
    <range>28.68</range>
    <times>39.30 45.83 26.38 26.37 27.35 17.15 25.10 20.01</times>
    <uri>/tests/results-gxxx-2022-03-10T11:32:00.384/test-report.gxxx-test-catalog.xml</uri>
  </test-result>
  <test-result name="G012-O3-negative/test-203" result="pass" n="8">
    <mean-parsetime>28.436250000000005</mean-parsetime>
    <min-parsetime>19.15</min-parsetime>
    <max-parsetime>36.42</max-parsetime>
    <range>17.270000000000003</range>
    <times>28.25 36.42 30.07 28.02 31.97 19.15 30.40 23.21</times>
    <uri>/tests/results-gxxx-2022-03-10T11:32:00.384/test-report.gxxx-test-catalog.xml</uri>
  </test-result>
  <test-result name="G112-internal/S1" result="pass" n="6">
    <mean-parsetime>28.441666666666663</mean-parsetime>
    <min-parsetime>22.01</min-parsetime>
    <max-parsetime>36.48</max-parsetime>
    <range>14.469999999999995</range>
    <times>27.31 36.48 28.02 27.49 22.01 29.34</times>
    <uri>/tests/results-gxxx-2022-03-10T11:32:00.384/test-report.gxxx-test-catalog.xml</uri>
  </test-result>
  <test-result name="G112-O3-negative/G112-O3-neg-041" result="pass" n="8">
    <mean-parsetime>28.453750000000003</mean-parsetime>
    <min-parsetime>18.96</min-parsetime>
    <max-parsetime>37.64</max-parsetime>
    <range>18.68</range>
    <times>28.27 37.64 29.12 31.24 30.78 18.96 29.32 22.30</times>
    <uri>/tests/results-gxxx-2022-03-10T11:32:00.384/test-report.gxxx-test-catalog.xml</uri>
  </test-result>
  <test-result name="G012-O3-negative/test-206" result="pass" n="8">
    <mean-parsetime>28.510000000000005</mean-parsetime>
    <min-parsetime>19.05</min-parsetime>
    <max-parsetime>39.82</max-parsetime>
    <range>20.77</range>
    <times>29.29 39.82 29.40 27.96 31.58 21.36 29.62 19.05</times>
    <uri>/tests/results-gxxx-2022-03-10T11:32:00.384/test-report.gxxx-test-catalog.xml</uri>
  </test-result>
  <test-result name="G022-O3-negative/G022-neg-056" result="pass" n="8">
    <mean-parsetime>28.511250000000004</mean-parsetime>
    <min-parsetime>18.99</min-parsetime>
    <max-parsetime>37.47</max-parsetime>
    <range>18.48</range>
    <times>29.28 34.89 27.34 37.47 32.69 18.99 26.59 20.84</times>
    <uri>/tests/results-gxxx-2022-03-10T11:32:00.384/test-report.gxxx-test-catalog.xml</uri>
  </test-result>
  <test-result name="G012-O3-negative/test-196" result="pass" n="8">
    <mean-parsetime>28.53125</mean-parsetime>
    <min-parsetime>20.37</min-parsetime>
    <max-parsetime>33.6</max-parsetime>
    <range>13.23</range>
    <times>28.37 33.60 30.30 31.39 32.34 20.37 29.12 22.76</times>
    <uri>/tests/results-gxxx-2022-03-10T11:32:00.384/test-report.gxxx-test-catalog.xml</uri>
  </test-result>
  <test-result name="G012-O3-negative/test-209" result="pass" n="8">
    <mean-parsetime>28.54625</mean-parsetime>
    <min-parsetime>20.5</min-parsetime>
    <max-parsetime>34.77</max-parsetime>
    <range>14.270000000000003</range>
    <times>30.64 34.28 28.14 28.18 34.77 20.50 31.00 20.86</times>
    <uri>/tests/results-gxxx-2022-03-10T11:32:00.384/test-report.gxxx-test-catalog.xml</uri>
  </test-result>
  <test-result name="G022-O3-negative/G022-neg-017" result="pass" n="8">
    <mean-parsetime>28.54625</mean-parsetime>
    <min-parsetime>19.76</min-parsetime>
    <max-parsetime>40.24</max-parsetime>
    <range>20.48</range>
    <times>27.41 32.59 27.57 40.24 29.86 19.76 28.21 22.73</times>
    <uri>/tests/results-gxxx-2022-03-10T11:32:00.384/test-report.gxxx-test-catalog.xml</uri>
  </test-result>
  <test-result name="G022-O3-negative/G022-neg-025" result="pass" n="8">
    <mean-parsetime>28.557499999999997</mean-parsetime>
    <min-parsetime>23.13</min-parsetime>
    <max-parsetime>32.65</max-parsetime>
    <range>9.52</range>
    <times>32.00 32.65 27.89 28.81 30.80 23.13 30.01 23.17</times>
    <uri>/tests/results-gxxx-2022-03-10T11:32:00.384/test-report.gxxx-test-catalog.xml</uri>
  </test-result>
  <test-result name="G012-O3-negative/test-197" result="pass" n="8">
    <mean-parsetime>28.64375</mean-parsetime>
    <min-parsetime>23.26</min-parsetime>
    <max-parsetime>34.33</max-parsetime>
    <range>11.069999999999997</range>
    <times>28.69 34.33 27.54 28.42 29.57 25.85 31.49 23.26</times>
    <uri>/tests/results-gxxx-2022-03-10T11:32:00.384/test-report.gxxx-test-catalog.xml</uri>
  </test-result>
  <test-result name="G012-O3-negative/test-051" result="pass" n="8">
    <mean-parsetime>28.671249999999997</mean-parsetime>
    <min-parsetime>23.4</min-parsetime>
    <max-parsetime>52.83</max-parsetime>
    <range>29.43</range>
    <times>24.63 52.83 24.00 23.74 25.33 29.11 26.33 23.40</times>
    <uri>/tests/results-gxxx-2022-03-10T11:32:00.384/test-report.gxxx-test-catalog.xml</uri>
  </test-result>
  <test-result name="G012-O3-negative/test-222" result="pass" n="8">
    <mean-parsetime>28.67125</mean-parsetime>
    <min-parsetime>20.76</min-parsetime>
    <max-parsetime>36.73</max-parsetime>
    <range>15.969999999999995</range>
    <times>29.41 36.73 30.37 28.05 32.22 20.76 30.31 21.52</times>
    <uri>/tests/results-gxxx-2022-03-10T11:32:00.384/test-report.gxxx-test-catalog.xml</uri>
  </test-result>
  <test-result name="G012-O3-negative/test-207" result="pass" n="8">
    <mean-parsetime>28.686249999999994</mean-parsetime>
    <min-parsetime>19.73</min-parsetime>
    <max-parsetime>36.91</max-parsetime>
    <range>17.179999999999996</range>
    <times>30.72 36.91 28.39 32.25 30.23 19.73 28.83 22.43</times>
    <uri>/tests/results-gxxx-2022-03-10T11:32:00.384/test-report.gxxx-test-catalog.xml</uri>
  </test-result>
  <test-result name="G112-external/S1" result="pass fail" n="12">
    <mean-parsetime>28.711666666666662</mean-parsetime>
    <min-parsetime>18.93</min-parsetime>
    <max-parsetime>53.86</max-parsetime>
    <range>34.93</range>
    <times>32.72 34.12 27.83 28.72 23.83 53.86 24.31 27.11 18.93 22.00 30.84 20.27</times>
    <uri>/tests/results-gxxx-2022-03-10T11:32:00.384/test-report.gxxx-test-catalog.xml</uri>
  </test-result>
  <test-result name="G012-O3-negative/test-211" result="pass" n="8">
    <mean-parsetime>28.768749999999997</mean-parsetime>
    <min-parsetime>20.16</min-parsetime>
    <max-parsetime>35.41</max-parsetime>
    <range>15.249999999999996</range>
    <times>30.43 35.41 31.61 28.71 31.91 20.16 29.36 22.56</times>
    <uri>/tests/results-gxxx-2022-03-10T11:32:00.384/test-report.gxxx-test-catalog.xml</uri>
  </test-result>
  <test-result name="G112-O3-negative/G112-O3-neg-013" result="pass" n="8">
    <mean-parsetime>28.8625</mean-parsetime>
    <min-parsetime>21.02</min-parsetime>
    <max-parsetime>41.15</max-parsetime>
    <range>20.13</range>
    <times>28.18 32.23 28.19 30.29 41.15 21.02 27.57 22.27</times>
    <uri>/tests/results-gxxx-2022-03-10T11:32:00.384/test-report.gxxx-test-catalog.xml</uri>
  </test-result>
  <test-result name="G012-O3-negative/test-068" result="pass" n="8">
    <mean-parsetime>28.88125</mean-parsetime>
    <min-parsetime>18.15</min-parsetime>
    <max-parsetime>48.32</max-parsetime>
    <range>30.17</range>
    <times>24.06 48.32 39.51 24.07 28.47 18.15 25.80 22.67</times>
    <uri>/tests/results-gxxx-2022-03-10T11:32:00.384/test-report.gxxx-test-catalog.xml</uri>
  </test-result>
  <test-result name="elem1/elem1" result="fail" n="10">
    <mean-parsetime>28.893</mean-parsetime>
    <min-parsetime>19.19</min-parsetime>
    <max-parsetime>75.84</max-parsetime>
    <range>56.650000000000006</range>
    <times>19.19 25.50 75.84 21.87 25.78 20.64 23.11 22.57 24.01 30.42</times>
    <uri>/tests/results-syntax-cagt-2022-02-17T11:44:24.743/test-report.catalog-as-grammar-tests.xml</uri>
  </test-result>
  <test-result name="expr0/expr0" result="pass" n="3">
    <mean-parsetime>28.896666666666665</mean-parsetime>
    <min-parsetime>23.22</min-parsetime>
    <max-parsetime>32.85</max-parsetime>
    <range>9.630000000000003</range>
    <times>30.62 23.22 32.85</times>
    <uri>/tests/results-ixml-all-2022-03-09T06:12:44.309/test-report.test-catalog.xml</uri>
  </test-result>
  <test-result name="G112-O3-negative/G112-O3-neg-024" result="pass" n="8">
    <mean-parsetime>28.8975</mean-parsetime>
    <min-parsetime>21.06</min-parsetime>
    <max-parsetime>35.16</max-parsetime>
    <range>14.099999999999998</range>
    <times>32.30 35.16 28.50 29.00 30.03 21.06 32.13 23.00</times>
    <uri>/tests/results-gxxx-2022-03-10T11:32:00.384/test-report.gxxx-test-catalog.xml</uri>
  </test-result>
  <test-result name="G012-O3-negative/test-202" result="pass" n="8">
    <mean-parsetime>28.90125</mean-parsetime>
    <min-parsetime>19.58</min-parsetime>
    <max-parsetime>33.97</max-parsetime>
    <range>14.39</range>
    <times>28.74 33.97 32.39 28.99 31.46 19.58 32.81 23.27</times>
    <uri>/tests/results-gxxx-2022-03-10T11:32:00.384/test-report.gxxx-test-catalog.xml</uri>
  </test-result>
  <test-result name="G112-O3-negative/G112-O3-neg-031" result="pass" n="8">
    <mean-parsetime>28.91375</mean-parsetime>
    <min-parsetime>18.95</min-parsetime>
    <max-parsetime>39.88</max-parsetime>
    <range>20.930000000000003</range>
    <times>39.88 32.08 36.44 28.51 29.47 18.95 25.99 19.99</times>
    <uri>/tests/results-gxxx-2022-03-10T11:32:00.384/test-report.gxxx-test-catalog.xml</uri>
  </test-result>
  <test-result name="G012-O3-negative/test-225" result="pass" n="8">
    <mean-parsetime>28.942500000000003</mean-parsetime>
    <min-parsetime>21.46</min-parsetime>
    <max-parsetime>37.34</max-parsetime>
    <range>15.880000000000003</range>
    <times>31.93 37.34 28.81 29.52 30.82 21.46 28.94 22.72</times>
    <uri>/tests/results-gxxx-2022-03-10T11:32:00.384/test-report.gxxx-test-catalog.xml</uri>
  </test-result>
  <test-result name="G012-O3-negative/test-057" result="pass" n="8">
    <mean-parsetime>28.96</mean-parsetime>
    <min-parsetime>17.81</min-parsetime>
    <max-parsetime>40.07</max-parsetime>
    <range>22.26</range>
    <times>25.45 32.69 40.07 23.51 24.68 17.81 39.61 27.86</times>
    <uri>/tests/results-gxxx-2022-03-10T11:32:00.384/test-report.gxxx-test-catalog.xml</uri>
  </test-result>
  <test-result name="G012-O3-negative/test-198" result="pass" n="8">
    <mean-parsetime>28.972499999999997</mean-parsetime>
    <min-parsetime>19.87</min-parsetime>
    <max-parsetime>36.87</max-parsetime>
    <range>16.999999999999996</range>
    <times>28.33 36.87 28.24 27.58 29.07 19.87 36.44 25.38</times>
    <uri>/tests/results-gxxx-2022-03-10T11:32:00.384/test-report.gxxx-test-catalog.xml</uri>
  </test-result>
  <test-result name="G012-O3-negative/test-172" result="pass" n="8">
    <mean-parsetime>28.98375</mean-parsetime>
    <min-parsetime>17.36</min-parsetime>
    <max-parsetime>46.7</max-parsetime>
    <range>29.340000000000003</range>
    <times>31.44 32.97 28.44 28.06 46.70 17.36 27.98 18.92</times>
    <uri>/tests/results-gxxx-2022-03-10T11:32:00.384/test-report.gxxx-test-catalog.xml</uri>
  </test-result>
  <test-result name="G012-O3-negative/test-224" result="pass" n="8">
    <mean-parsetime>29.00875</mean-parsetime>
    <min-parsetime>19.88</min-parsetime>
    <max-parsetime>37.96</max-parsetime>
    <range>18.080000000000002</range>
    <times>29.77 37.96 28.32 30.47 34.66 19.88 28.53 22.48</times>
    <uri>/tests/results-gxxx-2022-03-10T11:32:00.384/test-report.gxxx-test-catalog.xml</uri>
  </test-result>
  <test-result name="G022-O3-negative/G022-neg-076" result="pass" n="8">
    <mean-parsetime>29.1025</mean-parsetime>
    <min-parsetime>21.46</min-parsetime>
    <max-parsetime>35.62</max-parsetime>
    <range>14.159999999999997</range>
    <times>32.12 35.62 30.48 29.06 29.70 21.46 30.54 23.84</times>
    <uri>/tests/results-gxxx-2022-03-10T11:32:00.384/test-report.gxxx-test-catalog.xml</uri>
  </test-result>
  <test-result name="G112-O3-negative/G112-O3-neg-046" result="pass" n="8">
    <mean-parsetime>29.16125</mean-parsetime>
    <min-parsetime>23.06</min-parsetime>
    <max-parsetime>35.6</max-parsetime>
    <range>12.540000000000003</range>
    <times>31.62 35.60 28.53 30.25 28.61 23.06 31.83 23.79</times>
    <uri>/tests/results-gxxx-2022-03-10T11:32:00.384/test-report.gxxx-test-catalog.xml</uri>
  </test-result>
  <test-result name="G012-O3-negative/test-220" result="pass" n="8">
    <mean-parsetime>29.21</mean-parsetime>
    <min-parsetime>22.23</min-parsetime>
    <max-parsetime>36.86</max-parsetime>
    <range>14.629999999999999</range>
    <times>28.66 36.86 28.67 28.34 34.20 22.23 30.80 23.92</times>
    <uri>/tests/results-gxxx-2022-03-10T11:32:00.384/test-report.gxxx-test-catalog.xml</uri>
  </test-result>
  <test-result name="G112-O3-negative/G112-O3-neg-047" result="pass" n="8">
    <mean-parsetime>29.215000000000003</mean-parsetime>
    <min-parsetime>23.27</min-parsetime>
    <max-parsetime>38.15</max-parsetime>
    <range>14.879999999999999</range>
    <times>30.35 38.15 28.96 28.62 28.72 23.27 31.05 24.60</times>
    <uri>/tests/results-gxxx-2022-03-10T11:32:00.384/test-report.gxxx-test-catalog.xml</uri>
  </test-result>
  <test-result name="G101-negative/G101-O3-neg-001" result="pass" n="8">
    <mean-parsetime>29.26125</mean-parsetime>
    <min-parsetime>16.75</min-parsetime>
    <max-parsetime>44.64</max-parsetime>
    <range>27.89</range>
    <times>26.16 30.88 44.64 36.72 25.20 16.75 26.47 27.27</times>
    <uri>/tests/results-gxxx-2022-03-10T11:32:00.384/test-report.gxxx-test-catalog.xml</uri>
  </test-result>
  <test-result name="G012-O3-negative/test-179" result="pass" n="8">
    <mean-parsetime>29.270000000000003</mean-parsetime>
    <min-parsetime>17.04</min-parsetime>
    <max-parsetime>38.92</max-parsetime>
    <range>21.880000000000003</range>
    <times>38.92 37.69 28.76 31.17 30.55 17.04 25.93 24.10</times>
    <uri>/tests/results-gxxx-2022-03-10T11:32:00.384/test-report.gxxx-test-catalog.xml</uri>
  </test-result>
  <test-result name="G012-O3-negative/test-205" result="pass" n="8">
    <mean-parsetime>29.286249999999995</mean-parsetime>
    <min-parsetime>20.07</min-parsetime>
    <max-parsetime>39.21</max-parsetime>
    <range>19.14</range>
    <times>31.48 39.21 29.25 28.10 32.50 20.07 29.07 24.61</times>
    <uri>/tests/results-gxxx-2022-03-10T11:32:00.384/test-report.gxxx-test-catalog.xml</uri>
  </test-result>
  <test-result name="G022-O3-negative/G022-neg-009" result="pass" n="8">
    <mean-parsetime>29.306250000000002</mean-parsetime>
    <min-parsetime>18.09</min-parsetime>
    <max-parsetime>50.35</max-parsetime>
    <range>32.260000000000005</range>
    <times>25.77 35.47 27.17 25.95 50.35 18.09 24.71 26.94</times>
    <uri>/tests/results-gxxx-2022-03-10T11:32:00.384/test-report.gxxx-test-catalog.xml</uri>
  </test-result>
  <test-result name="G012-O3-negative/test-219" result="pass" n="8">
    <mean-parsetime>29.34125</mean-parsetime>
    <min-parsetime>20.94</min-parsetime>
    <max-parsetime>39.12</max-parsetime>
    <range>18.179999999999996</range>
    <times>29.69 34.59 28.62 28.61 39.12 20.94 29.16 24.00</times>
    <uri>/tests/results-gxxx-2022-03-10T11:32:00.384/test-report.gxxx-test-catalog.xml</uri>
  </test-result>
  <test-result name="G012-O3-negative/test-187" result="pass" n="8">
    <mean-parsetime>29.465000000000003</mean-parsetime>
    <min-parsetime>17.27</min-parsetime>
    <max-parsetime>41.82</max-parsetime>
    <range>24.55</range>
    <times>31.62 41.82 33.90 32.81 27.64 17.27 30.34 20.32</times>
    <uri>/tests/results-gxxx-2022-03-10T11:32:00.384/test-report.gxxx-test-catalog.xml</uri>
  </test-result>
  <test-result name="G112-O3-negative/G112-O3-neg-021" result="pass" n="8">
    <mean-parsetime>29.4725</mean-parsetime>
    <min-parsetime>20.4</min-parsetime>
    <max-parsetime>38.21</max-parsetime>
    <range>17.810000000000002</range>
    <times>29.37 38.21 30.84 29.31 29.81 20.40 31.68 26.16</times>
    <uri>/tests/results-gxxx-2022-03-10T11:32:00.384/test-report.gxxx-test-catalog.xml</uri>
  </test-result>
  <test-result name="G012-O3-negative/test-204" result="pass" n="8">
    <mean-parsetime>29.509999999999998</mean-parsetime>
    <min-parsetime>19.1</min-parsetime>
    <max-parsetime>44.04</max-parsetime>
    <range>24.939999999999998</range>
    <times>29.70 44.04 28.13 28.13 34.40 19.10 30.48 22.10</times>
    <uri>/tests/results-gxxx-2022-03-10T11:32:00.384/test-report.gxxx-test-catalog.xml</uri>
  </test-result>
  <test-result name="G012-O3-negative/test-192" result="pass" n="8">
    <mean-parsetime>29.527499999999993</mean-parsetime>
    <min-parsetime>19.17</min-parsetime>
    <max-parsetime>42.16</max-parsetime>
    <range>22.989999999999995</range>
    <times>42.16 32.82 29.26 27.97 28.04 19.17 35.45 21.35</times>
    <uri>/tests/results-gxxx-2022-03-10T11:32:00.384/test-report.gxxx-test-catalog.xml</uri>
  </test-result>
  <test-result name="G012-O3-negative/test-227" result="pass" n="8">
    <mean-parsetime>29.5625</mean-parsetime>
    <min-parsetime>23.86</min-parsetime>
    <max-parsetime>39.96</max-parsetime>
    <range>16.1</range>
    <times>30.14 39.96 28.32 27.59 30.05 27.62 28.96 23.86</times>
    <uri>/tests/results-gxxx-2022-03-10T11:32:00.384/test-report.gxxx-test-catalog.xml</uri>
  </test-result>
  <test-result name="G022-O3-negative/G022-neg-036" result="pass" n="8">
    <mean-parsetime>29.62875</mean-parsetime>
    <min-parsetime>23.05</min-parsetime>
    <max-parsetime>37.5</max-parsetime>
    <range>14.45</range>
    <times>30.94 37.50 30.45 31.19 30.03 23.05 30.58 23.29</times>
    <uri>/tests/results-gxxx-2022-03-10T11:32:00.384/test-report.gxxx-test-catalog.xml</uri>
  </test-result>
  <test-result name="G112-O3-negative/G112-O3-neg-045" result="pass" n="8">
    <mean-parsetime>29.637499999999996</mean-parsetime>
    <min-parsetime>23.88</min-parsetime>
    <max-parsetime>38.22</max-parsetime>
    <range>14.34</range>
    <times>29.92 38.22 28.94 30.04 29.48 24.36 32.26 23.88</times>
    <uri>/tests/results-gxxx-2022-03-10T11:32:00.384/test-report.gxxx-test-catalog.xml</uri>
  </test-result>
  <test-result name="G012-O3-negative/test-149" result="pass" n="8">
    <mean-parsetime>29.648750000000003</mean-parsetime>
    <min-parsetime>18.27</min-parsetime>
    <max-parsetime>44.19</max-parsetime>
    <range>25.919999999999998</range>
    <times>25.93 44.19 30.34 30.90 28.84 31.22 27.50 18.27</times>
    <uri>/tests/results-gxxx-2022-03-10T11:32:00.384/test-report.gxxx-test-catalog.xml</uri>
  </test-result>
  <test-result name="G010-pos-external/S1e" result="pass" n="9">
    <mean-parsetime>29.661111111111104</mean-parsetime>
    <min-parsetime>15.51</min-parsetime>
    <max-parsetime>64.66</max-parsetime>
    <range>49.15</range>
    <times>22.52 64.66 22.34 21.48 21.08 15.51 54.57 28.70 16.09</times>
    <uri>/tests/results-gxxx-2022-03-10T11:32:00.384/test-report.gxxx-test-catalog.xml</uri>
  </test-result>
  <test-result name="G022-O3-negative/G022-neg-080" result="pass" n="8">
    <mean-parsetime>29.661250000000003</mean-parsetime>
    <min-parsetime>22.67</min-parsetime>
    <max-parsetime>35.28</max-parsetime>
    <range>12.61</range>
    <times>31.35 35.28 29.85 31.94 30.02 22.67 32.30 23.88</times>
    <uri>/tests/results-gxxx-2022-03-10T11:32:00.384/test-report.gxxx-test-catalog.xml</uri>
  </test-result>
  <test-result name="G012-O3-negative/test-210" result="pass" n="8">
    <mean-parsetime>29.68625</mean-parsetime>
    <min-parsetime>21.18</min-parsetime>
    <max-parsetime>35.51</max-parsetime>
    <range>14.329999999999998</range>
    <times>30.17 35.51 28.06 27.30 32.53 32.86 29.88 21.18</times>
    <uri>/tests/results-gxxx-2022-03-10T11:32:00.384/test-report.gxxx-test-catalog.xml</uri>
  </test-result>
  <test-result name="G022-O3-negative/G022-neg-031" result="pass" n="8">
    <mean-parsetime>29.70375</mean-parsetime>
    <min-parsetime>21.94</min-parsetime>
    <max-parsetime>37.09</max-parsetime>
    <range>15.150000000000002</range>
    <times>32.17 37.09 28.53 29.60 31.98 21.94 32.40 23.92</times>
    <uri>/tests/results-gxxx-2022-03-10T11:32:00.384/test-report.gxxx-test-catalog.xml</uri>
  </test-result>
  <test-result name="G112-O3-negative/G112-O3-neg-048" result="pass" n="8">
    <mean-parsetime>29.729999999999997</mean-parsetime>
    <min-parsetime>22.28</min-parsetime>
    <max-parsetime>42.82</max-parsetime>
    <range>20.54</range>
    <times>31.42 42.82 29.94 28.33 28.76 22.28 29.01 25.28</times>
    <uri>/tests/results-gxxx-2022-03-10T11:32:00.384/test-report.gxxx-test-catalog.xml</uri>
  </test-result>
  <test-result name="G112-O3-negative/G112-O3-neg-011" result="pass" n="8">
    <mean-parsetime>29.745</mean-parsetime>
    <min-parsetime>21.06</min-parsetime>
    <max-parsetime>44.15</max-parsetime>
    <range>23.09</range>
    <times>29.38 35.49 26.47 44.15 32.67 21.73 27.01 21.06</times>
    <uri>/tests/results-gxxx-2022-03-10T11:32:00.384/test-report.gxxx-test-catalog.xml</uri>
  </test-result>
  <test-result name="G112-O3-negative/G112-O3-neg-038" result="pass" n="8">
    <mean-parsetime>29.7625</mean-parsetime>
    <min-parsetime>19.98</min-parsetime>
    <max-parsetime>54.17</max-parsetime>
    <range>34.19</range>
    <times>27.63 54.17 28.64 27.21 29.98 19.98 29.08 21.41</times>
    <uri>/tests/results-gxxx-2022-03-10T11:32:00.384/test-report.gxxx-test-catalog.xml</uri>
  </test-result>
  <test-result name="G022-O3-negative/G022-neg-035" result="pass" n="8">
    <mean-parsetime>29.86125</mean-parsetime>
    <min-parsetime>22.76</min-parsetime>
    <max-parsetime>37.09</max-parsetime>
    <range>14.330000000000002</range>
    <times>30.09 37.09 30.20 30.58 30.00 22.76 31.79 26.38</times>
    <uri>/tests/results-gxxx-2022-03-10T11:32:00.384/test-report.gxxx-test-catalog.xml</uri>
  </test-result>
  <test-result name="zeroes-gone-bad/t-2x0" result="pass" n="8">
    <mean-parsetime>29.8625</mean-parsetime>
    <min-parsetime>22.24</min-parsetime>
    <max-parsetime>56.49</max-parsetime>
    <range>34.25</range>
    <times>30.27 56.49 28.94 25.61 22.24 24.96 24.45 25.94</times>
    <uri>/tests/results-zeroes-2022-04-10T21:56:13.413/test-report.zeroes-tests.xml</uri>
  </test-result>
  <test-result name="G022-O3-negative/G022-neg-070" result="pass" n="8">
    <mean-parsetime>29.8725</mean-parsetime>
    <min-parsetime>19.91</min-parsetime>
    <max-parsetime>51.3</max-parsetime>
    <range>31.389999999999997</range>
    <times>29.18 51.30 27.83 30.59 27.84 19.91 29.42 22.91</times>
    <uri>/tests/results-gxxx-2022-03-10T11:32:00.384/test-report.gxxx-test-catalog.xml</uri>
  </test-result>
  <test-result name="G022-O3-negative/G022-neg-078" result="pass" n="8">
    <mean-parsetime>29.97625</mean-parsetime>
    <min-parsetime>24.02</min-parsetime>
    <max-parsetime>36.03</max-parsetime>
    <range>12.010000000000002</range>
    <times>31.53 36.03 30.52 29.96 31.70 24.02 30.24 25.81</times>
    <uri>/tests/results-gxxx-2022-03-10T11:32:00.384/test-report.gxxx-test-catalog.xml</uri>
  </test-result>
  <test-result name="G022-O3-negative/G022-neg-030" result="pass" n="8">
    <mean-parsetime>30.00125</mean-parsetime>
    <min-parsetime>21.06</min-parsetime>
    <max-parsetime>37.83</max-parsetime>
    <range>16.77</range>
    <times>31.76 34.51 28.87 30.23 37.83 21.06 31.87 23.88</times>
    <uri>/tests/results-gxxx-2022-03-10T11:32:00.384/test-report.gxxx-test-catalog.xml</uri>
  </test-result>
  <test-result name="G022-O3-negative/G022-neg-075" result="pass" n="8">
    <mean-parsetime>30.097500000000004</mean-parsetime>
    <min-parsetime>23.37</min-parsetime>
    <max-parsetime>37.56</max-parsetime>
    <range>14.190000000000001</range>
    <times>32.95 37.56 29.69 29.98 28.99 27.05 31.19 23.37</times>
    <uri>/tests/results-gxxx-2022-03-10T11:32:00.384/test-report.gxxx-test-catalog.xml</uri>
  </test-result>
  <test-result name="G022-O3-negative/G022-neg-032" result="pass" n="8">
    <mean-parsetime>30.15625</mean-parsetime>
    <min-parsetime>20.93</min-parsetime>
    <max-parsetime>37</max-parsetime>
    <range>16.07</range>
    <times>32.57 37.00 28.60 29.73 34.12 20.93 31.03 27.27</times>
    <uri>/tests/results-gxxx-2022-03-10T11:32:00.384/test-report.gxxx-test-catalog.xml</uri>
  </test-result>
  <test-result name="G112-O3-negative/G112-O3-neg-022" result="pass" n="8">
    <mean-parsetime>30.256249999999994</mean-parsetime>
    <min-parsetime>20.48</min-parsetime>
    <max-parsetime>42.73</max-parsetime>
    <range>22.249999999999996</range>
    <times>30.91 42.73 29.77 35.17 31.95 20.48 28.94 22.10</times>
    <uri>/tests/results-gxxx-2022-03-10T11:32:00.384/test-report.gxxx-test-catalog.xml</uri>
  </test-result>
  <test-result name="G012-O3-negative/test-199" result="pass" n="8">
    <mean-parsetime>30.292500000000004</mean-parsetime>
    <min-parsetime>21.58</min-parsetime>
    <max-parsetime>41.91</max-parsetime>
    <range>20.33</range>
    <times>28.10 34.02 31.20 27.60 41.91 21.58 34.10 23.83</times>
    <uri>/tests/results-gxxx-2022-03-10T11:32:00.384/test-report.gxxx-test-catalog.xml</uri>
  </test-result>
  <test-result name="G022-O3-negative/G022-neg-079" result="pass" n="8">
    <mean-parsetime>30.29625</mean-parsetime>
    <min-parsetime>24.09</min-parsetime>
    <max-parsetime>38.66</max-parsetime>
    <range>14.569999999999997</range>
    <times>30.13 38.66 30.98 30.85 31.10 24.09 31.66 24.90</times>
    <uri>/tests/results-gxxx-2022-03-10T11:32:00.384/test-report.gxxx-test-catalog.xml</uri>
  </test-result>
  <test-result name="G112-O3-negative/G112-O3-neg-014" result="pass" n="8">
    <mean-parsetime>30.32375</mean-parsetime>
    <min-parsetime>20.29</min-parsetime>
    <max-parsetime>42.21</max-parsetime>
    <range>21.92</range>
    <times>31.33 33.70 28.08 29.30 42.21 20.29 28.50 29.18</times>
    <uri>/tests/results-gxxx-2022-03-10T11:32:00.384/test-report.gxxx-test-catalog.xml</uri>
  </test-result>
  <test-result name="G022-O3-negative/G022-neg-077" result="pass" n="8">
    <mean-parsetime>30.3925</mean-parsetime>
    <min-parsetime>22.52</min-parsetime>
    <max-parsetime>36.89</max-parsetime>
    <range>14.370000000000001</range>
    <times>30.96 36.89 31.85 31.87 31.99 22.52 32.36 24.70</times>
    <uri>/tests/results-gxxx-2022-03-10T11:32:00.384/test-report.gxxx-test-catalog.xml</uri>
  </test-result>
  <test-result name="G022-O3-negative/G022-neg-073" result="pass" n="8">
    <mean-parsetime>30.4425</mean-parsetime>
    <min-parsetime>24.1</min-parsetime>
    <max-parsetime>40.1</max-parsetime>
    <range>16</range>
    <times>29.26 40.10 33.58 30.08 32.43 24.10 29.24 24.75</times>
    <uri>/tests/results-gxxx-2022-03-10T11:32:00.384/test-report.gxxx-test-catalog.xml</uri>
  </test-result>
  <test-result name="G022-O3-negative/G022-neg-033" result="pass" n="8">
    <mean-parsetime>30.445</mean-parsetime>
    <min-parsetime>21.56</min-parsetime>
    <max-parsetime>36.89</max-parsetime>
    <range>15.330000000000002</range>
    <times>33.46 36.89 30.19 31.95 32.70 21.56 31.48 25.33</times>
    <uri>/tests/results-gxxx-2022-03-10T11:32:00.384/test-report.gxxx-test-catalog.xml</uri>
  </test-result>
  <test-result name="G022-O3-negative/G022-neg-028" result="pass" n="8">
    <mean-parsetime>30.541249999999998</mean-parsetime>
    <min-parsetime>22.12</min-parsetime>
    <max-parsetime>41.49</max-parsetime>
    <range>19.37</range>
    <times>31.33 41.49 29.97 34.17 29.09 22.12 30.21 25.95</times>
    <uri>/tests/results-gxxx-2022-03-10T11:32:00.384/test-report.gxxx-test-catalog.xml</uri>
  </test-result>
  <test-result name="G012-O3-negative/test-200" result="pass" n="8">
    <mean-parsetime>30.632499999999997</mean-parsetime>
    <min-parsetime>19.3</min-parsetime>
    <max-parsetime>47.82</max-parsetime>
    <range>28.52</range>
    <times>28.47 47.82 28.87 34.01 33.30 19.30 30.19 23.10</times>
    <uri>/tests/results-gxxx-2022-03-10T11:32:00.384/test-report.gxxx-test-catalog.xml</uri>
  </test-result>
  <test-result name="G012-O3-negative/test-218" result="pass" n="8">
    <mean-parsetime>30.632500000000004</mean-parsetime>
    <min-parsetime>20.73</min-parsetime>
    <max-parsetime>47.66</max-parsetime>
    <range>26.929999999999996</range>
    <times>28.03 35.99 30.73 28.44 47.66 20.73 28.99 24.49</times>
    <uri>/tests/results-gxxx-2022-03-10T11:32:00.384/test-report.gxxx-test-catalog.xml</uri>
  </test-result>
  <test-result name="url/url" result="pass" n="3">
    <mean-parsetime>30.663333333333338</mean-parsetime>
    <min-parsetime>21.31</min-parsetime>
    <max-parsetime>36.06</max-parsetime>
    <range>14.750000000000004</range>
    <times>36.06 21.31 34.62</times>
    <uri>/tests/results-ixml-all-2022-03-09T06:12:44.309/test-report.test-catalog.xml</uri>
  </test-result>
  <test-result name="sample.grammar.03/g03.c03" result="pass fail" n="2">
    <mean-parsetime>30.689999999999998</mean-parsetime>
    <min-parsetime>30.14</min-parsetime>
    <max-parsetime>31.24</max-parsetime>
    <range>1.0999999999999979</range>
    <times>30.14 31.24</times>
    <uri>/tests/results-wisp-A-2022-02-20T19:55:01.204/test-report.wisps-001-020-catalog.xml</uri>
  </test-result>
  <test-result name="G012-O3-negative/test-217" result="pass" n="8">
    <mean-parsetime>30.713749999999997</mean-parsetime>
    <min-parsetime>24.91</min-parsetime>
    <max-parsetime>38.31</max-parsetime>
    <range>13.400000000000002</range>
    <times>29.71 36.75 28.72 28.26 38.31 24.91 29.38 29.67</times>
    <uri>/tests/results-gxxx-2022-03-10T11:32:00.384/test-report.gxxx-test-catalog.xml</uri>
  </test-result>
  <test-result name="ambig2/ambig2" result="pass" n="3">
    <mean-parsetime>30.77333333333333</mean-parsetime>
    <min-parsetime>15.96</min-parsetime>
    <max-parsetime>44.2</max-parsetime>
    <range>28.240000000000002</range>
    <times>44.20 15.96 32.16</times>
    <uri>/tests/results-ixml-all-2022-03-09T06:12:44.309/test-report.test-catalog.xml</uri>
  </test-result>
  <test-result name="G012-O3-negative/test-212" result="pass" n="8">
    <mean-parsetime>30.7775</mean-parsetime>
    <min-parsetime>20.41</min-parsetime>
    <max-parsetime>45.24</max-parsetime>
    <range>24.830000000000002</range>
    <times>32.12 36.30 29.36 45.24 28.61 20.41 30.25 23.93</times>
    <uri>/tests/results-gxxx-2022-03-10T11:32:00.384/test-report.gxxx-test-catalog.xml</uri>
  </test-result>
  <test-result name="G012-O3-negative/test-188" result="pass" n="8">
    <mean-parsetime>30.880000000000003</mean-parsetime>
    <min-parsetime>17.1</min-parsetime>
    <max-parsetime>59.95</max-parsetime>
    <range>42.85</range>
    <times>27.58 34.61 30.69 28.66 59.95 17.10 27.81 20.64</times>
    <uri>/tests/results-gxxx-2022-03-10T11:32:00.384/test-report.gxxx-test-catalog.xml</uri>
  </test-result>
  <test-result name="ambig/ambig" result="pass" n="3">
    <mean-parsetime>30.926666666666666</mean-parsetime>
    <min-parsetime>28.25</min-parsetime>
    <max-parsetime>32.64</max-parsetime>
    <range>4.390000000000001</range>
    <times>28.25 32.64 31.89</times>
    <uri>/tests/results-ixml-all-2022-03-09T06:12:44.309/test-report.test-catalog.xml</uri>
  </test-result>
  <test-result name="ambig3/ambig3" result="pass" n="3">
    <mean-parsetime>31.02</mean-parsetime>
    <min-parsetime>24.37</min-parsetime>
    <max-parsetime>35.4</max-parsetime>
    <range>11.029999999999998</range>
    <times>33.29 24.37 35.40</times>
    <uri>/tests/results-ixml-all-2022-03-09T06:12:44.309/test-report.test-catalog.xml</uri>
  </test-result>
  <test-result name="G022-O3-negative/G022-neg-082" result="pass" n="8">
    <mean-parsetime>31.091250000000006</mean-parsetime>
    <min-parsetime>23.8</min-parsetime>
    <max-parsetime>36.18</max-parsetime>
    <range>12.379999999999999</range>
    <times>32.19 36.18 31.43 32.49 32.93 23.80 33.72 25.99</times>
    <uri>/tests/results-gxxx-2022-03-10T11:32:00.384/test-report.gxxx-test-catalog.xml</uri>
  </test-result>
  <test-result name="G012-O3-negative/test-221" result="pass" n="8">
    <mean-parsetime>31.11875</mean-parsetime>
    <min-parsetime>22.45</min-parsetime>
    <max-parsetime>39.48</max-parsetime>
    <range>17.029999999999998</range>
    <times>31.17 37.36 29.18 28.11 31.44 22.45 29.76 39.48</times>
    <uri>/tests/results-gxxx-2022-03-10T11:32:00.384/test-report.gxxx-test-catalog.xml</uri>
  </test-result>
  <test-result name="element-content/element-content" result="fail pass" n="9">
    <mean-parsetime>31.136666666666663</mean-parsetime>
    <min-parsetime>16.68</min-parsetime>
    <max-parsetime>46.64</max-parsetime>
    <range>29.96</range>
    <times>16.68 46.64 36.00 33.21 21.95 32.47 24.83 38.32 30.13</times>
    <uri>/tests/results-ixml-corr-2022-02-17T14:39:37.601/test-report.test-catalog.xml</uri>
  </test-result>
  <test-result name="zeroes-lrec/t-5x0" result="pass" n="8">
    <mean-parsetime>31.200000000000003</mean-parsetime>
    <min-parsetime>20.68</min-parsetime>
    <max-parsetime>48.12</max-parsetime>
    <range>27.439999999999998</range>
    <times>48.12 33.98 43.09 25.84 20.68 26.64 25.90 25.35</times>
    <uri>/tests/results-zeroes-2022-04-10T21:56:13.413/test-report.zeroes-tests.xml</uri>
  </test-result>
  <test-result name="G012-O3-negative/test-213" result="pass" n="8">
    <mean-parsetime>31.20125</mean-parsetime>
    <min-parsetime>18.87</min-parsetime>
    <max-parsetime>50.31</max-parsetime>
    <range>31.44</range>
    <times>29.53 35.25 30.14 30.88 50.31 18.87 30.97 23.66</times>
    <uri>/tests/results-gxxx-2022-03-10T11:32:00.384/test-report.gxxx-test-catalog.xml</uri>
  </test-result>
  <test-result name="G022-O3-negative/G022-neg-026" result="pass" n="8">
    <mean-parsetime>31.22625</mean-parsetime>
    <min-parsetime>20.65</min-parsetime>
    <max-parsetime>42.57</max-parsetime>
    <range>21.92</range>
    <times>30.59 42.57 34.84 27.75 29.94 20.65 31.28 32.19</times>
    <uri>/tests/results-gxxx-2022-03-10T11:32:00.384/test-report.gxxx-test-catalog.xml</uri>
  </test-result>
  <test-result name="G022-O3-negative/G022-neg-084" result="pass" n="8">
    <mean-parsetime>31.3525</mean-parsetime>
    <min-parsetime>24.57</min-parsetime>
    <max-parsetime>37.57</max-parsetime>
    <range>13</range>
    <times>33.42 37.57 32.25 32.34 31.66 24.57 31.66 27.35</times>
    <uri>/tests/results-gxxx-2022-03-10T11:32:00.384/test-report.gxxx-test-catalog.xml</uri>
  </test-result>
  <test-result name="G022-O3-negative/G022-neg-083" result="pass" n="8">
    <mean-parsetime>31.52625</mean-parsetime>
    <min-parsetime>25.2</min-parsetime>
    <max-parsetime>36.78</max-parsetime>
    <range>11.580000000000002</range>
    <times>32.70 36.78 33.35 31.71 32.91 27.49 32.07 25.20</times>
    <uri>/tests/results-gxxx-2022-03-10T11:32:00.384/test-report.gxxx-test-catalog.xml</uri>
  </test-result>
  <test-result name="G022-O3-negative/G022-neg-027" result="pass" n="8">
    <mean-parsetime>31.599999999999998</mean-parsetime>
    <min-parsetime>20.5</min-parsetime>
    <max-parsetime>42.89</max-parsetime>
    <range>22.39</range>
    <times>32.94 33.25 40.11 42.89 30.38 20.50 28.57 24.16</times>
    <uri>/tests/results-gxxx-2022-03-10T11:32:00.384/test-report.gxxx-test-catalog.xml</uri>
  </test-result>
  <test-result name="G022-O3-negative/G022-neg-038" result="pass" n="8">
    <mean-parsetime>31.651250000000005</mean-parsetime>
    <min-parsetime>24.3</min-parsetime>
    <max-parsetime>38.66</max-parsetime>
    <range>14.359999999999996</range>
    <times>31.39 38.66 31.51 32.03 33.87 24.30 35.08 26.37</times>
    <uri>/tests/results-gxxx-2022-03-10T11:32:00.384/test-report.gxxx-test-catalog.xml</uri>
  </test-result>
  <test-result name="G022-O3-negative/G022-neg-074" result="pass" n="8">
    <mean-parsetime>31.71125</mean-parsetime>
    <min-parsetime>20.85</min-parsetime>
    <max-parsetime>42.38</max-parsetime>
    <range>21.53</range>
    <times>32.24 42.38 29.96 29.43 29.10 20.85 30.26 39.47</times>
    <uri>/tests/results-gxxx-2022-03-10T11:32:00.384/test-report.gxxx-test-catalog.xml</uri>
  </test-result>
  <test-result name="zeroes-rrec/t-5x0" result="pass" n="8">
    <mean-parsetime>31.935000000000002</mean-parsetime>
    <min-parsetime>25.82</min-parsetime>
    <max-parsetime>40.45</max-parsetime>
    <range>14.630000000000003</range>
    <times>31.36 36.25 31.68 30.80 40.45 28.54 30.58 25.82</times>
    <uri>/tests/results-zeroes-2022-04-10T21:56:13.413/test-report.zeroes-tests.xml</uri>
  </test-result>
  <test-result name="G022-O3-negative/G022-neg-034" result="pass" n="8">
    <mean-parsetime>31.95875</mean-parsetime>
    <min-parsetime>22.22</min-parsetime>
    <max-parsetime>45.07</max-parsetime>
    <range>22.85</range>
    <times>32.75 45.07 29.83 36.07 32.19 22.22 32.28 25.26</times>
    <uri>/tests/results-gxxx-2022-03-10T11:32:00.384/test-report.gxxx-test-catalog.xml</uri>
  </test-result>
  <test-result name="G012-O3-negative/test-215" result="pass" n="8">
    <mean-parsetime>32.19625</mean-parsetime>
    <min-parsetime>23.1</min-parsetime>
    <max-parsetime>57.42</max-parsetime>
    <range>34.32</range>
    <times>31.06 34.97 28.16 27.21 57.42 27.17 28.48 23.10</times>
    <uri>/tests/results-gxxx-2022-03-10T11:32:00.384/test-report.gxxx-test-catalog.xml</uri>
  </test-result>
  <test-result name="G022-O3-negative/G022-neg-040" result="pass" n="8">
    <mean-parsetime>32.29</mean-parsetime>
    <min-parsetime>23.73</min-parsetime>
    <max-parsetime>38.39</max-parsetime>
    <range>14.66</range>
    <times>33.11 38.39 33.51 31.78 32.64 23.73 36.31 28.85</times>
    <uri>/tests/results-gxxx-2022-03-10T11:32:00.384/test-report.gxxx-test-catalog.xml</uri>
  </test-result>
  <test-result name="para-test/para-test" result="pass" n="3">
    <mean-parsetime>32.32</mean-parsetime>
    <min-parsetime>22.19</min-parsetime>
    <max-parsetime>38.83</max-parsetime>
    <range>16.639999999999997</range>
    <times>22.19 38.83 35.94</times>
    <uri>/tests/results-ixml-corr-2022-02-17T14:39:37.601/test-report.test-catalog.xml</uri>
  </test-result>
  <test-result name="G012-O3-negative/test-201" result="pass" n="8">
    <mean-parsetime>32.51</mean-parsetime>
    <min-parsetime>19.35</min-parsetime>
    <max-parsetime>50.05</max-parsetime>
    <range>30.699999999999996</range>
    <times>29.84 50.05 29.16 28.23 33.67 19.35 35.66 34.12</times>
    <uri>/tests/results-gxxx-2022-03-10T11:32:00.384/test-report.gxxx-test-catalog.xml</uri>
  </test-result>
  <test-result name="G022-O3-negative/G022-neg-037" result="pass" n="8">
    <mean-parsetime>32.5125</mean-parsetime>
    <min-parsetime>24.27</min-parsetime>
    <max-parsetime>40.09</max-parsetime>
    <range>15.820000000000004</range>
    <times>39.39 40.09 31.44 31.76 32.30 24.27 34.90 25.95</times>
    <uri>/tests/results-gxxx-2022-03-10T11:32:00.384/test-report.gxxx-test-catalog.xml</uri>
  </test-result>
  <test-result name="G022-O3-negative/G022-neg-081" result="pass" n="8">
    <mean-parsetime>32.6975</mean-parsetime>
    <min-parsetime>25.69</min-parsetime>
    <max-parsetime>39.53</max-parsetime>
    <range>13.84</range>
    <times>36.09 39.53 33.66 32.88 32.98 28.45 32.30 25.69</times>
    <uri>/tests/results-gxxx-2022-03-10T11:32:00.384/test-report.gxxx-test-catalog.xml</uri>
  </test-result>
  <test-result name="zeroes-rrec-hidden/t-5x0" result="pass" n="8">
    <mean-parsetime>32.71</mean-parsetime>
    <min-parsetime>26.61</min-parsetime>
    <max-parsetime>56.35</max-parsetime>
    <range>29.740000000000002</range>
    <times>32.95 32.06 27.18 28.59 56.35 28.35 29.59 26.61</times>
    <uri>/tests/results-zeroes-2022-04-10T21:56:13.413/test-report.zeroes-tests.xml</uri>
  </test-result>
  <test-result name="G022-O3-negative/G022-neg-042" result="pass" n="8">
    <mean-parsetime>32.88125</mean-parsetime>
    <min-parsetime>24.34</min-parsetime>
    <max-parsetime>37.99</max-parsetime>
    <range>13.650000000000002</range>
    <times>36.47 37.99 33.53 34.02 34.20 24.34 35.16 27.34</times>
    <uri>/tests/results-gxxx-2022-03-10T11:32:00.384/test-report.gxxx-test-catalog.xml</uri>
  </test-result>
  <test-result name="G022-O3-negative/G022-neg-029" result="pass" n="8">
    <mean-parsetime>32.90375</mean-parsetime>
    <min-parsetime>22.78</min-parsetime>
    <max-parsetime>53.69</max-parsetime>
    <range>30.909999999999997</range>
    <times>30.89 42.16 28.37 29.20 53.69 22.78 32.02 24.12</times>
    <uri>/tests/results-gxxx-2022-03-10T11:32:00.384/test-report.gxxx-test-catalog.xml</uri>
  </test-result>
  <test-result name="G022-O3-negative/G022-neg-039" result="pass" n="8">
    <mean-parsetime>32.989999999999995</mean-parsetime>
    <min-parsetime>24.15</min-parsetime>
    <max-parsetime>38.73</max-parsetime>
    <range>14.579999999999998</range>
    <times>35.32 38.73 33.32 35.88 34.51 24.15 33.73 28.28</times>
    <uri>/tests/results-gxxx-2022-03-10T11:32:00.384/test-report.gxxx-test-catalog.xml</uri>
  </test-result>
  <test-result name="zeroes-2021-09-14/t-5x0" result="pass" n="8">
    <mean-parsetime>33.1375</mean-parsetime>
    <min-parsetime>27.87</min-parsetime>
    <max-parsetime>48.23</max-parsetime>
    <range>20.359999999999996</range>
    <times>33.18 48.23 35.74 28.50 33.24 28.67 29.67 27.87</times>
    <uri>/tests/results-zeroes-2022-04-10T21:56:13.413/test-report.zeroes-tests.xml</uri>
  </test-result>
  <test-result name="ambiguity-1/amb-1" result="pass fail" n="8">
    <mean-parsetime>33.24875</mean-parsetime>
    <min-parsetime>21.24</min-parsetime>
    <max-parsetime>73.93</max-parsetime>
    <range>52.69000000000001</range>
    <times>73.93 42.61 37.22 21.24 21.89 23.86 23.38 21.86</times>
    <uri>/tests/results-bogons-2022-04-12T16:20:14.854/test-report.bogons-20220310.xml</uri>
  </test-result>
  <test-result name="G022-O3-negative/G022-neg-085" result="pass" n="8">
    <mean-parsetime>33.29</mean-parsetime>
    <min-parsetime>24.1</min-parsetime>
    <max-parsetime>37.67</max-parsetime>
    <range>13.57</range>
    <times>33.09 37.67 35.37 34.07 34.69 24.10 35.21 32.12</times>
    <uri>/tests/results-gxxx-2022-03-10T11:32:00.384/test-report.gxxx-test-catalog.xml</uri>
  </test-result>
  <test-result name="G022-O3-negative/G022-neg-086" result="pass" n="8">
    <mean-parsetime>33.58875</mean-parsetime>
    <min-parsetime>25.03</min-parsetime>
    <max-parsetime>41.56</max-parsetime>
    <range>16.53</range>
    <times>34.98 41.56 33.80 34.96 35.45 25.03 36.22 26.71</times>
    <uri>/tests/results-gxxx-2022-03-10T11:32:00.384/test-report.gxxx-test-catalog.xml</uri>
  </test-result>
  <test-result name="G012-O3-negative/test-214" result="pass" n="8">
    <mean-parsetime>33.685</mean-parsetime>
    <min-parsetime>23.04</min-parsetime>
    <max-parsetime>57.47</max-parsetime>
    <range>34.43</range>
    <times>32.55 35.51 29.16 28.80 57.47 32.70 30.25 23.04</times>
    <uri>/tests/results-gxxx-2022-03-10T11:32:00.384/test-report.gxxx-test-catalog.xml</uri>
  </test-result>
  <test-result name="G010-pos-internal/S1i" result="pass" n="9">
    <mean-parsetime>34.04666666666666</mean-parsetime>
    <min-parsetime>15.47</min-parsetime>
    <max-parsetime>76.63</max-parsetime>
    <range>61.16</range>
    <times>22.25 67.61 23.50 29.04 25.25 15.47 76.63 28.15 18.52</times>
    <uri>/tests/results-gxxx-2022-03-10T11:32:00.384/test-report.gxxx-test-catalog.xml</uri>
  </test-result>
  <test-result name="G022-O3-negative/G022-neg-041" result="pass" n="8">
    <mean-parsetime>34.38375</mean-parsetime>
    <min-parsetime>27.91</min-parsetime>
    <max-parsetime>42.51</max-parsetime>
    <range>14.599999999999998</range>
    <times>37.04 42.51 33.18 33.86 34.71 31.04 34.82 27.91</times>
    <uri>/tests/results-gxxx-2022-03-10T11:32:00.384/test-report.gxxx-test-catalog.xml</uri>
  </test-result>
  <test-result name="G022-O3-negative/G022-neg-068" result="fail pass" n="9">
    <mean-parsetime>34.54222222222222</mean-parsetime>
    <min-parsetime>25.9</min-parsetime>
    <max-parsetime>41.74</max-parsetime>
    <range>15.840000000000003</range>
    <times>34.20 41.18 30.32 35.91 31.21 36.70 25.90 33.72 41.74</times>
    <uri>/tests/results-gxxx-2022-03-10T11:32:00.384/test-report.gxxx-test-catalog.xml</uri>
  </test-result>
  <test-result name="G022-O3-negative/G022-neg-087" result="pass" n="8">
    <mean-parsetime>34.60125</mean-parsetime>
    <min-parsetime>24.01</min-parsetime>
    <max-parsetime>47.65</max-parsetime>
    <range>23.639999999999997</range>
    <times>36.04 47.65 35.81 34.28 34.10 24.01 37.90 27.02</times>
    <uri>/tests/results-gxxx-2022-03-10T11:32:00.384/test-report.gxxx-test-catalog.xml</uri>
  </test-result>
  <test-result name="expr5/expr5" result="pass" n="3">
    <mean-parsetime>34.61</mean-parsetime>
    <min-parsetime>23.43</min-parsetime>
    <max-parsetime>44.61</max-parsetime>
    <range>21.18</range>
    <times>23.43 35.79 44.61</times>
    <uri>/tests/results-ixml-corr-2022-02-17T14:39:37.601/test-report.test-catalog.xml</uri>
  </test-result>
  <test-result name="G012-O3-negative/test-216" result="pass" n="8">
    <mean-parsetime>34.68625</mean-parsetime>
    <min-parsetime>24.26</min-parsetime>
    <max-parsetime>51.09</max-parsetime>
    <range>26.830000000000002</range>
    <times>29.60 34.13 30.72 28.65 47.91 24.26 31.13 51.09</times>
    <uri>/tests/results-gxxx-2022-03-10T11:32:00.384/test-report.gxxx-test-catalog.xml</uri>
  </test-result>
  <test-result name="sample.grammar.04/g04.r15" result="pass" n="2">
    <mean-parsetime>35.06</mean-parsetime>
    <min-parsetime>22.6</min-parsetime>
    <max-parsetime>47.52</max-parsetime>
    <range>24.92</range>
    <times>22.60 47.52</times>
    <uri>/tests/results-wisp-A-2022-02-20T19:55:01.204/test-report.wisps-001-020-catalog.xml</uri>
  </test-result>
  <test-result name="G022-O3-negative/G022-neg-088" result="pass" n="8">
    <mean-parsetime>35.17875</mean-parsetime>
    <min-parsetime>24.57</min-parsetime>
    <max-parsetime>48.24</max-parsetime>
    <range>23.67</range>
    <times>41.04 48.24 32.74 34.16 33.27 24.57 38.01 29.40</times>
    <uri>/tests/results-gxxx-2022-03-10T11:32:00.384/test-report.gxxx-test-catalog.xml</uri>
  </test-result>
  <test-result name="G022-O3-negative/G022-neg-043" result="pass" n="8">
    <mean-parsetime>35.22875</mean-parsetime>
    <min-parsetime>25.18</min-parsetime>
    <max-parsetime>51.07</max-parsetime>
    <range>25.89</range>
    <times>36.11 51.07 33.03 34.04 34.62 25.18 39.16 28.62</times>
    <uri>/tests/results-gxxx-2022-03-10T11:32:00.384/test-report.gxxx-test-catalog.xml</uri>
  </test-result>
  <test-result name="sample.grammar.04/g04.c08" result="pass fail" n="2">
    <mean-parsetime>35.235</mean-parsetime>
    <min-parsetime>34.16</min-parsetime>
    <max-parsetime>36.31</max-parsetime>
    <range>2.1500000000000057</range>
    <times>36.31 34.16</times>
    <uri>/tests/results-wisp-A-2022-02-20T19:55:01.204/test-report.wisps-001-020-catalog.xml</uri>
  </test-result>
  <test-result name="sample.grammar.03/g03.c04" result="pass fail" n="2">
    <mean-parsetime>37.195</mean-parsetime>
    <min-parsetime>36.29</min-parsetime>
    <max-parsetime>38.1</max-parsetime>
    <range>1.8100000000000023</range>
    <times>38.10 36.29</times>
    <uri>/tests/results-wisp-A-2022-02-20T19:55:01.204/test-report.wisps-001-020-catalog.xml</uri>
  </test-result>
  <test-result name="G022-O3-negative/G022-neg-044" result="pass" n="8">
    <mean-parsetime>37.67</mean-parsetime>
    <min-parsetime>24.98</min-parsetime>
    <max-parsetime>56.51</max-parsetime>
    <range>31.529999999999998</range>
    <times>35.29 42.13 56.51 35.05 42.36 24.98 35.40 29.64</times>
    <uri>/tests/results-gxxx-2022-03-10T11:32:00.384/test-report.gxxx-test-catalog.xml</uri>
  </test-result>
  <test-result name="syntax-ixml/rule9" result="pass" n="4">
    <mean-parsetime>37.9225</mean-parsetime>
    <min-parsetime>31.44</min-parsetime>
    <max-parsetime>42.29</max-parsetime>
    <range>10.849999999999998</range>
    <times>39.80 38.16 31.44 42.29</times>
    <uri>/tests/results-syntax-caii-2022-03-08T22:09:25.646/test-report.catalog-as-instance-tests-ixml.xml</uri>
  </test-result>
  <test-result name="syntax-xml/rule9" result="pass" n="3">
    <mean-parsetime>39.166666666666664</mean-parsetime>
    <min-parsetime>31.56</min-parsetime>
    <max-parsetime>44.76</max-parsetime>
    <range>13.2</range>
    <times>44.76 31.56 41.18</times>
    <uri>/tests/results-ixml-all-2022-03-09T06:12:44.309/test-report.test-catalog.xml</uri>
  </test-result>
  <test-result name="sample.grammar.12/g12.r06" result="pass" n="3">
    <mean-parsetime>39.53333333333333</mean-parsetime>
    <min-parsetime>38.57</min-parsetime>
    <max-parsetime>41.33</max-parsetime>
    <range>2.759999999999998</range>
    <times>41.33 38.70 38.57</times>
    <uri>/tests/results-wisp-A-2022-02-20T19:55:01.204/test-report.wisps-001-020-catalog.xml</uri>
  </test-result>
  <test-result name="zeroes-ebnf/t-20x0" result="pass" n="8">
    <mean-parsetime>40.07625</mean-parsetime>
    <min-parsetime>33.71</min-parsetime>
    <max-parsetime>48.51</max-parsetime>
    <range>14.799999999999997</range>
    <times>48.51 48.41 37.36 41.05 33.71 36.94 34.88 39.75</times>
    <uri>/tests/results-zeroes-2022-04-10T21:56:13.413/test-report.zeroes-tests.xml</uri>
  </test-result>
  <test-result name="Kings-01/t1" result="fail" n="1">
    <mean-parsetime>40.18</mean-parsetime>
    <min-parsetime>40.18</min-parsetime>
    <max-parsetime>40.18</max-parsetime>
    <range>0</range>
    <times>40.18</times>
    <uri>/tests/results-misc-2022-03-21T09:02:09.573/test-report.misc-tests.xml</uri>
  </test-result>
  <test-result name="ambig4/ambig4" result="pass" n="3">
    <mean-parsetime>40.49666666666667</mean-parsetime>
    <min-parsetime>29.78</min-parsetime>
    <max-parsetime>51.44</max-parsetime>
    <range>21.659999999999997</range>
    <times>40.27 29.78 51.44</times>
    <uri>/tests/results-ixml-all-2022-03-09T06:12:44.309/test-report.test-catalog.xml</uri>
  </test-result>
  <test-result name="syntax-xml/rule8" result="pass" n="3">
    <mean-parsetime>40.81333333333333</mean-parsetime>
    <min-parsetime>35.46</min-parsetime>
    <max-parsetime>45.24</max-parsetime>
    <range>9.780000000000001</range>
    <times>45.24 35.46 41.74</times>
    <uri>/tests/results-ixml-all-2022-03-09T06:12:44.309/test-report.test-catalog.xml</uri>
  </test-result>
  <test-result name="syntax-ixml/rule8" result="pass" n="4">
    <mean-parsetime>41.195</mean-parsetime>
    <min-parsetime>33.36</min-parsetime>
    <max-parsetime>45.57</max-parsetime>
    <range>12.21</range>
    <times>45.57 42.15 33.36 43.70</times>
    <uri>/tests/results-syntax-caii-2022-03-08T22:09:25.646/test-report.catalog-as-instance-tests-ixml.xml</uri>
  </test-result>
  <test-result name="expr4/expr4" result="pass" n="3">
    <mean-parsetime>47.02</mean-parsetime>
    <min-parsetime>35.37</min-parsetime>
    <max-parsetime>58.8</max-parsetime>
    <range>23.43</range>
    <times>35.37 46.89 58.80</times>
    <uri>/tests/results-ixml-corr-2022-02-17T14:39:37.601/test-report.test-catalog.xml</uri>
  </test-result>
  <test-result name="bibtex/t2" result="pass" n="4">
    <mean-parsetime>49.0275</mean-parsetime>
    <min-parsetime>39.35</min-parsetime>
    <max-parsetime>62.55</max-parsetime>
    <range>23.199999999999996</range>
    <times>62.55 39.35 47.65 46.56</times>
    <uri>/tests/results-misc-2022-03-21T09:02:09.573/test-report.misc-tests.xml</uri>
  </test-result>
  <test-result name="poly/poly" result="pass" n="3">
    <mean-parsetime>50.45000000000001</mean-parsetime>
    <min-parsetime>38.58</min-parsetime>
    <max-parsetime>58.7</max-parsetime>
    <range>20.120000000000005</range>
    <times>38.58 54.07 58.70</times>
    <uri>/tests/results-ixml-corr-2022-02-17T14:39:37.601/test-report.test-catalog.xml</uri>
  </test-result>
  <test-result name="expr/expr" result="pass" n="3">
    <mean-parsetime>50.69</mean-parsetime>
    <min-parsetime>40.51</min-parsetime>
    <max-parsetime>56</max-parsetime>
    <range>15.490000000000002</range>
    <times>40.51 56.00 55.56</times>
    <uri>/tests/results-ixml-corr-2022-02-17T14:39:37.601/test-report.test-catalog.xml</uri>
  </test-result>
  <test-result name="expr1/expr1" result="fail" n="9">
    <mean-parsetime>51.65888888888889</mean-parsetime>
    <min-parsetime>35.02</min-parsetime>
    <max-parsetime>80.49</max-parsetime>
    <range>45.46999999999999</range>
    <times>35.02 80.49 47.47 52.23 46.40 47.69 54.35 45.80 55.48</times>
    <uri>/tests/results-ixml-corr-2022-02-17T14:39:37.601/test-report.test-catalog.xml</uri>
  </test-result>
  <test-result name="program/program" result="pass" n="3">
    <mean-parsetime>51.93000000000001</mean-parsetime>
    <min-parsetime>40.01</min-parsetime>
    <max-parsetime>58.58</max-parsetime>
    <range>18.57</range>
    <times>40.01 57.20 58.58</times>
    <uri>/tests/results-ixml-corr-2022-02-17T14:39:37.601/test-report.test-catalog.xml</uri>
  </test-result>
  <test-result name="syntax-ixml/rule10" result="pass" n="4">
    <mean-parsetime>54.06</mean-parsetime>
    <min-parsetime>44.31</min-parsetime>
    <max-parsetime>64.29</max-parsetime>
    <range>19.980000000000004</range>
    <times>51.58 64.29 44.31 56.06</times>
    <uri>/tests/results-syntax-caii-2022-03-08T22:09:25.646/test-report.catalog-as-instance-tests-ixml.xml</uri>
  </test-result>
  <test-result name="sample.grammar.09/g09c06" result="pass fail" n="3">
    <mean-parsetime>54.60666666666666</mean-parsetime>
    <min-parsetime>53.65</min-parsetime>
    <max-parsetime>56.21</max-parsetime>
    <range>2.5600000000000023</range>
    <times>53.96 53.65 56.21</times>
    <uri>/tests/results-wisp-A-2022-02-20T19:55:01.204/test-report.wisps-001-020-catalog.xml</uri>
  </test-result>
  <test-result name="syntax-xml/rule10" result="pass" n="3">
    <mean-parsetime>55.23</mean-parsetime>
    <min-parsetime>43.65</min-parsetime>
    <max-parsetime>61.17</max-parsetime>
    <range>17.520000000000003</range>
    <times>61.17 43.65 60.87</times>
    <uri>/tests/results-ixml-all-2022-03-09T06:12:44.309/test-report.test-catalog.xml</uri>
  </test-result>
  <test-result name="zeroes-lrec/t-20x0" result="pass" n="8">
    <mean-parsetime>56.43124999999999</mean-parsetime>
    <min-parsetime>33.71</min-parsetime>
    <max-parsetime>72.96</max-parsetime>
    <range>39.24999999999999</range>
    <times>72.71 72.96 59.63 53.80 33.71 54.72 52.91 51.01</times>
    <uri>/tests/results-zeroes-2022-04-10T21:56:13.413/test-report.zeroes-tests.xml</uri>
  </test-result>
  <test-result name="expr6/expr6" result="pass" n="3">
    <mean-parsetime>57.03333333333334</mean-parsetime>
    <min-parsetime>46.12</min-parsetime>
    <max-parsetime>65.26</max-parsetime>
    <range>19.140000000000008</range>
    <times>46.12 59.72 65.26</times>
    <uri>/tests/results-ixml-corr-2022-02-17T14:39:37.601/test-report.test-catalog.xml</uri>
  </test-result>
  <test-result name="zeroes-lrec-hidden/t-20x0" result="pass" n="8">
    <mean-parsetime>57.186249999999994</mean-parsetime>
    <min-parsetime>34.06</min-parsetime>
    <max-parsetime>75.01</max-parsetime>
    <range>40.95</range>
    <times>60.32 69.66 62.74 53.25 34.06 52.45 75.01 50.00</times>
    <uri>/tests/results-zeroes-2022-04-10T21:56:13.413/test-report.zeroes-tests.xml</uri>
  </test-result>
  <test-result name="hash/hash" result="pass" n="3">
    <mean-parsetime>59.26333333333333</mean-parsetime>
    <min-parsetime>42.71</min-parsetime>
    <max-parsetime>68.75</max-parsetime>
    <range>26.04</range>
    <times>42.71 66.33 68.75</times>
    <uri>/tests/results-ixml-corr-2022-02-17T14:39:37.601/test-report.test-catalog.xml</uri>
  </test-result>
  <test-result name="lf/lf" result="pass" n="3">
    <mean-parsetime>60.04999999999999</mean-parsetime>
    <min-parsetime>48.91</min-parsetime>
    <max-parsetime>66.17</max-parsetime>
    <range>17.260000000000005</range>
    <times>48.91 65.07 66.17</times>
    <uri>/tests/results-ixml-corr-2022-02-17T14:39:37.601/test-report.test-catalog.xml</uri>
  </test-result>
  <test-result name="syntax-xml/hex2" result="pass" n="3">
    <mean-parsetime>64.50999999999999</mean-parsetime>
    <min-parsetime>54.18</min-parsetime>
    <max-parsetime>74.14</max-parsetime>
    <range>19.96</range>
    <times>74.14 54.18 65.21</times>
    <uri>/tests/results-ixml-all-2022-03-09T06:12:44.309/test-report.test-catalog.xml</uri>
  </test-result>
  <test-result name="syntax-ixml/hex2" result="pass" n="4">
    <mean-parsetime>65.83500000000001</mean-parsetime>
    <min-parsetime>55.99</min-parsetime>
    <max-parsetime>79.29</max-parsetime>
    <range>23.300000000000004</range>
    <times>63.27 79.29 55.99 64.79</times>
    <uri>/tests/results-syntax-caii-2022-03-08T22:09:25.646/test-report.catalog-as-instance-tests-ixml.xml</uri>
  </test-result>
  <test-result name="url1/url1" result="pass" n="3">
    <mean-parsetime>66.09333333333335</mean-parsetime>
    <min-parsetime>55.49</min-parsetime>
    <max-parsetime>74.59</max-parsetime>
    <range>19.1</range>
    <times>74.59 55.49 68.20</times>
    <uri>/tests/results-ixml-all-2022-03-09T06:12:44.309/test-report.test-catalog.xml</uri>
  </test-result>
  <test-result name="sample.grammar.15/g15c06" result="pass fail" n="3">
    <mean-parsetime>66.33333333333333</mean-parsetime>
    <min-parsetime>62.3</min-parsetime>
    <max-parsetime>73.67</max-parsetime>
    <range>11.370000000000005</range>
    <times>63.03 62.30 73.67</times>
    <uri>/tests/results-wisp-A-2022-02-20T19:55:01.204/test-report.wisps-001-020-catalog.xml</uri>
  </test-result>
  <test-result name="expr2/expr2" result="pass" n="3">
    <mean-parsetime>69.84333333333333</mean-parsetime>
    <min-parsetime>56.22</min-parsetime>
    <max-parsetime>81.5</max-parsetime>
    <range>25.28</range>
    <times>56.22 71.81 81.50</times>
    <uri>/tests/results-ixml-corr-2022-02-17T14:39:37.601/test-report.test-catalog.xml</uri>
  </test-result>
  <test-result name="zero/t1x" result="pass" n="16">
    <mean-parsetime>70.48374999999999</mean-parsetime>
    <min-parsetime>50.83</min-parsetime>
    <max-parsetime>150.04</max-parsetime>
    <range>99.21</range>
    <times>59.20 65.82 73.52 60.40 66.88 60.47 71.88 62.01 65.54 99.37 56.73 71.06 150.04 61.81 50.83 52.18</times>
    <uri>/tests/results-test0-2022-03-10T18:33:49.071/test-report.test0.xml</uri>
  </test-result>
  <test-result name="lf2/lf2" result="fail pass" n="3">
    <mean-parsetime>77.01666666666667</mean-parsetime>
    <min-parsetime>60.44</min-parsetime>
    <max-parsetime>88.75</max-parsetime>
    <range>28.310000000000002</range>
    <times>88.75 60.44 81.86</times>
    <uri>/tests/results-ixml-all-2022-03-09T06:12:44.309/test-report.test-catalog.xml</uri>
  </test-result>
  <test-result name="json1/json1" result="pass" n="3">
    <mean-parsetime>77.06</mean-parsetime>
    <min-parsetime>56.29</min-parsetime>
    <max-parsetime>92.46</max-parsetime>
    <range>36.169999999999995</range>
    <times>56.29 92.46 82.43</times>
    <uri>/tests/results-ixml-corr-2022-02-17T14:39:37.601/test-report.test-catalog.xml</uri>
  </test-result>
  <test-result name="expr3/expr3" result="pass" n="3">
    <mean-parsetime>79.77333333333334</mean-parsetime>
    <min-parsetime>58.17</min-parsetime>
    <max-parsetime>97.93</max-parsetime>
    <range>39.760000000000005</range>
    <times>58.17 97.93 83.22</times>
    <uri>/tests/results-ixml-corr-2022-02-17T14:39:37.601/test-report.test-catalog.xml</uri>
  </test-result>
  <test-result name="zero/t1i" result="pass" n="16">
    <mean-parsetime>84.77312499999998</mean-parsetime>
    <min-parsetime>49.86</min-parsetime>
    <max-parsetime>194.31</max-parsetime>
    <range>144.45</range>
    <times>59.36 96.64 88.13 102.30 83.56 72.27 74.84 81.92 63.68 82.30 72.04 80.85 194.31 83.54 49.86 70.77</times>
    <uri>/tests/results-test0-2022-03-10T18:33:49.071/test-report.test0.xml</uri>
  </test-result>
  <test-result name="syntax-ixml/rule5" result="pass" n="4">
    <mean-parsetime>85.4475</mean-parsetime>
    <min-parsetime>74.38</min-parsetime>
    <max-parsetime>96</max-parsetime>
    <range>21.620000000000005</range>
    <times>84.54 96.00 74.38 86.87</times>
    <uri>/tests/results-syntax-caii-2022-03-08T22:09:25.646/test-report.catalog-as-instance-tests-ixml.xml</uri>
  </test-result>
  <test-result name="xml1/xml1" result="pass" n="3">
    <mean-parsetime>88.17</mean-parsetime>
    <min-parsetime>57.58</min-parsetime>
    <max-parsetime>116.6</max-parsetime>
    <range>59.019999999999996</range>
    <times>57.58 116.60 90.33</times>
    <uri>/tests/results-ixml-corr-2022-02-17T14:39:37.601/test-report.test-catalog.xml</uri>
  </test-result>
  <test-result name="syntax-xml/rule5" result="pass" n="3">
    <mean-parsetime>88.48333333333333</mean-parsetime>
    <min-parsetime>75.72</min-parsetime>
    <max-parsetime>103.36</max-parsetime>
    <range>27.64</range>
    <times>103.36 75.72 86.37</times>
    <uri>/tests/results-ixml-all-2022-03-09T06:12:44.309/test-report.test-catalog.xml</uri>
  </test-result>
  <test-result name="syntax-ixml/rule7" result="pass" n="4">
    <mean-parsetime>93.23249999999999</mean-parsetime>
    <min-parsetime>77.02</min-parsetime>
    <max-parsetime>112.61</max-parsetime>
    <range>35.59</range>
    <times>112.61 95.20 77.02 88.10</times>
    <uri>/tests/results-syntax-caii-2022-03-08T22:09:25.646/test-report.catalog-as-instance-tests-ixml.xml</uri>
  </test-result>
  <test-result name="syntax-ixml/rule" result="pass" n="4">
    <mean-parsetime>94.7075</mean-parsetime>
    <min-parsetime>78.92</min-parsetime>
    <max-parsetime>113.31</max-parsetime>
    <range>34.39</range>
    <times>113.31 90.34 78.92 96.26</times>
    <uri>/tests/results-syntax-caii-2022-03-08T22:09:25.646/test-report.catalog-as-instance-tests-ixml.xml</uri>
  </test-result>
  <test-result name="syntax-xml/rule7" result="pass" n="3">
    <mean-parsetime>96.35333333333331</mean-parsetime>
    <min-parsetime>78.32</min-parsetime>
    <max-parsetime>123.52</max-parsetime>
    <range>45.2</range>
    <times>123.52 78.32 87.22</times>
    <uri>/tests/results-ixml-all-2022-03-09T06:12:44.309/test-report.test-catalog.xml</uri>
  </test-result>
  <test-result name="syntax-xml/unterminated-comment" result="pass" n="3">
    <mean-parsetime>97.5</mean-parsetime>
    <min-parsetime>82.02</min-parsetime>
    <max-parsetime>113.49</max-parsetime>
    <range>31.47</range>
    <times>113.49 82.02 96.99</times>
    <uri>/tests/results-ixml-all-2022-03-09T06:12:44.309/test-report.test-catalog.xml</uri>
  </test-result>
  <test-result name="syntax-ixml/rule6" result="pass" n="4">
    <mean-parsetime>103.26750000000001</mean-parsetime>
    <min-parsetime>84.2</min-parsetime>
    <max-parsetime>134.06</max-parsetime>
    <range>49.86</range>
    <times>134.06 97.90 84.20 96.91</times>
    <uri>/tests/results-syntax-caii-2022-03-08T22:09:25.646/test-report.catalog-as-instance-tests-ixml.xml</uri>
  </test-result>
  <test-result name="syntax-ixml/unterminated-comment" result="pass" n="4">
    <mean-parsetime>105.80999999999999</mean-parsetime>
    <min-parsetime>80.25</min-parsetime>
    <max-parsetime>150.64</max-parsetime>
    <range>70.38999999999999</range>
    <times>95.96 150.64 80.25 96.39</times>
    <uri>/tests/results-syntax-caii-2022-03-08T22:09:25.646/test-report.catalog-as-instance-tests-ixml.xml</uri>
  </test-result>

  <!-- 66 tests with mean time under 1.0s = 1000ms -->
  <test-result name="email/email" result="pass" n="3">
    <mean-parsetime>106.42333333333333</mean-parsetime>
    <min-parsetime>79.96</min-parsetime>
    <max-parsetime>120.73</max-parsetime>
    <range>40.77000000000001</range>
    <times>79.96 120.73 118.58</times>
    <uri>/tests/results-ixml-corr-2022-02-17T14:39:37.601/test-report.test-catalog.xml</uri>
  </test-result>
  <test-result name="ranges/ranges" result="pass" n="3">
    <mean-parsetime>106.44</mean-parsetime>
    <min-parsetime>80.64</min-parsetime>
    <max-parsetime>135.97</max-parsetime>
    <range>55.33</range>
    <times>80.64 135.97 102.71</times>
    <uri>/tests/results-ixml-corr-2022-02-17T14:39:37.601/test-report.test-catalog.xml</uri>
  </test-result>
  <test-result name="syntax-xml/rule6" result="pass" n="3">
    <mean-parsetime>110.36333333333334</mean-parsetime>
    <min-parsetime>88.66</min-parsetime>
    <max-parsetime>142.27</max-parsetime>
    <range>53.610000000000014</range>
    <times>142.27 88.66 100.16</times>
    <uri>/tests/results-ixml-all-2022-03-09T06:12:44.309/test-report.test-catalog.xml</uri>
  </test-result>
  <test-result name="syntax-xml/rule" result="pass" n="3">
    <mean-parsetime>114.54333333333334</mean-parsetime>
    <min-parsetime>93.69</min-parsetime>
    <max-parsetime>145.11</max-parsetime>
    <range>51.420000000000016</range>
    <times>145.11 93.69 104.83</times>
    <uri>/tests/results-ixml-all-2022-03-09T06:12:44.309/test-report.test-catalog.xml</uri>
  </test-result>
  <test-result name="xml/xml" result="pass" n="3">
    <mean-parsetime>120.99000000000001</mean-parsetime>
    <min-parsetime>75.93</min-parsetime>
    <max-parsetime>171.67</max-parsetime>
    <range>95.73999999999998</range>
    <times>75.93 171.67 115.37</times>
    <uri>/tests/results-ixml-corr-2022-02-17T14:39:37.601/test-report.test-catalog.xml</uri>
  </test-result>
  <test-result name="syntax-ixml/unterminated-comment1" result="pass" n="4">
    <mean-parsetime>133.47750000000002</mean-parsetime>
    <min-parsetime>102.3</min-parsetime>
    <max-parsetime>167.52</max-parsetime>
    <range>65.22000000000001</range>
    <times>137.96 167.52 102.30 126.13</times>
    <uri>/tests/results-syntax-caii-2022-03-08T22:09:25.646/test-report.catalog-as-instance-tests-ixml.xml</uri>
  </test-result>
  <test-result name="bibtex/t1" result="pass" n="4">
    <mean-parsetime>142.35750000000002</mean-parsetime>
    <min-parsetime>96.66</min-parsetime>
    <max-parsetime>196.6</max-parsetime>
    <range>99.94</range>
    <times>196.60 96.66 138.72 137.45</times>
    <uri>/tests/results-misc-2022-03-21T09:02:09.573/test-report.misc-tests.xml</uri>
  </test-result>
  <test-result name="syntax-xml/unterminated-comment1" result="pass" n="3">
    <mean-parsetime>145.4</mean-parsetime>
    <min-parsetime>107.48</min-parsetime>
    <max-parsetime>187.02</max-parsetime>
    <range>79.54</range>
    <times>187.02 107.48 141.70</times>
    <uri>/tests/results-ixml-all-2022-03-09T06:12:44.309/test-report.test-catalog.xml</uri>
  </test-result>
  <test-result name="syntax-ixml/unterminated-comment2" result="pass" n="4">
    <mean-parsetime>146.67000000000002</mean-parsetime>
    <min-parsetime>114.22</min-parsetime>
    <max-parsetime>175.76</max-parsetime>
    <range>61.53999999999999</range>
    <times>175.76 153.26 114.22 143.44</times>
    <uri>/tests/results-syntax-caii-2022-03-08T22:09:25.646/test-report.catalog-as-instance-tests-ixml.xml</uri>
  </test-result>
  <test-result name="syntax-ixml/rule3" result="pass" n="4">
    <mean-parsetime>157.2825</mean-parsetime>
    <min-parsetime>149.81</min-parsetime>
    <max-parsetime>164.98</max-parsetime>
    <range>15.169999999999987</range>
    <times>164.98 161.28 149.81 153.06</times>
    <uri>/tests/results-syntax-caii-2022-03-08T22:09:25.646/test-report.catalog-as-instance-tests-ixml.xml</uri>
  </test-result>
  <test-result name="syntax-xml/unterminated-comment2" result="pass" n="3">
    <mean-parsetime>157.88666666666668</mean-parsetime>
    <min-parsetime>121.77</min-parsetime>
    <max-parsetime>209.03</max-parsetime>
    <range>87.26</range>
    <times>209.03 121.77 142.86</times>
    <uri>/tests/results-ixml-all-2022-03-09T06:12:44.309/test-report.test-catalog.xml</uri>
  </test-result>
  <test-result name="syntax-xml/rule3" result="pass" n="3">
    <mean-parsetime>159.67</mean-parsetime>
    <min-parsetime>142.34</min-parsetime>
    <max-parsetime>179.92</max-parsetime>
    <range>37.579999999999984</range>
    <times>179.92 142.34 156.75</times>
    <uri>/tests/results-ixml-all-2022-03-09T06:12:44.309/test-report.test-catalog.xml</uri>
  </test-result>
  <test-result name="syntax-ixml/rule1" result="pass" n="4">
    <mean-parsetime>161.50500000000002</mean-parsetime>
    <min-parsetime>141.72</min-parsetime>
    <max-parsetime>188.49</max-parsetime>
    <range>46.77000000000001</range>
    <times>188.49 160.84 141.72 154.97</times>
    <uri>/tests/results-syntax-caii-2022-03-08T22:09:25.646/test-report.catalog-as-instance-tests-ixml.xml</uri>
  </test-result>
  <test-result name="address/address" result="pass" n="3">
    <mean-parsetime>167.53666666666666</mean-parsetime>
    <min-parsetime>135.7</min-parsetime>
    <max-parsetime>191.23</max-parsetime>
    <range>55.53</range>
    <times>135.70 191.23 175.68</times>
    <uri>/tests/results-ixml-corr-2022-02-17T14:39:37.601/test-report.test-catalog.xml</uri>
  </test-result>
  <test-result name="syntax-xml/rule1" result="pass" n="3">
    <mean-parsetime>168.54999999999998</mean-parsetime>
    <min-parsetime>147.93</min-parsetime>
    <max-parsetime>199.68</max-parsetime>
    <range>51.75</range>
    <times>199.68 147.93 158.04</times>
    <uri>/tests/results-ixml-all-2022-03-09T06:12:44.309/test-report.test-catalog.xml</uri>
  </test-result>
  <test-result name="syntax-ixml/empty-string" result="pass" n="4">
    <mean-parsetime>173.6975</mean-parsetime>
    <min-parsetime>165.23</min-parsetime>
    <max-parsetime>185.73</max-parsetime>
    <range>20.5</range>
    <times>185.73 174.42 169.41 165.23</times>
    <uri>/tests/results-syntax-caii-2022-03-08T22:09:25.646/test-report.catalog-as-instance-tests-ixml.xml</uri>
  </test-result>
  <test-result name="sample.grammar.12/g12.c04" result="pass fail" n="3">
    <mean-parsetime>174.78333333333333</mean-parsetime>
    <min-parsetime>170.97</min-parsetime>
    <max-parsetime>178.66</max-parsetime>
    <range>7.689999999999998</range>
    <times>178.66 170.97 174.72</times>
    <uri>/tests/results-wisp-A-2022-02-20T19:55:01.204/test-report.wisps-001-020-catalog.xml</uri>
  </test-result>
  <test-result name="syntax-xml/defn5" result="pass" n="3">
    <mean-parsetime>177.2733333333333</mean-parsetime>
    <min-parsetime>159.43</min-parsetime>
    <max-parsetime>193.2</max-parsetime>
    <range>33.76999999999998</range>
    <times>193.20 159.43 179.19</times>
    <uri>/tests/results-ixml-all-2022-03-09T06:12:44.309/test-report.test-catalog.xml</uri>
  </test-result>
  <test-result name="syntax-xml/defn1" result="pass" n="3">
    <mean-parsetime>182.50666666666666</mean-parsetime>
    <min-parsetime>164.18</min-parsetime>
    <max-parsetime>202.99</max-parsetime>
    <range>38.81</range>
    <times>202.99 164.18 180.35</times>
    <uri>/tests/results-ixml-all-2022-03-09T06:12:44.309/test-report.test-catalog.xml</uri>
  </test-result>
  <test-result name="syntax-ixml/defn8" result="pass" n="4">
    <mean-parsetime>185.5625</mean-parsetime>
    <min-parsetime>152.86</min-parsetime>
    <max-parsetime>214.67</max-parsetime>
    <range>61.809999999999974</range>
    <times>192.87 214.67 152.86 181.85</times>
    <uri>/tests/results-syntax-caii-2022-03-08T22:09:25.646/test-report.catalog-as-instance-tests-ixml.xml</uri>
  </test-result>
  <test-result name="syntax-ixml/elem5" result="pass" n="4">
    <mean-parsetime>185.6425</mean-parsetime>
    <min-parsetime>164.24</min-parsetime>
    <max-parsetime>197.34</max-parsetime>
    <range>33.099999999999994</range>
    <times>197.34 196.66 164.24 184.33</times>
    <uri>/tests/results-syntax-caii-2022-03-08T22:09:25.646/test-report.catalog-as-instance-tests-ixml.xml</uri>
  </test-result>
  <test-result name="syntax-xml/defn9" result="pass" n="3">
    <mean-parsetime>186.84333333333333</mean-parsetime>
    <min-parsetime>173.08</min-parsetime>
    <max-parsetime>204.82</max-parsetime>
    <range>31.73999999999998</range>
    <times>204.82 173.08 182.63</times>
    <uri>/tests/results-ixml-all-2022-03-09T06:12:44.309/test-report.test-catalog.xml</uri>
  </test-result>
  <test-result name="syntax-ixml/defn10" result="pass" n="4">
    <mean-parsetime>187.29250000000002</mean-parsetime>
    <min-parsetime>172.88</min-parsetime>
    <max-parsetime>196.45</max-parsetime>
    <range>23.569999999999993</range>
    <times>196.11 196.45 172.88 183.73</times>
    <uri>/tests/results-syntax-caii-2022-03-08T22:09:25.646/test-report.catalog-as-instance-tests-ixml.xml</uri>
  </test-result>
  <test-result name="syntax-ixml/defn2" result="pass" n="4">
    <mean-parsetime>188.45</mean-parsetime>
    <min-parsetime>152.73</min-parsetime>
    <max-parsetime>232.13</max-parsetime>
    <range>79.4</range>
    <times>192.81 232.13 152.73 176.13</times>
    <uri>/tests/results-syntax-caii-2022-03-08T22:09:25.646/test-report.catalog-as-instance-tests-ixml.xml</uri>
  </test-result>
  <test-result name="syntax-xml/defn10" result="pass" n="3">
    <mean-parsetime>188.66666666666666</mean-parsetime>
    <min-parsetime>166.43</min-parsetime>
    <max-parsetime>212.89</max-parsetime>
    <range>46.45999999999998</range>
    <times>212.89 166.43 186.68</times>
    <uri>/tests/results-ixml-all-2022-03-09T06:12:44.309/test-report.test-catalog.xml</uri>
  </test-result>
  <test-result name="syntax-xml/defn11" result="pass" n="3">
    <mean-parsetime>188.71</mean-parsetime>
    <min-parsetime>163.67</min-parsetime>
    <max-parsetime>215.62</max-parsetime>
    <range>51.95000000000002</range>
    <times>215.62 163.67 186.84</times>
    <uri>/tests/results-ixml-all-2022-03-09T06:12:44.309/test-report.test-catalog.xml</uri>
  </test-result>
  <test-result name="syntax-ixml/defn1" result="pass" n="4">
    <mean-parsetime>189.22750000000002</mean-parsetime>
    <min-parsetime>148.08</min-parsetime>
    <max-parsetime>221.2</max-parsetime>
    <range>73.11999999999998</range>
    <times>208.43 221.20 148.08 179.20</times>
    <uri>/tests/results-syntax-caii-2022-03-08T22:09:25.646/test-report.catalog-as-instance-tests-ixml.xml</uri>
  </test-result>
  <test-result name="syntax-xml/defn6" result="pass" n="3">
    <mean-parsetime>192.0666666666667</mean-parsetime>
    <min-parsetime>161.17</min-parsetime>
    <max-parsetime>233.23</max-parsetime>
    <range>72.06</range>
    <times>233.23 161.17 181.80</times>
    <uri>/tests/results-ixml-all-2022-03-09T06:12:44.309/test-report.test-catalog.xml</uri>
  </test-result>
  <test-result name="syntax-ixml/defn6" result="pass" n="4">
    <mean-parsetime>193.03</mean-parsetime>
    <min-parsetime>153.36</min-parsetime>
    <max-parsetime>252.45</max-parsetime>
    <range>99.08999999999997</range>
    <times>252.45 185.41 153.36 180.90</times>
    <uri>/tests/results-syntax-caii-2022-03-08T22:09:25.646/test-report.catalog-as-instance-tests-ixml.xml</uri>
  </test-result>
  <test-result name="syntax-ixml/elem2" result="pass" n="4">
    <mean-parsetime>193.73250000000002</mean-parsetime>
    <min-parsetime>163.46</min-parsetime>
    <max-parsetime>241.69</max-parsetime>
    <range>78.22999999999999</range>
    <times>241.69 190.58 163.46 179.20</times>
    <uri>/tests/results-syntax-caii-2022-03-08T22:09:25.646/test-report.catalog-as-instance-tests-ixml.xml</uri>
  </test-result>
  <test-result name="syntax-ixml/defn11" result="pass" n="4">
    <mean-parsetime>198.82</mean-parsetime>
    <min-parsetime>162.52</min-parsetime>
    <max-parsetime>250.45</max-parsetime>
    <range>87.92999999999998</range>
    <times>250.45 193.31 162.52 189.00</times>
    <uri>/tests/results-syntax-caii-2022-03-08T22:09:25.646/test-report.catalog-as-instance-tests-ixml.xml</uri>
  </test-result>
  <test-result name="syntax-xml/elem5" result="pass" n="3">
    <mean-parsetime>199.63</mean-parsetime>
    <min-parsetime>166.19</min-parsetime>
    <max-parsetime>249.46</max-parsetime>
    <range>83.27000000000001</range>
    <times>249.46 166.19 183.24</times>
    <uri>/tests/results-ixml-all-2022-03-09T06:12:44.309/test-report.test-catalog.xml</uri>
  </test-result>
  <test-result name="syntax-ixml/defn5" result="pass" n="4">
    <mean-parsetime>200.715</mean-parsetime>
    <min-parsetime>149.47</min-parsetime>
    <max-parsetime>280.72</max-parsetime>
    <range>131.25000000000003</range>
    <times>280.72 186.69 149.47 185.98</times>
    <uri>/tests/results-syntax-caii-2022-03-08T22:09:25.646/test-report.catalog-as-instance-tests-ixml.xml</uri>
  </test-result>
  <test-result name="syntax-ixml/elem6" result="pass" n="4">
    <mean-parsetime>202.3575</mean-parsetime>
    <min-parsetime>169.52</min-parsetime>
    <max-parsetime>249.67</max-parsetime>
    <range>80.14999999999998</range>
    <times>249.67 200.71 169.52 189.53</times>
    <uri>/tests/results-syntax-caii-2022-03-08T22:09:25.646/test-report.catalog-as-instance-tests-ixml.xml</uri>
  </test-result>
  <test-result name="syntax-ixml/elem3" result="pass" n="4">
    <mean-parsetime>202.5675</mean-parsetime>
    <min-parsetime>181.33</min-parsetime>
    <max-parsetime>225.58</max-parsetime>
    <range>44.25</range>
    <times>210.30 225.58 181.33 193.06</times>
    <uri>/tests/results-syntax-caii-2022-03-08T22:09:25.646/test-report.catalog-as-instance-tests-ixml.xml</uri>
  </test-result>
  <test-result name="syntax-ixml/defn9" result="pass" n="4">
    <mean-parsetime>202.7575</mean-parsetime>
    <min-parsetime>171.14</min-parsetime>
    <max-parsetime>264.69</max-parsetime>
    <range>93.55000000000001</range>
    <times>194.72 264.69 171.14 180.48</times>
    <uri>/tests/results-syntax-caii-2022-03-08T22:09:25.646/test-report.catalog-as-instance-tests-ixml.xml</uri>
  </test-result>
  <test-result name="syntax-xml/defn2" result="pass" n="3">
    <mean-parsetime>204.19999999999996</mean-parsetime>
    <min-parsetime>164.97</min-parsetime>
    <max-parsetime>261.46</max-parsetime>
    <range>96.48999999999998</range>
    <times>261.46 164.97 186.17</times>
    <uri>/tests/results-ixml-all-2022-03-09T06:12:44.309/test-report.test-catalog.xml</uri>
  </test-result>
  <test-result name="syntax-xml/rule4" result="pass" n="3">
    <mean-parsetime>204.83666666666667</mean-parsetime>
    <min-parsetime>179.04</min-parsetime>
    <max-parsetime>226.41</max-parsetime>
    <range>47.370000000000005</range>
    <times>226.41 179.04 209.06</times>
    <uri>/tests/results-ixml-all-2022-03-09T06:12:44.309/test-report.test-catalog.xml</uri>
  </test-result>
  <test-result name="css/css" result="pass" n="3">
    <mean-parsetime>205.70000000000002</mean-parsetime>
    <min-parsetime>183.23</min-parsetime>
    <max-parsetime>233.5</max-parsetime>
    <range>50.27000000000001</range>
    <times>233.50 183.23 200.37</times>
    <uri>/tests/results-ixml-all-2022-03-09T06:12:44.309/test-report.test-catalog.xml</uri>
  </test-result>
  <test-result name="syntax-xml/defn8" result="pass" n="3">
    <mean-parsetime>206.17666666666665</mean-parsetime>
    <min-parsetime>167.91</min-parsetime>
    <max-parsetime>270.31</max-parsetime>
    <range>102.4</range>
    <times>270.31 167.91 180.31</times>
    <uri>/tests/results-ixml-all-2022-03-09T06:12:44.309/test-report.test-catalog.xml</uri>
  </test-result>
  <test-result name="syntax-xml/elem2" result="pass" n="3">
    <mean-parsetime>211.87</mean-parsetime>
    <min-parsetime>170.96</min-parsetime>
    <max-parsetime>279.55</max-parsetime>
    <range>108.59</range>
    <times>279.55 170.96 185.10</times>
    <uri>/tests/results-ixml-all-2022-03-09T06:12:44.309/test-report.test-catalog.xml</uri>
  </test-result>
  <test-result name="syntax-ixml/expr10" result="pass" n="4">
    <mean-parsetime>212.23999999999998</mean-parsetime>
    <min-parsetime>167.17</min-parsetime>
    <max-parsetime>275.74</max-parsetime>
    <range>108.57000000000002</range>
    <times>208.66 275.74 167.17 197.39</times>
    <uri>/tests/results-syntax-caii-2022-03-08T22:09:25.646/test-report.catalog-as-instance-tests-ixml.xml</uri>
  </test-result>
  <test-result name="syntax-xml/elem4" result="pass" n="3">
    <mean-parsetime>214.55333333333337</mean-parsetime>
    <min-parsetime>172.93</min-parsetime>
    <max-parsetime>270.85</max-parsetime>
    <range>97.92000000000002</range>
    <times>270.85 172.93 199.88</times>
    <uri>/tests/results-ixml-all-2022-03-09T06:12:44.309/test-report.test-catalog.xml</uri>
  </test-result>
  <test-result name="syntax-ixml/elem7" result="pass" n="4">
    <mean-parsetime>216.885</mean-parsetime>
    <min-parsetime>171.1</min-parsetime>
    <max-parsetime>294.2</max-parsetime>
    <range>123.1</range>
    <times>294.20 209.17 171.10 193.07</times>
    <uri>/tests/results-syntax-caii-2022-03-08T22:09:25.646/test-report.catalog-as-instance-tests-ixml.xml</uri>
  </test-result>
  <test-result name="syntax-xml/expr10" result="pass" n="3">
    <mean-parsetime>217.5666666666667</mean-parsetime>
    <min-parsetime>187.44</min-parsetime>
    <max-parsetime>264.26</max-parsetime>
    <range>76.82</range>
    <times>264.26 187.44 201.00</times>
    <uri>/tests/results-ixml-all-2022-03-09T06:12:44.309/test-report.test-catalog.xml</uri>
  </test-result>
  <test-result name="syntax-xml/elem6" result="pass" n="3">
    <mean-parsetime>217.6</mean-parsetime>
    <min-parsetime>183.24</min-parsetime>
    <max-parsetime>277.13</max-parsetime>
    <range>93.88999999999999</range>
    <times>277.13 183.24 192.43</times>
    <uri>/tests/results-ixml-all-2022-03-09T06:12:44.309/test-report.test-catalog.xml</uri>
  </test-result>
  <test-result name="syntax-ixml/elem4" result="pass" n="4">
    <mean-parsetime>217.9225</mean-parsetime>
    <min-parsetime>173.21</min-parsetime>
    <max-parsetime>289.21</max-parsetime>
    <range>115.99999999999997</range>
    <times>207.40 289.21 173.21 201.87</times>
    <uri>/tests/results-syntax-caii-2022-03-08T22:09:25.646/test-report.catalog-as-instance-tests-ixml.xml</uri>
  </test-result>
  <test-result name="syntax-xml/defn4" result="pass" n="3">
    <mean-parsetime>219.06000000000003</mean-parsetime>
    <min-parsetime>190.92</min-parsetime>
    <max-parsetime>247.93</max-parsetime>
    <range>57.01000000000002</range>
    <times>247.93 190.92 218.33</times>
    <uri>/tests/results-ixml-all-2022-03-09T06:12:44.309/test-report.test-catalog.xml</uri>
  </test-result>
  <test-result name="zeroes-2020-10-22/t-5x0" result="pass" n="8">
    <mean-parsetime>221.79125000000002</mean-parsetime>
    <min-parsetime>30.65</min-parsetime>
    <max-parsetime>1533.96</max-parsetime>
    <range>1503.31</range>
    <times>38.53 38.13 39.07 30.95 1533.96 30.65 30.82 32.22</times>
    <uri>/tests/results-zeroes-2022-04-10T21:56:13.413/test-report.zeroes-tests.xml</uri>
  </test-result>
  <test-result name="syntax-ixml/defn4" result="pass" n="4">
    <mean-parsetime>222.54999999999998</mean-parsetime>
    <min-parsetime>205.77</min-parsetime>
    <max-parsetime>232.48</max-parsetime>
    <range>26.70999999999998</range>
    <times>231.68 232.48 205.77 220.27</times>
    <uri>/tests/results-syntax-caii-2022-03-08T22:09:25.646/test-report.catalog-as-instance-tests-ixml.xml</uri>
  </test-result>
  <test-result name="syntax-xml/defn3" result="pass" n="3">
    <mean-parsetime>225.95333333333335</mean-parsetime>
    <min-parsetime>205.51</min-parsetime>
    <max-parsetime>253.24</max-parsetime>
    <range>47.73000000000002</range>
    <times>253.24 205.51 219.11</times>
    <uri>/tests/results-ixml-all-2022-03-09T06:12:44.309/test-report.test-catalog.xml</uri>
  </test-result>
  <test-result name="syntax-xml/class-range" result="pass" n="3">
    <mean-parsetime>226.58666666666667</mean-parsetime>
    <min-parsetime>204.62</min-parsetime>
    <max-parsetime>247.69</max-parsetime>
    <range>43.06999999999999</range>
    <times>247.69 204.62 227.45</times>
    <uri>/tests/results-ixml-all-2022-03-09T06:12:44.309/test-report.test-catalog.xml</uri>
  </test-result>
  <test-result name="syntax-ixml/rule4" result="pass" n="4">
    <mean-parsetime>227.32</mean-parsetime>
    <min-parsetime>203.31</min-parsetime>
    <max-parsetime>280.52</max-parsetime>
    <range>77.20999999999998</range>
    <times>207.45 280.52 218.00 203.31</times>
    <uri>/tests/results-syntax-caii-2022-03-08T22:09:25.646/test-report.catalog-as-instance-tests-ixml.xml</uri>
  </test-result>
  <test-result name="syntax-xml/empty-string" result="pass" n="3">
    <mean-parsetime>230.17666666666665</mean-parsetime>
    <min-parsetime>158.78</min-parsetime>
    <max-parsetime>358.88</max-parsetime>
    <range>200.1</range>
    <times>358.88 158.78 172.87</times>
    <uri>/tests/results-ixml-all-2022-03-09T06:12:44.309/test-report.test-catalog.xml</uri>
  </test-result>
  <test-result name="syntax-ixml/defn3" result="pass" n="4">
    <mean-parsetime>230.51999999999998</mean-parsetime>
    <min-parsetime>175.03</min-parsetime>
    <max-parsetime>293.94</max-parsetime>
    <range>118.91</range>
    <times>235.42 293.94 175.03 217.69</times>
    <uri>/tests/results-syntax-caii-2022-03-08T22:09:25.646/test-report.catalog-as-instance-tests-ixml.xml</uri>
  </test-result>
  <test-result name="syntax-ixml/class-range" result="pass" n="4">
    <mean-parsetime>233.99249999999998</mean-parsetime>
    <min-parsetime>190.92</min-parsetime>
    <max-parsetime>310.81</max-parsetime>
    <range>119.89000000000001</range>
    <times>310.81 225.32 190.92 208.92</times>
    <uri>/tests/results-syntax-caii-2022-03-08T22:09:25.646/test-report.catalog-as-instance-tests-ixml.xml</uri>
  </test-result>
  <test-result name="syntax-xml/elem3" result="pass" n="3">
    <mean-parsetime>236.71333333333334</mean-parsetime>
    <min-parsetime>175.56</min-parsetime>
    <max-parsetime>337.92</max-parsetime>
    <range>162.36</range>
    <times>337.92 175.56 196.66</times>
    <uri>/tests/results-ixml-all-2022-03-09T06:12:44.309/test-report.test-catalog.xml</uri>
  </test-result>
  <test-result name="zeroes-gone-bad/t-4x0" result="fail pass" n="10">
    <mean-parsetime>242.006</mean-parsetime>
    <min-parsetime>33.13</min-parsetime>
    <max-parsetime>2035.02</max-parsetime>
    <range>2001.8899999999999</range>
    <times>44.77 72.47 44.68 35.26 36.11 2035.02 42.28 34.39 33.13 41.95</times>
    <uri>/tests/results-zeroes-2022-04-10T21:56:13.413/test-report.zeroes-tests.xml</uri>
  </test-result>
  <test-result name="diary3/diary3" result="pass" n="3">
    <mean-parsetime>278.9266666666667</mean-parsetime>
    <min-parsetime>179.09</min-parsetime>
    <max-parsetime>389.56</max-parsetime>
    <range>210.47</range>
    <times>179.09 389.56 268.13</times>
    <uri>/tests/results-ixml-corr-2022-02-17T14:39:37.601/test-report.test-catalog.xml</uri>
  </test-result>
  <test-result name="xpath/xpath" result="pass" n="3">
    <mean-parsetime>281.6066666666666</mean-parsetime>
    <min-parsetime>232.7</min-parsetime>
    <max-parsetime>353.92</max-parsetime>
    <range>121.22000000000003</range>
    <times>232.70 353.92 258.20</times>
    <uri>/tests/results-ixml-corr-2022-02-17T14:39:37.601/test-report.test-catalog.xml</uri>
  </test-result>
  <test-result name="syntax-xml/elem7" result="pass" n="3">
    <mean-parsetime>286.6066666666667</mean-parsetime>
    <min-parsetime>176.97</min-parsetime>
    <max-parsetime>487.48</max-parsetime>
    <range>310.51</range>
    <times>487.48 176.97 195.37</times>
    <uri>/tests/results-ixml-all-2022-03-09T06:12:44.309/test-report.test-catalog.xml</uri>
  </test-result>
  <test-result name="zero/t2x" result="pass" n="16">
    <mean-parsetime>296.038125</mean-parsetime>
    <min-parsetime>203.54</min-parsetime>
    <max-parsetime>386.84</max-parsetime>
    <range>183.29999999999998</range>
    <times>386.84 221.55 299.37 270.36 375.80 267.24 289.55 300.87 274.11 380.64 231.82 378.44 333.03 292.62 203.54 230.83</times>
    <uri>/tests/results-test0-2022-03-10T18:33:49.071/test-report.test0.xml</uri>
  </test-result>
  <test-result name="zero/t2i" result="pass" n="16">
    <mean-parsetime>338.9643750000001</mean-parsetime>
    <min-parsetime>204.68</min-parsetime>
    <max-parsetime>627.64</max-parsetime>
    <range>422.96</range>
    <times>275.92 227.49 358.98 269.39 581.21 269.42 295.69 296.41 280.26 513.88 240.23 627.64 436.63 290.88 204.68 254.72</times>
    <uri>/tests/results-test0-2022-03-10T18:33:49.071/test-report.test0.xml</uri>
  </test-result>
  <test-result name="diary/diary" result="pass" n="3">
    <mean-parsetime>431.15000000000003</mean-parsetime>
    <min-parsetime>326.47</min-parsetime>
    <max-parsetime>536.34</max-parsetime>
    <range>209.87</range>
    <times>326.47 536.34 430.64</times>
    <uri>/tests/results-ixml-corr-2022-02-17T14:39:37.601/test-report.test-catalog.xml</uri>
  </test-result>
  <test-result name="ranges1/ranges1" result="fail pass" n="9">
    <mean-parsetime>431.71666666666664</mean-parsetime>
    <min-parsetime>277.82</min-parsetime>
    <max-parsetime>565.42</max-parsetime>
    <range>287.59999999999997</range>
    <times>277.82 552.25 391.34 565.42 378.28 473.33 482.66 379.07 385.28</times>
    <uri>/tests/results-ixml-corr-2022-02-17T14:39:37.601/test-report.test-catalog.xml</uri>
  </test-result>
  <test-result name="diary2/diary2" result="pass" n="3">
    <mean-parsetime>593.5733333333334</mean-parsetime>
    <min-parsetime>387.85</min-parsetime>
    <max-parsetime>806.65</max-parsetime>
    <range>418.79999999999995</range>
    <times>387.85 806.65 586.22</times>
    <uri>/tests/results-ixml-corr-2022-02-17T14:39:37.601/test-report.test-catalog.xml</uri>
  </test-result>

  <!-- 4 tests with 1s = 1000ms < mean time < 10s = 10,000 ms -->
  <test-result name="vcard/vcard" result="pass" n="3">
    <mean-parsetime>1152.7733333333333</mean-parsetime>
    <min-parsetime>633.3</min-parsetime>
    <max-parsetime>1791.1</max-parsetime>
    <range>1157.8</range>
    <times>633.30 1791.10 1033.92</times>
    <uri>/tests/results-ixml-corr-2022-02-17T14:39:37.601/test-report.test-catalog.xml</uri>
  </test-result>
  <test-result name="zeroes-2021-09-14/t-9x0" result="pass" n="8">
    <mean-parsetime>2815.6462500000002</mean-parsetime>
    <min-parsetime>37.86</min-parsetime>
    <max-parsetime>22230.04</max-parsetime>
    <range>22192.18</range>
    <times>43.01 56.10 40.49 37.94 22230.04 38.71 37.86 41.02</times>
    <uri>/tests/results-zeroes-2022-04-10T21:56:13.413/test-report.zeroes-tests.xml</uri>
  </test-result>
  <test-result name="date/date" result="pass fail" n="9">
    <mean-parsetime>3820.957777777778</mean-parsetime>
    <min-parsetime>2951.99</min-parsetime>
    <max-parsetime>4836.1</max-parsetime>
    <range>1884.1100000000006</range>
    <times>4050.08 4035.36 4836.10 3326.17 4215.44 4144.62 2951.99 3426.71 3402.15</times>
    <uri>/tests/results-bogons-2022-04-12T16:20:14.854/test-report.bogons-20220310.xml</uri>
  </test-result>
  <test-result name="zeroes-2020-10-22/t-6x0" result="pass" n="8">
    <mean-parsetime>6539.873750000001</mean-parsetime>
    <min-parsetime>34.11</min-parsetime>
    <max-parsetime>52038.98</max-parsetime>
    <range>52004.87</range>
    <times>47.29 48.03 43.26 36.07 52038.98 34.11 35.86 35.39</times>
    <uri>/tests/results-zeroes-2022-04-10T21:56:13.413/test-report.zeroes-tests.xml</uri>
  </test-result>

  <!-- 2 tests with 10s = 10 000ms < mean time < 100s = 100 000 ms -->
  <test-result name="zeroes-rrec/t-10x0" result="pass" n="8">
    <mean-parsetime>46368.085</mean-parsetime>
    <min-parsetime>38.5</min-parsetime>
    <max-parsetime>370654.95</max-parsetime>
    <range>370616.45</range>
    <times>43.67 49.06 39.12 38.58 370654.95 39.35 41.45 38.50</times>
    <uri>/tests/results-zeroes-2022-04-10T21:56:13.413/test-report.zeroes-tests.xml</uri>
  </test-result>
  <test-result name="zeroes-rrec-hidden/t-10x0" result="pass" n="8">
    <mean-parsetime>46885.58499999999</mean-parsetime>
    <min-parsetime>38.69</min-parsetime>
    <max-parsetime>374780.05</max-parsetime>
    <range>374741.36</range>
    <times>45.45 60.03 42.26 39.42 374780.05 38.99 39.79 38.69</times>
    <uri>/tests/results-zeroes-2022-04-10T21:56:13.413/test-report.zeroes-tests.xml</uri>
  </test-result>

  <!-- 11 tests with 100s = 100 000ms < mean time < 1 000s = 1 000 000 ms -->
  <test-result name="ixml1/ixml1" result="pass" n="3">
    <mean-parsetime>168637.30000000002</mean-parsetime>
    <min-parsetime>113899.62</min-parsetime>
    <max-parsetime>214968.38</max-parsetime>
    <range>101068.76000000001</range>
    <times>214968.38 113899.62 177043.90</times>
    <uri>/tests/results-ixml-all-2022-03-09T06:12:44.309/test-report.test-catalog.xml</uri>
  </test-result>
  <test-result name="ixml2/ixml2" result="pass" n="3">
    <mean-parsetime>216532.49666666667</mean-parsetime>
    <min-parsetime>156095.55</min-parsetime>
    <max-parsetime>274142.84</max-parsetime>
    <range>118047.29000000004</range>
    <times>274142.84 156095.55 219359.10</times>
    <uri>/tests/results-ixml-all-2022-03-09T06:12:44.309/test-report.test-catalog.xml</uri>
  </test-result>
  <test-result name="ixml3/ixml3" result="pass" n="3">
    <mean-parsetime>227409.12666666668</mean-parsetime>
    <min-parsetime>162211.21</min-parsetime>
    <max-parsetime>290478.07</max-parsetime>
    <range>128266.86000000002</range>
    <times>290478.07 162211.21 229538.10</times>
    <uri>/tests/results-ixml-all-2022-03-09T06:12:44.309/test-report.test-catalog.xml</uri>
  </test-result>
  <test-result name="ixml-no-spaces/ixml-no-spaces" result="pass" n="2">
    <mean-parsetime>245254.7</mean-parsetime>
    <min-parsetime>180345.04</min-parsetime>
    <max-parsetime>310164.36</max-parsetime>
    <range>129819.31999999998</range>
    <times>310164.36 180345.04</times>
    <uri>/tests/results-ixml-all-2022-03-09T06:12:44.309/test-report.test-catalog.xml</uri>
  </test-result>
  <test-result name="ixml-one-line/ixml-one-line" result="pass" n="2">
    <mean-parsetime>255038.055</mean-parsetime>
    <min-parsetime>199870.6</min-parsetime>
    <max-parsetime>310205.51</max-parsetime>
    <range>110334.91</range>
    <times>310205.51 199870.60</times>
    <uri>/tests/results-ixml-all-2022-03-09T06:12:44.309/test-report.test-catalog.xml</uri>
  </test-result>
  
  <!-- Tests which time out at 600s or whatever is set (signaled by result='other') -->
  <test-result name="bnf/bnf" result="pass other" n="5">
    <mean-parsetime>243006.732</mean-parsetime>
    <min-parsetime>132565.95</min-parsetime>
    <max-parsetime>600005.38</max-parsetime>
    <range>467439.43</range>
    <times>169114.98 600005.38 157600.00 155747.35 132565.95</times>
    <uri>/tests/results-ixml-all-2022-03-09T06:12:44.309/test-report.test-catalog.xml</uri>
  </test-result>
  <test-result name="sample.grammar.12/g12.c05" result="other" n="3">
    <mean-parsetime>266667.30333333334</mean-parsetime>
    <min-parsetime>100000.61</min-parsetime>
    <max-parsetime>600000.65</max-parsetime>
    <range>500000.04000000004</range>
    <times>100000.61 600000.65 100000.65</times>
    <uri>/tests/results-wisp-A-2022-02-20T19:55:01.204/test-report.wisps-001-020-catalog.xml</uri>
  </test-result>
  <test-result name="sample.grammar.11/g11c02" result="other" n="3">
    <mean-parsetime>266667.31666666665</mean-parsetime>
    <min-parsetime>100000.6</min-parsetime>
    <max-parsetime>600000.74</max-parsetime>
    <range>500000.14</range>
    <times>100000.61 600000.74 100000.60</times>
    <uri>/tests/results-wisp-A-2022-02-20T19:55:01.204/test-report.wisps-001-020-catalog.xml</uri>
  </test-result>
  <test-result name="sample.grammar.11/g11c01" result="other" n="3">
    <mean-parsetime>266667.4166666667</mean-parsetime>
    <min-parsetime>100000.67</min-parsetime>
    <max-parsetime>600000.86</max-parsetime>
    <range>500000.19</range>
    <times>100000.67 600000.86 100000.72</times>
    <uri>/tests/results-wisp-A-2022-02-20T19:55:01.204/test-report.wisps-001-020-catalog.xml</uri>
  </test-result>
  <test-result name="ixml-spaces/ixml-spaces" result="other pass" n="2">
    <mean-parsetime>550037.98</mean-parsetime>
    <min-parsetime>500058.47</min-parsetime>
    <max-parsetime>600017.49</max-parsetime>
    <range>99959.02000000002</range>
    <times>600017.49 500058.47</times>
    <uri>/tests/results-ixml-all-2022-03-09T06:12:44.309/test-report.test-catalog.xml</uri>
  </test-result>
  <test-result name="ixml/ixml" result="other pass" n="3">
    <mean-parsetime>580892.7366666667</mean-parsetime>
    <min-parsetime>542660.78</min-parsetime>
    <max-parsetime>600015.14</max-parsetime>
    <range>57354.359999999986</range>
    <times>600015.14 542660.78 600002.29</times>
    <uri>/tests/results-ixml-all-2022-03-09T06:12:44.309/test-report.test-catalog.xml</uri>
  </test-result>
  
</timings>
