<tc:test-report xmlns:tc="https://github.com/cmsmcq/ixml-tests"
		name="Test results for "
		processor="Aparecium"
		processor-version="v0.1"
		catalog-uri="file:///home/cmsmcq/2022/github/Aparecium/tests/test0.xml"
		catalog-date="??"
		report-date="2022-02-09">
  <tc:description>
    <tc:p>Test report generated by test-harness.xqm.</tc:p>
  </tc:description>
  <tc:test-set-results name="zero">
    <tc:test-result name="t1i" result="fail">
      <tc:result>
      <tc:assert-xml>
        <ixml>
          <rule name="S">:<alt>
              <literal sstring="a"/>
            </alt>.</rule>
        </ixml>
      </tc:assert-xml>
      <tc:reported-xml>
        <ixml>
          <rule name="S">:<alt>
              <literal sstring="a"/>
            </alt>.</rule>
        </ixml>
      </tc:reported-xml>
      </tc:result>
    </tc:test-result>
    <tc:test-result name="t1x" result="fail">
      <tc:result>
      <tc:assert-xml>
        <ixml>
          <rule name="S">:<alt>
              <literal sstring="a"/>
            </alt>.</rule>
        </ixml>
      </tc:assert-xml>

      <tc:reported-xml>
        <ixml>
          <rule name="S">:<alt>
              <literal sstring="a"/>
            </alt>.</rule>
        </ixml>
      </tc:reported-xml>
      </tc:result>
    </tc:test-result>
    <tc:test-result name="t2i" result="fail">
      <tc:result>
      <tc:assert-xml>
        <ixml>
          <rule name="S">:<alt>
              <literal sstring="magic"/>
            </alt>;<alt>
              <literal sstring="b"/>,<literal dstring="c"/>
            </alt>;<alt>
              <inclusion>[<literal dstring="v"/>;<literal sstring="aeiou"/>]</inclusion>
            </alt>.</rule>
        </ixml>
      </tc:assert-xml>
      <tc:reported-xml>
        <ixml>
          <rule name="S">:<alt>
              <literal sstring="magic"/>
            </alt>;<alt>
              <literal sstring="b"/>,<literal dstring="c"/>
            </alt>;<alt>
              <inclusion>[<literal dstring="v"/>;<literal sstring="aeiou"/>]</inclusion>
            </alt>.</rule>
        </ixml>
      </tc:reported-xml>
      </tc:result>
    </tc:test-result>
    <tc:test-result name="t2x" result="fail">
      <tc:result>
      <tc:assert-xml>
        <ixml>
          <rule name="S">:<alt>
              <literal sstring="magic"/>
            </alt>;<alt>
              <literal sstring="b"/>,<literal dstring="c"/>
            </alt>;<alt>
              <inclusion>[<literal dstring="v"/>;<literal sstring="aeiou"/>]</inclusion>
            </alt>.</rule>
        </ixml>
      </tc:assert-xml>
      <tc:reported-xml>
        <ixml>
          <rule name="S">:<alt>
              <literal sstring="magic"/>
            </alt>;<alt>
              <literal sstring="b"/>,<literal dstring="c"/>
            </alt>;<alt>
              <inclusion>[<literal dstring="v"/>;<literal sstring="aeiou"/>]</inclusion>
            </alt>.</rule>
        </ixml>
      </tc:reported-xml>
      </tc:result>
    </tc:test-result>
  </tc:test-set-results>
</tc:test-report>
